#
# There is insufficient memory for the Java Runtime Environment to continue.
# Native memory allocation (malloc) failed to allocate 1350576 bytes for Chunk::new
# Possible reasons:
#   The system is out of physical RAM or swap space
#   The process is running with CompressedOops enabled, and the Java Heap may be blocking the growth of the native heap
# Possible solutions:
#   Reduce memory load on the system
#   Increase physical memory or swap space
#   Check if swap backing store is full
#   Decrease Java heap size (-Xmx/-Xms)
#   Decrease number of Java threads
#   Decrease Java thread stack sizes (-Xss)
#   Set larger code cache with -XX:ReservedCodeCacheSize=
#   JVM is running with Unscaled Compressed Oops mode in which the Java heap is
#     placed in the first 4GB address space. The Java Heap base address is the
#     maximum limit for the native heap growth. Please use -XX:HeapBaseMinAddress
#     to set the Java Heap base and to place the Java Heap above 4GB virtual address.
# This output file may be truncated or incomplete.
#
#  Out of Memory Error (allocation.cpp:389), pid=20348, tid=0x0000000000004fb8
#
# JRE version: OpenJDK Runtime Environment (8.0_212-b04) (build 1.8.0_212-release-1586-b04)
# Java VM: OpenJDK 64-Bit Server VM (25.212-b04 mixed mode windows-amd64 compressed oops)
# Failed to write core dump. Minidumps are not enabled by default on client versions of Windows
#

---------------  T H R E A D  ---------------

Current thread (0x00000000185ff800):  JavaThread "C2 CompilerThread0" daemon [_thread_in_native, id=20408, stack(0x0000000019b10000,0x0000000019c10000)]

Stack: [0x0000000019b10000,0x0000000019c10000]
[error occurred during error reporting (printing stack bounds), id 0xc0000005]

Native frames: (J=compiled Java code, j=interpreted, Vv=VM code, C=native code)


Current CompileTask:
C2:   4384 1466       4       java.net.URLClassLoader$1::run (5 bytes)


---------------  P R O C E S S  ---------------

Java Threads: ( => current thread )
  0x000000001b11f800 JavaThread "Cache worker for journal cache (C:\Users\user\.gradle\caches\journal-1)" [_thread_blocked, id=2468, stack(0x000000001dc90000,0x000000001dd90000)]
  0x000000001b123800 JavaThread "File lock request listener" [_thread_in_native, id=9928, stack(0x000000001db90000,0x000000001dc90000)]
  0x000000001b8b4000 JavaThread "Cache worker for file hash cache (C:\Users\user\.gradle\caches\5.6.4\fileHashes)" [_thread_blocked, id=6552, stack(0x000000001da90000,0x000000001db90000)]
  0x000000001bd91000 JavaThread "Thread-9" [_thread_blocked, id=11260, stack(0x000000001d790000,0x000000001d890000)]
  0x000000001bd9e000 JavaThread "Stdin handler" [_thread_blocked, id=15196, stack(0x000000001d690000,0x000000001d790000)]
  0x000000001bd9d800 JavaThread "Asynchronous log dispatcher for DefaultDaemonConnection: socket connection from /127.0.0.1:2958 to /127.0.0.1:2959" [_thread_blocked, id=14156, stack(0x000000001d590000,0x000000001d690000)]
  0x000000001bdca000 JavaThread "Daemon worker" [_thread_in_vm, id=10560, stack(0x000000001d490000,0x000000001d590000)]
  0x000000001bd93800 JavaThread "Cancel handler" [_thread_blocked, id=16368, stack(0x000000001d290000,0x000000001d390000)]
  0x000000001bd96800 JavaThread "Handler for socket connection from /127.0.0.1:2958 to /127.0.0.1:2959" [_thread_in_native, id=16292, stack(0x000000001cf90000,0x000000001d090000)]
  0x000000001bd95800 JavaThread "Daemon" [_thread_blocked, id=6784, stack(0x000000001ce90000,0x000000001cf90000)]
  0x000000001bcd9000 JavaThread "Daemon periodic checks" [_thread_blocked, id=19196, stack(0x000000001cd90000,0x000000001ce90000)]
  0x000000001bcf0000 JavaThread "Incoming local TCP Connector on port 2958" [_thread_in_native, id=15348, stack(0x000000001cbb0000,0x000000001ccb0000)]
  0x000000001a160000 JavaThread "Daemon health stats" [_thread_blocked, id=20108, stack(0x000000001c8b0000,0x000000001c9b0000)]
  0x0000000018635000 JavaThread "Service Thread" daemon [_thread_blocked, id=1076, stack(0x0000000019f10000,0x000000001a010000)]
  0x0000000018615800 JavaThread "C1 CompilerThread3" daemon [_thread_blocked, id=14448, stack(0x0000000019e10000,0x0000000019f10000)]
  0x0000000018610000 JavaThread "C2 CompilerThread2" daemon [_thread_blocked, id=8840, stack(0x0000000019d10000,0x0000000019e10000)]
  0x000000001860b800 JavaThread "C2 CompilerThread1" daemon [_thread_in_native, id=18488, stack(0x0000000019c10000,0x0000000019d10000)]
=>0x00000000185ff800 JavaThread "C2 CompilerThread0" daemon [_thread_in_native, id=20408, stack(0x0000000019b10000,0x0000000019c10000)]
  0x00000000185ad000 JavaThread "Attach Listener" daemon [_thread_blocked, id=9884, stack(0x0000000019a10000,0x0000000019b10000)]
  0x00000000185ac000 JavaThread "Signal Dispatcher" daemon [_thread_blocked, id=11100, stack(0x0000000019910000,0x0000000019a10000)]
  0x0000000002efa000 JavaThread "Finalizer" daemon [_thread_blocked, id=9332, stack(0x0000000019810000,0x0000000019910000)]
  0x0000000018593000 JavaThread "Reference Handler" daemon [_thread_blocked, id=20308, stack(0x0000000019710000,0x0000000019810000)]
  0x0000000002cfe800 JavaThread "main" [_thread_blocked, id=11812, stack(0x0000000002d00000,0x0000000002e00000)]

Other Threads:
  0x0000000016eb6000 VMThread [stack: 0x0000000019610000,0x0000000019710000] [id=3348]
  0x0000000018635800 WatcherThread [stack: 0x000000001a010000,0x000000001a110000] [id=19484]

VM state:not at safepoint (normal execution)

VM Mutex/Monitor currently owned by a thread: None

heap address: 0x00000000a0000000, size: 1536 MB, Compressed Oops mode: 32-bit
Narrow klass base: 0x0000000000000000, Narrow klass shift: 3
Compressed class space size: 1073741824 Address: 0x0000000100000000

Heap:
 PSYoungGen      total 38400K, used 10482K [0x00000000e0000000, 0x00000000e4b00000, 0x0000000100000000)
  eden space 33280K, 16% used [0x00000000e0000000,0x00000000e053e540,0x00000000e2080000)
  from space 5120K, 99% used [0x00000000e2580000,0x00000000e2a7e620,0x00000000e2a80000)
  to   space 5120K, 0% used [0x00000000e2080000,0x00000000e2080000,0x00000000e2580000)
 ParOldGen       total 87552K, used 4498K [0x00000000a0000000, 0x00000000a5580000, 0x00000000e0000000)
  object space 87552K, 5% used [0x00000000a0000000,0x00000000a0464828,0x00000000a5580000)
 Metaspace       used 15148K, capacity 15676K, committed 15872K, reserved 1062912K
  class space    used 2129K, capacity 2267K, committed 2304K, reserved 1048576K

Card table byte_map: [0x00000000122c0000,0x00000000125d0000] byte_map_base: 0x0000000011dc0000

Marking Bits: (ParMarkBitMap*) 0x0000000058739f30
 Begin Bits: [0x00000000131d0000, 0x00000000149d0000)
 End Bits:   [0x00000000149d0000, 0x00000000161d0000)

Polling page: 0x00000000007d0000

CodeCache: size=245760Kb used=5367Kb max_used=5367Kb free=240392Kb
 bounds [0x0000000002f00000, 0x0000000003450000, 0x0000000011f00000]
 total_blobs=1908 nmethods=1521 adapters=300
 compilation: enabled

Compilation events (10 events):
Event: 4.376 Thread 0x0000000018615800 nmethod 1517 0x0000000003434b50 code [0x0000000003434cc0, 0x0000000003434ed0]
Event: 4.376 Thread 0x0000000018615800 1516       1       java.lang.reflect.Method::getMethodAccessor (5 bytes)
Event: 4.376 Thread 0x0000000018615800 nmethod 1516 0x0000000003434890 code [0x00000000034349e0, 0x0000000003434af0]
Event: 4.376 Thread 0x0000000018615800 1519       3       org.gradle.internal.service.DefaultServiceRegistry$SingletonService::getService (18 bytes)
Event: 4.377 Thread 0x0000000018615800 nmethod 1519 0x0000000003434050 code [0x00000000034341e0, 0x0000000003434458]
Event: 4.377 Thread 0x0000000018615800 1520       3       org.gradle.internal.service.DefaultServiceRegistry::access$1200 (6 bytes)
Event: 4.377 Thread 0x0000000018615800 nmethod 1520 0x0000000003433cd0 code [0x0000000003433e40, 0x0000000003433fa8]
Event: 4.380 Thread 0x0000000018615800 1521       3       com.google.common.base.Preconditions::checkNotNull (14 bytes)
Event: 4.380 Thread 0x0000000018615800 nmethod 1521 0x0000000003433850 code [0x00000000034339c0, 0x0000000003433be8]
Event: 4.381 Thread 0x0000000018615800 1522       3       org.gradle.api.file.internal.FilePathUtil::sizeOfCommonPrefix (142 bytes)

GC Heap History (8 events):
Event: 0.674 GC heap before
{Heap before GC invocations=1 (full 0):
 PSYoungGen      total 38400K, used 33280K [0x00000000e0000000, 0x00000000e2a80000, 0x0000000100000000)
  eden space 33280K, 100% used [0x00000000e0000000,0x00000000e2080000,0x00000000e2080000)
  from space 5120K, 0% used [0x00000000e2580000,0x00000000e2580000,0x00000000e2a80000)
  to   space 5120K, 0% used [0x00000000e2080000,0x00000000e2080000,0x00000000e2580000)
 ParOldGen       total 87552K, used 0K [0x00000000a0000000, 0x00000000a5580000, 0x00000000e0000000)
  object space 87552K, 0% used [0x00000000a0000000,0x00000000a0000000,0x00000000a5580000)
 Metaspace       used 7098K, capacity 7356K, committed 7680K, reserved 1056768K
  class space    used 861K, capacity 944K, committed 1024K, reserved 1048576K
Event: 0.677 GC heap after
Heap after GC invocations=1 (full 0):
 PSYoungGen      total 38400K, used 4815K [0x00000000e0000000, 0x00000000e2a80000, 0x0000000100000000)
  eden space 33280K, 0% used [0x00000000e0000000,0x00000000e0000000,0x00000000e2080000)
  from space 5120K, 94% used [0x00000000e2080000,0x00000000e2533fc8,0x00000000e2580000)
  to   space 5120K, 0% used [0x00000000e2580000,0x00000000e2580000,0x00000000e2a80000)
 ParOldGen       total 87552K, used 8K [0x00000000a0000000, 0x00000000a5580000, 0x00000000e0000000)
  object space 87552K, 0% used [0x00000000a0000000,0x00000000a0002000,0x00000000a5580000)
 Metaspace       used 7098K, capacity 7356K, committed 7680K, reserved 1056768K
  class space    used 861K, capacity 944K, committed 1024K, reserved 1048576K
}
Event: 0.966 GC heap before
{Heap before GC invocations=2 (full 0):
 PSYoungGen      total 38400K, used 38095K [0x00000000e0000000, 0x00000000e2a80000, 0x0000000100000000)
  eden space 33280K, 100% used [0x00000000e0000000,0x00000000e2080000,0x00000000e2080000)
  from space 5120K, 94% used [0x00000000e2080000,0x00000000e2533fc8,0x00000000e2580000)
  to   space 5120K, 0% used [0x00000000e2580000,0x00000000e2580000,0x00000000e2a80000)
 ParOldGen       total 87552K, used 8K [0x00000000a0000000, 0x00000000a5580000, 0x00000000e0000000)
  object space 87552K, 0% used [0x00000000a0000000,0x00000000a0002000,0x00000000a5580000)
 Metaspace       used 7437K, capacity 7670K, committed 7936K, reserved 1056768K
  class space    used 914K, capacity 985K, committed 1024K, reserved 1048576K
Event: 0.969 GC heap after
Heap after GC invocations=2 (full 0):
 PSYoungGen      total 38400K, used 3994K [0x00000000e0000000, 0x00000000e2a80000, 0x0000000100000000)
  eden space 33280K, 0% used [0x00000000e0000000,0x00000000e0000000,0x00000000e2080000)
  from space 5120K, 78% used [0x00000000e2580000,0x00000000e2966910,0x00000000e2a80000)
  to   space 5120K, 0% used [0x00000000e2080000,0x00000000e2080000,0x00000000e2580000)
 ParOldGen       total 87552K, used 16K [0x00000000a0000000, 0x00000000a5580000, 0x00000000e0000000)
  object space 87552K, 0% used [0x00000000a0000000,0x00000000a0004000,0x00000000a5580000)
 Metaspace       used 7437K, capacity 7670K, committed 7936K, reserved 1056768K
  class space    used 914K, capacity 985K, committed 1024K, reserved 1048576K
}
Event: 4.173 GC heap before
{Heap before GC invocations=3 (full 0):
 PSYoungGen      total 38400K, used 37274K [0x00000000e0000000, 0x00000000e2a80000, 0x0000000100000000)
  eden space 33280K, 100% used [0x00000000e0000000,0x00000000e2080000,0x00000000e2080000)
  from space 5120K, 78% used [0x00000000e2580000,0x00000000e2966910,0x00000000e2a80000)
  to   space 5120K, 0% used [0x00000000e2080000,0x00000000e2080000,0x00000000e2580000)
 ParOldGen       total 87552K, used 16K [0x00000000a0000000, 0x00000000a5580000, 0x00000000e0000000)
  object space 87552K, 0% used [0x00000000a0000000,0x00000000a0004000,0x00000000a5580000)
 Metaspace       used 12512K, capacity 12902K, committed 13184K, reserved 1060864K
  class space    used 1677K, capacity 1807K, committed 1920K, reserved 1048576K
Event: 4.177 GC heap after
Heap after GC invocations=3 (full 0):
 PSYoungGen      total 38400K, used 5113K [0x00000000e0000000, 0x00000000e2a80000, 0x0000000100000000)
  eden space 33280K, 0% used [0x00000000e0000000,0x00000000e0000000,0x00000000e2080000)
  from space 5120K, 99% used [0x00000000e2080000,0x00000000e257e620,0x00000000e2580000)
  to   space 5120K, 0% used [0x00000000e2580000,0x00000000e2580000,0x00000000e2a80000)
 ParOldGen       total 87552K, used 1826K [0x00000000a0000000, 0x00000000a5580000, 0x00000000e0000000)
  object space 87552K, 2% used [0x00000000a0000000,0x00000000a01c8970,0x00000000a5580000)
 Metaspace       used 12512K, capacity 12902K, committed 13184K, reserved 1060864K
  class space    used 1677K, capacity 1807K, committed 1920K, reserved 1048576K
}
Event: 4.351 GC heap before
{Heap before GC invocations=4 (full 0):
 PSYoungGen      total 38400K, used 38393K [0x00000000e0000000, 0x00000000e2a80000, 0x0000000100000000)
  eden space 33280K, 100% used [0x00000000e0000000,0x00000000e2080000,0x00000000e2080000)
  from space 5120K, 99% used [0x00000000e2080000,0x00000000e257e620,0x00000000e2580000)
  to   space 5120K, 0% used [0x00000000e2580000,0x00000000e2580000,0x00000000e2a80000)
 ParOldGen       total 87552K, used 1826K [0x00000000a0000000, 0x00000000a5580000, 0x00000000e0000000)
  object space 87552K, 2% used [0x00000000a0000000,0x00000000a01c8970,0x00000000a5580000)
 Metaspace       used 14807K, capacity 15250K, committed 15488K, reserved 1062912K
  class space    used 2068K, capacity 2165K, committed 2176K, reserved 1048576K
Event: 4.357 GC heap after
Heap after GC invocations=4 (full 0):
 PSYoungGen      total 38400K, used 5113K [0x00000000e0000000, 0x00000000e4b00000, 0x0000000100000000)
  eden space 33280K, 0% used [0x00000000e0000000,0x00000000e0000000,0x00000000e2080000)
  from space 5120K, 99% used [0x00000000e2580000,0x00000000e2a7e620,0x00000000e2a80000)
  to   space 5120K, 0% used [0x00000000e2080000,0x00000000e2080000,0x00000000e2580000)
 ParOldGen       total 87552K, used 4498K [0x00000000a0000000, 0x00000000a5580000, 0x00000000e0000000)
  object space 87552K, 5% used [0x00000000a0000000,0x00000000a0464828,0x00000000a5580000)
 Metaspace       used 14807K, capacity 15250K, committed 15488K, reserved 1062912K
  class space    used 2068K, capacity 2165K, committed 2176K, reserved 1048576K
}

Deoptimization events (10 events):
Event: 4.098 Thread 0x000000001bd96800 Uncommon trap: reason=unstable_if action=reinterpret pc=0x00000000032f30b4 method=java.util.concurrent.ConcurrentHashMap.putVal(Ljava/lang/Object;Ljava/lang/Object;Z)Ljava/lang/Object; @ 206
Event: 4.135 Thread 0x000000001bdca000 Uncommon trap: reason=bimorphic action=maybe_recompile pc=0x00000000031923d0 method=java.util.HashMap.putVal(ILjava/lang/Object;Ljava/lang/Object;ZZ)Ljava/lang/Object; @ 253
Event: 4.136 Thread 0x000000001bdca000 Uncommon trap: reason=bimorphic action=maybe_recompile pc=0x00000000031923d0 method=java.util.HashMap.putVal(ILjava/lang/Object;Ljava/lang/Object;ZZ)Ljava/lang/Object; @ 253
Event: 4.136 Thread 0x000000001bdca000 Uncommon trap: reason=bimorphic action=maybe_recompile pc=0x00000000031923d0 method=java.util.HashMap.putVal(ILjava/lang/Object;Ljava/lang/Object;ZZ)Ljava/lang/Object; @ 253
Event: 4.136 Thread 0x000000001bdca000 Uncommon trap: reason=bimorphic action=maybe_recompile pc=0x00000000031923d0 method=java.util.HashMap.putVal(ILjava/lang/Object;Ljava/lang/Object;ZZ)Ljava/lang/Object; @ 253
Event: 4.136 Thread 0x000000001bdca000 Uncommon trap: reason=bimorphic action=maybe_recompile pc=0x0000000003148d58 method=java.util.HashMap.putVal(ILjava/lang/Object;Ljava/lang/Object;ZZ)Ljava/lang/Object; @ 253
Event: 4.258 Thread 0x000000001bdca000 Uncommon trap: reason=class_check action=maybe_recompile pc=0x00000000031eae58 method=java.util.regex.Matcher.match(II)Z @ 86
Event: 4.266 Thread 0x000000001bdca000 Uncommon trap: reason=class_check action=maybe_recompile pc=0x00000000031eae58 method=java.util.regex.Matcher.match(II)Z @ 86
Event: 4.266 Thread 0x000000001bdca000 Uncommon trap: reason=class_check action=maybe_recompile pc=0x00000000031eae58 method=java.util.regex.Matcher.match(II)Z @ 86
Event: 4.267 Thread 0x000000001bdca000 Uncommon trap: reason=class_check action=maybe_recompile pc=0x000000000306eae0 method=java.util.regex.Matcher.match(II)Z @ 86

Classes redefined (0 events):
No events

Internal exceptions (10 events):
Event: 4.100 Thread 0x000000001bd96800 Exception <a 'java/lang/NoSuchMethodError': <clinit>> (0x00000000e18401a8) thrown at [D:\src\AOSP-openjdk-cygwin\jdk8u\hotspot\src\share\vm\prims\jni.cpp, line 1614]
Event: 4.102 Thread 0x000000001bd96800 Exception <a 'java/lang/NoSuchMethodError': <clinit>> (0x00000000e1853390) thrown at [D:\src\AOSP-openjdk-cygwin\jdk8u\hotspot\src\share\vm\prims\jni.cpp, line 1614]
Event: 4.104 Thread 0x000000001bd96800 Exception <a 'java/lang/NoSuchMethodError': <clinit>> (0x00000000e187a718) thrown at [D:\src\AOSP-openjdk-cygwin\jdk8u\hotspot\src\share\vm\prims\jni.cpp, line 1614]
Event: 4.106 Thread 0x000000001bd96800 Exception <a 'java/lang/NoSuchMethodError': <clinit>> (0x00000000e18926d0) thrown at [D:\src\AOSP-openjdk-cygwin\jdk8u\hotspot\src\share\vm\prims\jni.cpp, line 1614]
Event: 4.106 Thread 0x000000001bd96800 Exception <a 'java/lang/NoSuchMethodError': <clinit>> (0x00000000e189b360) thrown at [D:\src\AOSP-openjdk-cygwin\jdk8u\hotspot\src\share\vm\prims\jni.cpp, line 1614]
Event: 4.107 Thread 0x000000001bd96800 Exception <a 'java/lang/NoSuchMethodError': <clinit>> (0x00000000e18b1950) thrown at [D:\src\AOSP-openjdk-cygwin\jdk8u\hotspot\src\share\vm\prims\jni.cpp, line 1614]
Event: 4.114 Thread 0x000000001bd96800 Exception <a 'java/lang/NoSuchMethodError': <clinit>> (0x00000000e190f9d0) thrown at [D:\src\AOSP-openjdk-cygwin\jdk8u\hotspot\src\share\vm\prims\jni.cpp, line 1614]
Event: 4.116 Thread 0x000000001bd96800 Exception <a 'java/lang/NoSuchMethodError': <clinit>> (0x00000000e193c6a0) thrown at [D:\src\AOSP-openjdk-cygwin\jdk8u\hotspot\src\share\vm\prims\jni.cpp, line 1614]
Event: 4.119 Thread 0x000000001bd96800 Exception <a 'java/lang/NoSuchMethodError': <clinit>> (0x00000000e196a988) thrown at [D:\src\AOSP-openjdk-cygwin\jdk8u\hotspot\src\share\vm\prims\jni.cpp, line 1614]
Event: 4.119 Thread 0x000000001bd96800 Exception <a 'java/lang/NoSuchMethodError': <clinit>> (0x00000000e1975d90) thrown at [D:\src\AOSP-openjdk-cygwin\jdk8u\hotspot\src\share\vm\prims\jni.cpp, line 1614]

Events (10 events):
Event: 4.378 loading class org/gradle/internal/file/FileHierarchySet
Event: 4.378 loading class org/gradle/internal/file/FileHierarchySet done
Event: 4.378 loading class org/gradle/internal/file/DefaultFileHierarchySet$EmptyFileHierarchySet
Event: 4.378 loading class org/gradle/internal/file/DefaultFileHierarchySet$EmptyFileHierarchySet done
Event: 4.378 loading class org/gradle/internal/file/DefaultFileHierarchySet$PrefixFileSet
Event: 4.378 loading class org/gradle/internal/file/DefaultFileHierarchySet$PrefixFileSet done
Event: 4.379 loading class org/gradle/internal/file/DefaultFileHierarchySet$Node
Event: 4.379 loading class org/gradle/internal/file/DefaultFileHierarchySet$Node done
Event: 4.379 loading class org/gradle/api/file/internal/FilePathUtil
Event: 4.379 loading class org/gradle/api/file/internal/FilePathUtil done


Dynamic libraries:
0x00007ff77c6c0000 - 0x00007ff77c6f1000 	C:\Program Files\Android\Android Studio\jre\bin\java.exe
0x00007ffc2ce20000 - 0x00007ffc2d010000 	C:\WINDOWS\SYSTEM32\ntdll.dll
0x00007ffc2bf50000 - 0x00007ffc2c002000 	C:\WINDOWS\System32\KERNEL32.DLL
0x00007ffc2a160000 - 0x00007ffc2a404000 	C:\WINDOWS\System32\KERNELBASE.dll
0x00007ffbe6b00000 - 0x00007ffbe6c1d000 	C:\WINDOWS\System32\AppCheck64.dll
0x00007ffc2b430000 - 0x00007ffc2b4d3000 	C:\WINDOWS\System32\ADVAPI32.dll
0x00007ffc2c160000 - 0x00007ffc2c1fe000 	C:\WINDOWS\System32\msvcrt.dll
0x00007ffc2c200000 - 0x00007ffc2c297000 	C:\WINDOWS\System32\sechost.dll
0x00007ffc2b2a0000 - 0x00007ffc2b3c0000 	C:\WINDOWS\System32\RPCRT4.dll
0x00007ffc2b100000 - 0x00007ffc2b294000 	C:\WINDOWS\System32\USER32.dll
0x00007ffc22600000 - 0x00007ffc2260a000 	C:\WINDOWS\SYSTEM32\VERSION.dll
0x00007ffc2a410000 - 0x00007ffc2a431000 	C:\WINDOWS\System32\win32u.dll
0x00007ffc2c7c0000 - 0x00007ffc2c7e6000 	C:\WINDOWS\System32\GDI32.dll
0x00007ffc29e50000 - 0x00007ffc29fe4000 	C:\WINDOWS\System32\gdi32full.dll
0x00007ffc29db0000 - 0x00007ffc29e4e000 	C:\WINDOWS\System32\msvcp_win.dll
0x00007ffc2a4c0000 - 0x00007ffc2a5ba000 	C:\WINDOWS\System32\ucrtbase.dll
0x00007ffc187b0000 - 0x00007ffc18a34000 	C:\WINDOWS\WinSxS\amd64_microsoft.windows.common-controls_6595b64144ccf1df_6.0.18362.836_none_e6c4b943130f18ed\COMCTL32.dll
0x00007ffc2c2a0000 - 0x00007ffc2c5d6000 	C:\WINDOWS\System32\combase.dll
0x00007ffc2a440000 - 0x00007ffc2a4c0000 	C:\WINDOWS\System32\bcryptPrimitives.dll
0x00007ffc2af50000 - 0x00007ffc2af7e000 	C:\WINDOWS\System32\IMM32.DLL
0x0000000057e90000 - 0x0000000057f62000 	C:\Program Files\Android\Android Studio\jre\jre\bin\msvcr100.dll
0x0000000057f70000 - 0x00000000587b6000 	C:\Program Files\Android\Android Studio\jre\jre\bin\server\jvm.dll
0x00007ffc2c010000 - 0x00007ffc2c018000 	C:\WINDOWS\System32\PSAPI.DLL
0x00007ffc10ea0000 - 0x00007ffc10ea9000 	C:\WINDOWS\SYSTEM32\WSOCK32.dll
0x00007ffc27640000 - 0x00007ffc27664000 	C:\WINDOWS\SYSTEM32\WINMM.dll
0x00007ffc2b540000 - 0x00007ffc2b5af000 	C:\WINDOWS\System32\WS2_32.dll
0x00007ffc27530000 - 0x00007ffc2755d000 	C:\WINDOWS\SYSTEM32\winmmbase.dll
0x00007ffc2a5c0000 - 0x00007ffc2a60a000 	C:\WINDOWS\System32\cfgmgr32.dll
0x00007ffc26290000 - 0x00007ffc2629f000 	C:\Program Files\Android\Android Studio\jre\jre\bin\verify.dll
0x00007ffc26260000 - 0x00007ffc26289000 	C:\Program Files\Android\Android Studio\jre\jre\bin\java.dll
0x00007ffc1a3e0000 - 0x00007ffc1a3f6000 	C:\Program Files\Android\Android Studio\jre\jre\bin\zip.dll
0x00007ffc2b860000 - 0x00007ffc2bf44000 	C:\WINDOWS\System32\SHELL32.dll
0x00007ffc2af80000 - 0x00007ffc2b029000 	C:\WINDOWS\System32\shcore.dll
0x00007ffc2a610000 - 0x00007ffc2ad8e000 	C:\WINDOWS\System32\windows.storage.dll
0x00007ffc29d80000 - 0x00007ffc29da3000 	C:\WINDOWS\System32\profapi.dll
0x00007ffc29d10000 - 0x00007ffc29d5a000 	C:\WINDOWS\System32\powrprof.dll
0x00007ffc29ce0000 - 0x00007ffc29cf0000 	C:\WINDOWS\System32\UMPDC.dll
0x00007ffc2b780000 - 0x00007ffc2b7d2000 	C:\WINDOWS\System32\shlwapi.dll
0x00007ffc29cf0000 - 0x00007ffc29d01000 	C:\WINDOWS\System32\kernel.appcore.dll
0x00007ffc2a140000 - 0x00007ffc2a157000 	C:\WINDOWS\System32\cryptsp.dll
0x00007ffc1a3c0000 - 0x00007ffc1a3da000 	C:\Program Files\Android\Android Studio\jre\jre\bin\net.dll
0x00007ffc1bf70000 - 0x00007ffc1c146000 	C:\WINDOWS\SYSTEM32\urlmon.dll
0x00007ffc1b660000 - 0x00007ffc1b906000 	C:\WINDOWS\SYSTEM32\iertutil.dll
0x00007ffc296c0000 - 0x00007ffc296cc000 	C:\WINDOWS\SYSTEM32\CRYPTBASE.DLL
0x00007ffc294f0000 - 0x00007ffc29557000 	C:\WINDOWS\system32\mswsock.dll
0x00007ffc1a3a0000 - 0x00007ffc1a3b3000 	C:\Program Files\Android\Android Studio\jre\jre\bin\nio.dll
0x00007ffc1a350000 - 0x00007ffc1a376000 	C:\Users\user\.gradle\native\30\windows-amd64\native-platform.dll
0x00007ffc1c150000 - 0x00007ffc1c15d000 	C:\Program Files\Android\Android Studio\jre\jre\bin\management.dll
0x00007ffc29060000 - 0x00007ffc29093000 	C:\WINDOWS\system32\rsaenh.dll
0x00007ffc2aea0000 - 0x00007ffc2aec6000 	C:\WINDOWS\System32\bcrypt.dll
0x00007ffc29bd0000 - 0x00007ffc29bf5000 	C:\WINDOWS\SYSTEM32\USERENV.dll
0x00007ffc29200000 - 0x00007ffc2923a000 	C:\WINDOWS\SYSTEM32\IPHLPAPI.DLL
0x00007ffc2b760000 - 0x00007ffc2b768000 	C:\WINDOWS\System32\NSI.dll
0x00007ffc208f0000 - 0x00007ffc20906000 	C:\WINDOWS\SYSTEM32\dhcpcsvc6.DLL
0x00007ffc20be0000 - 0x00007ffc20bfc000 	C:\WINDOWS\SYSTEM32\dhcpcsvc.DLL
0x00007ffc29240000 - 0x00007ffc2930b000 	C:\WINDOWS\SYSTEM32\DNSAPI.dll

VM Arguments:
jvm_args: -Xmx1536m -Dfile.encoding=x-windows-949 -Duser.country=KR -Duser.language=ko -Duser.variant 
java_command: org.gradle.launcher.daemon.bootstrap.GradleDaemon 5.6.4
java_class_path (initial): C:\Users\user\.gradle\wrapper\dists\gradle-5.6.4-all\ankdp27end7byghfw1q2sw75f\gradle-5.6.4\lib\gradle-launcher-5.6.4.jar
Launcher Type: SUN_STANDARD

Environment Variables:
JAVA_HOME=C:\Program Files\Android\Android Studio\jre\jre
PATH=C:\Program Files\Microsoft MPI\Bin\;C:\Program Files (x86)\Common Files\Oracle\Java\javapath;C:\Program Files (x86)\Intel\Intel(R) Management Engine Components\iCLS\;C:\Program Files\Intel\Intel(R) Management Engine Components\iCLS\;C:\WINDOWS\system32;C:\WINDOWS;C:\WINDOWS\System32\Wbem;C:\WINDOWS\System32\WindowsPowerShell\v1.0\;C:\WINDOWS\System32\OpenSSH\;C:\Program Files (x86)\Intel\Intel(R) Management Engine Components\DAL;C:\Program Files\Intel\Intel(R) Management Engine Components\DAL;C:\Program Files (x86)\Intel\Intel(R) Management Engine Components\IPT;C:\Program Files\Intel\Intel(R) Management Engine Components\IPT;C:\Program Files\Intel\WiFi\bin\;C:\Program Files\Common Files\Intel\WirelessCommon\;C:\Program Files\dotnet\;C:\Program Files (x86)\Windows Kits\10\Windows Performance Toolkit\;C:\Program Files (x86)\Windows Kits\10\Microsoft Application Virtualization\Sequencer\;C:\Program Files (x86)\Windows Kits\8.1\Windows Performance Toolkit\;C:\JAVA\jdk\bin;C:\JAVA\jdk\jre\bin;C:\Program Files\Git\cmd;C:\Program Files (x86)\Microsoft SQL Server\150\DTS\Binn\;C:\Program Files\Microsoft SQL Server\Client SDK\ODBC\170\Tools\Binn\;C:\Program Files (x86)\Microsoft SQL Server\150\Tools\Binn\;C:\Program Files\Microsoft SQL Server\150\Tools\Binn\;C:\Program Files\Microsoft SQL Server\150\DTS\Binn\;C:\Program Files\nodejs\;C:\Users\user\AppData\Local\Programs\Python\Python38-32\Scripts\;C:\Users\user\AppData\Local\Programs\Python\Python38-32\;C:\Users\user\AppData\Local\Microsoft\WindowsApps;C:\Program Files\Intel\WiFi\bin\;C:\Program Files\Common Files\Intel\WirelessCommon\;C:\Program Files\Bandizip\;C:\Users\user\AppData\Local\Programs\Microsoft VS Code\bin;C:\Program Files\JetBrains\IntelliJ IDEA 2019.2.3\bin;C:\Users\user\AppData\Roaming\npm
USERNAME=20191308NSG
OS=Windows_NT
PROCESSOR_IDENTIFIER=Intel64 Family 6 Model 158 Stepping 10, GenuineIntel



---------------  S Y S T E M  ---------------

OS: Windows 10.0 , 64 bit Build 18362 (10.0.18362.778)

CPU:total 12 (initial active 12) (6 cores per cpu, 2 threads per core) family 6 model 158 stepping 10, cmov, cx8, fxsr, mmx, sse, sse2, sse3, ssse3, sse4.1, sse4.2, popcnt, avx, avx2, aes, clmul, erms, rtm, 3dnowpref, lzcnt, ht, tsc, tscinvbit, bmi1, bmi2, adx

Memory: 4k page, physical 8264744k(467356k free), swap 12164136k(3764k free)

vm_info: OpenJDK 64-Bit Server VM (25.212-b04) for windows-amd64 JRE (1.8.0_212-release-1586-b04), built by "builder" with MS VC++ 10.0 (VS2010)

time: Wed Jun 10 09:08:01 2020
timezone: 대한민국 표준시
elapsed time: 4 seconds (0d 0h 0m 4s)

