#
# There is insufficient memory for the Java Runtime Environment to continue.
# Native memory allocation (malloc) failed to allocate 563856 bytes for Chunk::new
# Possible reasons:
#   The system is out of physical RAM or swap space
#   The process is running with CompressedOops enabled, and the Java Heap may be blocking the growth of the native heap
# Possible solutions:
#   Reduce memory load on the system
#   Increase physical memory or swap space
#   Check if swap backing store is full
#   Decrease Java heap size (-Xmx/-Xms)
#   Decrease number of Java threads
#   Decrease Java thread stack sizes (-Xss)
#   Set larger code cache with -XX:ReservedCodeCacheSize=
#   JVM is running with Unscaled Compressed Oops mode in which the Java heap is
#     placed in the first 4GB address space. The Java Heap base address is the
#     maximum limit for the native heap growth. Please use -XX:HeapBaseMinAddress
#     to set the Java Heap base and to place the Java Heap above 4GB virtual address.
# This output file may be truncated or incomplete.
#
#  Out of Memory Error (allocation.cpp:389), pid=13328, tid=0x0000000000004f9c
#
# JRE version: OpenJDK Runtime Environment (8.0_212-b04) (build 1.8.0_212-release-1586-b04)
# Java VM: OpenJDK 64-Bit Server VM (25.212-b04 mixed mode windows-amd64 compressed oops)
# Failed to write core dump. Minidumps are not enabled by default on client versions of Windows
#

---------------  T H R E A D  ---------------

Current thread (0x0000000018979800):  JavaThread "C2 CompilerThread1" daemon [_thread_in_native, id=20380, stack(0x0000000019f80000,0x000000001a080000)]

Stack: [0x0000000019f80000,0x000000001a080000]
[error occurred during error reporting (printing stack bounds), id 0xc0000005]

Native frames: (J=compiled Java code, j=interpreted, Vv=VM code, C=native code)


Current CompileTask:
C2:1125489 17607       4       com.android.tools.r8.dex.m::a (576 bytes)


---------------  P R O C E S S  ---------------

Java Threads: ( => current thread )
  0x000000001eb48800 JavaThread "WorkerExecutor Queue Thread 14" [_thread_blocked, id=1664, stack(0x0000000029cb0000,0x0000000029db0000)]
  0x000000001c59f000 JavaThread "ForkJoinPool.commonPool-worker-12" daemon [_thread_blocked, id=876, stack(0x000000002e980000,0x000000002ea80000)]
  0x000000001c59e000 JavaThread "ForkJoinPool.commonPool-worker-3" daemon [_thread_blocked, id=15220, stack(0x000000002e880000,0x000000002e980000)]
  0x000000001c59a800 JavaThread "ForkJoinPool.commonPool-worker-10" daemon [_thread_blocked, id=9920, stack(0x000000002e780000,0x000000002e880000)]
  0x000000001c591000 JavaThread "ForkJoinPool.commonPool-worker-1" daemon [_thread_blocked, id=17440, stack(0x000000002e680000,0x000000002e780000)]
  0x000000001c592800 JavaThread "ForkJoinPool.commonPool-worker-8" daemon [_thread_blocked, id=19148, stack(0x000000002b600000,0x000000002b700000)]
  0x000000001c598000 JavaThread "ForkJoinPool.commonPool-worker-6" daemon [_thread_blocked, id=15244, stack(0x000000002a9a0000,0x000000002aaa0000)]
  0x000000001c596800 JavaThread "ForkJoinPool.commonPool-worker-4" daemon [_thread_blocked, id=9044, stack(0x00000000298a0000,0x00000000299a0000)]
  0x000000001c595800 JavaThread "ForkJoinPool.commonPool-worker-11" daemon [_thread_blocked, id=17700, stack(0x0000000028e80000,0x0000000028f80000)]
  0x000000001ea4e800 JavaThread "ForkJoinPool.commonPool-worker-2" daemon [_thread_blocked, id=2644, stack(0x0000000027ad0000,0x0000000027bd0000)]
  0x000000001ea4e000 JavaThread "WorkerExecutor Queue Thread 12" [_thread_blocked, id=7336, stack(0x000000002a8a0000,0x000000002a9a0000)]
  0x000000001ea4d000 JavaThread "WorkerExecutor Queue Thread 11" [_thread_blocked, id=7320, stack(0x000000002a7a0000,0x000000002a8a0000)]
  0x000000001ea52800 JavaThread "WorkerExecutor Queue Thread 9" [_thread_blocked, id=2544, stack(0x000000002a5a0000,0x000000002a6a0000)]
  0x000000001ea49800 JavaThread "Cache worker for Java compile cache (C:\Users\user\AndroidStudioProjects\practice\.gradle\5.6.4\javaCompile)" [_thread_blocked, id=10792, stack(0x0000000028b80000,0x0000000028c80000)]
  0x000000001b609800 JavaThread "Cache worker for execution history cache (C:\Users\user\AndroidStudioProjects\practice\.gradle\5.6.4\executionHistory)" [_thread_blocked, id=10612, stack(0x00000000284d0000,0x00000000285d0000)]
  0x000000001b602800 JavaThread "Cache worker for file content cache (C:\Users\user\AndroidStudioProjects\practice\.gradle\5.6.4\fileContent)" [_thread_blocked, id=18976, stack(0x0000000020b60000,0x0000000020c60000)]
  0x000000001b602000 JavaThread "Cache worker for Build Output Cleanup Cache (C:\Users\user\AndroidStudioProjects\practice\.gradle\buildOutputCleanup)" [_thread_blocked, id=8376, stack(0x00000000277d0000,0x00000000278d0000)]
  0x000000001b600800 JavaThread "Build operations Thread 12" [_thread_blocked, id=2784, stack(0x0000000026a60000,0x0000000026b60000)]
  0x000000001b5fe000 JavaThread "Build operations Thread 11" [_thread_blocked, id=15216, stack(0x0000000025d00000,0x0000000025e00000)]
  0x000000001b604000 JavaThread "Build operations Thread 10" [_thread_blocked, id=1900, stack(0x0000000025600000,0x0000000025700000)]
  0x0000000023f28000 JavaThread "Build operations Thread 9" [_thread_blocked, id=14644, stack(0x0000000025500000,0x0000000025600000)]
  0x0000000023f26000 JavaThread "Build operations Thread 8" [_thread_blocked, id=13152, stack(0x0000000025400000,0x0000000025500000)]
  0x0000000023f25000 JavaThread "Build operations Thread 7" [_thread_blocked, id=10484, stack(0x0000000025300000,0x0000000025400000)]
  0x0000000023f2a800 JavaThread "Build operations Thread 6" [_thread_blocked, id=18668, stack(0x0000000025200000,0x0000000025300000)]
  0x0000000023f27800 JavaThread "Build operations Thread 5" [_thread_blocked, id=18460, stack(0x0000000025100000,0x0000000025200000)]
  0x0000000023f24000 JavaThread "Build operations Thread 4" [_thread_blocked, id=13984, stack(0x0000000025000000,0x0000000025100000)]
  0x0000000023f29000 JavaThread "Build operations Thread 3" [_thread_blocked, id=18452, stack(0x0000000023c50000,0x0000000023d50000)]
  0x0000000023f29800 JavaThread "Build operations Thread 2" [_thread_blocked, id=10128, stack(0x0000000022ae0000,0x0000000022be0000)]
  0x0000000023f2b000 JavaThread "Build operations" [_thread_blocked, id=14164, stack(0x00000000229e0000,0x0000000022ae0000)]
  0x0000000023f1c800 JavaThread "Cache worker for cache directory md-rule (C:\Users\user\.gradle\caches\5.6.4\md-rule)" [_thread_blocked, id=20100, stack(0x00000000205a0000,0x00000000206a0000)]
  0x0000000023f22800 JavaThread "Cache worker for cache directory md-supplier (C:\Users\user\.gradle\caches\5.6.4\md-supplier)" [_thread_blocked, id=16364, stack(0x00000000204a0000,0x00000000205a0000)]
  0x0000000023f21000 JavaThread "Cache worker for file hash cache (C:\Users\user\AndroidStudioProjects\practice\.gradle\5.6.4\fileHashes)" [_thread_blocked, id=5060, stack(0x000000001db00000,0x000000001dc00000)]
  0x0000000023f23800 JavaThread "Thread-119" [_thread_blocked, id=14472, stack(0x000000001d800000,0x000000001d900000)]
  0x0000000023f1f800 JavaThread "Stdin handler" [_thread_blocked, id=556, stack(0x000000001d600000,0x000000001d700000)]
  0x0000000023f1e000 JavaThread "Asynchronous log dispatcher for DefaultDaemonConnection: socket connection from /127.0.0.1:2627 to /127.0.0.1:2777" [_thread_blocked, id=20364, stack(0x000000001d300000,0x000000001d400000)]
  0x0000000023f1c000 JavaThread "Cancel handler" [_thread_blocked, id=16480, stack(0x0000000001170000,0x0000000001270000)]
  0x0000000023f1d800 JavaThread "Handler for socket connection from /127.0.0.1:2627 to /127.0.0.1:2777" [_thread_in_native, id=2296, stack(0x0000000001000000,0x0000000001100000)]
  0x000000001ea51000 JavaThread "Cache worker for Java compile cache (C:\Users\user\.gradle\caches\5.6.4\javaCompile)" [_thread_blocked, id=15008, stack(0x0000000028880000,0x0000000028980000)]
  0x0000000023f20800 JavaThread "MarlinRenderer Disposer" daemon [_thread_blocked, id=1588, stack(0x0000000029480000,0x0000000029580000)]
  0x0000000023f1f000 JavaThread "Java2D Disposer" daemon [_thread_blocked, id=13688, stack(0x00000000295a0000,0x00000000296a0000)]
  0x000000001b603800 JavaThread "Cache worker for file content cache (C:\Users\user\.gradle\caches\5.6.4\fileContent)" [_thread_blocked, id=16016, stack(0x00000000276d0000,0x00000000277d0000)]
  0x000000001c595000 JavaThread "Daemon worker Thread 2" [_thread_in_Java, id=16916, stack(0x000000001d200000,0x000000001d300000)]
  0x000000001c597000 JavaThread "Daemon Thread 2" [_thread_blocked, id=19268, stack(0x0000000000f00000,0x0000000001000000)]
  0x000000001c59d800 JavaThread "Memory manager" [_thread_blocked, id=15128, stack(0x0000000026bd0000,0x0000000026cd0000)]
  0x000000001b17a800 JavaThread "Cache worker for execution history cache (C:\Users\user\.gradle\caches\5.6.4\executionHistory)" [_thread_blocked, id=10992, stack(0x0000000021ee0000,0x0000000021fe0000)]
  0x000000001b178000 JavaThread "Cache worker for journal cache (C:\Users\user\.gradle\caches\journal-1)" [_thread_blocked, id=5956, stack(0x000000001e000000,0x000000001e100000)]
  0x000000001b174800 JavaThread "File lock request listener" [_thread_in_native, id=2080, stack(0x000000001df00000,0x000000001e000000)]
  0x000000001bc79800 JavaThread "Cache worker for file hash cache (C:\Users\user\.gradle\caches\5.6.4\fileHashes)" [_thread_blocked, id=18792, stack(0x000000001de00000,0x000000001df00000)]
  0x000000001c020000 JavaThread "Daemon periodic checks" [_thread_blocked, id=3712, stack(0x000000001d100000,0x000000001d200000)]
  0x000000001c01e800 JavaThread "Incoming local TCP Connector on port 2627" [_thread_in_native, id=13736, stack(0x000000001cf20000,0x000000001d020000)]
  0x0000000018a77800 JavaThread "Daemon health stats" [_thread_blocked, id=17628, stack(0x000000001cc20000,0x000000001cd20000)]
  0x0000000018a07000 JavaThread "Service Thread" daemon [_thread_blocked, id=14492, stack(0x000000001a280000,0x000000001a380000)]
  0x000000001897f800 JavaThread "C1 CompilerThread3" daemon [_thread_blocked, id=13720, stack(0x000000001a180000,0x000000001a280000)]
  0x000000001897e000 JavaThread "C2 CompilerThread2" daemon [_thread_blocked, id=10956, stack(0x000000001a080000,0x000000001a180000)]
=>0x0000000018979800 JavaThread "C2 CompilerThread1" daemon [_thread_in_native, id=20380, stack(0x0000000019f80000,0x000000001a080000)]
  0x000000001896f800 JavaThread "C2 CompilerThread0" daemon [_thread_blocked, id=19072, stack(0x0000000019e80000,0x0000000019f80000)]
  0x000000001891d000 JavaThread "Attach Listener" daemon [_thread_blocked, id=2532, stack(0x0000000019d80000,0x0000000019e80000)]
  0x000000001891c000 JavaThread "Signal Dispatcher" daemon [_thread_blocked, id=19788, stack(0x0000000019c80000,0x0000000019d80000)]
  0x000000000324a000 JavaThread "Finalizer" daemon [_thread_blocked, id=19864, stack(0x0000000019b80000,0x0000000019c80000)]
  0x0000000018903000 JavaThread "Reference Handler" daemon [_thread_blocked, id=4116, stack(0x0000000019a80000,0x0000000019b80000)]
  0x000000000304e800 JavaThread "main" [_thread_blocked, id=5940, stack(0x0000000003050000,0x0000000003150000)]

Other Threads:
  0x0000000017206000 VMThread [stack: 0x0000000019980000,0x0000000019a80000] [id=7216]
  0x0000000018a08000 WatcherThread [stack: 0x000000001a380000,0x000000001a480000] [id=5768]

VM state:not at safepoint (normal execution)

VM Mutex/Monitor currently owned by a thread:  ([mutex/lock_event])
[0x00000000031503d0] Compile_lock - owner thread: 0x000000001897f800
[0x0000000003151fd0] MethodCompileQueue_lock - owner thread: 0x000000001897f800

OutOfMemory and StackOverflow Exception counts:
OutOfMemoryError java_heap_errors=1

heap address: 0x00000000a0000000, size: 1536 MB, Compressed Oops mode: 32-bit
Narrow klass base: 0x0000000000000000, Narrow klass shift: 3
Compressed class space size: 1073741824 Address: 0x0000000100000000

Heap:
 PSYoungGen      total 320000K, used 283517K [0x00000000e0000000, 0x00000000f5d00000, 0x0000000100000000)
  eden space 301056K, 94% used [0x00000000e0000000,0x00000000f14f5980,0x00000000f2600000)
  from space 18944K, 0% used [0x00000000f3080000,0x00000000f3080000,0x00000000f4300000)
  to   space 26624K, 0% used [0x00000000f4300000,0x00000000f4300000,0x00000000f5d00000)
 ParOldGen       total 169472K, used 62873K [0x00000000a0000000, 0x00000000aa580000, 0x00000000e0000000)
  object space 169472K, 37% used [0x00000000a0000000,0x00000000a3d665e0,0x00000000aa580000)
 Metaspace       used 98449K, capacity 103370K, committed 103808K, reserved 1138688K
  class space    used 12894K, capacity 13835K, committed 13952K, reserved 1048576K

Card table byte_map: [0x0000000012610000,0x0000000012920000] byte_map_base: 0x0000000012110000

Marking Bits: (ParMarkBitMap*) 0x0000000058739f30
 Begin Bits: [0x0000000013520000, 0x0000000014d20000)
 End Bits:   [0x0000000014d20000, 0x0000000016520000)

Polling page: 0x0000000001360000

CodeCache: size=245760Kb used=47785Kb max_used=48009Kb free=197975Kb
 bounds [0x0000000003250000, 0x00000000061c0000, 0x0000000012250000]
 total_blobs=15816 nmethods=14803 adapters=924
 compilation: enabled

Compilation events (10 events):
Event: 1124.572 Thread 0x000000001897f800 nmethod 17687 0x0000000005544e50 code [0x0000000005544fc0, 0x0000000005545310]
Event: 1124.576 Thread 0x000000001896f800 nmethod 17680 0x0000000004d01f50 code [0x0000000004d020e0, 0x0000000004d02d38]
Event: 1124.579 Thread 0x000000001896f800 17686       4       java.lang.Thread::isInterrupted (6 bytes)
Event: 1124.580 Thread 0x000000001896f800 nmethod 17686 0x0000000003ec1d10 code [0x0000000003ec1e60, 0x0000000003ec1f08]
Event: 1124.583 Thread 0x000000001896f800 17597       4       com.android.tools.r8.graph.DexDebugEvent$b::a (14 bytes)
Event: 1124.584 Thread 0x000000001897e000 nmethod 17685 0x00000000035ac0d0 code [0x00000000035ac260, 0x00000000035acd38]
Event: 1124.587 Thread 0x000000001897e000 17636 %     4       com.android.tools.r8.dex.DexOutputBuffer::a @ 10 (189 bytes)
Event: 1124.595 Thread 0x000000001897f800 17688   !   3       java.util.concurrent.ConcurrentHashMap::clear (176 bytes)
Event: 1124.595 Thread 0x000000001896f800 nmethod 17597 0x00000000037117d0 code [0x0000000003711940, 0x0000000003711e68]
Event: 1124.597 Thread 0x000000001897f800 nmethod 17688 0x0000000003777c50 code [0x0000000003777e60, 0x0000000003778bf8]

GC Heap History (10 events):
Event: 1087.482 GC heap before
{Heap before GC invocations=17 (full 3):
 PSYoungGen      total 228864K, used 226886K [0x00000000e0000000, 0x00000000f3280000, 0x0000000100000000)
  eden space 209920K, 99% used [0x00000000e0000000,0x00000000eccfba88,0x00000000ecd00000)
  from space 18944K, 89% used [0x00000000ecd00000,0x00000000edd95e18,0x00000000edf80000)
  to   space 20992K, 0% used [0x00000000f1e00000,0x00000000f1e00000,0x00000000f3280000)
 ParOldGen       total 113152K, used 30685K [0x00000000a0000000, 0x00000000a6e80000, 0x00000000e0000000)
  object space 113152K, 27% used [0x00000000a0000000,0x00000000a1df75a8,0x00000000a6e80000)
 Metaspace       used 75307K, capacity 79542K, committed 79872K, reserved 1118208K
  class space    used 10074K, capacity 10907K, committed 11008K, reserved 1048576K
Event: 1087.505 GC heap after
Heap after GC invocations=17 (full 3):
 PSYoungGen      total 281088K, used 17804K [0x00000000e0000000, 0x00000000f2f80000, 0x0000000100000000)
  eden space 263168K, 0% used [0x00000000e0000000,0x00000000e0000000,0x00000000f0100000)
  from space 17920K, 99% used [0x00000000f1e00000,0x00000000f2f63020,0x00000000f2f80000)
  to   space 23040K, 0% used [0x00000000f0280000,0x00000000f0280000,0x00000000f1900000)
 ParOldGen       total 113152K, used 41538K [0x00000000a0000000, 0x00000000a6e80000, 0x00000000e0000000)
  object space 113152K, 36% used [0x00000000a0000000,0x00000000a28908b8,0x00000000a6e80000)
 Metaspace       used 75307K, capacity 79542K, committed 79872K, reserved 1118208K
  class space    used 10074K, capacity 10907K, committed 11008K, reserved 1048576K
}
Event: 1092.709 GC heap before
{Heap before GC invocations=18 (full 3):
 PSYoungGen      total 281088K, used 280972K [0x00000000e0000000, 0x00000000f2f80000, 0x0000000100000000)
  eden space 263168K, 100% used [0x00000000e0000000,0x00000000f0100000,0x00000000f0100000)
  from space 17920K, 99% used [0x00000000f1e00000,0x00000000f2f63020,0x00000000f2f80000)
  to   space 23040K, 0% used [0x00000000f0280000,0x00000000f0280000,0x00000000f1900000)
 ParOldGen       total 113152K, used 41538K [0x00000000a0000000, 0x00000000a6e80000, 0x00000000e0000000)
  object space 113152K, 36% used [0x00000000a0000000,0x00000000a28908b8,0x00000000a6e80000)
 Metaspace       used 82794K, capacity 87284K, committed 87424K, reserved 1124352K
  class space    used 10885K, capacity 11806K, committed 11904K, reserved 1048576K
Event: 1092.731 GC heap after
Heap after GC invocations=18 (full 3):
 PSYoungGen      total 287744K, used 23023K [0x00000000e0000000, 0x00000000f7000000, 0x0000000100000000)
  eden space 264704K, 0% used [0x00000000e0000000,0x00000000e0000000,0x00000000f0280000)
  from space 23040K, 99% used [0x00000000f0280000,0x00000000f18fbc10,0x00000000f1900000)
  to   space 27136K, 0% used [0x00000000f5580000,0x00000000f5580000,0x00000000f7000000)
 ParOldGen       total 113152K, used 43501K [0x00000000a0000000, 0x00000000a6e80000, 0x00000000e0000000)
  object space 113152K, 38% used [0x00000000a0000000,0x00000000a2a7b770,0x00000000a6e80000)
 Metaspace       used 82794K, capacity 87284K, committed 87424K, reserved 1124352K
  class space    used 10885K, capacity 11806K, committed 11904K, reserved 1048576K
}
Event: 1114.566 GC heap before
{Heap before GC invocations=19 (full 3):
 PSYoungGen      total 287744K, used 287727K [0x00000000e0000000, 0x00000000f7000000, 0x0000000100000000)
  eden space 264704K, 100% used [0x00000000e0000000,0x00000000f0280000,0x00000000f0280000)
  from space 23040K, 99% used [0x00000000f0280000,0x00000000f18fbc10,0x00000000f1900000)
  to   space 27136K, 0% used [0x00000000f5580000,0x00000000f5580000,0x00000000f7000000)
 ParOldGen       total 113152K, used 43501K [0x00000000a0000000, 0x00000000a6e80000, 0x00000000e0000000)
  object space 113152K, 38% used [0x00000000a0000000,0x00000000a2a7b770,0x00000000a6e80000)
 Metaspace       used 88526K, capacity 93120K, committed 93440K, reserved 1130496K
  class space    used 11552K, capacity 12470K, committed 12544K, reserved 1048576K
Event: 1114.614 GC heap after
Heap after GC invocations=19 (full 3):
 PSYoungGen      total 270848K, used 16307K [0x00000000e0000000, 0x00000000f6580000, 0x0000000100000000)
  eden space 254464K, 0% used [0x00000000e0000000,0x00000000e0000000,0x00000000ef880000)
  from space 16384K, 99% used [0x00000000f5580000,0x00000000f656ce28,0x00000000f6580000)
  to   space 27136K, 0% used [0x00000000f3080000,0x00000000f3080000,0x00000000f4b00000)
 ParOldGen       total 113152K, used 53337K [0x00000000a0000000, 0x00000000a6e80000, 0x00000000e0000000)
  object space 113152K, 47% used [0x00000000a0000000,0x00000000a3416708,0x00000000a6e80000)
 Metaspace       used 88526K, capacity 93120K, committed 93440K, reserved 1130496K
  class space    used 11552K, capacity 12470K, committed 12544K, reserved 1048576K
}
Event: 1115.944 GC heap before
{Heap before GC invocations=20 (full 3):
 PSYoungGen      total 270848K, used 80242K [0x00000000e0000000, 0x00000000f6580000, 0x0000000100000000)
  eden space 254464K, 25% used [0x00000000e0000000,0x00000000e3e6fa88,0x00000000ef880000)
  from space 16384K, 99% used [0x00000000f5580000,0x00000000f656ce28,0x00000000f6580000)
  to   space 27136K, 0% used [0x00000000f3080000,0x00000000f3080000,0x00000000f4b00000)
 ParOldGen       total 113152K, used 53337K [0x00000000a0000000, 0x00000000a6e80000, 0x00000000e0000000)
  object space 113152K, 47% used [0x00000000a0000000,0x00000000a3416708,0x00000000a6e80000)
 Metaspace       used 93384K, capacity 98554K, committed 98560K, reserved 1134592K
  class space    used 12299K, capacity 13311K, committed 13312K, reserved 1048576K
Event: 1115.998 GC heap after
Heap after GC invocations=20 (full 3):
 PSYoungGen      total 320000K, used 18819K [0x00000000e0000000, 0x00000000f5d00000, 0x0000000100000000)
  eden space 301056K, 0% used [0x00000000e0000000,0x00000000e0000000,0x00000000f2600000)
  from space 18944K, 99% used [0x00000000f3080000,0x00000000f42e0d48,0x00000000f4300000)
  to   space 26624K, 0% used [0x00000000f4300000,0x00000000f4300000,0x00000000f5d00000)
 ParOldGen       total 113152K, used 53345K [0x00000000a0000000, 0x00000000a6e80000, 0x00000000e0000000)
  object space 113152K, 47% used [0x00000000a0000000,0x00000000a3418708,0x00000000a6e80000)
 Metaspace       used 93384K, capacity 98554K, committed 98560K, reserved 1134592K
  class space    used 12299K, capacity 13311K, committed 13312K, reserved 1048576K
}
Event: 1115.998 GC heap before
{Heap before GC invocations=21 (full 4):
 PSYoungGen      total 320000K, used 18819K [0x00000000e0000000, 0x00000000f5d00000, 0x0000000100000000)
  eden space 301056K, 0% used [0x00000000e0000000,0x00000000e0000000,0x00000000f2600000)
  from space 18944K, 99% used [0x00000000f3080000,0x00000000f42e0d48,0x00000000f4300000)
  to   space 26624K, 0% used [0x00000000f4300000,0x00000000f4300000,0x00000000f5d00000)
 ParOldGen       total 113152K, used 53345K [0x00000000a0000000, 0x00000000a6e80000, 0x00000000e0000000)
  object space 113152K, 47% used [0x00000000a0000000,0x00000000a3418708,0x00000000a6e80000)
 Metaspace       used 93384K, capacity 98554K, committed 98560K, reserved 1134592K
  class space    used 12299K, capacity 13311K, committed 13312K, reserved 1048576K
Event: 1116.842 GC heap after
Heap after GC invocations=21 (full 4):
 PSYoungGen      total 320000K, used 0K [0x00000000e0000000, 0x00000000f5d00000, 0x0000000100000000)
  eden space 301056K, 0% used [0x00000000e0000000,0x00000000e0000000,0x00000000f2600000)
  from space 18944K, 0% used [0x00000000f3080000,0x00000000f3080000,0x00000000f4300000)
  to   space 26624K, 0% used [0x00000000f4300000,0x00000000f4300000,0x00000000f5d00000)
 ParOldGen       total 169472K, used 62873K [0x00000000a0000000, 0x00000000aa580000, 0x00000000e0000000)
  object space 169472K, 37% used [0x00000000a0000000,0x00000000a3d665e0,0x00000000aa580000)
 Metaspace       used 92483K, capacity 96084K, committed 98560K, reserved 1134592K
  class space    used 11993K, capacity 12770K, committed 13312K, reserved 1048576K
}

Deoptimization events (10 events):
Event: 1120.262 Thread 0x000000001c598800 Uncommon trap: reason=unstable_if action=reinterpret pc=0x00000000038afd70 method=java.util.Arrays.hashCode([Ljava/lang/Object;)I @ 1
Event: 1120.279 Thread 0x000000001b177800 Uncommon trap: reason=unstable_if action=reinterpret pc=0x0000000005ded91c method=com.android.tools.r8.v.a.a.a.f.c0.get(I)Ljava/lang/Object; @ 8
Event: 1120.667 Thread 0x000000001ea52800 Uncommon trap: reason=unstable_if action=reinterpret pc=0x0000000005c707d0 method=com.android.tools.r8.graph.U.a([Lcom/android/tools/r8/graph/U;Ljava/util/function/Consumer;)V @ 21
Event: 1121.306 Thread 0x000000001b177800 Uncommon trap: reason=unstable_if action=reinterpret pc=0x00000000040c5528 method=java.util.Arrays.equals([Ljava/lang/Object;[Ljava/lang/Object;)Z @ 47
Event: 1121.335 Thread 0x000000001b177800 Uncommon trap: reason=null_check action=make_not_entrant pc=0x0000000005bb7e8c method=com.android.tools.r8.graph.d0.computeEquals(Ljava/lang/Object;)Z @ 1
Event: 1121.546 Thread 0x000000001b177800 Uncommon trap: reason=unstable_if action=reinterpret pc=0x0000000005c70da0 method=com.android.tools.r8.dex.DexOutputBuffer.g(I)V @ 8
Event: 1122.311 Thread 0x000000001ea4d000 Uncommon trap: reason=unstable_if action=reinterpret pc=0x0000000005644c60 method=java.nio.Bits.copyToArray(JLjava/lang/Object;JJJ)V @ 19
Event: 1122.555 Thread 0x000000001eb43800 Uncommon trap: reason=unloaded action=reinterpret pc=0x0000000005f47da0 method=com.android.tools.r8.code.o1.a(Ljava/nio/ShortBuffer;IILcom/android/tools/r8/graph/F0;)[Lcom/android/tools/r8/code/n1; @ 3409
Event: 1123.082 Thread 0x000000001ea4d000 Uncommon trap: reason=unstable_if action=reinterpret pc=0x0000000005f35c4c method=com.android.tools.r8.graph.E.collectIndexedItems(Lcom/android/tools/r8/dex/q;Lcom/android/tools/r8/graph/Y;I)V @ 142
Event: 1124.343 Thread 0x000000001eb43800 Uncommon trap: reason=unstable_if action=reinterpret pc=0x000000000592bf98 method=com.android.tools.r8.graph.E.g()Lcom/android/tools/r8/graph/K; @ 4

Classes redefined (0 events):
No events

Internal exceptions (10 events):
Event: 1120.262 Thread 0x000000001c5a0800 Implicit null exception at 0x00000000038afc6f to 0x00000000038afd61
Event: 1120.262 Thread 0x000000001b177800 Implicit null exception at 0x00000000038afc6f to 0x00000000038afd61
Event: 1120.262 Thread 0x000000001c598800 Implicit null exception at 0x00000000038afc6f to 0x00000000038afd61
Event: 1120.262 Thread 0x000000001c59f800 Implicit null exception at 0x00000000038afc6f to 0x00000000038afd61
Event: 1121.335 Thread 0x000000001b177800 Implicit null exception at 0x0000000005bb7d0f to 0x0000000005bb7e7d
Event: 1122.001 Thread 0x000000001b177800 Exception <a 'sun/nio/fs/WindowsException'> (0x00000000eb6e4570) thrown at [D:\src\AOSP-openjdk-cygwin\jdk8u\hotspot\src\share\vm\prims\jni.cpp, line 710]
Event: 1122.356 Thread 0x000000001ea4d000 Exception <a 'sun/nio/fs/WindowsException'> (0x00000000eba6ea88) thrown at [D:\src\AOSP-openjdk-cygwin\jdk8u\hotspot\src\share\vm\prims\jni.cpp, line 710]
Event: 1124.537 Thread 0x000000001eb43800 Exception <a 'sun/nio/fs/WindowsException'> (0x00000000f1320ee8) thrown at [D:\src\AOSP-openjdk-cygwin\jdk8u\hotspot\src\share\vm\prims\jni.cpp, line 710]
Event: 1124.539 Thread 0x000000001eb43800 Exception <a 'java/lang/OutOfMemoryError'> (0x00000000f13218b8) thrown at [D:\src\AOSP-openjdk-cygwin\jdk8u\hotspot\src\share\vm\prims\unsafe.cpp, line 618]
Event: 1124.591 Thread 0x000000001c595000 Exception <a 'sun/nio/fs/WindowsException'> (0x00000000e1fc8060) thrown at [D:\src\AOSP-openjdk-cygwin\jdk8u\hotspot\src\share\vm\prims\jni.cpp, line 710]

Events (10 events):
Event: 1124.586 Thread 0x000000001897e000 flushing nmethod 0x00000000038ec8d0
Event: 1124.586 Thread 0x000000001897e000 flushing nmethod 0x00000000039067d0
Event: 1124.587 Thread 0x000000001897e000 flushing nmethod 0x0000000003939850
Event: 1124.587 Thread 0x000000001897e000 flushing nmethod 0x000000000393b810
Event: 1124.587 Thread 0x000000001897e000 flushing nmethod 0x0000000003a63ad0
Event: 1124.595 Thread 0x000000001896f800 flushing nmethod 0x0000000003aa0650
Event: 1124.596 Thread 0x000000001896f800 flushing nmethod 0x0000000003ac1850
Event: 1124.597 Thread 0x000000001896f800 flushing nmethod 0x0000000003ca1210
Event: 1124.597 Thread 0x000000001896f800 flushing nmethod 0x0000000003d10850
Event: 1124.597 Thread 0x000000001896f800 flushing nmethod 0x0000000003d17ad0


Dynamic libraries:
0x00007ff6c3320000 - 0x00007ff6c3351000 	C:\Program Files\Android\Android Studio\jre\bin\java.exe
0x00007ffc2ce20000 - 0x00007ffc2d010000 	C:\WINDOWS\SYSTEM32\ntdll.dll
0x00007ffc2bf50000 - 0x00007ffc2c002000 	C:\WINDOWS\System32\KERNEL32.DLL
0x00007ffc2a160000 - 0x00007ffc2a404000 	C:\WINDOWS\System32\KERNELBASE.dll
0x00007ffbc6350000 - 0x00007ffbc646d000 	C:\WINDOWS\System32\AppCheck64.dll
0x00007ffc2b430000 - 0x00007ffc2b4d3000 	C:\WINDOWS\System32\ADVAPI32.dll
0x00007ffc2c160000 - 0x00007ffc2c1fe000 	C:\WINDOWS\System32\msvcrt.dll
0x00007ffc2c200000 - 0x00007ffc2c297000 	C:\WINDOWS\System32\sechost.dll
0x00007ffc2b2a0000 - 0x00007ffc2b3c0000 	C:\WINDOWS\System32\RPCRT4.dll
0x00007ffc2b100000 - 0x00007ffc2b294000 	C:\WINDOWS\System32\USER32.dll
0x00007ffc2a410000 - 0x00007ffc2a431000 	C:\WINDOWS\System32\win32u.dll
0x00007ffc2c7c0000 - 0x00007ffc2c7e6000 	C:\WINDOWS\System32\GDI32.dll
0x00007ffc22600000 - 0x00007ffc2260a000 	C:\WINDOWS\SYSTEM32\VERSION.dll
0x00007ffc29e50000 - 0x00007ffc29fe4000 	C:\WINDOWS\System32\gdi32full.dll
0x00007ffc29db0000 - 0x00007ffc29e4e000 	C:\WINDOWS\System32\msvcp_win.dll
0x00007ffc2a4c0000 - 0x00007ffc2a5ba000 	C:\WINDOWS\System32\ucrtbase.dll
0x00007ffc187b0000 - 0x00007ffc18a34000 	C:\WINDOWS\WinSxS\amd64_microsoft.windows.common-controls_6595b64144ccf1df_6.0.18362.836_none_e6c4b943130f18ed\COMCTL32.dll
0x00007ffc2c2a0000 - 0x00007ffc2c5d6000 	C:\WINDOWS\System32\combase.dll
0x00007ffc2a440000 - 0x00007ffc2a4c0000 	C:\WINDOWS\System32\bcryptPrimitives.dll
0x00007ffc2af50000 - 0x00007ffc2af7e000 	C:\WINDOWS\System32\IMM32.DLL
0x0000000057e90000 - 0x0000000057f62000 	C:\Program Files\Android\Android Studio\jre\jre\bin\msvcr100.dll
0x0000000057f70000 - 0x00000000587b6000 	C:\Program Files\Android\Android Studio\jre\jre\bin\server\jvm.dll
0x00007ffc2c010000 - 0x00007ffc2c018000 	C:\WINDOWS\System32\PSAPI.DLL
0x00007ffc10ea0000 - 0x00007ffc10ea9000 	C:\WINDOWS\SYSTEM32\WSOCK32.dll
0x00007ffc27640000 - 0x00007ffc27664000 	C:\WINDOWS\SYSTEM32\WINMM.dll
0x00007ffc2b540000 - 0x00007ffc2b5af000 	C:\WINDOWS\System32\WS2_32.dll
0x00007ffc27530000 - 0x00007ffc2755d000 	C:\WINDOWS\SYSTEM32\winmmbase.dll
0x00007ffc2a5c0000 - 0x00007ffc2a60a000 	C:\WINDOWS\System32\cfgmgr32.dll
0x00007ffc26290000 - 0x00007ffc2629f000 	C:\Program Files\Android\Android Studio\jre\jre\bin\verify.dll
0x00007ffc26260000 - 0x00007ffc26289000 	C:\Program Files\Android\Android Studio\jre\jre\bin\java.dll
0x00007ffc1a3e0000 - 0x00007ffc1a3f6000 	C:\Program Files\Android\Android Studio\jre\jre\bin\zip.dll
0x00007ffc2b860000 - 0x00007ffc2bf44000 	C:\WINDOWS\System32\SHELL32.dll
0x00007ffc2af80000 - 0x00007ffc2b029000 	C:\WINDOWS\System32\shcore.dll
0x00007ffc2a610000 - 0x00007ffc2ad8e000 	C:\WINDOWS\System32\windows.storage.dll
0x00007ffc29d80000 - 0x00007ffc29da3000 	C:\WINDOWS\System32\profapi.dll
0x00007ffc29d10000 - 0x00007ffc29d5a000 	C:\WINDOWS\System32\powrprof.dll
0x00007ffc29ce0000 - 0x00007ffc29cf0000 	C:\WINDOWS\System32\UMPDC.dll
0x00007ffc2b780000 - 0x00007ffc2b7d2000 	C:\WINDOWS\System32\shlwapi.dll
0x00007ffc29cf0000 - 0x00007ffc29d01000 	C:\WINDOWS\System32\kernel.appcore.dll
0x00007ffc2a140000 - 0x00007ffc2a157000 	C:\WINDOWS\System32\cryptsp.dll
0x00007ffc1a3c0000 - 0x00007ffc1a3da000 	C:\Program Files\Android\Android Studio\jre\jre\bin\net.dll
0x00007ffc1bf70000 - 0x00007ffc1c146000 	C:\WINDOWS\SYSTEM32\urlmon.dll
0x00007ffc1b660000 - 0x00007ffc1b906000 	C:\WINDOWS\SYSTEM32\iertutil.dll
0x00007ffc296c0000 - 0x00007ffc296cc000 	C:\WINDOWS\SYSTEM32\CRYPTBASE.DLL
0x00007ffc294f0000 - 0x00007ffc29557000 	C:\WINDOWS\system32\mswsock.dll
0x00007ffc1a3a0000 - 0x00007ffc1a3b3000 	C:\Program Files\Android\Android Studio\jre\jre\bin\nio.dll
0x00007ffc1a350000 - 0x00007ffc1a376000 	C:\Users\user\.gradle\native\30\windows-amd64\native-platform.dll
0x00007ffc1c150000 - 0x00007ffc1c15d000 	C:\Program Files\Android\Android Studio\jre\jre\bin\management.dll
0x00007ffc29060000 - 0x00007ffc29093000 	C:\WINDOWS\system32\rsaenh.dll
0x00007ffc2aea0000 - 0x00007ffc2aec6000 	C:\WINDOWS\System32\bcrypt.dll
0x00007ffc29bd0000 - 0x00007ffc29bf5000 	C:\WINDOWS\SYSTEM32\USERENV.dll
0x00007ffc29200000 - 0x00007ffc2923a000 	C:\WINDOWS\SYSTEM32\IPHLPAPI.DLL
0x00007ffc2b760000 - 0x00007ffc2b768000 	C:\WINDOWS\System32\NSI.dll
0x00007ffc208f0000 - 0x00007ffc20906000 	C:\WINDOWS\SYSTEM32\dhcpcsvc6.DLL
0x00007ffc20be0000 - 0x00007ffc20bfc000 	C:\WINDOWS\SYSTEM32\dhcpcsvc.DLL
0x00007ffc29240000 - 0x00007ffc2930b000 	C:\WINDOWS\SYSTEM32\DNSAPI.dll
0x00007ffbe4a60000 - 0x00007ffbe4bfc000 	C:\Program Files\Android\Android Studio\jre\jre\bin\awt.dll
0x00007ffc2b030000 - 0x00007ffc2b0f4000 	C:\WINDOWS\System32\OLEAUT32.dll
0x00007ffc27e50000 - 0x00007ffc27e7d000 	C:\WINDOWS\SYSTEM32\dwmapi.dll
0x00007ffc266a0000 - 0x00007ffc26c60000 	C:\WINDOWS\SYSTEM32\d2d1.dll
0x00007ffc27c80000 - 0x00007ffc27d0f000 	C:\WINDOWS\SYSTEM32\apphelp.dll
0x00007ffc27d80000 - 0x00007ffc27e19000 	C:\WINDOWS\system32\uxtheme.dll

VM Arguments:
jvm_args: -Xmx1536m -Dfile.encoding=x-windows-949 -Duser.country=KR -Duser.language=ko -Duser.variant 
java_command: org.gradle.launcher.daemon.bootstrap.GradleDaemon 5.6.4
java_class_path (initial): C:\Users\user\.gradle\wrapper\dists\gradle-5.6.4-all\ankdp27end7byghfw1q2sw75f\gradle-5.6.4\lib\gradle-launcher-5.6.4.jar
Launcher Type: SUN_STANDARD

Environment Variables:
JAVA_HOME=C:\Program Files\Android\Android Studio\jre\jre
PATH=C:\Program Files\Microsoft MPI\Bin\;C:\Program Files (x86)\Common Files\Oracle\Java\javapath;C:\Program Files (x86)\Intel\Intel(R) Management Engine Components\iCLS\;C:\Program Files\Intel\Intel(R) Management Engine Components\iCLS\;C:\WINDOWS\system32;C:\WINDOWS;C:\WINDOWS\System32\Wbem;C:\WINDOWS\System32\WindowsPowerShell\v1.0\;C:\WINDOWS\System32\OpenSSH\;C:\Program Files (x86)\Intel\Intel(R) Management Engine Components\DAL;C:\Program Files\Intel\Intel(R) Management Engine Components\DAL;C:\Program Files (x86)\Intel\Intel(R) Management Engine Components\IPT;C:\Program Files\Intel\Intel(R) Management Engine Components\IPT;C:\Program Files\Intel\WiFi\bin\;C:\Program Files\Common Files\Intel\WirelessCommon\;C:\Program Files\dotnet\;C:\Program Files (x86)\Windows Kits\10\Windows Performance Toolkit\;C:\Program Files (x86)\Windows Kits\10\Microsoft Application Virtualization\Sequencer\;C:\Program Files (x86)\Windows Kits\8.1\Windows Performance Toolkit\;C:\JAVA\jdk\bin;C:\JAVA\jdk\jre\bin;C:\Program Files\Git\cmd;C:\Program Files (x86)\Microsoft SQL Server\150\DTS\Binn\;C:\Program Files\Microsoft SQL Server\Client SDK\ODBC\170\Tools\Binn\;C:\Program Files (x86)\Microsoft SQL Server\150\Tools\Binn\;C:\Program Files\Microsoft SQL Server\150\Tools\Binn\;C:\Program Files\Microsoft SQL Server\150\DTS\Binn\;C:\Program Files\nodejs\;C:\Users\user\AppData\Local\Programs\Python\Python38-32\Scripts\;C:\Users\user\AppData\Local\Programs\Python\Python38-32\;C:\Users\user\AppData\Local\Microsoft\WindowsApps;C:\Program Files\Intel\WiFi\bin\;C:\Program Files\Common Files\Intel\WirelessCommon\;C:\Program Files\Bandizip\;C:\Users\user\AppData\Local\Programs\Microsoft VS Code\bin;C:\Program Files\JetBrains\IntelliJ IDEA 2019.2.3\bin;C:\Users\user\AppData\Roaming\npm
USERNAME=20191308NSG
OS=Windows_NT
PROCESSOR_IDENTIFIER=Intel64 Family 6 Model 158 Stepping 10, GenuineIntel



---------------  S Y S T E M  ---------------

OS: Windows 10.0 , 64 bit Build 18362 (10.0.18362.778)

CPU:total 12 (initial active 12) (6 cores per cpu, 2 threads per core) family 6 model 158 stepping 10, cmov, cx8, fxsr, mmx, sse, sse2, sse3, ssse3, sse4.1, sse4.2, popcnt, avx, avx2, aes, clmul, erms, rtm, 3dnowpref, lzcnt, ht, tsc, tscinvbit, bmi1, bmi2, adx

Memory: 4k page, physical 8264744k(495888k free), swap 12164136k(23956k free)

vm_info: OpenJDK 64-Bit Server VM (25.212-b04) for windows-amd64 JRE (1.8.0_212-release-1586-b04), built by "builder" with MS VC++ 10.0 (VS2010)

time: Wed Jun 10 09:07:07 2020
timezone: 대한민국 표준시
elapsed time: 1125 seconds (0d 0h 18m 45s)

