#
# There is insufficient memory for the Java Runtime Environment to continue.
# Native memory allocation (malloc) failed to allocate 1958784 bytes for Chunk::new
# Possible reasons:
#   The system is out of physical RAM or swap space
#   The process is running with CompressedOops enabled, and the Java Heap may be blocking the growth of the native heap
# Possible solutions:
#   Reduce memory load on the system
#   Increase physical memory or swap space
#   Check if swap backing store is full
#   Decrease Java heap size (-Xmx/-Xms)
#   Decrease number of Java threads
#   Decrease Java thread stack sizes (-Xss)
#   Set larger code cache with -XX:ReservedCodeCacheSize=
#   JVM is running with Unscaled Compressed Oops mode in which the Java heap is
#     placed in the first 4GB address space. The Java Heap base address is the
#     maximum limit for the native heap growth. Please use -XX:HeapBaseMinAddress
#     to set the Java Heap base and to place the Java Heap above 4GB virtual address.
# This output file may be truncated or incomplete.
#
#  Out of Memory Error (allocation.cpp:389), pid=13124, tid=0x00000000000015d8
#
# JRE version: OpenJDK Runtime Environment (8.0_212-b04) (build 1.8.0_212-release-1586-b04)
# Java VM: OpenJDK 64-Bit Server VM (25.212-b04 mixed mode windows-amd64 compressed oops)
# Failed to write core dump. Minidumps are not enabled by default on client versions of Windows
#

---------------  T H R E A D  ---------------

Current thread (0x0000000018df2000):  JavaThread "C2 CompilerThread0" daemon [_thread_in_native, id=5592, stack(0x000000001a2e0000,0x000000001a3e0000)]

Stack: [0x000000001a2e0000,0x000000001a3e0000]
[error occurred during error reporting (printing stack bounds), id 0xc0000005]

Native frames: (J=compiled Java code, j=interpreted, Vv=VM code, C=native code)


Current CompileTask:
C2:   4752 1444       4       java.net.URLClassLoader$1::run (5 bytes)


---------------  P R O C E S S  ---------------

Java Threads: ( => current thread )
  0x000000001bf9f800 JavaThread "Cache worker for journal cache (C:\Users\user\.gradle\caches\journal-1)" [_thread_blocked, id=10892, stack(0x000000001e380000,0x000000001e480000)]
  0x000000001bfa4800 JavaThread "File lock request listener" [_thread_in_native, id=15180, stack(0x000000001e280000,0x000000001e380000)]
  0x000000001bfa4000 JavaThread "Cache worker for file hash cache (C:\Users\user\.gradle\caches\5.6.4\fileHashes)" [_thread_blocked, id=6616, stack(0x000000001e180000,0x000000001e280000)]
  0x000000001c657800 JavaThread "Thread-9" [_thread_blocked, id=13932, stack(0x000000001de80000,0x000000001df80000)]
  0x000000001c656800 JavaThread "Stdin handler" [_thread_blocked, id=6048, stack(0x000000001dd80000,0x000000001de80000)]
  0x000000001c674000 JavaThread "Asynchronous log dispatcher for DefaultDaemonConnection: socket connection from /127.0.0.1:2902 to /127.0.0.1:2903" [_thread_blocked, id=4764, stack(0x000000001dc80000,0x000000001dd80000)]
  0x000000001c64d800 JavaThread "Daemon worker" [_thread_in_vm, id=6588, stack(0x000000001db80000,0x000000001dc80000)]
  0x000000001c64a800 JavaThread "Cancel handler" [_thread_blocked, id=168, stack(0x000000001d980000,0x000000001da80000)]
  0x000000001c5db800 JavaThread "Handler for socket connection from /127.0.0.1:2902 to /127.0.0.1:2903" [_thread_in_native, id=6264, stack(0x000000001d680000,0x000000001d780000)]
  0x000000001c5d6000 JavaThread "Daemon" [_thread_blocked, id=996, stack(0x000000001d580000,0x000000001d680000)]
  0x000000001c5bf000 JavaThread "Daemon periodic checks" [_thread_blocked, id=1768, stack(0x000000001d480000,0x000000001d580000)]
  0x000000001c59f800 JavaThread "Incoming local TCP Connector on port 2902" [_thread_in_native, id=14716, stack(0x000000001d380000,0x000000001d480000)]
  0x000000001aa76000 JavaThread "Daemon health stats" [_thread_blocked, id=19264, stack(0x000000001d080000,0x000000001d180000)]
  0x0000000018e41800 JavaThread "Service Thread" daemon [_thread_blocked, id=17784, stack(0x000000001a6e0000,0x000000001a7e0000)]
  0x0000000018e0a000 JavaThread "C1 CompilerThread3" daemon [_thread_blocked, id=6104, stack(0x000000001a5e0000,0x000000001a6e0000)]
  0x0000000018e08800 JavaThread "C2 CompilerThread2" daemon [_thread_in_native, id=5340, stack(0x000000001a4e0000,0x000000001a5e0000)]
  0x0000000018dfa800 JavaThread "C2 CompilerThread1" daemon [_thread_blocked, id=13796, stack(0x000000001a3e0000,0x000000001a4e0000)]
=>0x0000000018df2000 JavaThread "C2 CompilerThread0" daemon [_thread_in_native, id=5592, stack(0x000000001a2e0000,0x000000001a3e0000)]
  0x0000000018d9d000 JavaThread "Attach Listener" daemon [_thread_blocked, id=5252, stack(0x000000001a1e0000,0x000000001a2e0000)]
  0x0000000018d9c000 JavaThread "Signal Dispatcher" daemon [_thread_blocked, id=4060, stack(0x000000001a0e0000,0x000000001a1e0000)]
  0x00000000036ea800 JavaThread "Finalizer" daemon [_thread_blocked, id=18772, stack(0x0000000019fe0000,0x000000001a0e0000)]
  0x0000000018d83000 JavaThread "Reference Handler" daemon [_thread_blocked, id=18584, stack(0x0000000019ee0000,0x0000000019fe0000)]
  0x00000000030be800 JavaThread "main" [_thread_blocked, id=9628, stack(0x00000000034f0000,0x00000000035f0000)]

Other Threads:
  0x00000000176a6000 VMThread [stack: 0x0000000019de0000,0x0000000019ee0000] [id=18148]
  0x0000000018e92800 WatcherThread [stack: 0x000000001a7e0000,0x000000001a8e0000] [id=12276]

VM state:not at safepoint (normal execution)

VM Mutex/Monitor currently owned by a thread: None

heap address: 0x00000000a0000000, size: 1536 MB, Compressed Oops mode: 32-bit
Narrow klass base: 0x0000000000000000, Narrow klass shift: 3
Compressed class space size: 1073741824 Address: 0x0000000100000000

Heap:
 PSYoungGen      total 38400K, used 26220K [0x00000000e0000000, 0x00000000e2a80000, 0x0000000100000000)
  eden space 33280K, 63% used [0x00000000e0000000,0x00000000e149c118,0x00000000e2080000)
  from space 5120K, 99% used [0x00000000e2580000,0x00000000e2a7f270,0x00000000e2a80000)
  to   space 5120K, 0% used [0x00000000e2080000,0x00000000e2080000,0x00000000e2580000)
 ParOldGen       total 87552K, used 4562K [0x00000000a0000000, 0x00000000a5580000, 0x00000000e0000000)
  object space 87552K, 5% used [0x00000000a0000000,0x00000000a04749d0,0x00000000a5580000)
 Metaspace       used 16906K, capacity 17402K, committed 17792K, reserved 1064960K
  class space    used 2394K, capacity 2567K, committed 2688K, reserved 1048576K

Card table byte_map: [0x0000000012ab0000,0x0000000012dc0000] byte_map_base: 0x00000000125b0000

Marking Bits: (ParMarkBitMap*) 0x0000000058739f30
 Begin Bits: [0x00000000139c0000, 0x00000000151c0000)
 End Bits:   [0x00000000151c0000, 0x00000000169c0000)

Polling page: 0x0000000000de0000

CodeCache: size=245760Kb used=5605Kb max_used=5613Kb free=240154Kb
 bounds [0x00000000036f0000, 0x0000000003c80000, 0x00000000126f0000]
 total_blobs=2026 nmethods=1623 adapters=316
 compilation: enabled

Compilation events (10 events):
Event: 4.693 Thread 0x0000000018dfa800 nmethod 1621 0x0000000003c58050 code [0x0000000003c58180, 0x0000000003c581f8]
Event: 4.693 Thread 0x0000000018e0a000 nmethod 1620 0x0000000003c5ef90 code [0x0000000003c5f100, 0x0000000003c5f398]
Event: 4.694 Thread 0x0000000018dfa800 1622   !   4       java.util.concurrent.ConcurrentHashMap::putVal (362 bytes)
Event: 4.706 Thread 0x0000000018dfa800 nmethod 1622 0x0000000003c6e750 code [0x0000000003c6e900, 0x0000000003c6f6d0]
Event: 4.710 Thread 0x0000000018dfa800 1623  s    4       java.lang.Throwable::fillInStackTrace (29 bytes)
Event: 4.711 Thread 0x0000000018dfa800 nmethod 1623 0x0000000003c64fd0 code [0x0000000003c65120, 0x0000000003c65448]
Event: 4.730 Thread 0x0000000018e0a000 1624       3       org.objectweb.asm.SymbolTable::get (13 bytes)
Event: 4.730 Thread 0x0000000018e0a000 nmethod 1624 0x0000000003c68790 code [0x0000000003c688e0, 0x0000000003c68a70]
Event: 4.747 Thread 0x0000000018e0a000 1625       3       java.util.concurrent.locks.AbstractQueuedSynchronizer::release (33 bytes)
Event: 4.748 Thread 0x0000000018e0a000 nmethod 1625 0x0000000003c68010 code [0x0000000003c68180, 0x0000000003c68498]

GC Heap History (8 events):
Event: 0.676 GC heap before
{Heap before GC invocations=1 (full 0):
 PSYoungGen      total 38400K, used 33280K [0x00000000e0000000, 0x00000000e2a80000, 0x0000000100000000)
  eden space 33280K, 100% used [0x00000000e0000000,0x00000000e2080000,0x00000000e2080000)
  from space 5120K, 0% used [0x00000000e2580000,0x00000000e2580000,0x00000000e2a80000)
  to   space 5120K, 0% used [0x00000000e2080000,0x00000000e2080000,0x00000000e2580000)
 ParOldGen       total 87552K, used 0K [0x00000000a0000000, 0x00000000a5580000, 0x00000000e0000000)
  object space 87552K, 0% used [0x00000000a0000000,0x00000000a0000000,0x00000000a5580000)
 Metaspace       used 7098K, capacity 7356K, committed 7680K, reserved 1056768K
  class space    used 861K, capacity 944K, committed 1024K, reserved 1048576K
Event: 0.681 GC heap after
Heap after GC invocations=1 (full 0):
 PSYoungGen      total 38400K, used 4728K [0x00000000e0000000, 0x00000000e2a80000, 0x0000000100000000)
  eden space 33280K, 0% used [0x00000000e0000000,0x00000000e0000000,0x00000000e2080000)
  from space 5120K, 92% used [0x00000000e2080000,0x00000000e251e340,0x00000000e2580000)
  to   space 5120K, 0% used [0x00000000e2580000,0x00000000e2580000,0x00000000e2a80000)
 ParOldGen       total 87552K, used 8K [0x00000000a0000000, 0x00000000a5580000, 0x00000000e0000000)
  object space 87552K, 0% used [0x00000000a0000000,0x00000000a0002000,0x00000000a5580000)
 Metaspace       used 7098K, capacity 7356K, committed 7680K, reserved 1056768K
  class space    used 861K, capacity 944K, committed 1024K, reserved 1048576K
}
Event: 0.984 GC heap before
{Heap before GC invocations=2 (full 0):
 PSYoungGen      total 38400K, used 38008K [0x00000000e0000000, 0x00000000e2a80000, 0x0000000100000000)
  eden space 33280K, 100% used [0x00000000e0000000,0x00000000e2080000,0x00000000e2080000)
  from space 5120K, 92% used [0x00000000e2080000,0x00000000e251e340,0x00000000e2580000)
  to   space 5120K, 0% used [0x00000000e2580000,0x00000000e2580000,0x00000000e2a80000)
 ParOldGen       total 87552K, used 8K [0x00000000a0000000, 0x00000000a5580000, 0x00000000e0000000)
  object space 87552K, 0% used [0x00000000a0000000,0x00000000a0002000,0x00000000a5580000)
 Metaspace       used 7439K, capacity 7670K, committed 7936K, reserved 1056768K
  class space    used 914K, capacity 985K, committed 1024K, reserved 1048576K
Event: 0.987 GC heap after
Heap after GC invocations=2 (full 0):
 PSYoungGen      total 38400K, used 3994K [0x00000000e0000000, 0x00000000e2a80000, 0x0000000100000000)
  eden space 33280K, 0% used [0x00000000e0000000,0x00000000e0000000,0x00000000e2080000)
  from space 5120K, 78% used [0x00000000e2580000,0x00000000e2966910,0x00000000e2a80000)
  to   space 5120K, 0% used [0x00000000e2080000,0x00000000e2080000,0x00000000e2580000)
 ParOldGen       total 87552K, used 16K [0x00000000a0000000, 0x00000000a5580000, 0x00000000e0000000)
  object space 87552K, 0% used [0x00000000a0000000,0x00000000a0004000,0x00000000a5580000)
 Metaspace       used 7439K, capacity 7670K, committed 7936K, reserved 1056768K
  class space    used 914K, capacity 985K, committed 1024K, reserved 1048576K
}
Event: 4.291 GC heap before
{Heap before GC invocations=3 (full 0):
 PSYoungGen      total 38400K, used 37274K [0x00000000e0000000, 0x00000000e2a80000, 0x0000000100000000)
  eden space 33280K, 100% used [0x00000000e0000000,0x00000000e2080000,0x00000000e2080000)
  from space 5120K, 78% used [0x00000000e2580000,0x00000000e2966910,0x00000000e2a80000)
  to   space 5120K, 0% used [0x00000000e2080000,0x00000000e2080000,0x00000000e2580000)
 ParOldGen       total 87552K, used 16K [0x00000000a0000000, 0x00000000a5580000, 0x00000000e0000000)
  object space 87552K, 0% used [0x00000000a0000000,0x00000000a0004000,0x00000000a5580000)
 Metaspace       used 12510K, capacity 12902K, committed 13184K, reserved 1060864K
  class space    used 1680K, capacity 1807K, committed 1920K, reserved 1048576K
Event: 4.295 GC heap after
Heap after GC invocations=3 (full 0):
 PSYoungGen      total 38400K, used 5097K [0x00000000e0000000, 0x00000000e2a80000, 0x0000000100000000)
  eden space 33280K, 0% used [0x00000000e0000000,0x00000000e0000000,0x00000000e2080000)
  from space 5120K, 99% used [0x00000000e2080000,0x00000000e257a630,0x00000000e2580000)
  to   space 5120K, 0% used [0x00000000e2580000,0x00000000e2580000,0x00000000e2a80000)
 ParOldGen       total 87552K, used 1769K [0x00000000a0000000, 0x00000000a5580000, 0x00000000e0000000)
  object space 87552K, 2% used [0x00000000a0000000,0x00000000a01ba4d0,0x00000000a5580000)
 Metaspace       used 12510K, capacity 12902K, committed 13184K, reserved 1060864K
  class space    used 1680K, capacity 1807K, committed 1920K, reserved 1048576K
}
Event: 4.539 GC heap before
{Heap before GC invocations=4 (full 0):
 PSYoungGen      total 38400K, used 38377K [0x00000000e0000000, 0x00000000e2a80000, 0x0000000100000000)
  eden space 33280K, 100% used [0x00000000e0000000,0x00000000e2080000,0x00000000e2080000)
  from space 5120K, 99% used [0x00000000e2080000,0x00000000e257a630,0x00000000e2580000)
  to   space 5120K, 0% used [0x00000000e2580000,0x00000000e2580000,0x00000000e2a80000)
 ParOldGen       total 87552K, used 1769K [0x00000000a0000000, 0x00000000a5580000, 0x00000000e0000000)
  object space 87552K, 2% used [0x00000000a0000000,0x00000000a01ba4d0,0x00000000a5580000)
 Metaspace       used 14797K, capacity 15250K, committed 15488K, reserved 1062912K
  class space    used 2069K, capacity 2165K, committed 2176K, reserved 1048576K
Event: 4.544 GC heap after
Heap after GC invocations=4 (full 0):
 PSYoungGen      total 38400K, used 5116K [0x00000000e0000000, 0x00000000e2a80000, 0x0000000100000000)
  eden space 33280K, 0% used [0x00000000e0000000,0x00000000e0000000,0x00000000e2080000)
  from space 5120K, 99% used [0x00000000e2580000,0x00000000e2a7f270,0x00000000e2a80000)
  to   space 5120K, 0% used [0x00000000e2080000,0x00000000e2080000,0x00000000e2580000)
 ParOldGen       total 87552K, used 4562K [0x00000000a0000000, 0x00000000a5580000, 0x00000000e0000000)
  object space 87552K, 5% used [0x00000000a0000000,0x00000000a04749d0,0x00000000a5580000)
 Metaspace       used 14797K, capacity 15250K, committed 15488K, reserved 1062912K
  class space    used 2069K, capacity 2165K, committed 2176K, reserved 1048576K
}

Deoptimization events (10 events):
Event: 4.238 Thread 0x000000001c64d800 Uncommon trap: reason=bimorphic action=maybe_recompile pc=0x0000000003940484 method=java.util.HashMap.putVal(ILjava/lang/Object;Ljava/lang/Object;ZZ)Ljava/lang/Object; @ 253
Event: 4.238 Thread 0x000000001c64d800 Uncommon trap: reason=bimorphic action=maybe_recompile pc=0x0000000003940484 method=java.util.HashMap.putVal(ILjava/lang/Object;Ljava/lang/Object;ZZ)Ljava/lang/Object; @ 253
Event: 4.238 Thread 0x000000001c64d800 Uncommon trap: reason=bimorphic action=maybe_recompile pc=0x0000000003940484 method=java.util.HashMap.putVal(ILjava/lang/Object;Ljava/lang/Object;ZZ)Ljava/lang/Object; @ 253
Event: 4.238 Thread 0x000000001c64d800 Uncommon trap: reason=bimorphic action=maybe_recompile pc=0x000000000393b354 method=java.util.HashMap.putVal(ILjava/lang/Object;Ljava/lang/Object;ZZ)Ljava/lang/Object; @ 253
Event: 4.404 Thread 0x000000001c64d800 Uncommon trap: reason=class_check action=maybe_recompile pc=0x00000000039dded8 method=java.util.regex.Matcher.match(II)Z @ 86
Event: 4.412 Thread 0x000000001c64d800 Uncommon trap: reason=class_check action=maybe_recompile pc=0x00000000039dded8 method=java.util.regex.Matcher.match(II)Z @ 86
Event: 4.413 Thread 0x000000001c64d800 Uncommon trap: reason=class_check action=maybe_recompile pc=0x00000000039dded8 method=java.util.regex.Matcher.match(II)Z @ 86
Event: 4.413 Thread 0x000000001c64d800 Uncommon trap: reason=class_check action=maybe_recompile pc=0x0000000003861fdc method=java.util.regex.Matcher.match(II)Z @ 86
Event: 4.613 Thread 0x000000001c64d800 Uncommon trap: reason=unstable_if action=reinterpret pc=0x0000000003ba27b4 method=java.lang.String.lastIndexOf([CII[CIII)I @ 66
Event: 4.682 Thread 0x000000001c64d800 Uncommon trap: reason=unstable_if action=reinterpret pc=0x0000000003b9c0e8 method=java.util.HashMap.putVal(ILjava/lang/Object;Ljava/lang/Object;ZZ)Ljava/lang/Object; @ 236

Classes redefined (0 events):
No events

Internal exceptions (10 events):
Event: 4.204 Thread 0x000000001c5db800 Exception <a 'java/lang/NoSuchMethodError': <clinit>> (0x00000000e187da68) thrown at [D:\src\AOSP-openjdk-cygwin\jdk8u\hotspot\src\share\vm\prims\jni.cpp, line 1614]
Event: 4.205 Thread 0x000000001c5db800 Exception <a 'java/lang/NoSuchMethodError': <clinit>> (0x00000000e18866f8) thrown at [D:\src\AOSP-openjdk-cygwin\jdk8u\hotspot\src\share\vm\prims\jni.cpp, line 1614]
Event: 4.206 Thread 0x000000001c5db800 Exception <a 'java/lang/NoSuchMethodError': <clinit>> (0x00000000e189cca8) thrown at [D:\src\AOSP-openjdk-cygwin\jdk8u\hotspot\src\share\vm\prims\jni.cpp, line 1614]
Event: 4.213 Thread 0x000000001c5db800 Exception <a 'java/lang/NoSuchMethodError': <clinit>> (0x00000000e18fad50) thrown at [D:\src\AOSP-openjdk-cygwin\jdk8u\hotspot\src\share\vm\prims\jni.cpp, line 1614]
Event: 4.215 Thread 0x000000001c5db800 Exception <a 'java/lang/NoSuchMethodError': <clinit>> (0x00000000e1927a60) thrown at [D:\src\AOSP-openjdk-cygwin\jdk8u\hotspot\src\share\vm\prims\jni.cpp, line 1614]
Event: 4.217 Thread 0x000000001c5db800 Exception <a 'java/lang/NoSuchMethodError': <clinit>> (0x00000000e1955d70) thrown at [D:\src\AOSP-openjdk-cygwin\jdk8u\hotspot\src\share\vm\prims\jni.cpp, line 1614]
Event: 4.218 Thread 0x000000001c5db800 Exception <a 'java/lang/NoSuchMethodError': <clinit>> (0x00000000e1961178) thrown at [D:\src\AOSP-openjdk-cygwin\jdk8u\hotspot\src\share\vm\prims\jni.cpp, line 1614]
Event: 4.591 Thread 0x000000001c64d800 Exception <a 'java/lang/NoSuchMethodError': java.lang.Object.lambda$and$0(Ljava/util/function/Predicate;Ljava/lang/Object;)Z> (0x00000000e05eca88) thrown at [D:\src\AOSP-openjdk-cygwin\jdk8u\hotspot\src\share\vm\interpreter\linkResolver.cpp, line 620]
Event: 4.598 Thread 0x000000001c64d800 Exception <a 'java/lang/IncompatibleClassChangeError': Found class java.lang.Object, but interface was expected> (0x00000000e0602db0) thrown at [D:\src\AOSP-openjdk-cygwin\jdk8u\hotspot\src\share\vm\interpreter\linkResolver.cpp, line 653]
Event: 4.601 Thread 0x000000001c64d800 Exception <a 'java/lang/NoSuchMethodError': java.lang.Object.lambda$or$2(Ljava/util/function/Predicate;Ljava/lang/Object;)Z> (0x00000000e0607cc0) thrown at [D:\src\AOSP-openjdk-cygwin\jdk8u\hotspot\src\share\vm\interpreter\linkResolver.cpp, line 620]

Events (10 events):
Event: 4.744 loading class org/gradle/api/internal/file/collections/MinimalFileTree
Event: 4.744 loading class org/gradle/api/internal/file/collections/MinimalFileTree done
Event: 4.744 loading class org/gradle/api/internal/file/collections/MinimalFileCollection
Event: 4.744 loading class org/gradle/api/internal/file/collections/MinimalFileCollection done
Event: 4.745 loading class org/gradle/api/internal/artifacts/ivyservice/DefaultArtifactCacheLockingManager
Event: 4.745 loading class org/gradle/api/internal/artifacts/ivyservice/DefaultArtifactCacheLockingManager done
Event: 4.746 loading class org/gradle/cache/internal/CompositeCleanupAction$ScopedCleanupAction
Event: 4.746 loading class org/gradle/cache/internal/CompositeCleanupAction$ScopedCleanupAction done
Event: 4.748 loading class org/gradle/internal/resource/cached/CachedItem
Event: 4.748 loading class org/gradle/internal/resource/cached/CachedItem done


Dynamic libraries:
0x00007ff77c6c0000 - 0x00007ff77c6f1000 	C:\Program Files\Android\Android Studio\jre\bin\java.exe
0x00007ffc2ce20000 - 0x00007ffc2d010000 	C:\WINDOWS\SYSTEM32\ntdll.dll
0x00007ffc2bf50000 - 0x00007ffc2c002000 	C:\WINDOWS\System32\KERNEL32.DLL
0x00007ffc2a160000 - 0x00007ffc2a404000 	C:\WINDOWS\System32\KERNELBASE.dll
0x00007ffbe6b00000 - 0x00007ffbe6c1d000 	C:\WINDOWS\System32\AppCheck64.dll
0x00007ffc2b430000 - 0x00007ffc2b4d3000 	C:\WINDOWS\System32\ADVAPI32.dll
0x00007ffc2c160000 - 0x00007ffc2c1fe000 	C:\WINDOWS\System32\msvcrt.dll
0x00007ffc2c200000 - 0x00007ffc2c297000 	C:\WINDOWS\System32\sechost.dll
0x00007ffc2b2a0000 - 0x00007ffc2b3c0000 	C:\WINDOWS\System32\RPCRT4.dll
0x00007ffc2b100000 - 0x00007ffc2b294000 	C:\WINDOWS\System32\USER32.dll
0x00007ffc2a410000 - 0x00007ffc2a431000 	C:\WINDOWS\System32\win32u.dll
0x00007ffc2c7c0000 - 0x00007ffc2c7e6000 	C:\WINDOWS\System32\GDI32.dll
0x00007ffc29e50000 - 0x00007ffc29fe4000 	C:\WINDOWS\System32\gdi32full.dll
0x00007ffc29db0000 - 0x00007ffc29e4e000 	C:\WINDOWS\System32\msvcp_win.dll
0x00007ffc22600000 - 0x00007ffc2260a000 	C:\WINDOWS\SYSTEM32\VERSION.dll
0x00007ffc2a4c0000 - 0x00007ffc2a5ba000 	C:\WINDOWS\System32\ucrtbase.dll
0x00007ffc187b0000 - 0x00007ffc18a34000 	C:\WINDOWS\WinSxS\amd64_microsoft.windows.common-controls_6595b64144ccf1df_6.0.18362.836_none_e6c4b943130f18ed\COMCTL32.dll
0x00007ffc2c2a0000 - 0x00007ffc2c5d6000 	C:\WINDOWS\System32\combase.dll
0x00007ffc2a440000 - 0x00007ffc2a4c0000 	C:\WINDOWS\System32\bcryptPrimitives.dll
0x00007ffc2af50000 - 0x00007ffc2af7e000 	C:\WINDOWS\System32\IMM32.DLL
0x0000000057e90000 - 0x0000000057f62000 	C:\Program Files\Android\Android Studio\jre\jre\bin\msvcr100.dll
0x0000000057f70000 - 0x00000000587b6000 	C:\Program Files\Android\Android Studio\jre\jre\bin\server\jvm.dll
0x00007ffc2c010000 - 0x00007ffc2c018000 	C:\WINDOWS\System32\PSAPI.DLL
0x00007ffc10ea0000 - 0x00007ffc10ea9000 	C:\WINDOWS\SYSTEM32\WSOCK32.dll
0x00007ffc27640000 - 0x00007ffc27664000 	C:\WINDOWS\SYSTEM32\WINMM.dll
0x00007ffc2b540000 - 0x00007ffc2b5af000 	C:\WINDOWS\System32\WS2_32.dll
0x00007ffc27530000 - 0x00007ffc2755d000 	C:\WINDOWS\SYSTEM32\winmmbase.dll
0x00007ffc2a5c0000 - 0x00007ffc2a60a000 	C:\WINDOWS\System32\cfgmgr32.dll
0x00007ffc26290000 - 0x00007ffc2629f000 	C:\Program Files\Android\Android Studio\jre\jre\bin\verify.dll
0x00007ffc26260000 - 0x00007ffc26289000 	C:\Program Files\Android\Android Studio\jre\jre\bin\java.dll
0x00007ffc1a3e0000 - 0x00007ffc1a3f6000 	C:\Program Files\Android\Android Studio\jre\jre\bin\zip.dll
0x00007ffc2b860000 - 0x00007ffc2bf44000 	C:\WINDOWS\System32\SHELL32.dll
0x00007ffc2af80000 - 0x00007ffc2b029000 	C:\WINDOWS\System32\shcore.dll
0x00007ffc2a610000 - 0x00007ffc2ad8e000 	C:\WINDOWS\System32\windows.storage.dll
0x00007ffc29d80000 - 0x00007ffc29da3000 	C:\WINDOWS\System32\profapi.dll
0x00007ffc29d10000 - 0x00007ffc29d5a000 	C:\WINDOWS\System32\powrprof.dll
0x00007ffc29ce0000 - 0x00007ffc29cf0000 	C:\WINDOWS\System32\UMPDC.dll
0x00007ffc2b780000 - 0x00007ffc2b7d2000 	C:\WINDOWS\System32\shlwapi.dll
0x00007ffc29cf0000 - 0x00007ffc29d01000 	C:\WINDOWS\System32\kernel.appcore.dll
0x00007ffc2a140000 - 0x00007ffc2a157000 	C:\WINDOWS\System32\cryptsp.dll
0x00007ffc1a3c0000 - 0x00007ffc1a3da000 	C:\Program Files\Android\Android Studio\jre\jre\bin\net.dll
0x00007ffc1bf70000 - 0x00007ffc1c146000 	C:\WINDOWS\SYSTEM32\urlmon.dll
0x00007ffc1b660000 - 0x00007ffc1b906000 	C:\WINDOWS\SYSTEM32\iertutil.dll
0x00007ffc296c0000 - 0x00007ffc296cc000 	C:\WINDOWS\SYSTEM32\CRYPTBASE.DLL
0x00007ffc294f0000 - 0x00007ffc29557000 	C:\WINDOWS\system32\mswsock.dll
0x00007ffc1a3a0000 - 0x00007ffc1a3b3000 	C:\Program Files\Android\Android Studio\jre\jre\bin\nio.dll
0x00007ffc1a350000 - 0x00007ffc1a376000 	C:\Users\user\.gradle\native\30\windows-amd64\native-platform.dll
0x00007ffc1c150000 - 0x00007ffc1c15d000 	C:\Program Files\Android\Android Studio\jre\jre\bin\management.dll
0x00007ffc29060000 - 0x00007ffc29093000 	C:\WINDOWS\system32\rsaenh.dll
0x00007ffc2aea0000 - 0x00007ffc2aec6000 	C:\WINDOWS\System32\bcrypt.dll
0x00007ffc29bd0000 - 0x00007ffc29bf5000 	C:\WINDOWS\SYSTEM32\USERENV.dll
0x00007ffc29200000 - 0x00007ffc2923a000 	C:\WINDOWS\SYSTEM32\IPHLPAPI.DLL
0x00007ffc2b760000 - 0x00007ffc2b768000 	C:\WINDOWS\System32\NSI.dll
0x00007ffc208f0000 - 0x00007ffc20906000 	C:\WINDOWS\SYSTEM32\dhcpcsvc6.DLL
0x00007ffc20be0000 - 0x00007ffc20bfc000 	C:\WINDOWS\SYSTEM32\dhcpcsvc.DLL
0x00007ffc29240000 - 0x00007ffc2930b000 	C:\WINDOWS\SYSTEM32\DNSAPI.dll

VM Arguments:
jvm_args: -Xmx1536m -Dfile.encoding=x-windows-949 -Duser.country=KR -Duser.language=ko -Duser.variant 
java_command: org.gradle.launcher.daemon.bootstrap.GradleDaemon 5.6.4
java_class_path (initial): C:\Users\user\.gradle\wrapper\dists\gradle-5.6.4-all\ankdp27end7byghfw1q2sw75f\gradle-5.6.4\lib\gradle-launcher-5.6.4.jar
Launcher Type: SUN_STANDARD

Environment Variables:
JAVA_HOME=C:\Program Files\Android\Android Studio\jre\jre
PATH=C:\Program Files\Microsoft MPI\Bin\;C:\Program Files (x86)\Common Files\Oracle\Java\javapath;C:\Program Files (x86)\Intel\Intel(R) Management Engine Components\iCLS\;C:\Program Files\Intel\Intel(R) Management Engine Components\iCLS\;C:\WINDOWS\system32;C:\WINDOWS;C:\WINDOWS\System32\Wbem;C:\WINDOWS\System32\WindowsPowerShell\v1.0\;C:\WINDOWS\System32\OpenSSH\;C:\Program Files (x86)\Intel\Intel(R) Management Engine Components\DAL;C:\Program Files\Intel\Intel(R) Management Engine Components\DAL;C:\Program Files (x86)\Intel\Intel(R) Management Engine Components\IPT;C:\Program Files\Intel\Intel(R) Management Engine Components\IPT;C:\Program Files\Intel\WiFi\bin\;C:\Program Files\Common Files\Intel\WirelessCommon\;C:\Program Files\dotnet\;C:\Program Files (x86)\Windows Kits\10\Windows Performance Toolkit\;C:\Program Files (x86)\Windows Kits\10\Microsoft Application Virtualization\Sequencer\;C:\Program Files (x86)\Windows Kits\8.1\Windows Performance Toolkit\;C:\JAVA\jdk\bin;C:\JAVA\jdk\jre\bin;C:\Program Files\Git\cmd;C:\Program Files (x86)\Microsoft SQL Server\150\DTS\Binn\;C:\Program Files\Microsoft SQL Server\Client SDK\ODBC\170\Tools\Binn\;C:\Program Files (x86)\Microsoft SQL Server\150\Tools\Binn\;C:\Program Files\Microsoft SQL Server\150\Tools\Binn\;C:\Program Files\Microsoft SQL Server\150\DTS\Binn\;C:\Program Files\nodejs\;C:\Users\user\AppData\Local\Programs\Python\Python38-32\Scripts\;C:\Users\user\AppData\Local\Programs\Python\Python38-32\;C:\Users\user\AppData\Local\Microsoft\WindowsApps;C:\Program Files\Intel\WiFi\bin\;C:\Program Files\Common Files\Intel\WirelessCommon\;C:\Program Files\Bandizip\;C:\Users\user\AppData\Local\Programs\Microsoft VS Code\bin;C:\Program Files\JetBrains\IntelliJ IDEA 2019.2.3\bin;C:\Users\user\AppData\Roaming\npm
USERNAME=20191308NSG
OS=Windows_NT
PROCESSOR_IDENTIFIER=Intel64 Family 6 Model 158 Stepping 10, GenuineIntel



---------------  S Y S T E M  ---------------

OS: Windows 10.0 , 64 bit Build 18362 (10.0.18362.778)

CPU:total 12 (initial active 12) (6 cores per cpu, 2 threads per core) family 6 model 158 stepping 10, cmov, cx8, fxsr, mmx, sse, sse2, sse3, ssse3, sse4.1, sse4.2, popcnt, avx, avx2, aes, clmul, erms, rtm, 3dnowpref, lzcnt, ht, tsc, tscinvbit, bmi1, bmi2, adx

Memory: 4k page, physical 8264744k(482240k free), swap 12164136k(7700k free)

vm_info: OpenJDK 64-Bit Server VM (25.212-b04) for windows-amd64 JRE (1.8.0_212-release-1586-b04), built by "builder" with MS VC++ 10.0 (VS2010)

time: Wed Jun 10 09:07:49 2020
timezone: 대한민국 표준시
elapsed time: 4 seconds (0d 0h 0m 4s)

