#
# There is insufficient memory for the Java Runtime Environment to continue.
# Native memory allocation (malloc) failed to allocate 59536 bytes for Chunk::new
# Possible reasons:
#   The system is out of physical RAM or swap space
#   The process is running with CompressedOops enabled, and the Java Heap may be blocking the growth of the native heap
# Possible solutions:
#   Reduce memory load on the system
#   Increase physical memory or swap space
#   Check if swap backing store is full
#   Decrease Java heap size (-Xmx/-Xms)
#   Decrease number of Java threads
#   Decrease Java thread stack sizes (-Xss)
#   Set larger code cache with -XX:ReservedCodeCacheSize=
#   JVM is running with Unscaled Compressed Oops mode in which the Java heap is
#     placed in the first 4GB address space. The Java Heap base address is the
#     maximum limit for the native heap growth. Please use -XX:HeapBaseMinAddress
#     to set the Java Heap base and to place the Java Heap above 4GB virtual address.
# This output file may be truncated or incomplete.
#
#  Out of Memory Error (allocation.cpp:389), pid=9340, tid=0x00000000000009c0
#
# JRE version: OpenJDK Runtime Environment (8.0_202-b03) (build 1.8.0_202-release-1483-b03)
# Java VM: OpenJDK 64-Bit Server VM (25.202-b03 mixed mode windows-amd64 compressed oops)
# Failed to write core dump. Minidumps are not enabled by default on client versions of Windows
#

---------------  T H R E A D  ---------------

Current thread (0x0000000018283800):  JavaThread "C2 CompilerThread2" daemon [_thread_in_native, id=2496, stack(0x0000000019a00000,0x0000000019b00000)]

Stack: [0x0000000019a00000,0x0000000019b00000]
[error occurred during error reporting (printing stack bounds), id 0xc0000005]

Native frames: (J=compiled Java code, j=interpreted, Vv=VM code, C=native code)


Current CompileTask:
C2:3833776 16462       4       com.android.tools.r8.dex.Marker::parse (94 bytes)


---------------  P R O C E S S  ---------------

Java Threads: ( => current thread )
  0x000000001d38e000 JavaThread "WorkerExecutor Queue Thread 16" [_thread_blocked, id=7956, stack(0x000000002b4c0000,0x000000002b5c0000)]
  0x000000001d395000 JavaThread "WorkerExecutor Queue Thread 15" [_thread_blocked, id=4412, stack(0x000000002b3c0000,0x000000002b4c0000)]
  0x000000001d393800 JavaThread "WorkerExecutor Queue Thread 14" [_thread_in_native, id=9520, stack(0x000000002aec0000,0x000000002afc0000)]
  0x000000001d38d800 JavaThread "WorkerExecutor Queue Thread 13" [_thread_in_native, id=10616, stack(0x000000002a340000,0x000000002a440000)]
  0x000000001d392800 JavaThread "WorkerExecutor Queue Thread 12" [_thread_in_Java, id=2832, stack(0x0000000029040000,0x0000000029140000)]
  0x000000001d392000 JavaThread "Cache worker for Java compile cache (C:\Users\user\AndroidStudioProjects\Simplecalculator\.gradle\5.4.1\javaCompile)" [_thread_blocked, id=12396, stack(0x0000000028020000,0x0000000028120000)]
  0x000000001d394000 JavaThread "Cache worker for Java compile cache (C:\Users\user\.gradle\caches\5.4.1\javaCompile)" [_thread_blocked, id=3740, stack(0x0000000027f20000,0x0000000028020000)]
  0x000000001d391000 JavaThread "WorkerExecutor Queue Thread 11" [_thread_in_native, id=1888, stack(0x000000002acc0000,0x000000002adc0000)]
  0x000000001d38f800 JavaThread "WorkerExecutor Queue Thread 10" [_thread_in_native, id=12792, stack(0x000000002a240000,0x000000002a340000)]
  0x000000001f597800 JavaThread "ForkJoinPool.commonPool-worker-3" daemon [_thread_blocked, id=5372, stack(0x000000002adc0000,0x000000002aec0000)]
  0x000000001f595800 JavaThread "ForkJoinPool.commonPool-worker-1" daemon [_thread_blocked, id=1456, stack(0x000000002abc0000,0x000000002acc0000)]
  0x000000001f598800 JavaThread "ForkJoinPool.commonPool-worker-15" daemon [_thread_blocked, id=3468, stack(0x000000002a9c0000,0x000000002aac0000)]
  0x000000001f58e000 JavaThread "ForkJoinPool.commonPool-worker-6" daemon [_thread_blocked, id=1616, stack(0x000000002a8c0000,0x000000002a9c0000)]
  0x000000001f594800 JavaThread "ForkJoinPool.commonPool-worker-13" daemon [_thread_blocked, id=11468, stack(0x000000002a7c0000,0x000000002a8c0000)]
  0x000000001f594000 JavaThread "ForkJoinPool.commonPool-worker-4" daemon [_thread_blocked, id=16900, stack(0x000000002a6c0000,0x000000002a7c0000)]
  0x000000001f58c800 JavaThread "ForkJoinPool.commonPool-worker-11" daemon [_thread_blocked, id=13088, stack(0x000000002a5c0000,0x000000002a6c0000)]
  0x000000001f593000 JavaThread "ForkJoinPool.commonPool-worker-2" daemon [_thread_blocked, id=4832, stack(0x000000002a4c0000,0x000000002a5c0000)]
  0x000000001f590000 JavaThread "stdout" [_thread_in_native, id=10188, stack(0x000000002a140000,0x000000002a240000)]
  0x000000001f58d000 JavaThread "stderr" [_thread_in_native, id=17064, stack(0x000000002a040000,0x000000002a140000)]
  0x000000001f58b800 JavaThread "stdout" [_thread_in_native, id=5404, stack(0x0000000029f40000,0x000000002a040000)]
  0x000000001f592800 JavaThread "stderr" [_thread_in_native, id=10600, stack(0x0000000029e40000,0x0000000029f40000)]
  0x000000001f58e800 JavaThread "stdout" [_thread_in_native, id=14236, stack(0x0000000029d40000,0x0000000029e40000)]
  0x000000001f58b000 JavaThread "stderr" [_thread_in_native, id=14388, stack(0x0000000029c40000,0x0000000029d40000)]
  0x000000001f591800 JavaThread "stdout" [_thread_in_native, id=12248, stack(0x0000000029b40000,0x0000000029c40000)]
  0x000000001e808800 JavaThread "stderr" [_thread_in_native, id=1604, stack(0x0000000029a40000,0x0000000029b40000)]
  0x000000001e80b800 JavaThread "stdout" [_thread_in_native, id=8764, stack(0x0000000029940000,0x0000000029a40000)]
  0x000000001e808000 JavaThread "stderr" [_thread_in_native, id=9408, stack(0x0000000029840000,0x0000000029940000)]
  0x000000001e807000 JavaThread "stdout" [_thread_in_native, id=15364, stack(0x0000000029740000,0x0000000029840000)]
  0x000000001e806800 JavaThread "stderr" [_thread_in_native, id=12884, stack(0x0000000029640000,0x0000000029740000)]
  0x000000001e805800 JavaThread "stdout" [_thread_in_native, id=16020, stack(0x0000000029540000,0x0000000029640000)]
  0x000000001e80a000 JavaThread "stderr" [_thread_in_native, id=12480, stack(0x0000000029440000,0x0000000029540000)]
  0x000000001e809800 JavaThread "stdout" [_thread_in_native, id=5376, stack(0x0000000029340000,0x0000000029440000)]
  0x000000001e80b000 JavaThread "stderr" [_thread_in_native, id=4984, stack(0x0000000029240000,0x0000000029340000)]
  0x000000001e7fe000 JavaThread "pool-6-thread-1" [_thread_blocked, id=6252, stack(0x0000000029140000,0x0000000029240000)]
  0x000000001e804000 JavaThread "MarlinRenderer Disposer" daemon [_thread_blocked, id=2040, stack(0x0000000028f40000,0x0000000029040000)]
  0x000000001e800800 JavaThread "Java2D Disposer" daemon [_thread_blocked, id=7976, stack(0x0000000028bd0000,0x0000000028cd0000)]
  0x000000001e7ff000 JavaThread "WorkerExecutor Queue Thread 3" [_thread_in_native, id=10588, stack(0x0000000028120000,0x0000000028220000)]
  0x000000001a655000 JavaThread "Cache worker for execution history cache (C:\Users\user\AndroidStudioProjects\Simplecalculator\.gradle\5.4.1\executionHistory)" [_thread_blocked, id=5360, stack(0x0000000027e20000,0x0000000027f20000)]
  0x000000001a64d800 JavaThread "Execution worker for ':' Thread 11" [_thread_blocked, id=12576, stack(0x0000000027d20000,0x0000000027e20000)]
  0x000000001a64f000 JavaThread "Execution worker for ':' Thread 10" [_thread_blocked, id=4936, stack(0x0000000027c20000,0x0000000027d20000)]
  0x000000001a650800 JavaThread "Execution worker for ':' Thread 9" [_thread_blocked, id=16776, stack(0x0000000027b20000,0x0000000027c20000)]
  0x000000001a654000 JavaThread "Execution worker for ':' Thread 8" [_thread_blocked, id=13292, stack(0x0000000027a20000,0x0000000027b20000)]
  0x000000001a651000 JavaThread "Execution worker for ':' Thread 7" [_thread_blocked, id=13100, stack(0x0000000027920000,0x0000000027a20000)]
  0x000000001a64b000 JavaThread "Execution worker for ':' Thread 6" [_thread_blocked, id=12832, stack(0x0000000027820000,0x0000000027920000)]
  0x000000001a647800 JavaThread "Execution worker for ':' Thread 5" [_thread_blocked, id=6628, stack(0x0000000027720000,0x0000000027820000)]
  0x000000001a64e000 JavaThread "Execution worker for ':' Thread 4" [_thread_blocked, id=12744, stack(0x0000000027620000,0x0000000027720000)]
  0x000000001a646000 JavaThread "Execution worker for ':' Thread 3" [_thread_blocked, id=7952, stack(0x0000000027520000,0x0000000027620000)]
  0x000000001a64a800 JavaThread "Execution worker for ':' Thread 2" [_thread_blocked, id=15804, stack(0x0000000027420000,0x0000000027520000)]
  0x000000001a649800 JavaThread "Execution worker for ':'" [_thread_blocked, id=6024, stack(0x0000000027320000,0x0000000027420000)]
  0x000000001a646800 JavaThread "Cache worker for file content cache (C:\Users\user\AndroidStudioProjects\Simplecalculator\.gradle\5.4.1\fileContent)" [_thread_blocked, id=9140, stack(0x0000000027220000,0x0000000027320000)]
  0x000000001a649000 JavaThread "Cache worker for file content cache (C:\Users\user\.gradle\caches\5.4.1\fileContent)" [_thread_blocked, id=2488, stack(0x0000000025f40000,0x0000000026040000)]
  0x0000000020a1f800 JavaThread "Cache worker for Build Output Cleanup Cache (C:\Users\user\AndroidStudioProjects\Simplecalculator\.gradle\buildOutputCleanup)" [_thread_blocked, id=17208, stack(0x0000000025c20000,0x0000000025d20000)]
  0x0000000020a1f000 JavaThread "Build operations Thread 12" [_thread_blocked, id=11952, stack(0x0000000024410000,0x0000000024510000)]
  0x0000000020a1e000 JavaThread "Build operations Thread 11" [_thread_blocked, id=16348, stack(0x0000000023b10000,0x0000000023c10000)]
  0x0000000020a20800 JavaThread "Build operations Thread 10" [_thread_blocked, id=1324, stack(0x0000000023a10000,0x0000000023b10000)]
  0x0000000020a1d800 JavaThread "Build operations Thread 9" [_thread_blocked, id=17156, stack(0x0000000023910000,0x0000000023a10000)]
  0x0000000020a16000 JavaThread "Build operations Thread 8" [_thread_blocked, id=6848, stack(0x0000000023810000,0x0000000023910000)]
  0x0000000020a1b000 JavaThread "Build operations Thread 7" [_thread_blocked, id=17400, stack(0x0000000023710000,0x0000000023810000)]
  0x0000000020a19800 JavaThread "Build operations Thread 6" [_thread_blocked, id=6788, stack(0x0000000023610000,0x0000000023710000)]
  0x0000000020a1c800 JavaThread "Build operations Thread 5" [_thread_blocked, id=12544, stack(0x0000000023240000,0x0000000023340000)]
  0x0000000020a1a800 JavaThread "Build operations Thread 4" [_thread_blocked, id=16720, stack(0x0000000022120000,0x0000000022220000)]
  0x0000000020a12000 JavaThread "Build operations Thread 3" [_thread_blocked, id=8048, stack(0x0000000022020000,0x0000000022120000)]
  0x0000000020a13800 JavaThread "Build operations Thread 2" [_thread_blocked, id=15816, stack(0x0000000021f20000,0x0000000022020000)]
  0x0000000020a11800 JavaThread "Build operations" [_thread_blocked, id=2616, stack(0x00000000204e0000,0x00000000205e0000)]
  0x0000000020a17800 JavaThread "Cache worker for cache directory md-rule (C:\Users\user\.gradle\caches\5.4.1\md-rule)" [_thread_blocked, id=7036, stack(0x000000001ffe0000,0x00000000200e0000)]
  0x0000000020a13000 JavaThread "Cache worker for cache directory md-supplier (C:\Users\user\.gradle\caches\5.4.1\md-supplier)" [_thread_blocked, id=16012, stack(0x000000001fc20000,0x000000001fd20000)]
  0x0000000020a18000 JavaThread "Cache worker for file hash cache (C:\Users\user\AndroidStudioProjects\Simplecalculator\.gradle\5.4.1\fileHashes)" [_thread_blocked, id=3104, stack(0x000000001c4b0000,0x000000001c5b0000)]
  0x0000000020a16800 JavaThread "Thread-83" [_thread_blocked, id=2212, stack(0x000000001c1b0000,0x000000001c2b0000)]
  0x0000000020a14800 JavaThread "Stdin handler" [_thread_blocked, id=15256, stack(0x000000001bfb0000,0x000000001c0b0000)]
  0x0000000020a15000 JavaThread "Asynchronous log dispatcher for DefaultDaemonConnection: socket connection from /127.0.0.1:5705 to /127.0.0.1:7231" [_thread_blocked, id=17088, stack(0x000000001bcb0000,0x000000001bdb0000)]
  0x000000001aa65800 JavaThread "Daemon worker Thread 3" [_thread_blocked, id=7476, stack(0x000000001bbb0000,0x000000001bcb0000)]
  0x000000001aa6a000 JavaThread "Cancel handler" [_thread_blocked, id=11388, stack(0x0000000000bc0000,0x0000000000cc0000)]
  0x000000001aa69000 JavaThread "Handler for socket connection from /127.0.0.1:5705 to /127.0.0.1:7231" [_thread_in_native, id=6084, stack(0x0000000000ac0000,0x0000000000bc0000)]
  0x000000001aa68800 JavaThread "Daemon Thread 3" [_thread_blocked, id=17104, stack(0x00000000009c0000,0x0000000000ac0000)]
  0x000000001a652800 JavaThread "Memory manager" [_thread_blocked, id=16924, stack(0x0000000024510000,0x0000000024610000)]
  0x000000001aa6b800 JavaThread "Cache worker for execution history cache (C:\Users\user\.gradle\caches\5.4.1\executionHistory)" [_thread_blocked, id=5432, stack(0x0000000021820000,0x0000000021920000)]
  0x000000001aa6c000 JavaThread "Cache worker for journal cache (C:\Users\user\.gradle\caches\journal-1)" [_thread_blocked, id=9160, stack(0x000000001c9b0000,0x000000001cab0000)]
  0x000000001aa67000 JavaThread "File lock request listener" [_thread_in_native, id=2872, stack(0x000000001c8b0000,0x000000001c9b0000)]
  0x000000001ab06800 JavaThread "Cache worker for file hash cache (C:\Users\user\.gradle\caches\5.4.1\fileHashes)" [_thread_blocked, id=2696, stack(0x000000001c5b0000,0x000000001c6b0000)]
  0x000000001a0dc800 JavaThread "Daemon periodic checks" [_thread_blocked, id=5544, stack(0x000000001bab0000,0x000000001bbb0000)]
  0x0000000019ff5000 JavaThread "Incoming local TCP Connector on port 5705" [_thread_in_native, id=10044, stack(0x000000001b8d0000,0x000000001b9d0000)]
  0x000000001b2d7800 JavaThread "Daemon health stats" [_thread_blocked, id=15392, stack(0x000000001b5d0000,0x000000001b6d0000)]
  0x000000001830c800 JavaThread "Service Thread" daemon [_thread_blocked, id=8712, stack(0x0000000019c00000,0x0000000019d00000)]
  0x0000000018285000 JavaThread "C1 CompilerThread3" daemon [_thread_in_vm, id=10136, stack(0x0000000019b00000,0x0000000019c00000)]
=>0x0000000018283800 JavaThread "C2 CompilerThread2" daemon [_thread_in_native, id=2496, stack(0x0000000019a00000,0x0000000019b00000)]
  0x000000001827b800 JavaThread "C2 CompilerThread1" daemon [_thread_in_native, id=15276, stack(0x0000000019900000,0x0000000019a00000)]
  0x0000000018275000 JavaThread "C2 CompilerThread0" daemon [_thread_in_native, id=6012, stack(0x0000000019800000,0x0000000019900000)]
  0x0000000018271000 JavaThread "Attach Listener" daemon [_thread_blocked, id=16516, stack(0x0000000019700000,0x0000000019800000)]
  0x0000000018270000 JavaThread "Signal Dispatcher" daemon [_thread_blocked, id=11372, stack(0x0000000019600000,0x0000000019700000)]
  0x0000000002b4a000 JavaThread "Finalizer" daemon [_thread_blocked, id=14868, stack(0x0000000019470000,0x0000000019570000)]
  0x0000000018203000 JavaThread "Reference Handler" daemon [_thread_blocked, id=17008, stack(0x0000000019370000,0x0000000019470000)]
  0x000000000089e800 JavaThread "main" [_thread_blocked, id=14204, stack(0x0000000002950000,0x0000000002a50000)]

Other Threads:
  0x0000000016b06000 VMThread [stack: 0x0000000019270000,0x0000000019370000] [id=10824]
  0x000000001830d000 WatcherThread [stack: 0x0000000019d00000,0x0000000019e00000] [id=9552]

VM state:not at safepoint (normal execution)

VM Mutex/Monitor currently owned by a thread: None

heap address: 0x00000000a0000000, size: 1536 MB, Compressed Oops mode: 32-bit
Narrow klass base: 0x0000000000000000, Narrow klass shift: 3
Compressed class space size: 1073741824 Address: 0x0000000100000000

Heap:
 PSYoungGen      total 282112K, used 9969K [0x00000000e0000000, 0x00000000f6f00000, 0x0000000100000000)
  eden space 262656K, 3% used [0x00000000e0000000,0x00000000e09bc718,0x00000000f0080000)
  from space 19456K, 0% used [0x00000000f0080000,0x00000000f0080000,0x00000000f1380000)
  to   space 18432K, 0% used [0x00000000f5d00000,0x00000000f5d00000,0x00000000f6f00000)
 ParOldGen       total 110080K, used 44157K [0x00000000a0000000, 0x00000000a6b80000, 0x00000000e0000000)
  object space 110080K, 40% used [0x00000000a0000000,0x00000000a2b1f5f8,0x00000000a6b80000)
 Metaspace       used 91647K, capacity 94950K, committed 98496K, reserved 1134592K
  class space    used 11768K, capacity 12404K, committed 13184K, reserved 1048576K

Card table byte_map: [0x0000000011f10000,0x0000000012220000] byte_map_base: 0x0000000011a10000

Marking Bits: (ParMarkBitMap*) 0x0000000065599f30
 Begin Bits: [0x0000000012e20000, 0x0000000014620000)
 End Bits:   [0x0000000014620000, 0x0000000015e20000)

Polling page: 0x0000000000860000

CodeCache: size=245760Kb used=43974Kb max_used=45604Kb free=201785Kb
 bounds [0x0000000002b50000, 0x0000000005820000, 0x0000000011b50000]
 total_blobs=14463 nmethods=13471 adapters=904
 compilation: enabled

Compilation events (10 events):
Event: 3827.712 Thread 0x0000000018285000 16437       3       com.android.tools.r8.ir.code.k::o0 (2 bytes)
Event: 3827.713 Thread 0x0000000018285000 nmethod 16437 0x0000000004de9490 code [0x0000000004de95e0, 0x0000000004de9730]
Event: 3827.715 Thread 0x0000000018285000 16460       3       com.android.tools.r8.ir.code.f::remove (246 bytes)
Event: 3827.715 Thread 0x0000000018283800 nmethod 16439 0x0000000003c83290 code [0x0000000003c833e0, 0x0000000003c83778]
Event: 3827.717 Thread 0x0000000018285000 nmethod 16460 0x000000000541cc90 code [0x000000000541cfc0, 0x000000000541ec88]
Event: 3827.717 Thread 0x0000000018285000 16466 %     3       java.util.TimSort::mergeLo @ 153 (659 bytes)
Event: 3833.754 Thread 0x0000000018283800 16462       4       com.android.tools.r8.dex.Marker::parse (94 bytes)
Event: 3833.760 Thread 0x0000000018285000 nmethod 16466% 0x0000000005471d50 code [0x0000000005472080, 0x00000000054742d8]
Event: 3833.762 Thread 0x000000001827b800 nmethod 16372 0x00000000054a4d50 code [0x00000000054a5220, 0x00000000054a7268]
Event: 3833.763 Thread 0x000000001827b800 16474       4       java.lang.Iterable::forEach (39 bytes)

GC Heap History (10 events):
Event: 3816.374 GC heap before
{Heap before GC invocations=21 (full 3):
 PSYoungGen      total 210944K, used 200104K [0x00000000e0000000, 0x00000000f0380000, 0x0000000100000000)
  eden space 194048K, 100% used [0x00000000e0000000,0x00000000ebd80000,0x00000000ebd80000)
  from space 16896K, 35% used [0x00000000ebd80000,0x00000000ec36a3c8,0x00000000ece00000)
  to   space 16384K, 0% used [0x00000000ef380000,0x00000000ef380000,0x00000000f0380000)
 ParOldGen       total 110080K, used 42311K [0x00000000a0000000, 0x00000000a6b80000, 0x00000000e0000000)
  object space 110080K, 38% used [0x00000000a0000000,0x00000000a2951ce0,0x00000000a6b80000)
 Metaspace       used 78780K, capacity 82776K, committed 82944K, reserved 1122304K
  class space    used 10221K, capacity 10966K, committed 11008K, reserved 1048576K
Event: 3816.393 GC heap after
Heap after GC invocations=21 (full 3):
 PSYoungGen      total 242176K, used 8885K [0x00000000e0000000, 0x00000000eff80000, 0x0000000100000000)
  eden space 229888K, 0% used [0x00000000e0000000,0x00000000e0000000,0x00000000ee080000)
  from space 12288K, 72% used [0x00000000ef380000,0x00000000efc2d6b0,0x00000000eff80000)
  to   space 15872K, 0% used [0x00000000ee080000,0x00000000ee080000,0x00000000ef000000)
 ParOldGen       total 110080K, used 47053K [0x00000000a0000000, 0x00000000a6b80000, 0x00000000e0000000)
  object space 110080K, 42% used [0x00000000a0000000,0x00000000a2df3408,0x00000000a6b80000)
 Metaspace       used 78780K, capacity 82776K, committed 82944K, reserved 1122304K
  class space    used 10221K, capacity 10966K, committed 11008K, reserved 1048576K
}
Event: 3820.756 GC heap before
{Heap before GC invocations=22 (full 3):
 PSYoungGen      total 242176K, used 238773K [0x00000000e0000000, 0x00000000eff80000, 0x0000000100000000)
  eden space 229888K, 100% used [0x00000000e0000000,0x00000000ee080000,0x00000000ee080000)
  from space 12288K, 72% used [0x00000000ef380000,0x00000000efc2d6b0,0x00000000eff80000)
  to   space 15872K, 0% used [0x00000000ee080000,0x00000000ee080000,0x00000000ef000000)
 ParOldGen       total 110080K, used 47053K [0x00000000a0000000, 0x00000000a6b80000, 0x00000000e0000000)
  object space 110080K, 42% used [0x00000000a0000000,0x00000000a2df3408,0x00000000a6b80000)
 Metaspace       used 83974K, capacity 88400K, committed 88704K, reserved 1126400K
  class space    used 10980K, capacity 11804K, committed 11904K, reserved 1048576K
Event: 3820.770 GC heap after
Heap after GC invocations=22 (full 3):
 PSYoungGen      total 245760K, used 10026K [0x00000000e0000000, 0x00000000f2400000, 0x0000000100000000)
  eden space 229888K, 0% used [0x00000000e0000000,0x00000000e0000000,0x00000000ee080000)
  from space 15872K, 63% used [0x00000000ee080000,0x00000000eea4a810,0x00000000ef000000)
  to   space 15872K, 0% used [0x00000000f1480000,0x00000000f1480000,0x00000000f2400000)
 ParOldGen       total 110080K, used 47061K [0x00000000a0000000, 0x00000000a6b80000, 0x00000000e0000000)
  object space 110080K, 42% used [0x00000000a0000000,0x00000000a2df5408,0x00000000a6b80000)
 Metaspace       used 83974K, capacity 88400K, committed 88704K, reserved 1126400K
  class space    used 10980K, capacity 11804K, committed 11904K, reserved 1048576K
}
Event: 3827.647 GC heap before
{Heap before GC invocations=23 (full 3):
 PSYoungGen      total 245760K, used 239914K [0x00000000e0000000, 0x00000000f2400000, 0x0000000100000000)
  eden space 229888K, 100% used [0x00000000e0000000,0x00000000ee080000,0x00000000ee080000)
  from space 15872K, 63% used [0x00000000ee080000,0x00000000eea4a810,0x00000000ef000000)
  to   space 15872K, 0% used [0x00000000f1480000,0x00000000f1480000,0x00000000f2400000)
 ParOldGen       total 110080K, used 47061K [0x00000000a0000000, 0x00000000a6b80000, 0x00000000e0000000)
  object space 110080K, 42% used [0x00000000a0000000,0x00000000a2df5408,0x00000000a6b80000)
 Metaspace       used 93123K, capacity 98282K, committed 98432K, reserved 1134592K
  class space    used 12158K, capacity 13091K, committed 13184K, reserved 1048576K
Event: 3827.675 GC heap after
Heap after GC invocations=23 (full 3):
 PSYoungGen      total 278528K, used 15868K [0x00000000e0000000, 0x00000000f2680000, 0x0000000100000000)
  eden space 262656K, 0% used [0x00000000e0000000,0x00000000e0000000,0x00000000f0080000)
  from space 15872K, 99% used [0x00000000f1480000,0x00000000f23ff258,0x00000000f2400000)
  to   space 19456K, 0% used [0x00000000f0080000,0x00000000f0080000,0x00000000f1380000)
 ParOldGen       total 110080K, used 50732K [0x00000000a0000000, 0x00000000a6b80000, 0x00000000e0000000)
  object space 110080K, 46% used [0x00000000a0000000,0x00000000a318b178,0x00000000a6b80000)
 Metaspace       used 93123K, capacity 98282K, committed 98432K, reserved 1134592K
  class space    used 12158K, capacity 13091K, committed 13184K, reserved 1048576K
}
Event: 3827.718 GC heap before
{Heap before GC invocations=24 (full 3):
 PSYoungGen      total 278528K, used 21406K [0x00000000e0000000, 0x00000000f2680000, 0x0000000100000000)
  eden space 262656K, 2% used [0x00000000e0000000,0x00000000e0568790,0x00000000f0080000)
  from space 15872K, 99% used [0x00000000f1480000,0x00000000f23ff258,0x00000000f2400000)
  to   space 19456K, 0% used [0x00000000f0080000,0x00000000f0080000,0x00000000f1380000)
 ParOldGen       total 110080K, used 50732K [0x00000000a0000000, 0x00000000a6b80000, 0x00000000e0000000)
  object space 110080K, 46% used [0x00000000a0000000,0x00000000a318b178,0x00000000a6b80000)
 Metaspace       used 93157K, capacity 98346K, committed 98496K, reserved 1134592K
  class space    used 12158K, capacity 13091K, committed 13184K, reserved 1048576K
Event: 3827.729 GC heap after
Heap after GC invocations=24 (full 3):
 PSYoungGen      total 282112K, used 8256K [0x00000000e0000000, 0x00000000f6f00000, 0x0000000100000000)
  eden space 262656K, 0% used [0x00000000e0000000,0x00000000e0000000,0x00000000f0080000)
  from space 19456K, 42% used [0x00000000f0080000,0x00000000f0890388,0x00000000f1380000)
  to   space 18432K, 0% used [0x00000000f5d00000,0x00000000f5d00000,0x00000000f6f00000)
 ParOldGen       total 110080K, used 56457K [0x00000000a0000000, 0x00000000a6b80000, 0x00000000e0000000)
  object space 110080K, 51% used [0x00000000a0000000,0x00000000a3722618,0x00000000a6b80000)
 Metaspace       used 93157K, capacity 98346K, committed 98496K, reserved 1134592K
  class space    used 12158K, capacity 13091K, committed 13184K, reserved 1048576K
}
Event: 3827.857 GC heap before
{Heap before GC invocations=25 (full 4):
 PSYoungGen      total 282112K, used 8256K [0x00000000e0000000, 0x00000000f6f00000, 0x0000000100000000)
  eden space 262656K, 0% used [0x00000000e0000000,0x00000000e0000000,0x00000000f0080000)
  from space 19456K, 42% used [0x00000000f0080000,0x00000000f0890388,0x00000000f1380000)
  to   space 18432K, 0% used [0x00000000f5d00000,0x00000000f5d00000,0x00000000f6f00000)
 ParOldGen       total 110080K, used 56457K [0x00000000a0000000, 0x00000000a6b80000, 0x00000000e0000000)
  object space 110080K, 51% used [0x00000000a0000000,0x00000000a3722618,0x00000000a6b80000)
 Metaspace       used 93157K, capacity 98346K, committed 98496K, reserved 1134592K
  class space    used 12158K, capacity 13091K, committed 13184K, reserved 1048576K
Event: 3833.747 GC heap after
Heap after GC invocations=25 (full 4):
 PSYoungGen      total 282112K, used 0K [0x00000000e0000000, 0x00000000f6f00000, 0x0000000100000000)
  eden space 262656K, 0% used [0x00000000e0000000,0x00000000e0000000,0x00000000f0080000)
  from space 19456K, 0% used [0x00000000f0080000,0x00000000f0080000,0x00000000f1380000)
  to   space 18432K, 0% used [0x00000000f5d00000,0x00000000f5d00000,0x00000000f6f00000)
 ParOldGen       total 110080K, used 44157K [0x00000000a0000000, 0x00000000a6b80000, 0x00000000e0000000)
  object space 110080K, 40% used [0x00000000a0000000,0x00000000a2b1f5f8,0x00000000a6b80000)
 Metaspace       used 91640K, capacity 94946K, committed 98496K, reserved 1134592K
  class space    used 11766K, capacity 12404K, committed 13184K, reserved 1048576K
}

Deoptimization events (10 events):
Event: 3827.507 Thread 0x000000001d38f800 Uncommon trap: reason=class_check action=maybe_recompile pc=0x000000000480d1fc method=com.android.tools.build.apkzlib.zip.ZipField.checkVerifiesInvariants(J)V @ 25
Event: 3827.514 Thread 0x000000001d393800 Uncommon trap: reason=bimorphic action=maybe_recompile pc=0x00000000050a48dc method=java.util.stream.StreamOpFlag.fromCharacteristics(Ljava/util/Spliterator;)I @ 14
Event: 3827.515 Thread 0x000000001d391000 Uncommon trap: reason=bimorphic action=maybe_recompile pc=0x00000000050a48dc method=java.util.stream.StreamOpFlag.fromCharacteristics(Ljava/util/Spliterator;)I @ 14
Event: 3827.516 Thread 0x000000001d38d800 Uncommon trap: reason=bimorphic action=maybe_recompile pc=0x00000000050a48dc method=java.util.stream.StreamOpFlag.fromCharacteristics(Ljava/util/Spliterator;)I @ 14
Event: 3827.522 Thread 0x000000001d392800 Uncommon trap: reason=unstable_if action=reinterpret pc=0x0000000003d3c740 method=com.android.tools.r8.graph.DexString.k()Ljava/lang/String; @ 56
Event: 3827.522 Thread 0x000000001d392800 Uncommon trap: reason=bimorphic action=maybe_recompile pc=0x00000000050a48dc method=java.util.stream.StreamOpFlag.fromCharacteristics(Ljava/util/Spliterator;)I @ 14
Event: 3827.528 Thread 0x000000001d38f800 Uncommon trap: reason=class_check action=maybe_recompile pc=0x0000000005066208 method=com.android.tools.build.apkzlib.zip.ZipField.checkVerifiesInvariants(J)V @ 25
Event: 3827.575 Thread 0x000000001d392800 Uncommon trap: reason=unstable_if action=reinterpret pc=0x00000000057289a8 method=com.android.tools.r8.t.a.a.f.a(II[C)Ljava/lang/String; @ 32
Event: 3833.754 Thread 0x000000001b2d7800 Uncommon trap: reason=unstable_if action=reinterpret pc=0x00000000047fe8f4 method=org.gradle.launcher.daemon.server.health.gc.GarbageCollectionCheck.run()V @ 100
Event: 3833.765 Thread 0x000000001a652800 Uncommon trap: reason=unstable_if action=reinterpret pc=0x0000000003787db4 method=java.lang.ref.SoftReference.get()Ljava/lang/Object; @ 6

Classes redefined (0 events):
No events

Internal exceptions (10 events):
Event: 3827.516 Thread 0x000000001d395000 Exception <a 'sun/nio/fs/WindowsException'> (0x00000000ed12a958) thrown at [D:\src\AOSP-openjdk-cygwin\jdk8u\hotspot\src\share\vm\prims\jni.cpp, line 710]
Event: 3827.516 Thread 0x000000001d395000 Exception <a 'sun/nio/fs/WindowsException'> (0x00000000ed12b2e8) thrown at [D:\src\AOSP-openjdk-cygwin\jdk8u\hotspot\src\share\vm\prims\jni.cpp, line 710]
Event: 3827.517 Thread 0x000000001d395000 Exception <a 'sun/nio/fs/WindowsException'> (0x00000000ed12c110) thrown at [D:\src\AOSP-openjdk-cygwin\jdk8u\hotspot\src\share\vm\prims\jni.cpp, line 710]
Event: 3827.641 Thread 0x000000001d393800 Exception <a 'sun/nio/fs/WindowsException'> (0x00000000edb70ad8) thrown at [D:\src\AOSP-openjdk-cygwin\jdk8u\hotspot\src\share\vm\prims\jni.cpp, line 710]
Event: 3827.685 Thread 0x000000001d393800 Exception <a 'sun/nio/fs/WindowsException'> (0x00000000e0097218) thrown at [D:\src\AOSP-openjdk-cygwin\jdk8u\hotspot\src\share\vm\prims\jni.cpp, line 710]
Event: 3833.754 Thread 0x000000001d38d800 Exception <a 'sun/nio/fs/WindowsException'> (0x00000000e00af1d8) thrown at [D:\src\AOSP-openjdk-cygwin\jdk8u\hotspot\src\share\vm\prims\jni.cpp, line 710]
Event: 3833.756 Thread 0x000000001d38d800 Exception <a 'sun/nio/fs/WindowsException'> (0x00000000e00afc48) thrown at [D:\src\AOSP-openjdk-cygwin\jdk8u\hotspot\src\share\vm\prims\jni.cpp, line 710]
Event: 3833.756 Thread 0x000000001d38d800 Exception <a 'sun/nio/fs/WindowsException'> (0x00000000e00b0618) thrown at [D:\src\AOSP-openjdk-cygwin\jdk8u\hotspot\src\share\vm\prims\jni.cpp, line 710]
Event: 3833.760 Thread 0x000000001d38d800 Exception <a 'sun/nio/fs/WindowsException'> (0x00000000e00b1460) thrown at [D:\src\AOSP-openjdk-cygwin\jdk8u\hotspot\src\share\vm\prims\jni.cpp, line 710]
Event: 3833.765 Thread 0x000000001a652800 Implicit null exception at 0x00000000037866bf to 0x0000000003787d9d

Events (10 events):
Event: 3833.754 Thread 0x000000001b2d7800 DEOPT UNPACKING pc=0x0000000002b9557b sp=0x000000001b6ced78 mode 2
Event: 3833.756 Executing VM operation: RevokeBias
Event: 3833.759 Executing VM operation: RevokeBias done
Event: 3833.759 Thread 0x000000001f599000 Thread exited: 0x000000001f599000
Event: 3833.761 loading class org/gradle/workers/internal/WorkerDaemonExpiration$SimpleMemoryExpirationSelector
Event: 3833.761 loading class org/gradle/workers/internal/WorkerDaemonExpiration$SimpleMemoryExpirationSelector done
Event: 3833.762 Thread 0x0000000018285000 flushing nmethod 0x0000000002cfb510
Event: 3833.765 Thread 0x000000001a652800 Uncommon trap: trap_request=0xffffff65 fr.pc=0x0000000003787db4
Event: 3833.765 Thread 0x000000001a652800 DEOPT PACKING pc=0x0000000003787db4 sp=0x000000002460c9d0
Event: 3833.765 Thread 0x000000001a652800 DEOPT UNPACKING pc=0x0000000002b9557b sp=0x000000002460c900 mode 2


Dynamic libraries:
0x00007ff6c5c90000 - 0x00007ff6c5cc1000 	C:\Program Files\Android\Android Studio\jre\bin\java.exe
0x00007ffc78de0000 - 0x00007ffc78fd0000 	C:\WINDOWS\SYSTEM32\ntdll.dll
0x00007ffc78ba0000 - 0x00007ffc78c52000 	C:\WINDOWS\System32\KERNEL32.DLL
0x00007ffc76990000 - 0x00007ffc76c33000 	C:\WINDOWS\System32\KERNELBASE.dll
0x00007ffc675f0000 - 0x00007ffc6770d000 	C:\WINDOWS\System32\AppCheck64.dll
0x00007ffc77ee0000 - 0x00007ffc77f83000 	C:\WINDOWS\System32\ADVAPI32.dll
0x00007ffc786a0000 - 0x00007ffc7873e000 	C:\WINDOWS\System32\msvcrt.dll
0x00007ffc77090000 - 0x00007ffc77127000 	C:\WINDOWS\System32\sechost.dll
0x00007ffc76f70000 - 0x00007ffc77090000 	C:\WINDOWS\System32\RPCRT4.dll
0x00007ffc77830000 - 0x00007ffc779c4000 	C:\WINDOWS\System32\USER32.dll
0x00007ffc76910000 - 0x00007ffc76931000 	C:\WINDOWS\System32\win32u.dll
0x00007ffc78810000 - 0x00007ffc78836000 	C:\WINDOWS\System32\GDI32.dll
0x00007ffc75d70000 - 0x00007ffc75f04000 	C:\WINDOWS\System32\gdi32full.dll
0x00007ffc75fc0000 - 0x00007ffc7605e000 	C:\WINDOWS\System32\msvcp_win.dll
0x00007ffc76d90000 - 0x00007ffc76e8a000 	C:\WINDOWS\System32\ucrtbase.dll
0x00007ffc66000000 - 0x00007ffc66285000 	C:\WINDOWS\WinSxS\amd64_microsoft.windows.common-controls_6595b64144ccf1df_6.0.18362.720_none_e6beb5c51314836b\COMCTL32.dll
0x00007ffc77ab0000 - 0x00007ffc77de6000 	C:\WINDOWS\System32\combase.dll
0x00007ffc75f10000 - 0x00007ffc75f90000 	C:\WINDOWS\System32\bcryptPrimitives.dll
0x00007ffc77df0000 - 0x00007ffc77e1e000 	C:\WINDOWS\System32\IMM32.DLL
0x0000000064cf0000 - 0x0000000064dc2000 	C:\Program Files\Android\Android Studio\jre\jre\bin\msvcr100.dll
0x0000000064dd0000 - 0x0000000065616000 	C:\Program Files\Android\Android Studio\jre\jre\bin\server\jvm.dll
0x00007ffc77130000 - 0x00007ffc77138000 	C:\WINDOWS\System32\PSAPI.DLL
0x00007ffc6fcf0000 - 0x00007ffc6fcfa000 	C:\WINDOWS\SYSTEM32\VERSION.dll
0x00007ffc73940000 - 0x00007ffc73964000 	C:\WINDOWS\SYSTEM32\WINMM.dll
0x00007ffc621c0000 - 0x00007ffc621c9000 	C:\WINDOWS\SYSTEM32\WSOCK32.dll
0x00007ffc77f90000 - 0x00007ffc77fff000 	C:\WINDOWS\System32\WS2_32.dll
0x00007ffc73910000 - 0x00007ffc7393d000 	C:\WINDOWS\SYSTEM32\winmmbase.dll
0x00007ffc76940000 - 0x00007ffc7698a000 	C:\WINDOWS\System32\cfgmgr32.dll
0x00007ffc73b40000 - 0x00007ffc73b4f000 	C:\Program Files\Android\Android Studio\jre\jre\bin\verify.dll
0x00007ffc70b30000 - 0x00007ffc70b59000 	C:\Program Files\Android\Android Studio\jre\jre\bin\java.dll
0x00007ffc73b00000 - 0x00007ffc73b16000 	C:\Program Files\Android\Android Studio\jre\jre\bin\zip.dll
0x00007ffc77140000 - 0x00007ffc77825000 	C:\WINDOWS\System32\SHELL32.dll
0x00007ffc785f0000 - 0x00007ffc78699000 	C:\WINDOWS\System32\shcore.dll
0x00007ffc76060000 - 0x00007ffc767e0000 	C:\WINDOWS\System32\windows.storage.dll
0x00007ffc75d40000 - 0x00007ffc75d63000 	C:\WINDOWS\System32\profapi.dll
0x00007ffc75cb0000 - 0x00007ffc75cfa000 	C:\WINDOWS\System32\powrprof.dll
0x00007ffc75ca0000 - 0x00007ffc75cb0000 	C:\WINDOWS\System32\UMPDC.dll
0x00007ffc78ad0000 - 0x00007ffc78b22000 	C:\WINDOWS\System32\shlwapi.dll
0x00007ffc75d20000 - 0x00007ffc75d31000 	C:\WINDOWS\System32\kernel.appcore.dll
0x00007ffc767e0000 - 0x00007ffc767f7000 	C:\WINDOWS\System32\cryptsp.dll
0x00007ffc724b0000 - 0x00007ffc724ca000 	C:\Program Files\Android\Android Studio\jre\jre\bin\net.dll
0x00007ffc754b0000 - 0x00007ffc75517000 	C:\WINDOWS\system32\mswsock.dll
0x00007ffc70d50000 - 0x00007ffc70d61000 	C:\Program Files\Android\Android Studio\jre\jre\bin\nio.dll
0x00007ffc6f7a0000 - 0x00007ffc6f7c6000 	C:\Users\user\.gradle\native\29\windows-amd64\native-platform.dll
0x00007ffc70b70000 - 0x00007ffc70b7d000 	C:\Program Files\Android\Android Studio\jre\jre\bin\management.dll
0x00007ffc75020000 - 0x00007ffc75053000 	C:\WINDOWS\system32\rsaenh.dll
0x00007ffc75f90000 - 0x00007ffc75fb6000 	C:\WINDOWS\System32\bcrypt.dll
0x00007ffc75b90000 - 0x00007ffc75bb5000 	C:\WINDOWS\SYSTEM32\USERENV.dll
0x00007ffc75680000 - 0x00007ffc7568c000 	C:\WINDOWS\SYSTEM32\CRYPTBASE.dll
0x00007ffc751c0000 - 0x00007ffc751fa000 	C:\WINDOWS\SYSTEM32\IPHLPAPI.DLL
0x00007ffc77aa0000 - 0x00007ffc77aa8000 	C:\WINDOWS\System32\NSI.dll
0x00007ffc6db90000 - 0x00007ffc6dba6000 	C:\WINDOWS\SYSTEM32\dhcpcsvc6.DLL
0x00007ffc6e020000 - 0x00007ffc6e03c000 	C:\WINDOWS\SYSTEM32\dhcpcsvc.DLL
0x00007ffc75200000 - 0x00007ffc752ca000 	C:\WINDOWS\SYSTEM32\DNSAPI.dll
0x00007ffc3b0d0000 - 0x00007ffc3b26c000 	C:\Program Files\Android\Android Studio\jre\jre\bin\awt.dll
0x00007ffc779d0000 - 0x00007ffc77a94000 	C:\WINDOWS\System32\OLEAUT32.dll
0x00007ffc74080000 - 0x00007ffc740ad000 	C:\WINDOWS\SYSTEM32\dwmapi.dll
0x00007ffc72660000 - 0x00007ffc72c20000 	C:\WINDOWS\SYSTEM32\d2d1.dll
0x00007ffc73bb0000 - 0x00007ffc73c3f000 	C:\WINDOWS\SYSTEM32\apphelp.dll
0x00007ffc73d50000 - 0x00007ffc73de9000 	C:\WINDOWS\system32\uxtheme.dll

VM Arguments:
jvm_args: -Xmx1536m -Dfile.encoding=x-windows-949 -Duser.country=KR -Duser.language=ko -Duser.variant 
java_command: org.gradle.launcher.daemon.bootstrap.GradleDaemon 5.4.1
java_class_path (initial): C:\Users\user\.gradle\wrapper\dists\gradle-5.4.1-all\3221gyojl5jsh0helicew7rwx\gradle-5.4.1\lib\gradle-launcher-5.4.1.jar
Launcher Type: SUN_STANDARD

Environment Variables:
PATH=C:\Program Files (x86)\Common Files\Oracle\Java\javapath;C:\Program Files (x86)\Intel\Intel(R) Management Engine Components\iCLS\;C:\Program Files\Intel\Intel(R) Management Engine Components\iCLS\;C:\WINDOWS\system32;C:\WINDOWS;C:\WINDOWS\System32\Wbem;C:\WINDOWS\System32\WindowsPowerShell\v1.0\;C:\WINDOWS\System32\OpenSSH\;C:\Program Files (x86)\Intel\Intel(R) Management Engine Components\DAL;C:\Program Files\Intel\Intel(R) Management Engine Components\DAL;C:\Program Files (x86)\Intel\Intel(R) Management Engine Components\IPT;C:\Program Files\Intel\Intel(R) Management Engine Components\IPT;C:\Program Files\Intel\WiFi\bin\;C:\Program Files\Common Files\Intel\WirelessCommon\;C:\Program Files\dotnet\;C:\Program Files (x86)\Windows Kits\10\Windows Performance Toolkit\;C:\Program Files (x86)\Windows Kits\10\Microsoft Application Virtualization\Sequencer\;C:\Program Files (x86)\Microsoft SQL Server\110\Tools\Binn\;C:\Program Files (x86)\Microsoft SQL Server\110\DTS\Binn\;C:\Program Files (x86)\Windows Kits\8.1\Windows Performance Toolkit\;C:\Program Files\nodejs\;C:\JAVA\jdk\bin;C:\JAVA\jdk\jre\bin;C:\Program Files\Git\cmd;C:\Users\user\AppData\Local\Programs\Python\Python38-32\Scripts\;C:\Users\user\AppData\Local\Programs\Python\Python38-32\;C:\Users\user\AppData\Local\Microsoft\WindowsApps;C:\Program Files\Intel\WiFi\bin\;C:\Program Files\Common Files\Intel\WirelessCommon\;C:\Program Files\Bandizip\;C:\Users\user\AppData\Local\Programs\Microsoft VS Code\bin;C:\Users\user\AppData\Roaming\npm;C:\Program Files\JetBrains\IntelliJ IDEA 2019.2.3\bin;C:\Users\user\AppData\Local\GitHubDesktop\bin
USERNAME=20191308NSG
OS=Windows_NT
PROCESSOR_IDENTIFIER=Intel64 Family 6 Model 158 Stepping 10, GenuineIntel



---------------  S Y S T E M  ---------------

OS: Windows 10.0 , 64 bit Build 18362 (10.0.18362.329)

CPU:total 12 (initial active 12) (6 cores per cpu, 2 threads per core) family 6 model 158 stepping 10, cmov, cx8, fxsr, mmx, sse, sse2, sse3, ssse3, sse4.1, sse4.2, popcnt, avx, avx2, aes, clmul, erms, rtm, 3dnowpref, lzcnt, ht, tsc, tscinvbit, bmi1, bmi2, adx

Memory: 4k page, physical 8264744k(17216k free), swap 12164136k(0k free)

vm_info: OpenJDK 64-Bit Server VM (25.202-b03) for windows-amd64 JRE (1.8.0_202-release-1483-b03), built by "builder" with MS VC++ 10.0 (VS2010)

time: Tue Mar 31 16:15:31 2020
timezone: 대한민국 표준시
elapsed time: 3833 seconds (0d 1h 3m 53s)

