#
# There is insufficient memory for the Java Runtime Environment to continue.
# Native memory allocation (malloc) failed to allocate 448848 bytes for Chunk::new
# Possible reasons:
#   The system is out of physical RAM or swap space
#   The process is running with CompressedOops enabled, and the Java Heap may be blocking the growth of the native heap
# Possible solutions:
#   Reduce memory load on the system
#   Increase physical memory or swap space
#   Check if swap backing store is full
#   Decrease Java heap size (-Xmx/-Xms)
#   Decrease number of Java threads
#   Decrease Java thread stack sizes (-Xss)
#   Set larger code cache with -XX:ReservedCodeCacheSize=
#   JVM is running with Unscaled Compressed Oops mode in which the Java heap is
#     placed in the first 4GB address space. The Java Heap base address is the
#     maximum limit for the native heap growth. Please use -XX:HeapBaseMinAddress
#     to set the Java Heap base and to place the Java Heap above 4GB virtual address.
# This output file may be truncated or incomplete.
#
#  Out of Memory Error (allocation.cpp:389), pid=11532, tid=0x00000000000050fc
#
# JRE version: OpenJDK Runtime Environment (8.0_212-b04) (build 1.8.0_212-release-1586-b04)
# Java VM: OpenJDK 64-Bit Server VM (25.212-b04 mixed mode windows-amd64 compressed oops)
# Failed to write core dump. Minidumps are not enabled by default on client versions of Windows
#

---------------  T H R E A D  ---------------

Current thread (0x0000000018db3800):  JavaThread "C2 CompilerThread2" daemon [_thread_in_native, id=20732, stack(0x000000001a530000,0x000000001a630000)]

Stack: [0x000000001a530000,0x000000001a630000]
[error occurred during error reporting (printing stack bounds), id 0xc0000005]

Native frames: (J=compiled Java code, j=interpreted, Vv=VM code, C=native code)


Current CompileTask:
C2:2476406 21869 %     4       org.gradle.api.internal.tasks.compile.ApiMemberSelector::visitEnd @ 168 (294 bytes)


---------------  P R O C E S S  ---------------

Java Threads: ( => current thread )
  0x0000000023de2000 JavaThread "WorkerExecutor Queue Thread 12" [_thread_blocked, id=16004, stack(0x0000000028290000,0x0000000028390000)]
  0x00000000217c1000 JavaThread "stdout" [_thread_in_native, id=17696, stack(0x000000002fcd0000,0x000000002fdd0000)]
  0x00000000217c0800 JavaThread "stderr" [_thread_in_native, id=16936, stack(0x000000002fbd0000,0x000000002fcd0000)]
  0x00000000217be000 JavaThread "stdout" [_thread_in_native, id=20704, stack(0x000000002e670000,0x000000002e770000)]
  0x00000000217bd800 JavaThread "stderr" [_thread_in_native, id=9596, stack(0x000000002e570000,0x000000002e670000)]
  0x00000000217bf000 JavaThread "stdout" [_thread_in_native, id=15824, stack(0x000000002e200000,0x000000002e300000)]
  0x00000000217c3800 JavaThread "stderr" [_thread_in_native, id=15188, stack(0x000000002e100000,0x000000002e200000)]
  0x00000000217bf800 JavaThread "stdout" [_thread_in_native, id=5280, stack(0x000000002de00000,0x000000002df00000)]
  0x00000000217c2000 JavaThread "stderr" [_thread_in_native, id=13220, stack(0x000000002dd00000,0x000000002de00000)]
  0x00000000217b6800 JavaThread "stdout" [_thread_in_native, id=15232, stack(0x000000002dc00000,0x000000002dd00000)]
  0x00000000217bb000 JavaThread "stderr" [_thread_in_native, id=12656, stack(0x000000002db00000,0x000000002dc00000)]
  0x00000000217b9800 JavaThread "stdout" [_thread_in_native, id=16688, stack(0x000000002da00000,0x000000002db00000)]
  0x00000000217b9000 JavaThread "stderr" [_thread_in_native, id=18808, stack(0x000000002d900000,0x000000002da00000)]
  0x00000000217b7800 JavaThread "stdout" [_thread_in_native, id=11012, stack(0x000000002d800000,0x000000002d900000)]
  0x00000000217b6000 JavaThread "stderr" [_thread_in_native, id=16904, stack(0x000000002d600000,0x000000002d700000)]
  0x00000000217bc800 JavaThread "stdout" [_thread_in_native, id=6108, stack(0x000000002d500000,0x000000002d600000)]
  0x000000001ff2b000 JavaThread "stderr" [_thread_in_native, id=14292, stack(0x0000000028190000,0x0000000028290000)]
  0x000000001ff2a000 JavaThread "pool-18-thread-1" [_thread_blocked, id=20920, stack(0x000000002d400000,0x000000002d500000)]
  0x000000001ff2b800 JavaThread "WorkerExecutor Queue Thread 11" [_thread_blocked, id=19756, stack(0x000000002d300000,0x000000002d400000)]
  0x000000001ff2e000 JavaThread "WorkerExecutor Queue Thread 8" [_thread_blocked, id=7484, stack(0x000000002cff0000,0x000000002d0f0000)]
  0x000000001ff2c800 JavaThread "WorkerExecutor Queue Thread 7" [_thread_blocked, id=17556, stack(0x000000002b4b0000,0x000000002b5b0000)]
  0x000000001ff2d000 JavaThread "WorkerExecutor Queue Thread 6" [_thread_blocked, id=12340, stack(0x000000002b090000,0x000000002b190000)]
  0x000000001ff2e800 JavaThread "WorkerExecutor Queue Thread 5" [_thread_blocked, id=19712, stack(0x000000002af90000,0x000000002b090000)]
  0x000000001ff22000 JavaThread "WorkerExecutor Queue Thread 4" [_thread_blocked, id=13804, stack(0x000000002ae90000,0x000000002af90000)]
  0x000000001ff28800 JavaThread "WorkerExecutor Queue Thread 3" [_thread_blocked, id=5472, stack(0x0000000029dc0000,0x0000000029ec0000)]
  0x000000001ff27000 JavaThread "WorkerExecutor Queue Thread 2" [_thread_blocked, id=20508, stack(0x0000000029cc0000,0x0000000029dc0000)]
  0x000000001ff24000 JavaThread "WorkerExecutor Queue" [_thread_blocked, id=7296, stack(0x0000000028090000,0x0000000028190000)]
  0x000000001ff22800 JavaThread "Cache worker for execution history cache (C:\Users\user\AndroidStudioProjects\soohengpyeonga2\.gradle\5.6.4\executionHistory)" [_thread_blocked, id=13224, stack(0x0000000027f90000,0x0000000028090000)]
  0x000000001ff23800 JavaThread "Execution worker for ':' Thread 11" [_thread_blocked, id=13232, stack(0x0000000027e90000,0x0000000027f90000)]
  0x000000001f45b800 JavaThread "Execution worker for ':' Thread 10" [_thread_blocked, id=3772, stack(0x0000000027d90000,0x0000000027e90000)]
  0x000000001f454000 JavaThread "Execution worker for ':' Thread 9" [_thread_blocked, id=244, stack(0x0000000027c90000,0x0000000027d90000)]
  0x000000001f45a800 JavaThread "Execution worker for ':' Thread 8" [_thread_blocked, id=13240, stack(0x0000000027b90000,0x0000000027c90000)]
  0x000000001f459000 JavaThread "Execution worker for ':' Thread 7" [_thread_blocked, id=8032, stack(0x0000000027890000,0x0000000027990000)]
  0x000000001f458800 JavaThread "Execution worker for ':' Thread 6" [_thread_in_Java, id=19684, stack(0x0000000027790000,0x0000000027890000)]
  0x000000001f453000 JavaThread "Execution worker for ':' Thread 5" [_thread_blocked, id=16048, stack(0x0000000027690000,0x0000000027790000)]
  0x000000001f451800 JavaThread "Execution worker for ':' Thread 4" [_thread_blocked, id=18656, stack(0x0000000027590000,0x0000000027690000)]
  0x000000001f457800 JavaThread "Execution worker for ':' Thread 3" [_thread_blocked, id=15532, stack(0x0000000027490000,0x0000000027590000)]
  0x000000001f451000 JavaThread "Execution worker for ':' Thread 2" [_thread_blocked, id=21264, stack(0x0000000027390000,0x0000000027490000)]
  0x000000001f44f800 JavaThread "Execution worker for ':'" [_thread_blocked, id=20368, stack(0x0000000027290000,0x0000000027390000)]
  0x000000001f450000 JavaThread "Cache worker for file content cache (C:\Users\user\AndroidStudioProjects\soohengpyeonga2\.gradle\5.6.4\fileContent)" [_thread_blocked, id=13144, stack(0x0000000027190000,0x0000000027290000)]
  0x000000001f455800 JavaThread "Cache worker for Build Output Cleanup Cache (C:\Users\user\AndroidStudioProjects\soohengpyeonga2\.gradle\buildOutputCleanup)" [_thread_blocked, id=14952, stack(0x0000000027090000,0x0000000027190000)]
  0x000000001f44e000 JavaThread "Build operations Thread 12" [_thread_blocked, id=16156, stack(0x0000000026b90000,0x0000000026c90000)]
  0x000000001f454800 JavaThread "Build operations Thread 11" [_thread_blocked, id=12964, stack(0x00000000251b0000,0x00000000252b0000)]
  0x000000001f44e800 JavaThread "Build operations Thread 10" [_thread_blocked, id=10504, stack(0x0000000024ab0000,0x0000000024bb0000)]
  0x000000002bb1f000 JavaThread "Build operations Thread 9" [_thread_blocked, id=15948, stack(0x00000000249b0000,0x0000000024ab0000)]
  0x000000002bb1f800 JavaThread "Build operations Thread 8" [_thread_blocked, id=11008, stack(0x00000000248b0000,0x00000000249b0000)]
  0x000000002bb1d800 JavaThread "Build operations Thread 7" [_thread_blocked, id=12308, stack(0x00000000247b0000,0x00000000248b0000)]
  0x000000002bb22000 JavaThread "Build operations Thread 6" [_thread_blocked, id=18056, stack(0x00000000246b0000,0x00000000247b0000)]
  0x000000002bb21000 JavaThread "Build operations Thread 5" [_thread_blocked, id=18032, stack(0x00000000245b0000,0x00000000246b0000)]
  0x000000002bb1c800 JavaThread "Build operations Thread 4" [_thread_blocked, id=9048, stack(0x00000000244b0000,0x00000000245b0000)]
  0x000000002bb20800 JavaThread "Build operations Thread 3" [_thread_blocked, id=18692, stack(0x00000000243b0000,0x00000000244b0000)]
  0x000000002bb22800 JavaThread "Build operations Thread 2" [_thread_blocked, id=21292, stack(0x00000000242b0000,0x00000000243b0000)]
  0x000000002bb15000 JavaThread "Build operations" [_thread_blocked, id=19584, stack(0x00000000241b0000,0x00000000242b0000)]
  0x000000002bb1c000 JavaThread "Cache worker for cache directory md-rule (C:\Users\user\.gradle\caches\5.6.4\md-rule)" [_thread_blocked, id=4580, stack(0x0000000022dc0000,0x0000000022ec0000)]
  0x000000002bb1b000 JavaThread "Cache worker for cache directory md-supplier (C:\Users\user\.gradle\caches\5.6.4\md-supplier)" [_thread_blocked, id=21444, stack(0x0000000022cc0000,0x0000000022dc0000)]
  0x000000002bb13800 JavaThread "Cache worker for file hash cache (C:\Users\user\AndroidStudioProjects\soohengpyeonga2\.gradle\5.6.4\fileHashes)" [_thread_blocked, id=12724, stack(0x0000000020c80000,0x0000000020d80000)]
  0x000000002bb1a800 JavaThread "Thread-293" [_thread_blocked, id=4896, stack(0x0000000020b80000,0x0000000020c80000)]
  0x000000002bb16000 JavaThread "Stdin handler" [_thread_blocked, id=17612, stack(0x000000001dfe0000,0x000000001e0e0000)]
  0x000000002bb17800 JavaThread "Asynchronous log dispatcher for DefaultDaemonConnection: socket connection from /127.0.0.1:2064 to /127.0.0.1:3171" [_thread_blocked, id=16064, stack(0x000000001dce0000,0x000000001dde0000)]
  0x000000002bb14800 JavaThread "Daemon worker Thread 6" [_thread_blocked, id=13556, stack(0x000000001dae0000,0x000000001dbe0000)]
  0x000000002bb18000 JavaThread "Cancel handler" [_thread_blocked, id=12480, stack(0x000000001d7e0000,0x000000001d8e0000)]
  0x000000002bb16800 JavaThread "Handler for socket connection from /127.0.0.1:2064 to /127.0.0.1:3171" [_thread_in_native, id=19332, stack(0x000000001d6e0000,0x000000001d7e0000)]
  0x000000002bb19800 JavaThread "Daemon Thread 6" [_thread_blocked, id=8040, stack(0x0000000001740000,0x0000000001840000)]
  0x000000001ff25000 JavaThread "Cache worker for Java compile cache (C:\Users\user\.gradle\caches\5.6.4\javaCompile)" [_thread_blocked, id=20512, stack(0x000000002b190000,0x000000002b290000)]
  0x000000001d0c3000 JavaThread "MarlinRenderer Disposer" daemon [_thread_blocked, id=17836, stack(0x0000000028990000,0x0000000028a90000)]
  0x000000001d0c5800 JavaThread "Java2D Disposer" daemon [_thread_blocked, id=13276, stack(0x0000000028890000,0x0000000028990000)]
  0x00000000217ba800 JavaThread "Cache worker for file content cache (C:\Users\user\.gradle\caches\5.6.4\fileContent)" [_thread_blocked, id=7204, stack(0x0000000026650000,0x0000000026750000)]
  0x000000001f457000 JavaThread "Memory manager" [_thread_blocked, id=18620, stack(0x0000000025cb0000,0x0000000025db0000)]
  0x000000001f44d000 JavaThread "Cache worker for execution history cache (C:\Users\user\.gradle\caches\5.6.4\executionHistory)" [_thread_blocked, id=4980, stack(0x00000000223c0000,0x00000000224c0000)]
  0x000000001b237000 JavaThread "Cache worker for journal cache (C:\Users\user\.gradle\caches\journal-1)" [_thread_blocked, id=19436, stack(0x000000001e4e0000,0x000000001e5e0000)]
  0x000000001b233800 JavaThread "File lock request listener" [_thread_in_native, id=17436, stack(0x000000001e3e0000,0x000000001e4e0000)]
  0x000000001b238000 JavaThread "Cache worker for file hash cache (C:\Users\user\.gradle\caches\5.6.4\fileHashes)" [_thread_blocked, id=12564, stack(0x000000001e2e0000,0x000000001e3e0000)]
  0x000000001c682800 JavaThread "Daemon periodic checks" [_thread_blocked, id=15552, stack(0x000000001d5e0000,0x000000001d6e0000)]
  0x000000001bc30000 JavaThread "Incoming local TCP Connector on port 2064" [_thread_in_native, id=11468, stack(0x000000001aa50000,0x000000001ab50000)]
  0x000000001af4a000 JavaThread "Daemon health stats" [_thread_blocked, id=21040, stack(0x000000001a930000,0x000000001aa30000)]
  0x0000000018e3f800 JavaThread "Service Thread" daemon [_thread_blocked, id=8688, stack(0x000000001a730000,0x000000001a830000)]
  0x0000000018db4800 JavaThread "C1 CompilerThread3" daemon [_thread_blocked, id=15504, stack(0x000000001a630000,0x000000001a730000)]
=>0x0000000018db3800 JavaThread "C2 CompilerThread2" daemon [_thread_in_native, id=20732, stack(0x000000001a530000,0x000000001a630000)]
  0x0000000018dae800 JavaThread "C2 CompilerThread1" daemon [_thread_in_native, id=11112, stack(0x000000001a430000,0x000000001a530000)]
  0x0000000018da4000 JavaThread "C2 CompilerThread0" daemon [_thread_in_native, id=10676, stack(0x000000001a330000,0x000000001a430000)]
  0x0000000018da3000 JavaThread "Attach Listener" daemon [_thread_blocked, id=4716, stack(0x000000001a230000,0x000000001a330000)]
  0x0000000018da2800 JavaThread "Signal Dispatcher" daemon [_thread_blocked, id=13736, stack(0x000000001a130000,0x000000001a230000)]
  0x000000000369c000 JavaThread "Finalizer" daemon [_thread_blocked, id=19868, stack(0x0000000019f90000,0x000000001a090000)]
  0x0000000018d33000 JavaThread "Reference Handler" daemon [_thread_blocked, id=11024, stack(0x0000000019e90000,0x0000000019f90000)]
  0x0000000002ffe800 JavaThread "main" [_thread_blocked, id=20264, stack(0x00000000034a0000,0x00000000035a0000)]

Other Threads:
  0x0000000017655800 VMThread [stack: 0x0000000019d90000,0x0000000019e90000] [id=12276]
  0x0000000018e40000 WatcherThread [stack: 0x000000001a830000,0x000000001a930000] [id=8108]

VM state:not at safepoint (normal execution)

VM Mutex/Monitor currently owned by a thread: None

heap address: 0x00000000a0000000, size: 1536 MB, Compressed Oops mode: 32-bit
Narrow klass base: 0x0000000000000000, Narrow klass shift: 3
Compressed class space size: 1073741824 Address: 0x0000000100000000

Heap:
 PSYoungGen      total 235520K, used 105297K [0x00000000e0000000, 0x00000000f1180000, 0x0000000100000000)
  eden space 199168K, 43% used [0x00000000e0000000,0x00000000e54c5688,0x00000000ec280000)
  from space 36352K, 50% used [0x00000000eee00000,0x00000000f000efa0,0x00000000f1180000)
  to   space 40448K, 0% used [0x00000000ec280000,0x00000000ec280000,0x00000000eea00000)
 ParOldGen       total 207872K, used 77710K [0x00000000a0000000, 0x00000000acb00000, 0x00000000e0000000)
  object space 207872K, 37% used [0x00000000a0000000,0x00000000a4be39e0,0x00000000acb00000)
 Metaspace       used 103897K, capacity 110576K, committed 110848K, reserved 1144832K
  class space    used 13528K, capacity 14761K, committed 14848K, reserved 1048576K

Card table byte_map: [0x0000000012a60000,0x0000000012d70000] byte_map_base: 0x0000000012560000

Marking Bits: (ParMarkBitMap*) 0x0000000053589f30
 Begin Bits: [0x0000000013970000, 0x0000000015170000)
 End Bits:   [0x0000000015170000, 0x0000000016970000)

Polling page: 0x0000000003090000

CodeCache: size=245760Kb used=57645Kb max_used=57645Kb free=188114Kb
 bounds [0x00000000036a0000, 0x0000000006f40000, 0x00000000126a0000]
 total_blobs=18291 nmethods=17270 adapters=931
 compilation: enabled

Compilation events (10 events):
Event: 2476.277 Thread 0x0000000018db4800 21880       1       org.objectweb.asm.SymbolTable::getConstantPoolCount (5 bytes)
Event: 2476.278 Thread 0x0000000018db4800 nmethod 21880 0x0000000006f08690 code [0x0000000006f087e0, 0x0000000006f088f0]
Event: 2476.280 Thread 0x0000000018db4800 21887       3       org.gradle.api.internal.tasks.compile.ClassMember::getInterfaces (16 bytes)
Event: 2476.280 Thread 0x0000000018db4800 nmethod 21887 0x0000000006f08090 code [0x0000000006f08200, 0x0000000006f08588]
Event: 2476.284 Thread 0x0000000018db4800 21889       2       java.util.ComparableTimSort::countRunAndMakeAscending (123 bytes)
Event: 2476.286 Thread 0x0000000018db4800 nmethod 21889 0x0000000006f18b50 code [0x0000000006f18d20, 0x0000000006f19368]
Event: 2476.307 Thread 0x0000000018db4800 21896       1       java.util.zip.ZipEntry::getSize (5 bytes)
Event: 2476.307 Thread 0x0000000018db4800 nmethod 21896 0x0000000006f07dd0 code [0x0000000006f07f20, 0x0000000006f08030]
Event: 2476.386 Thread 0x0000000018db4800 21905       2       com.google.common.collect.ImmutableSortedSet::construct (108 bytes)
Event: 2476.388 Thread 0x0000000018db4800 nmethod 21905 0x0000000006f17d90 code [0x0000000006f17f60, 0x0000000006f18668]

GC Heap History (10 events):
Event: 994.396 GC heap before
{Heap before GC invocations=28 (full 4):
 PSYoungGen      total 202240K, used 177588K [0x00000000e0000000, 0x00000000ef900000, 0x0000000100000000)
  eden space 167424K, 100% used [0x00000000e0000000,0x00000000ea380000,0x00000000ea380000)
  from space 34816K, 29% used [0x00000000ea380000,0x00000000ead6d368,0x00000000ec580000)
  to   space 33792K, 0% used [0x00000000ed800000,0x00000000ed800000,0x00000000ef900000)
 ParOldGen       total 207872K, used 67716K [0x00000000a0000000, 0x00000000acb00000, 0x00000000e0000000)
  object space 207872K, 32% used [0x00000000a0000000,0x00000000a42213e8,0x00000000acb00000)
 Metaspace       used 100185K, capacity 105660K, committed 105984K, reserved 1140736K
  class space    used 13191K, capacity 14250K, committed 14336K, reserved 1048576K
Event: 994.421 GC heap after
Heap after GC invocations=28 (full 4):
 PSYoungGen      total 210944K, used 14211K [0x00000000e0000000, 0x00000000ef200000, 0x0000000100000000)
  eden space 184320K, 0% used [0x00000000e0000000,0x00000000e0000000,0x00000000eb400000)
  from space 26624K, 53% used [0x00000000ed800000,0x00000000ee5e0d10,0x00000000ef200000)
  to   space 31744K, 0% used [0x00000000eb400000,0x00000000eb400000,0x00000000ed300000)
 ParOldGen       total 207872K, used 67724K [0x00000000a0000000, 0x00000000acb00000, 0x00000000e0000000)
  object space 207872K, 32% used [0x00000000a0000000,0x00000000a42233e8,0x00000000acb00000)
 Metaspace       used 100185K, capacity 105660K, committed 105984K, reserved 1140736K
  class space    used 13191K, capacity 14250K, committed 14336K, reserved 1048576K
}
Event: 1006.974 GC heap before
{Heap before GC invocations=29 (full 4):
 PSYoungGen      total 210944K, used 198531K [0x00000000e0000000, 0x00000000ef200000, 0x0000000100000000)
  eden space 184320K, 100% used [0x00000000e0000000,0x00000000eb400000,0x00000000eb400000)
  from space 26624K, 53% used [0x00000000ed800000,0x00000000ee5e0d10,0x00000000ef200000)
  to   space 31744K, 0% used [0x00000000eb400000,0x00000000eb400000,0x00000000ed300000)
 ParOldGen       total 207872K, used 67724K [0x00000000a0000000, 0x00000000acb00000, 0x00000000e0000000)
  object space 207872K, 32% used [0x00000000a0000000,0x00000000a42233e8,0x00000000acb00000)
 Metaspace       used 100823K, capacity 106450K, committed 106496K, reserved 1140736K
  class space    used 13243K, capacity 14305K, committed 14336K, reserved 1048576K
Event: 1007.035 GC heap after
Heap after GC invocations=29 (full 4):
 PSYoungGen      total 216064K, used 31735K [0x00000000e0000000, 0x00000000f0e00000, 0x0000000100000000)
  eden space 184320K, 0% used [0x00000000e0000000,0x00000000e0000000,0x00000000eb400000)
  from space 31744K, 99% used [0x00000000eb400000,0x00000000ed2fdd48,0x00000000ed300000)
  to   space 39424K, 0% used [0x00000000ee780000,0x00000000ee780000,0x00000000f0e00000)
 ParOldGen       total 207872K, used 75529K [0x00000000a0000000, 0x00000000acb00000, 0x00000000e0000000)
  object space 207872K, 36% used [0x00000000a0000000,0x00000000a49c2690,0x00000000acb00000)
 Metaspace       used 100823K, capacity 106450K, committed 106496K, reserved 1140736K
  class space    used 13243K, capacity 14305K, committed 14336K, reserved 1048576K
}
Event: 1068.405 GC heap before
{Heap before GC invocations=30 (full 4):
 PSYoungGen      total 216064K, used 215946K [0x00000000e0000000, 0x00000000f0e00000, 0x0000000100000000)
  eden space 184320K, 99% used [0x00000000e0000000,0x00000000eb3e4c20,0x00000000eb400000)
  from space 31744K, 99% used [0x00000000eb400000,0x00000000ed2fdd48,0x00000000ed300000)
  to   space 39424K, 0% used [0x00000000ee780000,0x00000000ee780000,0x00000000f0e00000)
 ParOldGen       total 207872K, used 75529K [0x00000000a0000000, 0x00000000acb00000, 0x00000000e0000000)
  object space 207872K, 36% used [0x00000000a0000000,0x00000000a49c2690,0x00000000acb00000)
 Metaspace       used 101307K, capacity 107072K, committed 107392K, reserved 1142784K
  class space    used 13266K, capacity 14342K, committed 14464K, reserved 1048576K
Event: 1068.456 GC heap after
Heap after GC invocations=30 (full 4):
 PSYoungGen      total 231424K, used 37917K [0x00000000e0000000, 0x00000000f1700000, 0x0000000100000000)
  eden space 192000K, 0% used [0x00000000e0000000,0x00000000e0000000,0x00000000ebb80000)
  from space 39424K, 96% used [0x00000000ee780000,0x00000000f0c87610,0x00000000f0e00000)
  to   space 45056K, 0% used [0x00000000ebb80000,0x00000000ebb80000,0x00000000ee780000)
 ParOldGen       total 207872K, used 77694K [0x00000000a0000000, 0x00000000acb00000, 0x00000000e0000000)
  object space 207872K, 37% used [0x00000000a0000000,0x00000000a4bdf9e0,0x00000000acb00000)
 Metaspace       used 101307K, capacity 107072K, committed 107392K, reserved 1142784K
  class space    used 13266K, capacity 14342K, committed 14464K, reserved 1048576K
}
Event: 1435.766 GC heap before
{Heap before GC invocations=31 (full 4):
 PSYoungGen      total 231424K, used 229917K [0x00000000e0000000, 0x00000000f1700000, 0x0000000100000000)
  eden space 192000K, 100% used [0x00000000e0000000,0x00000000ebb80000,0x00000000ebb80000)
  from space 39424K, 96% used [0x00000000ee780000,0x00000000f0c87610,0x00000000f0e00000)
  to   space 45056K, 0% used [0x00000000ebb80000,0x00000000ebb80000,0x00000000ee780000)
 ParOldGen       total 207872K, used 77694K [0x00000000a0000000, 0x00000000acb00000, 0x00000000e0000000)
  object space 207872K, 37% used [0x00000000a0000000,0x00000000a4bdf9e0,0x00000000acb00000)
 Metaspace       used 103375K, capacity 109976K, committed 110336K, reserved 1144832K
  class space    used 13515K, capacity 14737K, committed 14848K, reserved 1048576K
Event: 1435.786 GC heap after
Heap after GC invocations=31 (full 4):
 PSYoungGen      total 237056K, used 16803K [0x00000000e0000000, 0x00000000f1780000, 0x0000000100000000)
  eden space 192000K, 0% used [0x00000000e0000000,0x00000000e0000000,0x00000000ebb80000)
  from space 45056K, 37% used [0x00000000ebb80000,0x00000000ecbe8cd0,0x00000000ee780000)
  to   space 42496K, 0% used [0x00000000eee00000,0x00000000eee00000,0x00000000f1780000)
 ParOldGen       total 207872K, used 77702K [0x00000000a0000000, 0x00000000acb00000, 0x00000000e0000000)
  object space 207872K, 37% used [0x00000000a0000000,0x00000000a4be19e0,0x00000000acb00000)
 Metaspace       used 103375K, capacity 109976K, committed 110336K, reserved 1144832K
  class space    used 13515K, capacity 14737K, committed 14848K, reserved 1048576K
}
Event: 2471.724 GC heap before
{Heap before GC invocations=32 (full 4):
 PSYoungGen      total 237056K, used 208803K [0x00000000e0000000, 0x00000000f1780000, 0x0000000100000000)
  eden space 192000K, 100% used [0x00000000e0000000,0x00000000ebb80000,0x00000000ebb80000)
  from space 45056K, 37% used [0x00000000ebb80000,0x00000000ecbe8cd0,0x00000000ee780000)
  to   space 42496K, 0% used [0x00000000eee00000,0x00000000eee00000,0x00000000f1780000)
 ParOldGen       total 207872K, used 77702K [0x00000000a0000000, 0x00000000acb00000, 0x00000000e0000000)
  object space 207872K, 37% used [0x00000000a0000000,0x00000000a4be19e0,0x00000000acb00000)
 Metaspace       used 103778K, capacity 110424K, committed 110592K, reserved 1144832K
  class space    used 13526K, capacity 14757K, committed 14848K, reserved 1048576K
Event: 2471.802 GC heap after
Heap after GC invocations=32 (full 4):
 PSYoungGen      total 235520K, used 18491K [0x00000000e0000000, 0x00000000f1180000, 0x0000000100000000)
  eden space 199168K, 0% used [0x00000000e0000000,0x00000000e0000000,0x00000000ec280000)
  from space 36352K, 50% used [0x00000000eee00000,0x00000000f000efa0,0x00000000f1180000)
  to   space 40448K, 0% used [0x00000000ec280000,0x00000000ec280000,0x00000000eea00000)
 ParOldGen       total 207872K, used 77710K [0x00000000a0000000, 0x00000000acb00000, 0x00000000e0000000)
  object space 207872K, 37% used [0x00000000a0000000,0x00000000a4be39e0,0x00000000acb00000)
 Metaspace       used 103778K, capacity 110424K, committed 110592K, reserved 1144832K
  class space    used 13526K, capacity 14757K, committed 14848K, reserved 1048576K
}

Deoptimization events (10 events):
Event: 2467.592 Thread 0x000000001f459000 Uncommon trap: reason=class_check action=maybe_recompile pc=0x0000000006379f24 method=java.io.Writer.append(C)Ljava/io/Writer; @ 2
Event: 2468.522 Thread 0x000000001f458800 Uncommon trap: reason=null_check action=make_not_entrant pc=0x0000000006ca72c4 method=com.sun.org.apache.xerces.internal.dom.NamedNodeMapImpl.findNamePoint(Ljava/lang/String;Ljava/lang/String;)I @ 76
Event: 2468.523 Thread 0x000000001f458800 Uncommon trap: reason=null_check action=make_not_entrant pc=0x0000000006ca57cc method=com.sun.org.apache.xerces.internal.dom.NamedNodeMapImpl.findNamePoint(Ljava/lang/String;Ljava/lang/String;)I @ 76
Event: 2469.102 Thread 0x000000001f458800 Uncommon trap: reason=predicate action=maybe_recompile pc=0x0000000005d0d78c method=java.util.ComparableTimSort.gallopLeft(Ljava/lang/Comparable;[Ljava/lang/Object;III)I @ 63
Event: 2469.123 Thread 0x000000001ff22000 Uncommon trap: reason=unstable_if action=reinterpret pc=0x00000000054d7194 method=sun.java2d.marlin.DRenderer._endRendering(II)V @ 1940
Event: 2472.088 Thread 0x000000001f45b800 Uncommon trap: reason=class_check action=maybe_recompile pc=0x0000000006ce53a8 method=com.sun.org.apache.xerces.internal.dom.NamedNodeMapImpl.getNamedItemNS(Ljava/lang/String;Ljava/lang/String;)Lorg/w3c/dom/Node; @ 28
Event: 2472.088 Thread 0x000000001f45b800 Uncommon trap: reason=class_check action=maybe_recompile pc=0x0000000006ce53a8 method=com.sun.org.apache.xerces.internal.dom.NamedNodeMapImpl.getNamedItemNS(Ljava/lang/String;Ljava/lang/String;)Lorg/w3c/dom/Node; @ 28
Event: 2472.088 Thread 0x000000001f45b800 Uncommon trap: reason=class_check action=maybe_recompile pc=0x0000000006ce53a8 method=com.sun.org.apache.xerces.internal.dom.NamedNodeMapImpl.getNamedItemNS(Ljava/lang/String;Ljava/lang/String;)Lorg/w3c/dom/Node; @ 28
Event: 2472.089 Thread 0x000000001f45b800 Uncommon trap: reason=class_check action=maybe_recompile pc=0x0000000006ce53a8 method=com.sun.org.apache.xerces.internal.dom.NamedNodeMapImpl.getNamedItemNS(Ljava/lang/String;Ljava/lang/String;)Lorg/w3c/dom/Node; @ 28
Event: 2472.353 Thread 0x000000001f45b800 Uncommon trap: reason=null_check action=make_not_entrant pc=0x0000000006ce4a40 method=com.sun.org.apache.xerces.internal.dom.NamedNodeMapImpl.findNamePoint(Ljava/lang/String;Ljava/lang/String;)I @ 105

Classes redefined (0 events):
No events

Internal exceptions (10 events):
Event: 2467.714 Thread 0x000000001ff24000 Exception <a 'sun/nio/fs/WindowsException'> (0x00000000e5434298) thrown at [D:\src\AOSP-openjdk-cygwin\jdk8u\hotspot\src\share\vm\prims\jni.cpp, line 710]
Event: 2467.727 Thread 0x000000001f454000 Exception <a 'sun/nio/fs/WindowsException'> (0x00000000e546e5f0) thrown at [D:\src\AOSP-openjdk-cygwin\jdk8u\hotspot\src\share\vm\prims\jni.cpp, line 710]
Event: 2468.522 Thread 0x000000001f458800 Implicit null exception at 0x0000000006ca6cb4 to 0x0000000006ca72b5
Event: 2468.523 Thread 0x000000001f458800 Implicit null exception at 0x0000000006ca528f to 0x0000000006ca579d
Event: 2472.353 Thread 0x000000001f45b800 Implicit null exception at 0x0000000006ce4690 to 0x0000000006ce4a2d
Event: 2472.750 Thread 0x000000001f45a800 Exception <a 'sun/nio/fs/WindowsException'> (0x00000000e1104a40) thrown at [D:\src\AOSP-openjdk-cygwin\jdk8u\hotspot\src\share\vm\prims\jni.cpp, line 710]
Event: 2472.916 Thread 0x000000001ff2e000 Exception <a 'sun/nio/fs/WindowsException'> (0x00000000e157d6f8) thrown at [D:\src\AOSP-openjdk-cygwin\jdk8u\hotspot\src\share\vm\prims\jni.cpp, line 710]
Event: 2476.072 Thread 0x000000001ff27000 Exception <a 'sun/nio/fs/WindowsException'> (0x00000000e37e8f28) thrown at [D:\src\AOSP-openjdk-cygwin\jdk8u\hotspot\src\share\vm\prims\jni.cpp, line 710]
Event: 2476.072 Thread 0x000000001ff27000 Exception <a 'sun/nio/fs/WindowsException'> (0x00000000e37e97a8) thrown at [D:\src\AOSP-openjdk-cygwin\jdk8u\hotspot\src\share\vm\prims\jni.cpp, line 710]
Event: 2476.073 Thread 0x000000001ff27000 Exception <a 'sun/nio/fs/WindowsException'> (0x00000000e37e9c50) thrown at [D:\src\AOSP-openjdk-cygwin\jdk8u\hotspot\src\share\vm\prims\jni.cpp, line 710]

Events (10 events):
Event: 2473.698 Thread 0x000000001ff2f800 Thread exited: 0x000000001ff2f800
Event: 2474.198 Thread 0x0000000023de2000 Thread added: 0x0000000023de2000
Event: 2474.202 Executing VM operation: RevokeBias
Event: 2474.202 Executing VM operation: RevokeBias done
Event: 2474.359 Executing VM operation: RevokeBias
Event: 2474.359 Executing VM operation: RevokeBias done
Event: 2474.360 Executing VM operation: RevokeBias
Event: 2474.360 Executing VM operation: RevokeBias done
Event: 2476.386 Thread 0x000000001f458800 DEOPT PACKING pc=0x00000000062e4323 sp=0x000000002788c920
Event: 2476.386 Thread 0x000000001f458800 DEOPT UNPACKING pc=0x00000000036e75d0 sp=0x000000002788c698 mode 0


Dynamic libraries:
0x00007ff793fb0000 - 0x00007ff793fe1000 	C:\Program Files\Android\Android Studio\jre\bin\java.exe
0x00007ff883ce0000 - 0x00007ff883ed0000 	C:\WINDOWS\SYSTEM32\ntdll.dll
0x00007ff881f30000 - 0x00007ff881fe2000 	C:\WINDOWS\System32\KERNEL32.DLL
0x00007ff881790000 - 0x00007ff881a34000 	C:\WINDOWS\System32\KERNELBASE.dll
0x00007ff875c80000 - 0x00007ff875d9d000 	C:\WINDOWS\System32\AppCheck64.dll
0x00007ff8836d0000 - 0x00007ff883773000 	C:\WINDOWS\System32\ADVAPI32.dll
0x00007ff883780000 - 0x00007ff88381e000 	C:\WINDOWS\System32\msvcrt.dll
0x00007ff8826e0000 - 0x00007ff882777000 	C:\WINDOWS\System32\sechost.dll
0x00007ff882930000 - 0x00007ff882a50000 	C:\WINDOWS\System32\RPCRT4.dll
0x00007ff881d90000 - 0x00007ff881f24000 	C:\WINDOWS\System32\USER32.dll
0x00007ff881b70000 - 0x00007ff881b91000 	C:\WINDOWS\System32\win32u.dll
0x00007ff882a50000 - 0x00007ff882a76000 	C:\WINDOWS\System32\GDI32.dll
0x00007ff8814f0000 - 0x00007ff881685000 	C:\WINDOWS\System32\gdi32full.dll
0x00007ff881cf0000 - 0x00007ff881d8e000 	C:\WINDOWS\System32\msvcp_win.dll
0x00007ff880c70000 - 0x00007ff880d6a000 	C:\WINDOWS\System32\ucrtbase.dll
0x00007ff87b8a0000 - 0x00007ff87b8aa000 	C:\WINDOWS\SYSTEM32\VERSION.dll
0x00007ff874d80000 - 0x00007ff875004000 	C:\WINDOWS\WinSxS\amd64_microsoft.windows.common-controls_6595b64144ccf1df_6.0.18362.900_none_e6beb9d913147d17\COMCTL32.dll
0x00007ff883960000 - 0x00007ff883c95000 	C:\WINDOWS\System32\combase.dll
0x00007ff881a90000 - 0x00007ff881b10000 	C:\WINDOWS\System32\bcryptPrimitives.dll
0x00007ff883470000 - 0x00007ff88349e000 	C:\WINDOWS\System32\IMM32.DLL
0x0000000052ce0000 - 0x0000000052db2000 	C:\Program Files\Android\Android Studio\jre\jre\bin\msvcr100.dll
0x0000000052dc0000 - 0x0000000053606000 	C:\Program Files\Android\Android Studio\jre\jre\bin\server\jvm.dll
0x00007ff882130000 - 0x00007ff882138000 	C:\WINDOWS\System32\PSAPI.DLL
0x00007ff8728d0000 - 0x00007ff8728f4000 	C:\WINDOWS\SYSTEM32\WINMM.dll
0x00007ff8768d0000 - 0x00007ff8768d9000 	C:\WINDOWS\SYSTEM32\WSOCK32.dll
0x00007ff882bb0000 - 0x00007ff882c1f000 	C:\WINDOWS\System32\WS2_32.dll
0x00007ff872880000 - 0x00007ff8728ad000 	C:\WINDOWS\SYSTEM32\winmmbase.dll
0x00007ff881a40000 - 0x00007ff881a8a000 	C:\WINDOWS\System32\cfgmgr32.dll
0x00007ff84b830000 - 0x00007ff84b83f000 	C:\Program Files\Android\Android Studio\jre\jre\bin\verify.dll
0x00007ff84b800000 - 0x00007ff84b829000 	C:\Program Files\Android\Android Studio\jre\jre\bin\java.dll
0x00007ff84b7e0000 - 0x00007ff84b7f6000 	C:\Program Files\Android\Android Studio\jre\jre\bin\zip.dll
0x00007ff882c20000 - 0x00007ff883306000 	C:\WINDOWS\System32\SHELL32.dll
0x00007ff882b00000 - 0x00007ff882ba9000 	C:\WINDOWS\System32\shcore.dll
0x00007ff880d70000 - 0x00007ff8814f0000 	C:\WINDOWS\System32\windows.storage.dll
0x00007ff880bb0000 - 0x00007ff880bd3000 	C:\WINDOWS\System32\profapi.dll
0x00007ff880c20000 - 0x00007ff880c6a000 	C:\WINDOWS\System32\powrprof.dll
0x00007ff880ba0000 - 0x00007ff880bb0000 	C:\WINDOWS\System32\UMPDC.dll
0x00007ff882000000 - 0x00007ff882052000 	C:\WINDOWS\System32\shlwapi.dll
0x00007ff880be0000 - 0x00007ff880bf1000 	C:\WINDOWS\System32\kernel.appcore.dll
0x00007ff881690000 - 0x00007ff8816a7000 	C:\WINDOWS\System32\cryptsp.dll
0x00007ff84b7c0000 - 0x00007ff84b7da000 	C:\Program Files\Android\Android Studio\jre\jre\bin\net.dll
0x00007ff870f50000 - 0x00007ff871126000 	C:\WINDOWS\SYSTEM32\urlmon.dll
0x00007ff872570000 - 0x00007ff872816000 	C:\WINDOWS\SYSTEM32\iertutil.dll
0x00007ff880580000 - 0x00007ff88058c000 	C:\WINDOWS\SYSTEM32\CRYPTBASE.DLL
0x00007ff8803b0000 - 0x00007ff880417000 	C:\WINDOWS\system32\mswsock.dll
0x00007ff87c3c0000 - 0x00007ff87c3d3000 	C:\Program Files\Android\Android Studio\jre\jre\bin\nio.dll
0x00007ff875da0000 - 0x00007ff875dc6000 	C:\Users\user\.gradle\native\30\windows-amd64\native-platform.dll
0x00007ff87c3b0000 - 0x00007ff87c3bd000 	C:\Program Files\Android\Android Studio\jre\jre\bin\management.dll
0x00007ff87ff20000 - 0x00007ff87ff53000 	C:\WINDOWS\system32\rsaenh.dll
0x00007ff8816b0000 - 0x00007ff8816d6000 	C:\WINDOWS\System32\bcrypt.dll
0x00007ff880a90000 - 0x00007ff880ab5000 	C:\WINDOWS\SYSTEM32\USERENV.dll
0x00007ff8800c0000 - 0x00007ff8800fa000 	C:\WINDOWS\SYSTEM32\IPHLPAPI.DLL
0x00007ff883510000 - 0x00007ff883518000 	C:\WINDOWS\System32\NSI.dll
0x00007ff8789b0000 - 0x00007ff8789c6000 	C:\WINDOWS\SYSTEM32\dhcpcsvc6.DLL
0x00007ff879170000 - 0x00007ff87918c000 	C:\WINDOWS\SYSTEM32\dhcpcsvc.DLL
0x00007ff880100000 - 0x00007ff8801cb000 	C:\WINDOWS\SYSTEM32\DNSAPI.dll
0x00007ff848520000 - 0x00007ff8486bc000 	C:\Program Files\Android\Android Studio\jre\jre\bin\awt.dll
0x00007ff882060000 - 0x00007ff882125000 	C:\WINDOWS\System32\OLEAUT32.dll
0x00007ff87f180000 - 0x00007ff87f1ad000 	C:\WINDOWS\SYSTEM32\dwmapi.dll
0x00007ff87d690000 - 0x00007ff87dc50000 	C:\WINDOWS\SYSTEM32\d2d1.dll
0x00007ff87eb40000 - 0x00007ff87ebcf000 	C:\WINDOWS\SYSTEM32\apphelp.dll
0x00007ff87ec40000 - 0x00007ff87ecd9000 	C:\WINDOWS\system32\uxtheme.dll

VM Arguments:
jvm_args: -Xmx1536m -Dfile.encoding=x-windows-949 -Duser.country=KR -Duser.language=ko -Duser.variant 
java_command: org.gradle.launcher.daemon.bootstrap.GradleDaemon 5.6.4
java_class_path (initial): C:\Users\user\.gradle\wrapper\dists\gradle-5.6.4-all\ankdp27end7byghfw1q2sw75f\gradle-5.6.4\lib\gradle-launcher-5.6.4.jar
Launcher Type: SUN_STANDARD

Environment Variables:
JAVA_HOME=C:\Program Files\Android\Android Studio\jre\jre
PATH=C:\Program Files\Microsoft MPI\Bin\;C:\Program Files (x86)\Common Files\Oracle\Java\javapath;C:\Program Files (x86)\Intel\Intel(R) Management Engine Components\iCLS\;C:\Program Files\Intel\Intel(R) Management Engine Components\iCLS\;C:\WINDOWS\system32;C:\WINDOWS;C:\WINDOWS\System32\Wbem;C:\WINDOWS\System32\WindowsPowerShell\v1.0\;C:\WINDOWS\System32\OpenSSH\;C:\Program Files (x86)\Intel\Intel(R) Management Engine Components\DAL;C:\Program Files\Intel\Intel(R) Management Engine Components\DAL;C:\Program Files (x86)\Intel\Intel(R) Management Engine Components\IPT;C:\Program Files\Intel\Intel(R) Management Engine Components\IPT;C:\Program Files\Intel\WiFi\bin\;C:\Program Files\Common Files\Intel\WirelessCommon\;C:\Program Files\dotnet\;C:\Program Files (x86)\Windows Kits\10\Windows Performance Toolkit\;C:\Program Files (x86)\Windows Kits\10\Microsoft Application Virtualization\Sequencer\;C:\Program Files (x86)\Windows Kits\8.1\Windows Performance Toolkit\;C:\JAVA\jdk\bin;C:\JAVA\jdk\jre\bin;C:\Program Files\Git\cmd;C:\Program Files (x86)\Microsoft SQL Server\150\DTS\Binn\;C:\Program Files\Microsoft SQL Server\Client SDK\ODBC\170\Tools\Binn\;C:\Program Files (x86)\Microsoft SQL Server\150\Tools\Binn\;C:\Program Files\Microsoft SQL Server\150\Tools\Binn\;C:\Program Files\Microsoft SQL Server\150\DTS\Binn\;C:\Program Files\nodejs\;C:\Users\user\AppData\Local\Programs\Python\Python38-32\Scripts\;C:\Users\user\AppData\Local\Programs\Python\Python38-32\;C:\Users\user\AppData\Local\Microsoft\WindowsApps;C:\Program Files\Intel\WiFi\bin\;C:\Program Files\Common Files\Intel\WirelessCommon\;C:\Program Files\Bandizip\;C:\Users\user\AppData\Local\Programs\Microsoft VS Code\bin;C:\Program Files\JetBrains\IntelliJ IDEA 2019.2.3\bin;C:\Users\user\AppData\Roaming\npm
USERNAME=20191308NSG
OS=Windows_NT
PROCESSOR_IDENTIFIER=Intel64 Family 6 Model 158 Stepping 10, GenuineIntel



---------------  S Y S T E M  ---------------

OS: Windows 10.0 , 64 bit Build 18362 (10.0.18362.900)

CPU:total 12 (initial active 12) (6 cores per cpu, 2 threads per core) family 6 model 158 stepping 10, cmov, cx8, fxsr, mmx, sse, sse2, sse3, ssse3, sse4.1, sse4.2, popcnt, avx, avx2, aes, clmul, erms, rtm, 3dnowpref, lzcnt, ht, tsc, tscinvbit, bmi1, bmi2, adx

Memory: 4k page, physical 8264744k(384360k free), swap 12164136k(492k free)

vm_info: OpenJDK 64-Bit Server VM (25.212-b04) for windows-amd64 JRE (1.8.0_212-release-1586-b04), built by "builder" with MS VC++ 10.0 (VS2010)

time: Thu Jun 11 15:21:04 2020
timezone: 대한민국 표준시
elapsed time: 2476 seconds (0d 0h 41m 16s)

