#
# There is insufficient memory for the Java Runtime Environment to continue.
# Native memory allocation (malloc) failed to allocate 42576 bytes for Chunk::new
# Possible reasons:
#   The system is out of physical RAM or swap space
#   The process is running with CompressedOops enabled, and the Java Heap may be blocking the growth of the native heap
# Possible solutions:
#   Reduce memory load on the system
#   Increase physical memory or swap space
#   Check if swap backing store is full
#   Decrease Java heap size (-Xmx/-Xms)
#   Decrease number of Java threads
#   Decrease Java thread stack sizes (-Xss)
#   Set larger code cache with -XX:ReservedCodeCacheSize=
#   JVM is running with Unscaled Compressed Oops mode in which the Java heap is
#     placed in the first 4GB address space. The Java Heap base address is the
#     maximum limit for the native heap growth. Please use -XX:HeapBaseMinAddress
#     to set the Java Heap base and to place the Java Heap above 4GB virtual address.
# This output file may be truncated or incomplete.
#
#  Out of Memory Error (allocation.cpp:389), pid=24920, tid=0x0000000000004344
#
# JRE version: OpenJDK Runtime Environment (8.0_202-b03) (build 1.8.0_202-release-1483-b03)
# Java VM: OpenJDK 64-Bit Server VM (25.202-b03 mixed mode windows-amd64 compressed oops)
# Failed to write core dump. Minidumps are not enabled by default on client versions of Windows
#

---------------  T H R E A D  ---------------

Current thread (0x0000000018e5a800):  JavaThread "C2 CompilerThread1" daemon [_thread_in_native, id=17220, stack(0x000000001a450000,0x000000001a550000)]

Stack: [0x000000001a450000,0x000000001a550000]
[error occurred during error reporting (printing stack bounds), id 0xc0000005]

Native frames: (J=compiled Java code, j=interpreted, Vv=VM code, C=native code)


Current CompileTask:
C2:  16087 8916       4       sun.security.provider.DigestBase::engineDigest (112 bytes)


---------------  P R O C E S S  ---------------

Java Threads: ( => current thread )
  0x00000000190dd800 JavaThread "WorkerExecutor Queue Thread 8" [_thread_blocked, id=36816, stack(0x0000000028ac0000,0x0000000028bc0000)]
  0x00000000190e4800 JavaThread "WorkerExecutor Queue Thread 7" [_thread_blocked, id=31220, stack(0x00000000289c0000,0x0000000028ac0000)]
  0x00000000190e1800 JavaThread "WorkerExecutor Queue Thread 6" [_thread_blocked, id=35168, stack(0x00000000286c0000,0x00000000287c0000)]
  0x00000000190e0800 JavaThread "WorkerExecutor Queue Thread 5" [_thread_blocked, id=2512, stack(0x00000000285c0000,0x00000000286c0000)]
  0x00000000190e0000 JavaThread "WorkerExecutor Queue Thread 4" [_thread_blocked, id=27124, stack(0x00000000284c0000,0x00000000285c0000)]
  0x00000000190e3800 JavaThread "WorkerExecutor Queue Thread 3" [_thread_blocked, id=36808, stack(0x00000000283c0000,0x00000000284c0000)]
  0x00000000190e3000 JavaThread "WorkerExecutor Queue Thread 2" [_thread_blocked, id=4300, stack(0x0000000027ef0000,0x0000000027ff0000)]
  0x00000000190dd000 JavaThread "WorkerExecutor Queue" [_thread_blocked, id=13804, stack(0x0000000027c80000,0x0000000027d80000)]
  0x0000000022c60000 JavaThread "Cache worker for execution history cache (C:\Users\user\AndroidStudioProjects\BoardTimer\.gradle\5.4.1\executionHistory)" [_thread_blocked, id=19160, stack(0x00000000280c0000,0x00000000281c0000)]
  0x0000000022c5e000 JavaThread "Execution worker for ':' Thread 11" [_thread_blocked, id=17456, stack(0x0000000027b80000,0x0000000027c80000)]
  0x0000000022c63000 JavaThread "Execution worker for ':' Thread 10" [_thread_blocked, id=13232, stack(0x0000000027a80000,0x0000000027b80000)]
  0x0000000022c5e800 JavaThread "Execution worker for ':' Thread 9" [_thread_blocked, id=14584, stack(0x0000000027980000,0x0000000027a80000)]
  0x0000000022c61000 JavaThread "Execution worker for ':' Thread 8" [_thread_blocked, id=11968, stack(0x0000000027880000,0x0000000027980000)]
  0x0000000022c5f800 JavaThread "Execution worker for ':' Thread 7" [_thread_blocked, id=23544, stack(0x0000000027780000,0x0000000027880000)]
  0x0000000022c64000 JavaThread "Execution worker for ':' Thread 6" [_thread_blocked, id=34320, stack(0x0000000027680000,0x0000000027780000)]
  0x0000000022c62800 JavaThread "Execution worker for ':' Thread 5" [_thread_blocked, id=21724, stack(0x0000000027580000,0x0000000027680000)]
  0x0000000022c55800 JavaThread "Execution worker for ':' Thread 4" [_thread_blocked, id=24636, stack(0x0000000027480000,0x0000000027580000)]
  0x0000000022c5b800 JavaThread "Execution worker for ':' Thread 3" [_thread_in_native, id=33292, stack(0x0000000027380000,0x0000000027480000)]
  0x0000000022c59800 JavaThread "Execution worker for ':' Thread 2" [_thread_blocked, id=20308, stack(0x0000000027280000,0x0000000027380000)]
  0x0000000022c5b000 JavaThread "Execution worker for ':'" [_thread_blocked, id=14396, stack(0x0000000027180000,0x0000000027280000)]
  0x0000000022c58800 JavaThread "Cache worker for file content cache (C:\Users\user\AndroidStudioProjects\BoardTimer\.gradle\5.4.1\fileContent)" [_thread_blocked, id=24456, stack(0x0000000026840000,0x0000000026940000)]
  0x0000000022c56800 JavaThread "Cache worker for file content cache (C:\Users\user\.gradle\caches\5.4.1\fileContent)" [_thread_blocked, id=23640, stack(0x0000000026740000,0x0000000026840000)]
  0x0000000022c58000 JavaThread "Memory manager" [_thread_blocked, id=33052, stack(0x0000000025040000,0x0000000025140000)]
  0x0000000021c41800 JavaThread "Cache worker for Build Output Cleanup Cache (C:\Users\user\AndroidStudioProjects\BoardTimer\.gradle\buildOutputCleanup)" [_thread_blocked, id=15112, stack(0x0000000024d40000,0x0000000024e40000)]
  0x0000000021c44000 JavaThread "Build operations Thread 12" [_thread_blocked, id=12660, stack(0x0000000024640000,0x0000000024740000)]
  0x0000000021c43000 JavaThread "Build operations Thread 11" [_thread_blocked, id=5296, stack(0x0000000024540000,0x0000000024640000)]
  0x0000000021c45800 JavaThread "Build operations Thread 10" [_thread_blocked, id=23248, stack(0x0000000024440000,0x0000000024540000)]
  0x0000000021c40000 JavaThread "Build operations Thread 9" [_thread_blocked, id=34084, stack(0x0000000024340000,0x0000000024440000)]
  0x0000000021c37800 JavaThread "Build operations Thread 8" [_thread_blocked, id=28200, stack(0x0000000024240000,0x0000000024340000)]
  0x0000000021c3c000 JavaThread "Build operations Thread 7" [_thread_blocked, id=30792, stack(0x0000000024140000,0x0000000024240000)]
  0x0000000021c3d800 JavaThread "Build operations Thread 6" [_thread_blocked, id=30356, stack(0x0000000024040000,0x0000000024140000)]
  0x0000000021c3e800 JavaThread "Build operations Thread 5" [_thread_blocked, id=34012, stack(0x0000000023f40000,0x0000000024040000)]
  0x0000000021c3b800 JavaThread "Build operations Thread 4" [_thread_blocked, id=2464, stack(0x0000000023be0000,0x0000000023ce0000)]
  0x0000000021c38800 JavaThread "Build operations Thread 3" [_thread_blocked, id=21652, stack(0x0000000023ae0000,0x0000000023be0000)]
  0x0000000021c36000 JavaThread "Build operations Thread 2" [_thread_blocked, id=27364, stack(0x00000000239e0000,0x0000000023ae0000)]
  0x0000000021c3a000 JavaThread "Build operations" [_thread_blocked, id=6208, stack(0x00000000238e0000,0x00000000239e0000)]
  0x0000000021c3a800 JavaThread "Cache worker for execution history cache (C:\Users\user\.gradle\caches\5.4.1\executionHistory)" [_thread_blocked, id=2924, stack(0x00000000237e0000,0x00000000238e0000)]
  0x0000000021c37000 JavaThread "Cache worker for cache directory md-rule (C:\Users\user\.gradle\caches\5.4.1\md-rule)" [_thread_blocked, id=26584, stack(0x0000000020970000,0x0000000020a70000)]
  0x0000000021c3d000 JavaThread "Cache worker for cache directory md-supplier (C:\Users\user\.gradle\caches\5.4.1\md-supplier)" [_thread_blocked, id=32312, stack(0x0000000020c50000,0x0000000020d50000)]
  0x0000000018ed7800 JavaThread "Cache worker for file hash cache (C:\Users\user\AndroidStudioProjects\BoardTimer\.gradle\5.4.1\fileHashes)" [_thread_blocked, id=20588, stack(0x0000000020b50000,0x0000000020c50000)]
  0x0000000018ed9800 JavaThread "Cache worker for journal cache (C:\Users\user\.gradle\caches\journal-1)" [_thread_blocked, id=17608, stack(0x000000001d500000,0x000000001d600000)]
  0x0000000018ed3800 JavaThread "File lock request listener" [_thread_in_native, id=12056, stack(0x000000001d400000,0x000000001d500000)]
  0x0000000018ed9000 JavaThread "Cache worker for file hash cache (C:\Users\user\.gradle\caches\5.4.1\fileHashes)" [_thread_blocked, id=36708, stack(0x000000001d100000,0x000000001d200000)]
  0x000000001b04e800 JavaThread "Thread-9" [_thread_blocked, id=27956, stack(0x000000001d000000,0x000000001d100000)]
  0x000000001abc6000 JavaThread "Stdin handler" [_thread_blocked, id=16660, stack(0x000000001cf00000,0x000000001d000000)]
  0x000000001abc5000 JavaThread "Asynchronous log dispatcher for DefaultDaemonConnection: socket connection from /127.0.0.1:12519 to /127.0.0.1:12520" [_thread_blocked, id=29012, stack(0x000000001ce00000,0x000000001cf00000)]
  0x000000001aadd800 JavaThread "Daemon worker" [_thread_blocked, id=32048, stack(0x000000001cd00000,0x000000001ce00000)]
  0x0000000019173000 JavaThread "Cancel handler" [_thread_blocked, id=6340, stack(0x000000001cb00000,0x000000001cc00000)]
  0x000000001abb0800 JavaThread "Handler for socket connection from /127.0.0.1:12519 to /127.0.0.1:12520" [_thread_in_native, id=21596, stack(0x000000001c800000,0x000000001c900000)]
  0x000000001aa12000 JavaThread "Daemon" [_thread_blocked, id=30552, stack(0x000000001c700000,0x000000001c800000)]
  0x000000001a9aa800 JavaThread "Daemon periodic checks" [_thread_blocked, id=3404, stack(0x000000001c600000,0x000000001c700000)]
  0x000000001a9a9000 JavaThread "Incoming local TCP Connector on port 12519" [_thread_in_native, id=35440, stack(0x000000001c420000,0x000000001c520000)]
  0x000000001bc9c800 JavaThread "Daemon health stats" [_thread_blocked, id=21584, stack(0x000000001c120000,0x000000001c220000)]
  0x0000000018e69000 JavaThread "Service Thread" daemon [_thread_blocked, id=19664, stack(0x000000001a750000,0x000000001a850000)]
  0x0000000018e63800 JavaThread "C1 CompilerThread3" daemon [_thread_blocked, id=15400, stack(0x000000001a650000,0x000000001a750000)]
  0x0000000018e5f800 JavaThread "C2 CompilerThread2" daemon [_thread_blocked, id=27240, stack(0x000000001a550000,0x000000001a650000)]
=>0x0000000018e5a800 JavaThread "C2 CompilerThread1" daemon [_thread_in_native, id=17220, stack(0x000000001a450000,0x000000001a550000)]
  0x0000000018dfd800 JavaThread "C2 CompilerThread0" daemon [_thread_blocked, id=33664, stack(0x000000001a350000,0x000000001a450000)]
  0x0000000018dfb000 JavaThread "Attach Listener" daemon [_thread_blocked, id=13908, stack(0x000000001a250000,0x000000001a350000)]
  0x0000000018e52000 JavaThread "Signal Dispatcher" daemon [_thread_blocked, id=35588, stack(0x000000001a150000,0x000000001a250000)]
  0x000000000375a000 JavaThread "Finalizer" daemon [_thread_blocked, id=13168, stack(0x000000001a050000,0x000000001a150000)]
  0x0000000018de3000 JavaThread "Reference Handler" daemon [_thread_blocked, id=34252, stack(0x0000000019f50000,0x000000001a050000)]
  0x000000000355e000 JavaThread "main" [_thread_blocked, id=36204, stack(0x0000000003560000,0x0000000003660000)]

Other Threads:
  0x0000000017715800 VMThread [stack: 0x0000000019e50000,0x0000000019f50000] [id=16400]
  0x0000000018e6a000 WatcherThread [stack: 0x000000001a850000,0x000000001a950000] [id=15104]

VM state:not at safepoint (normal execution)

VM Mutex/Monitor currently owned by a thread: None

heap address: 0x00000000a0000000, size: 1536 MB, Compressed Oops mode: 32-bit
Narrow klass base: 0x0000000000000000, Narrow klass shift: 3
Compressed class space size: 1073741824 Address: 0x0000000100000000

Heap:
 PSYoungGen      total 217088K, used 130103K [0x00000000e0000000, 0x00000000eeb80000, 0x0000000100000000)
  eden space 198144K, 58% used [0x00000000e0000000,0x00000000e70c1960,0x00000000ec180000)
  from space 18944K, 77% used [0x00000000ed500000,0x00000000ee34c528,0x00000000ee780000)
  to   space 19968K, 0% used [0x00000000ec180000,0x00000000ec180000,0x00000000ed500000)
 ParOldGen       total 128000K, used 36386K [0x00000000a0000000, 0x00000000a7d00000, 0x00000000e0000000)
  object space 128000K, 28% used [0x00000000a0000000,0x00000000a2388a40,0x00000000a7d00000)
 Metaspace       used 68821K, capacity 73074K, committed 73304K, reserved 1112064K
  class space    used 9556K, capacity 10318K, committed 10368K, reserved 1048576K

Card table byte_map: [0x0000000012b20000,0x0000000012e30000] byte_map_base: 0x0000000012620000

Marking Bits: (ParMarkBitMap*) 0x0000000052249f30
 Begin Bits: [0x0000000013a30000, 0x0000000015230000)
 End Bits:   [0x0000000015230000, 0x0000000016a30000)

Polling page: 0x0000000001930000

CodeCache: size=245760Kb used=24191Kb max_used=24191Kb free=221568Kb
 bounds [0x0000000003760000, 0x0000000004f20000, 0x0000000012760000]
 total_blobs=8778 nmethods=7963 adapters=727
 compilation: enabled

Compilation events (10 events):
Event: 15.895 Thread 0x0000000018e63800 nmethod 8911 0x0000000004f173d0 code [0x0000000004f17520, 0x0000000004f17630]
Event: 15.895 Thread 0x0000000018e63800 8912       3       org.gradle.cache.internal.btree.FileBackedBlockStore$BlockImpl::getSize (27 bytes)
Event: 15.895 Thread 0x0000000018e63800 nmethod 8912 0x0000000004f16e90 code [0x0000000004f17000, 0x0000000004f17308]
Event: 15.915 Thread 0x0000000018e63800 8913       3       com.google.common.cache.LocalCache$Segment::enqueueNotification (67 bytes)
Event: 15.916 Thread 0x0000000018e63800 nmethod 8913 0x0000000004f15fd0 code [0x0000000004f161a0, 0x0000000004f16998]
Event: 15.916 Thread 0x0000000018e63800 8914       3       com.google.common.cache.LocalCache$StrongValueReference::notifyNewValue (1 bytes)
Event: 15.916 Thread 0x0000000018e63800 nmethod 8914 0x0000000004f18f50 code [0x0000000004f190a0, 0x0000000004f191f0]
Event: 15.928 Thread 0x0000000018e63800 8915       1       org.gradle.api.internal.changedetection.state.CachingFileHasher$FileInfo::access$300 (5 bytes)
Event: 15.928 Thread 0x0000000018e63800 nmethod 8915 0x0000000004f19290 code [0x0000000004f193e0, 0x0000000004f194d0]
Event: 16.074 Thread 0x0000000018e5a800 8916       4       sun.security.provider.DigestBase::engineDigest (112 bytes)

GC Heap History (10 events):
Event: 8.223 GC heap before
{Heap before GC invocations=11 (full 2):
 PSYoungGen      total 130560K, used 9730K [0x00000000e0000000, 0x00000000ec480000, 0x0000000100000000)
  eden space 119808K, 0% used [0x00000000e0000000,0x00000000e0000000,0x00000000e7500000)
  from space 10752K, 90% used [0x00000000e7500000,0x00000000e7e80a30,0x00000000e7f80000)
  to   space 11776K, 0% used [0x00000000eb900000,0x00000000eb900000,0x00000000ec480000)
 ParOldGen       total 53248K, used 8623K [0x00000000a0000000, 0x00000000a3400000, 0x00000000e0000000)
  object space 53248K, 16% used [0x00000000a0000000,0x00000000a086bc68,0x00000000a3400000)
 Metaspace       used 34618K, capacity 35432K, committed 35456K, reserved 1079296K
  class space    used 4782K, capacity 4976K, committed 4992K, reserved 1048576K
Event: 8.283 GC heap after
Heap after GC invocations=11 (full 2):
 PSYoungGen      total 130560K, used 0K [0x00000000e0000000, 0x00000000ec480000, 0x0000000100000000)
  eden space 119808K, 0% used [0x00000000e0000000,0x00000000e0000000,0x00000000e7500000)
  from space 10752K, 0% used [0x00000000e7500000,0x00000000e7500000,0x00000000e7f80000)
  to   space 11776K, 0% used [0x00000000eb900000,0x00000000eb900000,0x00000000ec480000)
 ParOldGen       total 80384K, used 16738K [0x00000000a0000000, 0x00000000a4e80000, 0x00000000e0000000)
  object space 80384K, 20% used [0x00000000a0000000,0x00000000a10588e0,0x00000000a4e80000)
 Metaspace       used 34581K, capacity 35312K, committed 35456K, reserved 1079296K
  class space    used 4771K, capacity 4956K, committed 4992K, reserved 1048576K
}
Event: 9.598 GC heap before
{Heap before GC invocations=12 (full 2):
 PSYoungGen      total 130560K, used 119808K [0x00000000e0000000, 0x00000000ec480000, 0x0000000100000000)
  eden space 119808K, 100% used [0x00000000e0000000,0x00000000e7500000,0x00000000e7500000)
  from space 10752K, 0% used [0x00000000e7500000,0x00000000e7500000,0x00000000e7f80000)
  to   space 11776K, 0% used [0x00000000eb900000,0x00000000eb900000,0x00000000ec480000)
 ParOldGen       total 80384K, used 16738K [0x00000000a0000000, 0x00000000a4e80000, 0x00000000e0000000)
  object space 80384K, 20% used [0x00000000a0000000,0x00000000a10588e0,0x00000000a4e80000)
 Metaspace       used 45533K, capacity 46620K, committed 46976K, reserved 1089536K
  class space    used 6140K, capacity 6419K, committed 6528K, reserved 1048576K
Event: 9.610 GC heap after
Heap after GC invocations=12 (full 2):
 PSYoungGen      total 166912K, used 11773K [0x00000000e0000000, 0x00000000ec480000, 0x0000000100000000)
  eden space 155136K, 0% used [0x00000000e0000000,0x00000000e0000000,0x00000000e9780000)
  from space 11776K, 99% used [0x00000000eb900000,0x00000000ec47f4e0,0x00000000ec480000)
  to   space 14336K, 0% used [0x00000000ea880000,0x00000000ea880000,0x00000000eb680000)
 ParOldGen       total 80384K, used 20542K [0x00000000a0000000, 0x00000000a4e80000, 0x00000000e0000000)
  object space 80384K, 25% used [0x00000000a0000000,0x00000000a140fbb8,0x00000000a4e80000)
 Metaspace       used 45533K, capacity 46620K, committed 46976K, reserved 1089536K
  class space    used 6140K, capacity 6419K, committed 6528K, reserved 1048576K
}
Event: 11.214 GC heap before
{Heap before GC invocations=13 (full 2):
 PSYoungGen      total 166912K, used 145636K [0x00000000e0000000, 0x00000000ec480000, 0x0000000100000000)
  eden space 155136K, 86% used [0x00000000e0000000,0x00000000e82b9bb8,0x00000000e9780000)
  from space 11776K, 99% used [0x00000000eb900000,0x00000000ec47f4e0,0x00000000ec480000)
  to   space 14336K, 0% used [0x00000000ea880000,0x00000000ea880000,0x00000000eb680000)
 ParOldGen       total 80384K, used 20542K [0x00000000a0000000, 0x00000000a4e80000, 0x00000000e0000000)
  object space 80384K, 25% used [0x00000000a0000000,0x00000000a140fbb8,0x00000000a4e80000)
 Metaspace       used 57230K, capacity 58890K, committed 59096K, reserved 1099776K
  class space    used 7778K, capacity 8162K, committed 8192K, reserved 1048576K
Event: 11.233 GC heap after
Heap after GC invocations=13 (full 2):
 PSYoungGen      total 186880K, used 14314K [0x00000000e0000000, 0x00000000ee780000, 0x0000000100000000)
  eden space 172544K, 0% used [0x00000000e0000000,0x00000000e0000000,0x00000000ea880000)
  from space 14336K, 99% used [0x00000000ea880000,0x00000000eb67a928,0x00000000eb680000)
  to   space 18944K, 0% used [0x00000000ed500000,0x00000000ed500000,0x00000000ee780000)
 ParOldGen       total 80384K, used 28808K [0x00000000a0000000, 0x00000000a4e80000, 0x00000000e0000000)
  object space 80384K, 35% used [0x00000000a0000000,0x00000000a1c22208,0x00000000a4e80000)
 Metaspace       used 57230K, capacity 58890K, committed 59096K, reserved 1099776K
  class space    used 7778K, capacity 8162K, committed 8192K, reserved 1048576K
}
Event: 11.233 GC heap before
{Heap before GC invocations=14 (full 3):
 PSYoungGen      total 186880K, used 14314K [0x00000000e0000000, 0x00000000ee780000, 0x0000000100000000)
  eden space 172544K, 0% used [0x00000000e0000000,0x00000000e0000000,0x00000000ea880000)
  from space 14336K, 99% used [0x00000000ea880000,0x00000000eb67a928,0x00000000eb680000)
  to   space 18944K, 0% used [0x00000000ed500000,0x00000000ed500000,0x00000000ee780000)
 ParOldGen       total 80384K, used 28808K [0x00000000a0000000, 0x00000000a4e80000, 0x00000000e0000000)
  object space 80384K, 35% used [0x00000000a0000000,0x00000000a1c22208,0x00000000a4e80000)
 Metaspace       used 57230K, capacity 58890K, committed 59096K, reserved 1099776K
  class space    used 7778K, capacity 8162K, committed 8192K, reserved 1048576K
Event: 11.449 GC heap after
Heap after GC invocations=14 (full 3):
 PSYoungGen      total 186880K, used 0K [0x00000000e0000000, 0x00000000ee780000, 0x0000000100000000)
  eden space 172544K, 0% used [0x00000000e0000000,0x00000000e0000000,0x00000000ea880000)
  from space 14336K, 0% used [0x00000000ea880000,0x00000000ea880000,0x00000000eb680000)
  to   space 18944K, 0% used [0x00000000ed500000,0x00000000ed500000,0x00000000ee780000)
 ParOldGen       total 128000K, used 36378K [0x00000000a0000000, 0x00000000a7d00000, 0x00000000e0000000)
  object space 128000K, 28% used [0x00000000a0000000,0x00000000a2386a40,0x00000000a7d00000)
 Metaspace       used 57230K, capacity 58890K, committed 59096K, reserved 1099776K
  class space    used 7778K, capacity 8162K, committed 8192K, reserved 1048576K
}
Event: 13.806 GC heap before
{Heap before GC invocations=15 (full 3):
 PSYoungGen      total 186880K, used 172544K [0x00000000e0000000, 0x00000000ee780000, 0x0000000100000000)
  eden space 172544K, 100% used [0x00000000e0000000,0x00000000ea880000,0x00000000ea880000)
  from space 14336K, 0% used [0x00000000ea880000,0x00000000ea880000,0x00000000eb680000)
  to   space 18944K, 0% used [0x00000000ed500000,0x00000000ed500000,0x00000000ee780000)
 ParOldGen       total 128000K, used 36378K [0x00000000a0000000, 0x00000000a7d00000, 0x00000000e0000000)
  object space 128000K, 28% used [0x00000000a0000000,0x00000000a2386a40,0x00000000a7d00000)
 Metaspace       used 62815K, capacity 65404K, committed 65752K, reserved 1105920K
  class space    used 8572K, capacity 9115K, committed 9216K, reserved 1048576K
Event: 13.828 GC heap after
Heap after GC invocations=15 (full 3):
 PSYoungGen      total 217088K, used 14641K [0x00000000e0000000, 0x00000000eeb80000, 0x0000000100000000)
  eden space 198144K, 0% used [0x00000000e0000000,0x00000000e0000000,0x00000000ec180000)
  from space 18944K, 77% used [0x00000000ed500000,0x00000000ee34c528,0x00000000ee780000)
  to   space 19968K, 0% used [0x00000000ec180000,0x00000000ec180000,0x00000000ed500000)
 ParOldGen       total 128000K, used 36386K [0x00000000a0000000, 0x00000000a7d00000, 0x00000000e0000000)
  object space 128000K, 28% used [0x00000000a0000000,0x00000000a2388a40,0x00000000a7d00000)
 Metaspace       used 62815K, capacity 65404K, committed 65752K, reserved 1105920K
  class space    used 8572K, capacity 9115K, committed 9216K, reserved 1048576K
}

Deoptimization events (10 events):
Event: 14.627 Thread 0x00000000190e3800 Uncommon trap: reason=bimorphic action=maybe_recompile pc=0x0000000004e5ef9c method=com.android.tools.r8.graph.DexItemFactory.a(Lcom/android/tools/r8/naming/NamingLens;Lcom/android/tools/r8/graph/M;Lcom/android/tools/r8/graph/M;)I @ 3
Event: 14.629 Thread 0x00000000190e3800 Uncommon trap: reason=predicate action=maybe_recompile pc=0x0000000004dffc08 method=java.util.TimSort.binarySort([Ljava/lang/Object;IIILjava/util/Comparator;)V @ 37
Event: 14.633 Thread 0x00000000190e0800 Uncommon trap: reason=predicate action=maybe_recompile pc=0x0000000004e667b8 method=java.util.AbstractCollection.toArray([Ljava/lang/Object;)[Ljava/lang/Object; @ 49
Event: 14.653 Thread 0x00000000190e3800 Uncommon trap: reason=unstable_if action=reinterpret pc=0x0000000004decc54 method=java.util.stream.ReferencePipeline.forEachWithCancel(Ljava/util/Spliterator;Ljava/util/stream/Sink;)V @ 6
Event: 14.850 Thread 0x0000000022c5b800 Uncommon trap: reason=unstable_if action=reinterpret pc=0x000000000410ce54 method=com.google.common.collect.MapMakerInternalMap$Segment.getEntry(Ljava/lang/Object;I)Lcom/google/common/collect/MapMakerInternalMap$InternalEntry; @ 40
Event: 14.881 Thread 0x000000001a9aa800 Uncommon trap: reason=class_check action=maybe_recompile pc=0x00000000049107e4 method=org.gradle.internal.serialize.AbstractDecoder.readBytes([B)V @ 5
Event: 14.881 Thread 0x000000001a9aa800 Uncommon trap: reason=class_check action=maybe_recompile pc=0x00000000049107e4 method=org.gradle.internal.serialize.AbstractDecoder.readBytes([B)V @ 5
Event: 14.881 Thread 0x000000001a9aa800 Uncommon trap: reason=class_check action=maybe_recompile pc=0x00000000049107e4 method=org.gradle.internal.serialize.AbstractDecoder.readBytes([B)V @ 5
Event: 14.881 Thread 0x000000001a9aa800 Uncommon trap: reason=class_check action=maybe_recompile pc=0x00000000049107e4 method=org.gradle.internal.serialize.AbstractDecoder.readBytes([B)V @ 5
Event: 14.884 Thread 0x000000001a9aa800 Uncommon trap: reason=speculate_class_check action=maybe_recompile pc=0x0000000004c9d358 method=java.util.AbstractList.listIterator()Ljava/util/ListIterator; @ 2

Classes redefined (0 events):
No events

Internal exceptions (10 events):
Event: 14.815 Thread 0x00000000190e3800 Exception <a 'sun/nio/fs/WindowsException'> (0x00000000e6b01b68) thrown at [D:\src\AOSP-openjdk-cygwin\jdk8u\hotspot\src\share\vm\prims\jni.cpp, line 710]
Event: 14.818 Thread 0x00000000190e3800 Exception <a 'sun/nio/fs/WindowsException'> (0x00000000e6b084b0) thrown at [D:\src\AOSP-openjdk-cygwin\jdk8u\hotspot\src\share\vm\prims\jni.cpp, line 710]
Event: 14.820 Thread 0x00000000190e3800 Exception <a 'sun/nio/fs/WindowsException'> (0x00000000e6b0ebd0) thrown at [D:\src\AOSP-openjdk-cygwin\jdk8u\hotspot\src\share\vm\prims\jni.cpp, line 710]
Event: 14.824 Thread 0x00000000190e3800 Exception <a 'sun/nio/fs/WindowsException'> (0x00000000e6b160a8) thrown at [D:\src\AOSP-openjdk-cygwin\jdk8u\hotspot\src\share\vm\prims\jni.cpp, line 710]
Event: 14.829 Thread 0x00000000190e3800 Exception <a 'sun/nio/fs/WindowsException'> (0x00000000e6b1c618) thrown at [D:\src\AOSP-openjdk-cygwin\jdk8u\hotspot\src\share\vm\prims\jni.cpp, line 710]
Event: 14.833 Thread 0x00000000190e3800 Exception <a 'sun/nio/fs/WindowsException'> (0x00000000e6b2e350) thrown at [D:\src\AOSP-openjdk-cygwin\jdk8u\hotspot\src\share\vm\prims\jni.cpp, line 710]
Event: 14.835 Thread 0x00000000190e3800 Exception <a 'sun/nio/fs/WindowsException'> (0x00000000e6b34998) thrown at [D:\src\AOSP-openjdk-cygwin\jdk8u\hotspot\src\share\vm\prims\jni.cpp, line 710]
Event: 14.838 Thread 0x00000000190e3800 Exception <a 'sun/nio/fs/WindowsException'> (0x00000000e6d00698) thrown at [D:\src\AOSP-openjdk-cygwin\jdk8u\hotspot\src\share\vm\prims\jni.cpp, line 710]
Event: 14.841 Thread 0x00000000190e3800 Exception <a 'sun/nio/fs/WindowsException'> (0x00000000e6d06d98) thrown at [D:\src\AOSP-openjdk-cygwin\jdk8u\hotspot\src\share\vm\prims\jni.cpp, line 710]
Event: 14.850 Thread 0x0000000022c5b800 Implicit null exception at 0x000000000410b0e7 to 0x000000000410ce2d

Events (10 events):
Event: 14.884 loading class com/google/common/collect/Lists$TransformingSequentialList$1
Event: 14.884 loading class com/google/common/collect/Lists$TransformingSequentialList$1 done
Event: 14.884 loading class com/google/common/collect/TransformedListIterator
Event: 14.884 loading class com/google/common/collect/TransformedListIterator done
Event: 15.446 loading class org/gradle/workers/internal/WorkerDaemonExpiration$SimpleMemoryExpirationSelector
Event: 15.446 loading class org/gradle/workers/internal/WorkerDaemonExpiration$SimpleMemoryExpirationSelector done
Event: 15.447 loading class org/gradle/workers/internal/WorkerDaemonClientsManager$1
Event: 15.447 loading class org/gradle/workers/internal/WorkerDaemonClientsManager$1 done
Event: 15.447 loading class org/gradle/process/internal/health/memory/JvmMemoryStatusSnapshot
Event: 15.447 loading class org/gradle/process/internal/health/memory/JvmMemoryStatusSnapshot done


Dynamic libraries:
0x00007ff6a8240000 - 0x00007ff6a8271000 	C:\Program Files\Android\Android Studio\jre\bin\java.exe
0x00007ffdf1300000 - 0x00007ffdf14f0000 	C:\WINDOWS\SYSTEM32\ntdll.dll
0x00007ffdf1020000 - 0x00007ffdf10d2000 	C:\WINDOWS\System32\KERNEL32.DLL
0x00007ffdeee50000 - 0x00007ffdef0f3000 	C:\WINDOWS\System32\KERNELBASE.dll
0x00007ffdb0b70000 - 0x00007ffdb0c8d000 	C:\WINDOWS\System32\AppCheck64.dll
0x00007ffdefba0000 - 0x00007ffdefc43000 	C:\WINDOWS\System32\ADVAPI32.dll
0x00007ffdefc60000 - 0x00007ffdefcfe000 	C:\WINDOWS\System32\msvcrt.dll
0x00007ffdf1150000 - 0x00007ffdf11e7000 	C:\WINDOWS\System32\sechost.dll
0x00007ffdefdc0000 - 0x00007ffdefee0000 	C:\WINDOWS\System32\RPCRT4.dll
0x00007ffdf0520000 - 0x00007ffdf06b4000 	C:\WINDOWS\System32\USER32.dll
0x00007ffdeee20000 - 0x00007ffdeee41000 	C:\WINDOWS\System32\win32u.dll
0x00007ffdf0a90000 - 0x00007ffdf0ab6000 	C:\WINDOWS\System32\GDI32.dll
0x00007ffdee460000 - 0x00007ffdee5f4000 	C:\WINDOWS\System32\gdi32full.dll
0x00007ffdef2b0000 - 0x00007ffdef34e000 	C:\WINDOWS\System32\msvcp_win.dll
0x00007ffdef1b0000 - 0x00007ffdef2aa000 	C:\WINDOWS\System32\ucrtbase.dll
0x00007ffde8290000 - 0x00007ffde829a000 	C:\WINDOWS\SYSTEM32\VERSION.dll
0x00007ffddd500000 - 0x00007ffddd785000 	C:\WINDOWS\WinSxS\amd64_microsoft.windows.common-controls_6595b64144ccf1df_6.0.18362.778_none_e6c6b761130d4fb8\COMCTL32.dll
0x00007ffdf0750000 - 0x00007ffdf0a86000 	C:\WINDOWS\System32\combase.dll
0x00007ffdeeda0000 - 0x00007ffdeee20000 	C:\WINDOWS\System32\bcryptPrimitives.dll
0x00007ffdefaa0000 - 0x00007ffdeface000 	C:\WINDOWS\System32\IMM32.DLL
0x00000000519a0000 - 0x0000000051a72000 	C:\Program Files\Android\Android Studio\jre\jre\bin\msvcr100.dll
0x0000000051a80000 - 0x00000000522c6000 	C:\Program Files\Android\Android Studio\jre\jre\bin\server\jvm.dll
0x00007ffdefc50000 - 0x00007ffdefc58000 	C:\WINDOWS\System32\PSAPI.DLL
0x00007ffdd7be0000 - 0x00007ffdd7be9000 	C:\WINDOWS\SYSTEM32\WSOCK32.dll
0x00007ffdf0f50000 - 0x00007ffdf0fbf000 	C:\WINDOWS\System32\WS2_32.dll
0x00007ffdebe60000 - 0x00007ffdebe84000 	C:\WINDOWS\SYSTEM32\WINMM.dll
0x00007ffdebe30000 - 0x00007ffdebe5d000 	C:\WINDOWS\SYSTEM32\winmmbase.dll
0x00007ffdee2c0000 - 0x00007ffdee30a000 	C:\WINDOWS\System32\cfgmgr32.dll
0x00007ffdd7960000 - 0x00007ffdd796f000 	C:\Program Files\Android\Android Studio\jre\jre\bin\verify.dll
0x00007ffdb9900000 - 0x00007ffdb9929000 	C:\Program Files\Android\Android Studio\jre\jre\bin\java.dll
0x00007ffdbbbe0000 - 0x00007ffdbbbf6000 	C:\Program Files\Android\Android Studio\jre\jre\bin\zip.dll
0x00007ffdef3b0000 - 0x00007ffdefa95000 	C:\WINDOWS\System32\SHELL32.dll
0x00007ffdf0ac0000 - 0x00007ffdf0b69000 	C:\WINDOWS\System32\shcore.dll
0x00007ffdee600000 - 0x00007ffdeed80000 	C:\WINDOWS\System32\windows.storage.dll
0x00007ffdee1f0000 - 0x00007ffdee213000 	C:\WINDOWS\System32\profapi.dll
0x00007ffdee220000 - 0x00007ffdee26a000 	C:\WINDOWS\System32\powrprof.dll
0x00007ffdee1c0000 - 0x00007ffdee1d0000 	C:\WINDOWS\System32\UMPDC.dll
0x00007ffdefd00000 - 0x00007ffdefd52000 	C:\WINDOWS\System32\shlwapi.dll
0x00007ffdee1d0000 - 0x00007ffdee1e1000 	C:\WINDOWS\System32\kernel.appcore.dll
0x00007ffdeed80000 - 0x00007ffdeed97000 	C:\WINDOWS\System32\cryptsp.dll
0x00007ffdbac80000 - 0x00007ffdbac9a000 	C:\Program Files\Android\Android Studio\jre\jre\bin\net.dll
0x00007ffded9d0000 - 0x00007ffdeda37000 	C:\WINDOWS\system32\mswsock.dll
0x00007ffdbac10000 - 0x00007ffdbac21000 	C:\Program Files\Android\Android Studio\jre\jre\bin\nio.dll
0x00007ffdbaac0000 - 0x00007ffdbaae6000 	C:\Users\user\.gradle\native\29\windows-amd64\native-platform.dll
0x00007ffdd51c0000 - 0x00007ffdd51cd000 	C:\Program Files\Android\Android Studio\jre\jre\bin\management.dll
0x00007ffded540000 - 0x00007ffded573000 	C:\WINDOWS\system32\rsaenh.dll
0x00007ffdee290000 - 0x00007ffdee2b6000 	C:\WINDOWS\System32\bcrypt.dll
0x00007ffdee0e0000 - 0x00007ffdee105000 	C:\WINDOWS\SYSTEM32\USERENV.dll
0x00007ffdedba0000 - 0x00007ffdedbac000 	C:\WINDOWS\SYSTEM32\CRYPTBASE.dll
0x00007ffded6e0000 - 0x00007ffded71a000 	C:\WINDOWS\SYSTEM32\IPHLPAPI.DLL
0x00007ffdf0ec0000 - 0x00007ffdf0ec8000 	C:\WINDOWS\System32\NSI.dll
0x00007ffde64e0000 - 0x00007ffde64f6000 	C:\WINDOWS\SYSTEM32\dhcpcsvc6.DLL
0x00007ffde6790000 - 0x00007ffde67ac000 	C:\WINDOWS\SYSTEM32\dhcpcsvc.DLL
0x00007ffded720000 - 0x00007ffded7ea000 	C:\WINDOWS\SYSTEM32\DNSAPI.dll

VM Arguments:
jvm_args: -Xmx1536m -Dfile.encoding=x-windows-949 -Duser.country=KR -Duser.language=ko -Duser.variant 
java_command: org.gradle.launcher.daemon.bootstrap.GradleDaemon 5.4.1
java_class_path (initial): C:\Users\user\.gradle\wrapper\dists\gradle-5.4.1-all\3221gyojl5jsh0helicew7rwx\gradle-5.4.1\lib\gradle-launcher-5.4.1.jar
Launcher Type: SUN_STANDARD

Environment Variables:
JAVA_HOME=C:\Program Files\Android\Android Studio\jre\jre
PATH=C:\Program Files (x86)\Common Files\Oracle\Java\javapath;C:\Program Files (x86)\Intel\Intel(R) Management Engine Components\iCLS\;C:\Program Files\Intel\Intel(R) Management Engine Components\iCLS\;C:\WINDOWS\system32;C:\WINDOWS;C:\WINDOWS\System32\Wbem;C:\WINDOWS\System32\WindowsPowerShell\v1.0\;C:\WINDOWS\System32\OpenSSH\;C:\Program Files (x86)\Intel\Intel(R) Management Engine Components\DAL;C:\Program Files\Intel\Intel(R) Management Engine Components\DAL;C:\Program Files (x86)\Intel\Intel(R) Management Engine Components\IPT;C:\Program Files\Intel\Intel(R) Management Engine Components\IPT;C:\Program Files\Intel\WiFi\bin\;C:\Program Files\Common Files\Intel\WirelessCommon\;C:\Program Files\dotnet\;C:\Program Files (x86)\Windows Kits\10\Windows Performance Toolkit\;C:\Program Files (x86)\Windows Kits\10\Microsoft Application Virtualization\Sequencer\;C:\Program Files (x86)\Microsoft SQL Server\110\Tools\Binn\;C:\Program Files (x86)\Microsoft SQL Server\110\DTS\Binn\;C:\Program Files (x86)\Windows Kits\8.1\Windows Performance Toolkit\;C:\Program Files\nodejs\;C:\JAVA\jdk\bin;C:\JAVA\jdk\jre\bin;C:\Program Files\Git\cmd;C:\Users\user\AppData\Local\Programs\Python\Python38-32\Scripts\;C:\Users\user\AppData\Local\Programs\Python\Python38-32\;C:\Users\user\AppData\Local\Microsoft\WindowsApps;C:\Program Files\Bandizip\;C:\Users\user\AppData\Local\Programs\Microsoft VS Code\bin;C:\Users\user\AppData\Roaming\npm;C:\Program Files\JetBrains\IntelliJ IDEA 2019.2.3\bin
USERNAME=20191308NSG
OS=Windows_NT
PROCESSOR_IDENTIFIER=Intel64 Family 6 Model 158 Stepping 10, GenuineIntel



---------------  S Y S T E M  ---------------

OS: Windows 10.0 , 64 bit Build 18362 (10.0.18362.778)

CPU:total 12 (initial active 12) (6 cores per cpu, 2 threads per core) family 6 model 158 stepping 10, cmov, cx8, fxsr, mmx, sse, sse2, sse3, ssse3, sse4.1, sse4.2, popcnt, avx, avx2, aes, clmul, erms, rtm, 3dnowpref, lzcnt, ht, tsc, tscinvbit, bmi1, bmi2, adx

Memory: 4k page, physical 8264744k(538232k free), swap 12164136k(280k free)

vm_info: OpenJDK 64-Bit Server VM (25.202-b03) for windows-amd64 JRE (1.8.0_202-release-1483-b03), built by "builder" with MS VC++ 10.0 (VS2010)

time: Mon Apr 20 15:19:23 2020
timezone: 대한민국 표준시
elapsed time: 16 seconds (0d 0h 0m 16s)

