#
# There is insufficient memory for the Java Runtime Environment to continue.
# Native memory allocation (malloc) failed to allocate 1272496 bytes for Chunk::new
# Possible reasons:
#   The system is out of physical RAM or swap space
#   The process is running with CompressedOops enabled, and the Java Heap may be blocking the growth of the native heap
# Possible solutions:
#   Reduce memory load on the system
#   Increase physical memory or swap space
#   Check if swap backing store is full
#   Decrease Java heap size (-Xmx/-Xms)
#   Decrease number of Java threads
#   Decrease Java thread stack sizes (-Xss)
#   Set larger code cache with -XX:ReservedCodeCacheSize=
#   JVM is running with Unscaled Compressed Oops mode in which the Java heap is
#     placed in the first 4GB address space. The Java Heap base address is the
#     maximum limit for the native heap growth. Please use -XX:HeapBaseMinAddress
#     to set the Java Heap base and to place the Java Heap above 4GB virtual address.
# This output file may be truncated or incomplete.
#
#  Out of Memory Error (allocation.cpp:389), pid=3568, tid=0x0000000000004968
#
# JRE version: OpenJDK Runtime Environment (8.0_212-b04) (build 1.8.0_212-release-1586-b04)
# Java VM: OpenJDK 64-Bit Server VM (25.212-b04 mixed mode windows-amd64 compressed oops)
# Failed to write core dump. Minidumps are not enabled by default on client versions of Windows
#

---------------  T H R E A D  ---------------

Current thread (0x0000000018b39800):  JavaThread "C2 CompilerThread1" daemon [_thread_in_native, id=18792, stack(0x000000001a130000,0x000000001a230000)]

Stack: [0x000000001a130000,0x000000001a230000]
[error occurred during error reporting (printing stack bounds), id 0xc0000005]

Native frames: (J=compiled Java code, j=interpreted, Vv=VM code, C=native code)


Current CompileTask:
C2:1733014 24049   !   4       java.nio.file.Files::walkFileTree (355 bytes)


---------------  P R O C E S S  ---------------

Java Threads: ( => current thread )
  0x000000002326e000 JavaThread "Cache worker for execution history cache (C:\Users\user\Downloads\AndroidClassroom-master\AndroidClassroom-master\Chapter10\.gradle\5.6.4\executionHistory)" [_thread_blocked, id=2704, stack(0x0000000029610000,0x0000000029710000)]
  0x0000000023266800 JavaThread "Execution worker for ':' Thread 11" [_thread_blocked, id=16452, stack(0x00000000293f0000,0x00000000294f0000)]
  0x000000002326d000 JavaThread "Execution worker for ':' Thread 10" [_thread_blocked, id=17132, stack(0x0000000028ff0000,0x00000000290f0000)]
  0x0000000023267000 JavaThread "Execution worker for ':' Thread 9" [_thread_blocked, id=4368, stack(0x0000000028ef0000,0x0000000028ff0000)]
  0x0000000023265000 JavaThread "Execution worker for ':' Thread 8" [_thread_blocked, id=108, stack(0x0000000028df0000,0x0000000028ef0000)]
  0x0000000023265800 JavaThread "Execution worker for ':' Thread 7" [_thread_blocked, id=11888, stack(0x0000000028bc0000,0x0000000028cc0000)]
  0x000000001b8d4800 JavaThread "Execution worker for ':' Thread 6" [_thread_blocked, id=16484, stack(0x0000000028ac0000,0x0000000028bc0000)]
  0x000000001b8d3000 JavaThread "Execution worker for ':' Thread 5" [_thread_blocked, id=1952, stack(0x00000000289c0000,0x0000000028ac0000)]
  0x000000001b8d2800 JavaThread "Execution worker for ':' Thread 4" [_thread_in_Java, id=19392, stack(0x00000000285c0000,0x00000000286c0000)]
  0x000000001b8d1800 JavaThread "Execution worker for ':' Thread 3" [_thread_blocked, id=12664, stack(0x0000000027ec0000,0x0000000027fc0000)]
  0x000000001b8d5800 JavaThread "Execution worker for ':' Thread 2" [_thread_blocked, id=15116, stack(0x00000000274d0000,0x00000000275d0000)]
  0x000000001b8c9800 JavaThread "Execution worker for ':'" [_thread_blocked, id=9456, stack(0x00000000273d0000,0x00000000274d0000)]
  0x000000001b8d0000 JavaThread "Cache worker for file content cache (C:\Users\user\Downloads\AndroidClassroom-master\AndroidClassroom-master\Chapter10\.gradle\5.6.4\fileContent)" [_thread_blocked, id=1900, stack(0x00000000270c0000,0x00000000271c0000)]
  0x000000001b8c8800 JavaThread "Cache worker for Build Output Cleanup Cache (C:\Users\user\Downloads\AndroidClassroom-master\AndroidClassroom-master\Chapter10\.gradle\buildOutputCleanup)" [_thread_blocked, id=3724, stack(0x0000000026fc0000,0x00000000270c0000)]
  0x000000001b8cf800 JavaThread "Build operations Thread 12" [_thread_blocked, id=17012, stack(0x0000000026ec0000,0x0000000026fc0000)]
  0x000000001b8c8000 JavaThread "Build operations Thread 11" [_thread_blocked, id=9324, stack(0x0000000026dc0000,0x0000000026ec0000)]
  0x000000001b8ca000 JavaThread "Build operations Thread 10" [_thread_blocked, id=2332, stack(0x0000000026480000,0x0000000026580000)]
  0x000000001b8ce800 JavaThread "Build operations Thread 9" [_thread_blocked, id=11460, stack(0x0000000025980000,0x0000000025a80000)]
  0x000000001b8c7000 JavaThread "Build operations Thread 8" [_thread_blocked, id=17944, stack(0x0000000025280000,0x0000000025380000)]
  0x000000001b8ce000 JavaThread "Build operations Thread 7" [_thread_blocked, id=5232, stack(0x0000000025180000,0x0000000025280000)]
  0x000000001b8cd000 JavaThread "Build operations Thread 6" [_thread_blocked, id=7132, stack(0x0000000025080000,0x0000000025180000)]
  0x000000001b8cc800 JavaThread "Build operations Thread 5" [_thread_blocked, id=4064, stack(0x0000000024f80000,0x0000000025080000)]
  0x00000000242ee000 JavaThread "Build operations Thread 4" [_thread_blocked, id=18540, stack(0x0000000023de0000,0x0000000023ee0000)]
  0x00000000242ed800 JavaThread "Build operations Thread 3" [_thread_blocked, id=15060, stack(0x00000000227a0000,0x00000000228a0000)]
  0x00000000242ef000 JavaThread "Build operations Thread 2" [_thread_blocked, id=8896, stack(0x00000000226a0000,0x00000000227a0000)]
  0x00000000242ec000 JavaThread "Build operations" [_thread_blocked, id=16248, stack(0x00000000222a0000,0x00000000223a0000)]
  0x00000000242ec800 JavaThread "Cache worker for cache directory md-rule (C:\Users\user\.gradle\caches\5.6.4\md-rule)" [_thread_blocked, id=3516, stack(0x0000000021b90000,0x0000000021c90000)]
  0x00000000242f1000 JavaThread "Cache worker for cache directory md-supplier (C:\Users\user\.gradle\caches\5.6.4\md-supplier)" [_thread_blocked, id=3776, stack(0x0000000020850000,0x0000000020950000)]
  0x00000000242f0800 JavaThread "Cache worker for file hash cache (C:\Users\user\Downloads\AndroidClassroom-master\AndroidClassroom-master\Chapter10\.gradle\5.6.4\fileHashes)" [_thread_blocked, id=3928, stack(0x000000001dcb0000,0x000000001ddb0000)]
  0x00000000242e4800 JavaThread "Thread-112" [_thread_blocked, id=15052, stack(0x000000001dbb0000,0x000000001dcb0000)]
  0x00000000242ea800 JavaThread "Stdin handler" [_thread_blocked, id=14056, stack(0x000000001dab0000,0x000000001dbb0000)]
  0x00000000242eb000 JavaThread "Asynchronous log dispatcher for DefaultDaemonConnection: socket connection from /127.0.0.1:1831 to /127.0.0.1:2658" [_thread_blocked, id=4228, stack(0x000000001d9b0000,0x000000001dab0000)]
  0x00000000242e6800 JavaThread "Daemon worker Thread 4" [_thread_blocked, id=2956, stack(0x000000001d7b0000,0x000000001d8b0000)]
  0x00000000242e3800 JavaThread "Cancel handler" [_thread_blocked, id=17020, stack(0x000000001d4b0000,0x000000001d5b0000)]
  0x00000000242e9800 JavaThread "Handler for socket connection from /127.0.0.1:1831 to /127.0.0.1:2658" [_thread_in_native, id=9460, stack(0x000000001d3b0000,0x000000001d4b0000)]
  0x00000000242e6000 JavaThread "Daemon Thread 4" [_thread_blocked, id=3836, stack(0x00000000013a0000,0x00000000014a0000)]
  0x0000000021011800 JavaThread "Cache worker for Java compile cache (C:\Users\user\.gradle\caches\5.6.4\javaCompile)" [_thread_blocked, id=13964, stack(0x0000000028cf0000,0x0000000028df0000)]
  0x0000000023271800 JavaThread "MarlinRenderer Disposer" daemon [_thread_blocked, id=18884, stack(0x0000000029510000,0x0000000029610000)]
  0x0000000023271000 JavaThread "Java2D Disposer" daemon [_thread_blocked, id=6652, stack(0x00000000290f0000,0x00000000291f0000)]
  0x00000000242e2000 JavaThread "Cache worker for file content cache (C:\Users\user\.gradle\caches\5.6.4\fileContent)" [_thread_blocked, id=6512, stack(0x0000000026380000,0x0000000026480000)]
  0x00000000242e3000 JavaThread "Memory manager" [_thread_blocked, id=12320, stack(0x0000000026280000,0x0000000026380000)]
  0x000000001b8c6800 JavaThread "Cache worker for execution history cache (C:\Users\user\.gradle\caches\5.6.4\executionHistory)" [_thread_blocked, id=15512, stack(0x00000000223a0000,0x00000000224a0000)]
  0x0000000018b3f000 JavaThread "Cache worker for journal cache (C:\Users\user\.gradle\caches\journal-1)" [_thread_blocked, id=1724, stack(0x000000001e1b0000,0x000000001e2b0000)]
  0x0000000018b40800 JavaThread "File lock request listener" [_thread_in_native, id=6940, stack(0x000000001e0b0000,0x000000001e1b0000)]
  0x0000000018b3e800 JavaThread "Cache worker for file hash cache (C:\Users\user\.gradle\caches\5.6.4\fileHashes)" [_thread_blocked, id=13236, stack(0x000000001dfb0000,0x000000001e0b0000)]
  0x000000001c10c800 JavaThread "Daemon periodic checks" [_thread_blocked, id=18392, stack(0x000000001d2b0000,0x000000001d3b0000)]
  0x000000001c10b800 JavaThread "Incoming local TCP Connector on port 1831" [_thread_in_native, id=10384, stack(0x000000001d0d0000,0x000000001d1d0000)]
  0x000000001a76c800 JavaThread "Daemon health stats" [_thread_blocked, id=10760, stack(0x000000001cdd0000,0x000000001ced0000)]
  0x0000000018bd5000 JavaThread "Service Thread" daemon [_thread_blocked, id=3920, stack(0x000000001a430000,0x000000001a530000)]
  0x0000000018b44800 JavaThread "C1 CompilerThread3" daemon [_thread_blocked, id=7420, stack(0x000000001a330000,0x000000001a430000)]
  0x0000000018b43800 JavaThread "C2 CompilerThread2" daemon [_thread_blocked, id=3904, stack(0x000000001a230000,0x000000001a330000)]
=>0x0000000018b39800 JavaThread "C2 CompilerThread1" daemon [_thread_in_native, id=18792, stack(0x000000001a130000,0x000000001a230000)]
  0x0000000018b33000 JavaThread "C2 CompilerThread0" daemon [_thread_blocked, id=15692, stack(0x000000001a030000,0x000000001a130000)]
  0x0000000018b32800 JavaThread "Attach Listener" daemon [_thread_blocked, id=7260, stack(0x0000000019f30000,0x000000001a030000)]
  0x0000000018b31800 JavaThread "Signal Dispatcher" daemon [_thread_blocked, id=6716, stack(0x0000000019e30000,0x0000000019f30000)]
  0x000000000341c000 JavaThread "Finalizer" daemon [_thread_blocked, id=11452, stack(0x0000000019d30000,0x0000000019e30000)]
  0x00000000173dc800 JavaThread "Reference Handler" daemon [_thread_blocked, id=16048, stack(0x0000000019c30000,0x0000000019d30000)]
  0x000000000321e800 JavaThread "main" [_thread_blocked, id=6240, stack(0x0000000003220000,0x0000000003320000)]

Other Threads:
  0x00000000173d5800 VMThread [stack: 0x0000000019b30000,0x0000000019c30000] [id=17244]
  0x0000000018bd5800 WatcherThread [stack: 0x000000001a530000,0x000000001a630000] [id=2364]

VM state:at safepoint (normal execution)

VM Mutex/Monitor currently owned by a thread:  ([mutex/lock_event])
[0x000000000321d830] Threads_lock - owner thread: 0x00000000173d5800
[0x0000000003321d50] Compile_lock - owner thread: 0x000000001b8d2800

heap address: 0x00000000a0000000, size: 1536 MB, Compressed Oops mode: 32-bit
Narrow klass base: 0x0000000000000000, Narrow klass shift: 3
Compressed class space size: 1073741824 Address: 0x0000000100000000

Heap:
 PSYoungGen      total 472576K, used 248903K [0x00000000e0000000, 0x0000000100000000, 0x0000000100000000)
  eden space 442368K, 49% used [0x00000000e0000000,0x00000000ed5983e8,0x00000000fb000000)
  from space 30208K, 99% used [0x00000000fe180000,0x00000000ffef9888,0x00000000fff00000)
  to   space 40960K, 0% used [0x00000000fb000000,0x00000000fb000000,0x00000000fd800000)
 ParOldGen       total 185856K, used 78260K [0x00000000a0000000, 0x00000000ab580000, 0x00000000e0000000)
  object space 185856K, 42% used [0x00000000a0000000,0x00000000a4c6d080,0x00000000ab580000)
 Metaspace       used 107064K, capacity 113316K, committed 113432K, reserved 1146880K
  class space    used 13768K, capacity 15037K, committed 15128K, reserved 1048576K

Card table byte_map: [0x00000000127e0000,0x0000000012af0000] byte_map_base: 0x00000000122e0000

Marking Bits: (ParMarkBitMap*) 0x000000006f639f30
 Begin Bits: [0x00000000136f0000, 0x0000000014ef0000)
 End Bits:   [0x0000000014ef0000, 0x00000000166f0000)

Polling page: 0x0000000001010000

CodeCache: size=245760Kb used=63168Kb max_used=63196Kb free=182591Kb
 bounds [0x0000000003420000, 0x0000000007250000, 0x0000000012420000]
 total_blobs=19828 nmethods=18777 adapters=960
 compilation: enabled

Compilation events (10 events):
Event: 1732.930 Thread 0x0000000018b44800 nmethod 24111 0x000000000720fc90 code [0x000000000720fde0, 0x000000000720ff70]
Event: 1732.930 Thread 0x0000000018b44800 24112       3       org.gradle.api.internal.OverlappingOutputs$OverlappingOutputsDetectingVisitor::visitFile (17 bytes)
Event: 1732.931 Thread 0x0000000018b44800 nmethod 24112 0x0000000006c47910 code [0x0000000006c47a80, 0x0000000006c47c68]
Event: 1732.932 Thread 0x0000000018b33000 24113       4       com.google.common.base.Equivalence$Wrapper::equals (53 bytes)
Event: 1732.934 Thread 0x0000000018b33000 nmethod 24113 0x0000000006a6a110 code [0x0000000006a6a280, 0x0000000006a6a458]
Event: 1732.934 Thread 0x0000000018b33000 24114       4       java.util.concurrent.ThreadPoolExecutor$Worker::tryRelease (12 bytes)
Event: 1732.934 Thread 0x0000000018b33000 nmethod 24114 0x0000000003e00d10 code [0x0000000003e00e40, 0x0000000003e00eb8]
Event: 1732.951 Thread 0x0000000018b33000 24115       4       java.util.ArrayDeque$DeqIterator::<init> (6 bytes)
Event: 1732.952 Thread 0x0000000018b33000 nmethod 24115 0x0000000003d0ea90 code [0x0000000003d0ebc0, 0x0000000003d0ec58]
Event: 1732.980 Thread 0x0000000018b43800 nmethod 24102 0x000000000723c910 code [0x000000000723ce80, 0x0000000007241168]

GC Heap History (10 events):
Event: 70.917 GC heap before
{Heap before GC invocations=24 (full 3):
 PSYoungGen      total 476160K, used 451520K [0x00000000e0000000, 0x00000000ff500000, 0x0000000100000000)
  eden space 448512K, 100% used [0x00000000e0000000,0x00000000fb600000,0x00000000fb600000)
  from space 27648K, 10% used [0x00000000fda00000,0x00000000fdcf0000,0x00000000ff500000)
  to   space 32256K, 0% used [0x00000000fb600000,0x00000000fb600000,0x00000000fd580000)
 ParOldGen       total 131072K, used 83193K [0x00000000a0000000, 0x00000000a8000000, 0x00000000e0000000)
  object space 131072K, 63% used [0x00000000a0000000,0x00000000a513e718,0x00000000a8000000)
 Metaspace       used 89792K, capacity 95026K, committed 95128K, reserved 1132544K
  class space    used 11941K, capacity 12948K, committed 12952K, reserved 1048576K
Event: 71.005 GC heap after
Heap after GC invocations=24 (full 3):
 PSYoungGen      total 480768K, used 3872K [0x00000000e0000000, 0x0000000100000000, 0x0000000100000000)
  eden space 448512K, 0% used [0x00000000e0000000,0x00000000e0000000,0x00000000fb600000)
  from space 32256K, 12% used [0x00000000fb600000,0x00000000fb9c8010,0x00000000fd580000)
  to   space 32256K, 0% used [0x00000000fe080000,0x00000000fe080000,0x0000000100000000)
 ParOldGen       total 131072K, used 84765K [0x00000000a0000000, 0x00000000a8000000, 0x00000000e0000000)
  object space 131072K, 64% used [0x00000000a0000000,0x00000000a52c7728,0x00000000a8000000)
 Metaspace       used 89792K, capacity 95026K, committed 95128K, reserved 1132544K
  class space    used 11941K, capacity 12948K, committed 12952K, reserved 1048576K
}
Event: 72.861 GC heap before
{Heap before GC invocations=25 (full 3):
 PSYoungGen      total 480768K, used 452305K [0x00000000e0000000, 0x0000000100000000, 0x0000000100000000)
  eden space 448512K, 99% used [0x00000000e0000000,0x00000000fb5ec520,0x00000000fb600000)
  from space 32256K, 12% used [0x00000000fb600000,0x00000000fb9c8010,0x00000000fd580000)
  to   space 32256K, 0% used [0x00000000fe080000,0x00000000fe080000,0x0000000100000000)
 ParOldGen       total 131072K, used 84765K [0x00000000a0000000, 0x00000000a8000000, 0x00000000e0000000)
  object space 131072K, 64% used [0x00000000a0000000,0x00000000a52c7728,0x00000000a8000000)
 Metaspace       used 89925K, capacity 95094K, committed 95128K, reserved 1132544K
  class space    used 11951K, capacity 12948K, committed 12952K, reserved 1048576K
Event: 72.876 GC heap after
Heap after GC invocations=25 (full 3):
 PSYoungGen      total 489984K, used 5929K [0x00000000e0000000, 0x00000000ffe00000, 0x0000000100000000)
  eden space 459776K, 0% used [0x00000000e0000000,0x00000000e0000000,0x00000000fc100000)
  from space 30208K, 19% used [0x00000000fe080000,0x00000000fe64a508,0x00000000ffe00000)
  to   space 31232K, 0% used [0x00000000fc100000,0x00000000fc100000,0x00000000fdf80000)
 ParOldGen       total 131072K, used 88414K [0x00000000a0000000, 0x00000000a8000000, 0x00000000e0000000)
  object space 131072K, 67% used [0x00000000a0000000,0x00000000a5657a48,0x00000000a8000000)
 Metaspace       used 89925K, capacity 95094K, committed 95128K, reserved 1132544K
  class space    used 11951K, capacity 12948K, committed 12952K, reserved 1048576K
}
Event: 78.677 GC heap before
{Heap before GC invocations=26 (full 3):
 PSYoungGen      total 489984K, used 390725K [0x00000000e0000000, 0x00000000ffe00000, 0x0000000100000000)
  eden space 459776K, 83% used [0x00000000e0000000,0x00000000f77c71f0,0x00000000fc100000)
  from space 30208K, 19% used [0x00000000fe080000,0x00000000fe64a508,0x00000000ffe00000)
  to   space 31232K, 0% used [0x00000000fc100000,0x00000000fc100000,0x00000000fdf80000)
 ParOldGen       total 131072K, used 88414K [0x00000000a0000000, 0x00000000a8000000, 0x00000000e0000000)
  object space 131072K, 67% used [0x00000000a0000000,0x00000000a5657a48,0x00000000a8000000)
 Metaspace       used 93019K, capacity 98502K, committed 98600K, reserved 1134592K
  class space    used 12431K, capacity 13438K, committed 13464K, reserved 1048576K
Event: 78.706 GC heap after
Heap after GC invocations=26 (full 3):
 PSYoungGen      total 491008K, used 8078K [0x00000000e0000000, 0x00000000fff00000, 0x0000000100000000)
  eden space 459776K, 0% used [0x00000000e0000000,0x00000000e0000000,0x00000000fc100000)
  from space 31232K, 25% used [0x00000000fc100000,0x00000000fc8e39c8,0x00000000fdf80000)
  to   space 30208K, 0% used [0x00000000fe180000,0x00000000fe180000,0x00000000fff00000)
 ParOldGen       total 131072K, used 91686K [0x00000000a0000000, 0x00000000a8000000, 0x00000000e0000000)
  object space 131072K, 69% used [0x00000000a0000000,0x00000000a5989b08,0x00000000a8000000)
 Metaspace       used 93019K, capacity 98502K, committed 98600K, reserved 1134592K
  class space    used 12431K, capacity 13438K, committed 13464K, reserved 1048576K
}
Event: 78.706 GC heap before
{Heap before GC invocations=27 (full 4):
 PSYoungGen      total 491008K, used 8078K [0x00000000e0000000, 0x00000000fff00000, 0x0000000100000000)
  eden space 459776K, 0% used [0x00000000e0000000,0x00000000e0000000,0x00000000fc100000)
  from space 31232K, 25% used [0x00000000fc100000,0x00000000fc8e39c8,0x00000000fdf80000)
  to   space 30208K, 0% used [0x00000000fe180000,0x00000000fe180000,0x00000000fff00000)
 ParOldGen       total 131072K, used 91686K [0x00000000a0000000, 0x00000000a8000000, 0x00000000e0000000)
  object space 131072K, 69% used [0x00000000a0000000,0x00000000a5989b08,0x00000000a8000000)
 Metaspace       used 93019K, capacity 98502K, committed 98600K, reserved 1134592K
  class space    used 12431K, capacity 13438K, committed 13464K, reserved 1048576K
Event: 81.249 GC heap after
Heap after GC invocations=27 (full 4):
 PSYoungGen      total 491008K, used 0K [0x00000000e0000000, 0x00000000fff00000, 0x0000000100000000)
  eden space 459776K, 0% used [0x00000000e0000000,0x00000000e0000000,0x00000000fc100000)
  from space 31232K, 0% used [0x00000000fc100000,0x00000000fc100000,0x00000000fdf80000)
  to   space 30208K, 0% used [0x00000000fe180000,0x00000000fe180000,0x00000000fff00000)
 ParOldGen       total 185856K, used 63345K [0x00000000a0000000, 0x00000000ab580000, 0x00000000e0000000)
  object space 185856K, 34% used [0x00000000a0000000,0x00000000a3ddc618,0x00000000ab580000)
 Metaspace       used 92199K, capacity 96298K, committed 98600K, reserved 1134592K
  class space    used 12164K, capacity 12968K, committed 13464K, reserved 1048576K
}
Event: 453.723 GC heap before
{Heap before GC invocations=28 (full 4):
 PSYoungGen      total 491008K, used 459776K [0x00000000e0000000, 0x00000000fff00000, 0x0000000100000000)
  eden space 459776K, 100% used [0x00000000e0000000,0x00000000fc100000,0x00000000fc100000)
  from space 31232K, 0% used [0x00000000fc100000,0x00000000fc100000,0x00000000fdf80000)
  to   space 30208K, 0% used [0x00000000fe180000,0x00000000fe180000,0x00000000fff00000)
 ParOldGen       total 185856K, used 63345K [0x00000000a0000000, 0x00000000ab580000, 0x00000000e0000000)
  object space 185856K, 34% used [0x00000000a0000000,0x00000000a3ddc618,0x00000000ab580000)
 Metaspace       used 106283K, capacity 112286K, committed 112536K, reserved 1146880K
  class space    used 13713K, capacity 14942K, committed 15000K, reserved 1048576K
Event: 453.853 GC heap after
Heap after GC invocations=28 (full 4):
 PSYoungGen      total 472576K, used 30182K [0x00000000e0000000, 0x0000000100000000, 0x0000000100000000)
  eden space 442368K, 0% used [0x00000000e0000000,0x00000000e0000000,0x00000000fb000000)
  from space 30208K, 99% used [0x00000000fe180000,0x00000000ffef9888,0x00000000fff00000)
  to   space 40960K, 0% used [0x00000000fb000000,0x00000000fb000000,0x00000000fd800000)
 ParOldGen       total 185856K, used 78260K [0x00000000a0000000, 0x00000000ab580000, 0x00000000e0000000)
  object space 185856K, 42% used [0x00000000a0000000,0x00000000a4c6d080,0x00000000ab580000)
 Metaspace       used 106283K, capacity 112286K, committed 112536K, reserved 1146880K
  class space    used 13713K, capacity 14942K, committed 15000K, reserved 1048576K
}

Deoptimization events (10 events):
Event: 1732.490 Thread 0x0000000023265800 Uncommon trap: reason=unstable_if action=reinterpret pc=0x0000000006f776d0 method=com.google.common.util.concurrent.AbstractFuture.get()Ljava/lang/Object; @ 116
Event: 1732.786 Thread 0x0000000023265800 Uncommon trap: reason=unstable_if action=reinterpret pc=0x0000000004768ca8 method=org.gradle.api.internal.artifacts.ivyservice.resolveengine.graph.builder.EdgeState.<init>(Lorg/gradle/api/internal/artifacts/ivyservice/resolveengine/graph/builder/NodeState
Event: 1732.801 Thread 0x00000000242e6800 Uncommon trap: reason=bimorphic action=maybe_recompile pc=0x0000000006ca1da8 method=org.gradle.api.internal.artifacts.transform.DefaultTransformerInvoker.createInvocation(Lorg/gradle/api/internal/artifacts/transform/Transformer;Ljava/io/File;Lorg/gradle/a
Event: 1732.801 Thread 0x000000001b8d2800 Uncommon trap: reason=bimorphic action=maybe_recompile pc=0x0000000006ca1da8 method=org.gradle.api.internal.artifacts.transform.DefaultTransformerInvoker.createInvocation(Lorg/gradle/api/internal/artifacts/transform/Transformer;Ljava/io/File;Lorg/gradle/a
Event: 1732.801 Thread 0x000000002326d000 Uncommon trap: reason=bimorphic action=maybe_recompile pc=0x0000000006ca1da8 method=org.gradle.api.internal.artifacts.transform.DefaultTransformerInvoker.createInvocation(Lorg/gradle/api/internal/artifacts/transform/Transformer;Ljava/io/File;Lorg/gradle/a
Event: 1732.801 Thread 0x000000001b8c9800 Uncommon trap: reason=bimorphic action=maybe_recompile pc=0x0000000006ca1da8 method=org.gradle.api.internal.artifacts.transform.DefaultTransformerInvoker.createInvocation(Lorg/gradle/api/internal/artifacts/transform/Transformer;Ljava/io/File;Lorg/gradle/a
Event: 1732.801 Thread 0x0000000023265800 Uncommon trap: reason=bimorphic action=maybe_recompile pc=0x0000000006ca1da8 method=org.gradle.api.internal.artifacts.transform.DefaultTransformerInvoker.createInvocation(Lorg/gradle/api/internal/artifacts/transform/Transformer;Ljava/io/File;Lorg/gradle/a
Event: 1732.801 Thread 0x000000001b8d5800 Uncommon trap: reason=bimorphic action=maybe_recompile pc=0x0000000006ca1da8 method=org.gradle.api.internal.artifacts.transform.DefaultTransformerInvoker.createInvocation(Lorg/gradle/api/internal/artifacts/transform/Transformer;Ljava/io/File;Lorg/gradle/a
Event: 1732.802 Thread 0x0000000023266800 Uncommon trap: reason=bimorphic action=maybe_recompile pc=0x0000000006ca1da8 method=org.gradle.api.internal.artifacts.transform.DefaultTransformerInvoker.createInvocation(Lorg/gradle/api/internal/artifacts/transform/Transformer;Ljava/io/File;Lorg/gradle/a
Event: 1732.816 Thread 0x0000000018b3f000 Uncommon trap: reason=unstable_if action=reinterpret pc=0x000000000541cae0 method=java.util.concurrent.locks.LockSupport.unpark(Ljava/lang/Thread;)V @ 1

Classes redefined (0 events):
No events

Internal exceptions (10 events):
Event: 453.414 Thread 0x0000000021007800 Exception <a 'java/lang/ClassNotFoundException': sync_studio_tooling1_kmxeedulj2a7tiatdx0j4aq4BeanInfo> (0x00000000fa1bb318) thrown at [D:\src\AOSP-openjdk-cygwin\jdk8u\hotspot\src\share\vm\classfile\systemDictionary.cpp, line 210]
Event: 453.415 Thread 0x0000000021007800 Exception <a 'java/lang/ClassNotFoundException': sync_studio_tooling1_kmxeedulj2a7tiatdx0j4aq4Customizer> (0x00000000fa1c9560) thrown at [D:\src\AOSP-openjdk-cygwin\jdk8u\hotspot\src\share\vm\classfile\systemDictionary.cpp, line 210]
Event: 453.577 Thread 0x0000000021007800 Implicit null exception at 0x000000000693bc5f to 0x000000000693bd8d
Event: 454.153 Thread 0x00000000242e7800 Implicit null exception at 0x00000000048ed3c0 to 0x00000000048eeca9
Event: 454.850 Thread 0x0000000021007800 Exception <a 'sun/nio/fs/WindowsException'> (0x00000000e78c4a38) thrown at [D:\src\AOSP-openjdk-cygwin\jdk8u\hotspot\src\share\vm\prims\jni.cpp, line 710]
Event: 454.852 Thread 0x0000000021007800 Exception <a 'sun/nio/fs/WindowsException'> (0x00000000e78c62e8) thrown at [D:\src\AOSP-openjdk-cygwin\jdk8u\hotspot\src\share\vm\prims\jni.cpp, line 710]
Event: 454.853 Thread 0x0000000021007800 Exception <a 'sun/nio/fs/WindowsException'> (0x00000000e78c7ba0) thrown at [D:\src\AOSP-openjdk-cygwin\jdk8u\hotspot\src\share\vm\prims\jni.cpp, line 710]
Event: 454.855 Thread 0x0000000021007800 Exception <a 'sun/nio/fs/WindowsException'> (0x00000000e78c9468) thrown at [D:\src\AOSP-openjdk-cygwin\jdk8u\hotspot\src\share\vm\prims\jni.cpp, line 710]
Event: 454.856 Thread 0x0000000021007800 Exception <a 'sun/nio/fs/WindowsException'> (0x00000000e78cad30) thrown at [D:\src\AOSP-openjdk-cygwin\jdk8u\hotspot\src\share\vm\prims\jni.cpp, line 710]
Event: 1732.490 Thread 0x0000000023265800 Implicit null exception at 0x0000000006f773db to 0x0000000006f776b5

Events (10 events):
Event: 1732.801 Thread 0x000000001b8d5800 DEOPT UNPACKING pc=0x000000000346557b sp=0x00000000275ce420 mode 2
Event: 1732.802 Thread 0x0000000023266800 DEOPT PACKING pc=0x0000000006ca1da8 sp=0x00000000294ee6b0
Event: 1732.802 Thread 0x0000000023266800 DEOPT UNPACKING pc=0x000000000346557b sp=0x00000000294ee510 mode 2
Event: 1732.802 Thread 0x00000000242e6800 DEOPT UNPACKING pc=0x000000000346557b sp=0x000000001d8abb00 mode 2
Event: 1732.802 Thread 0x000000001b8c9800 DEOPT UNPACKING pc=0x000000000346557b sp=0x00000000274ce290 mode 2
Event: 1732.816 Thread 0x0000000018b3f000 Uncommon trap: trap_request=0xffffff65 fr.pc=0x000000000541cae0
Event: 1732.816 Thread 0x0000000018b3f000 DEOPT PACKING pc=0x000000000541cae0 sp=0x000000001e2af080
Event: 1732.816 Thread 0x0000000018b3f000 DEOPT UNPACKING pc=0x000000000346557b sp=0x000000001e2aeea0 mode 2
Event: 1732.950 loading class java/util/ArrayDeque$1
Event: 1732.951 loading class java/util/ArrayDeque$1 done


Dynamic libraries:
0x00007ff608b60000 - 0x00007ff608b91000 	C:\Program Files\Android\Android Studio\jre\bin\java.exe
0x00007ffe83d80000 - 0x00007ffe83f70000 	C:\WINDOWS\SYSTEM32\ntdll.dll
0x00007ffe81ea0000 - 0x00007ffe81f52000 	C:\WINDOWS\System32\KERNEL32.DLL
0x00007ffe80e00000 - 0x00007ffe810a4000 	C:\WINDOWS\System32\KERNELBASE.dll
0x00007ffe2b480000 - 0x00007ffe2b59d000 	C:\WINDOWS\System32\AppCheck64.dll
0x00007ffe836f0000 - 0x00007ffe83793000 	C:\WINDOWS\System32\ADVAPI32.dll
0x00007ffe838c0000 - 0x00007ffe8395e000 	C:\WINDOWS\System32\msvcrt.dll
0x00007ffe83190000 - 0x00007ffe83227000 	C:\WINDOWS\System32\sechost.dll
0x00007ffe83b50000 - 0x00007ffe83c70000 	C:\WINDOWS\System32\RPCRT4.dll
0x00007ffe79710000 - 0x00007ffe7971a000 	C:\WINDOWS\SYSTEM32\VERSION.dll
0x00007ffe833f0000 - 0x00007ffe83584000 	C:\WINDOWS\System32\USER32.dll
0x00007ffe81da0000 - 0x00007ffe81dc1000 	C:\WINDOWS\System32\win32u.dll
0x00007ffe83960000 - 0x00007ffe83986000 	C:\WINDOWS\System32\GDI32.dll
0x00007ffe819b0000 - 0x00007ffe81b44000 	C:\WINDOWS\System32\gdi32full.dll
0x00007ffe80d60000 - 0x00007ffe80dfe000 	C:\WINDOWS\System32\msvcp_win.dll
0x00007ffe818b0000 - 0x00007ffe819aa000 	C:\WINDOWS\System32\ucrtbase.dll
0x00007ffe6f450000 - 0x00007ffe6f6d4000 	C:\WINDOWS\WinSxS\amd64_microsoft.windows.common-controls_6595b64144ccf1df_6.0.18362.836_none_e6c4b943130f18ed\COMCTL32.dll
0x00007ffe82e50000 - 0x00007ffe83186000 	C:\WINDOWS\System32\combase.dll
0x00007ffe81830000 - 0x00007ffe818b0000 	C:\WINDOWS\System32\bcryptPrimitives.dll
0x00007ffe83890000 - 0x00007ffe838be000 	C:\WINDOWS\System32\IMM32.DLL
0x000000006ed90000 - 0x000000006ee62000 	C:\Program Files\Android\Android Studio\jre\jre\bin\msvcr100.dll
0x000000006ee70000 - 0x000000006f6b6000 	C:\Program Files\Android\Android Studio\jre\jre\bin\server\jvm.dll
0x00007ffe83b40000 - 0x00007ffe83b48000 	C:\WINDOWS\System32\PSAPI.DLL
0x00007ffe7e560000 - 0x00007ffe7e584000 	C:\WINDOWS\SYSTEM32\WINMM.dll
0x00007ffe67a20000 - 0x00007ffe67a29000 	C:\WINDOWS\SYSTEM32\WSOCK32.dll
0x00007ffe82de0000 - 0x00007ffe82e4f000 	C:\WINDOWS\System32\WS2_32.dll
0x00007ffe7e350000 - 0x00007ffe7e37d000 	C:\WINDOWS\SYSTEM32\WINMMBASE.dll
0x00007ffe80d10000 - 0x00007ffe80d5a000 	C:\WINDOWS\System32\cfgmgr32.dll
0x00007ffe70500000 - 0x00007ffe7050f000 	C:\Program Files\Android\Android Studio\jre\jre\bin\verify.dll
0x00007ffe4acc0000 - 0x00007ffe4ace9000 	C:\Program Files\Android\Android Studio\jre\jre\bin\java.dll
0x00007ffe703f0000 - 0x00007ffe70406000 	C:\Program Files\Android\Android Studio\jre\jre\bin\zip.dll
0x00007ffe81fe0000 - 0x00007ffe826c4000 	C:\WINDOWS\System32\SHELL32.dll
0x00007ffe826d0000 - 0x00007ffe82779000 	C:\WINDOWS\System32\shcore.dll
0x00007ffe810b0000 - 0x00007ffe8182e000 	C:\WINDOWS\System32\windows.storage.dll
0x00007ffe80c70000 - 0x00007ffe80c93000 	C:\WINDOWS\System32\profapi.dll
0x00007ffe80ca0000 - 0x00007ffe80cea000 	C:\WINDOWS\System32\powrprof.dll
0x00007ffe80c40000 - 0x00007ffe80c50000 	C:\WINDOWS\System32\UMPDC.dll
0x00007ffe837d0000 - 0x00007ffe83822000 	C:\WINDOWS\System32\shlwapi.dll
0x00007ffe80c50000 - 0x00007ffe80c61000 	C:\WINDOWS\System32\kernel.appcore.dll
0x00007ffe81d50000 - 0x00007ffe81d67000 	C:\WINDOWS\System32\cryptsp.dll
0x00007ffe4aca0000 - 0x00007ffe4acba000 	C:\Program Files\Android\Android Studio\jre\jre\bin\net.dll
0x00007ffe72b30000 - 0x00007ffe72d06000 	C:\WINDOWS\SYSTEM32\urlmon.dll
0x00007ffe72880000 - 0x00007ffe72b26000 	C:\WINDOWS\SYSTEM32\iertutil.dll
0x00007ffe80620000 - 0x00007ffe8062c000 	C:\WINDOWS\SYSTEM32\CRYPTBASE.DLL
0x00007ffe80450000 - 0x00007ffe804b7000 	C:\WINDOWS\system32\mswsock.dll
0x00007ffe4ad50000 - 0x00007ffe4ad63000 	C:\Program Files\Android\Android Studio\jre\jre\bin\nio.dll
0x00007ffe4ac00000 - 0x00007ffe4ac26000 	C:\Users\user\.gradle\native\30\windows-amd64\native-platform.dll
0x00007ffe55ab0000 - 0x00007ffe55abd000 	C:\Program Files\Android\Android Studio\jre\jre\bin\management.dll
0x00007ffe7ffc0000 - 0x00007ffe7fff3000 	C:\WINDOWS\system32\rsaenh.dll
0x00007ffe81d70000 - 0x00007ffe81d96000 	C:\WINDOWS\System32\bcrypt.dll
0x00007ffe80b30000 - 0x00007ffe80b55000 	C:\WINDOWS\SYSTEM32\USERENV.dll
0x00007ffe80160000 - 0x00007ffe8019a000 	C:\WINDOWS\SYSTEM32\IPHLPAPI.DLL
0x00007ffe837a0000 - 0x00007ffe837a8000 	C:\WINDOWS\System32\NSI.dll
0x00007ffe77b70000 - 0x00007ffe77b86000 	C:\WINDOWS\SYSTEM32\dhcpcsvc6.DLL
0x00007ffe77b50000 - 0x00007ffe77b6c000 	C:\WINDOWS\SYSTEM32\dhcpcsvc.DLL
0x00007ffe801a0000 - 0x00007ffe8026b000 	C:\WINDOWS\SYSTEM32\DNSAPI.dll
0x00007ffe4a160000 - 0x00007ffe4a184000 	C:\Program Files\Android\Android Studio\jre\jre\bin\sunec.dll
0x00007ffe709e0000 - 0x00007ffe709ea000 	C:\Windows\System32\rasadhlp.dll
0x00007ffe75da0000 - 0x00007ffe75e17000 	C:\WINDOWS\System32\fwpuclnt.dll
0x00007ffe4dfe0000 - 0x00007ffe4dfeb000 	C:\Program Files\Android\Android Studio\jre\jre\bin\sunmscapi.dll
0x00007ffe81c00000 - 0x00007ffe81d49000 	C:\WINDOWS\System32\CRYPT32.dll
0x00007ffe80cf0000 - 0x00007ffe80d02000 	C:\WINDOWS\System32\MSASN1.dll
0x00007ffe7ebb0000 - 0x00007ffe7ec3f000 	C:\WINDOWS\system32\apphelp.dll
0x00007ffe45fb0000 - 0x00007ffe4614c000 	C:\Program Files\Android\Android Studio\jre\jre\bin\awt.dll
0x00007ffe83c70000 - 0x00007ffe83d34000 	C:\WINDOWS\System32\OLEAUT32.dll
0x00007ffe7edb0000 - 0x00007ffe7eddd000 	C:\WINDOWS\SYSTEM32\dwmapi.dll
0x00007ffe7d930000 - 0x00007ffe7def0000 	C:\WINDOWS\SYSTEM32\d2d1.dll
0x00007ffe7ece0000 - 0x00007ffe7ed79000 	C:\WINDOWS\system32\uxtheme.dll

VM Arguments:
jvm_args: -Xmx1536m -Dfile.encoding=x-windows-949 -Duser.country=KR -Duser.language=ko -Duser.variant 
java_command: org.gradle.launcher.daemon.bootstrap.GradleDaemon 5.6.4
java_class_path (initial): C:\Users\user\.gradle\wrapper\dists\gradle-5.6.4-all\ankdp27end7byghfw1q2sw75f\gradle-5.6.4\lib\gradle-launcher-5.6.4.jar
Launcher Type: SUN_STANDARD

Environment Variables:
JAVA_HOME=C:\Program Files\Android\Android Studio\jre\jre
PATH=C:\Program Files (x86)\Common Files\Oracle\Java\javapath;C:\Program Files (x86)\Intel\Intel(R) Management Engine Components\iCLS\;C:\Program Files\Intel\Intel(R) Management Engine Components\iCLS\;C:\WINDOWS\system32;C:\WINDOWS;C:\WINDOWS\System32\Wbem;C:\WINDOWS\System32\WindowsPowerShell\v1.0\;C:\WINDOWS\System32\OpenSSH\;C:\Program Files (x86)\Intel\Intel(R) Management Engine Components\DAL;C:\Program Files\Intel\Intel(R) Management Engine Components\DAL;C:\Program Files (x86)\Intel\Intel(R) Management Engine Components\IPT;C:\Program Files\Intel\Intel(R) Management Engine Components\IPT;C:\Program Files\Intel\WiFi\bin\;C:\Program Files\Common Files\Intel\WirelessCommon\;C:\Program Files\dotnet\;C:\Program Files (x86)\Windows Kits\10\Windows Performance Toolkit\;C:\Program Files (x86)\Windows Kits\10\Microsoft Application Virtualization\Sequencer\;C:\Program Files (x86)\Microsoft SQL Server\110\Tools\Binn\;C:\Program Files (x86)\Microsoft SQL Server\110\DTS\Binn\;C:\Program Files (x86)\Windows Kits\8.1\Windows Performance Toolkit\;C:\Program Files\nodejs\;C:\JAVA\jdk\bin;C:\JAVA\jdk\jre\bin;C:\Program Files\Git\cmd;C:\Users\user\AppData\Local\Programs\Python\Python38-32\Scripts\;C:\Users\user\AppData\Local\Programs\Python\Python38-32\;C:\Users\user\AppData\Local\Microsoft\WindowsApps;C:\Program Files\Intel\WiFi\bin\;C:\Program Files\Common Files\Intel\WirelessCommon\;C:\Program Files\Bandizip\;C:\Users\user\AppData\Local\Programs\Microsoft VS Code\bin;C:\Users\user\AppData\Roaming\npm;C:\Program Files\JetBrains\IntelliJ IDEA 2019.2.3\bin
USERNAME=20191308NSG
OS=Windows_NT
PROCESSOR_IDENTIFIER=Intel64 Family 6 Model 158 Stepping 10, GenuineIntel



---------------  S Y S T E M  ---------------

OS: Windows 10.0 , 64 bit Build 18362 (10.0.18362.778)

CPU:total 12 (initial active 12) (6 cores per cpu, 2 threads per core) family 6 model 158 stepping 10, cmov, cx8, fxsr, mmx, sse, sse2, sse3, ssse3, sse4.1, sse4.2, popcnt, avx, avx2, aes, clmul, erms, rtm, 3dnowpref, lzcnt, ht, tsc, tscinvbit, bmi1, bmi2, adx

Memory: 4k page, physical 8264744k(539156k free), swap 12164136k(6768k free)

vm_info: OpenJDK 64-Bit Server VM (25.212-b04) for windows-amd64 JRE (1.8.0_212-release-1586-b04), built by "builder" with MS VC++ 10.0 (VS2010)

time: Thu May 28 15:11:40 2020
timezone: 대한민국 표준시
elapsed time: 1733 seconds (0d 0h 28m 53s)

