#
# There is insufficient memory for the Java Runtime Environment to continue.
# Native memory allocation (malloc) failed to allocate 297936 bytes for Chunk::new
# Possible reasons:
#   The system is out of physical RAM or swap space
#   The process is running with CompressedOops enabled, and the Java Heap may be blocking the growth of the native heap
# Possible solutions:
#   Reduce memory load on the system
#   Increase physical memory or swap space
#   Check if swap backing store is full
#   Decrease Java heap size (-Xmx/-Xms)
#   Decrease number of Java threads
#   Decrease Java thread stack sizes (-Xss)
#   Set larger code cache with -XX:ReservedCodeCacheSize=
#   JVM is running with Unscaled Compressed Oops mode in which the Java heap is
#     placed in the first 4GB address space. The Java Heap base address is the
#     maximum limit for the native heap growth. Please use -XX:HeapBaseMinAddress
#     to set the Java Heap base and to place the Java Heap above 4GB virtual address.
# This output file may be truncated or incomplete.
#
#  Out of Memory Error (allocation.cpp:389), pid=3356, tid=0x0000000000002ed0
#
# JRE version: OpenJDK Runtime Environment (8.0_212-b04) (build 1.8.0_212-release-1586-b04)
# Java VM: OpenJDK 64-Bit Server VM (25.212-b04 mixed mode windows-amd64 compressed oops)
# Failed to write core dump. Minidumps are not enabled by default on client versions of Windows
#

---------------  T H R E A D  ---------------

Current thread (0x0000000018b11000):  JavaThread "C2 CompilerThread2" daemon [_thread_in_native, id=11984, stack(0x000000001a2b0000,0x000000001a3b0000)]

Stack: [0x000000001a2b0000,0x000000001a3b0000]
[error occurred during error reporting (printing stack bounds), id 0xc0000005]

Native frames: (J=compiled Java code, j=interpreted, Vv=VM code, C=native code)


Current CompileTask:
C2:3333568 19015   !   4       org.gradle.launcher.daemon.server.SynchronizedDispatchConnection::dispatch (98 bytes)


---------------  P R O C E S S  ---------------

Java Threads: ( => current thread )
  0x000000002bfc5800 JavaThread "ForkJoinPool.commonPool-worker-3" daemon [_thread_blocked, id=14388, stack(0x00000000300b0000,0x00000000301b0000)]
  0x000000002bfba000 JavaThread "ForkJoinPool.commonPool-worker-10" daemon [_thread_blocked, id=944, stack(0x000000002ffb0000,0x00000000300b0000)]
  0x000000002bfbd000 JavaThread "ForkJoinPool.commonPool-worker-1" daemon [_thread_blocked, id=9724, stack(0x000000002feb0000,0x000000002ffb0000)]
  0x000000002bfbc800 JavaThread "ForkJoinPool.commonPool-worker-8" daemon [_thread_blocked, id=2784, stack(0x000000002fdb0000,0x000000002feb0000)]
  0x000000002bfc1000 JavaThread "ForkJoinPool.commonPool-worker-15" daemon [_thread_blocked, id=17640, stack(0x000000002fcb0000,0x000000002fdb0000)]
  0x000000002bfbe000 JavaThread "ForkJoinPool.commonPool-worker-6" daemon [_thread_blocked, id=15800, stack(0x000000002fbb0000,0x000000002fcb0000)]
  0x000000002bfbb800 JavaThread "ForkJoinPool.commonPool-worker-13" daemon [_thread_blocked, id=18292, stack(0x000000002fab0000,0x000000002fbb0000)]
  0x000000002bfbb000 JavaThread "ForkJoinPool.commonPool-worker-4" daemon [_thread_blocked, id=14284, stack(0x000000002f9b0000,0x000000002fab0000)]
  0x000000002bfc0000 JavaThread "ForkJoinPool.commonPool-worker-11" daemon [_thread_blocked, id=9128, stack(0x000000002f8b0000,0x000000002f9b0000)]
  0x000000002bfb9800 JavaThread "ForkJoinPool.commonPool-worker-2" daemon [_thread_blocked, id=472, stack(0x000000002f7b0000,0x000000002f8b0000)]
  0x000000002bfbf800 JavaThread "ForkJoinPool.commonPool-worker-9" daemon [_thread_blocked, id=6720, stack(0x000000002f6b0000,0x000000002f7b0000)]
  0x0000000022564000 JavaThread "WorkerExecutor Queue Thread 19" [_thread_blocked, id=3800, stack(0x000000002f1b0000,0x000000002f2b0000)]
  0x0000000022563800 JavaThread "WorkerExecutor Queue Thread 18" [_thread_blocked, id=17396, stack(0x000000002f0b0000,0x000000002f1b0000)]
  0x0000000022562800 JavaThread "WorkerExecutor Queue Thread 17" [_thread_blocked, id=10052, stack(0x000000002efb0000,0x000000002f0b0000)]
  0x000000002255b000 JavaThread "WorkerExecutor Queue Thread 16" [_thread_blocked, id=9184, stack(0x000000002eeb0000,0x000000002efb0000)]
  0x0000000022562000 JavaThread "WorkerExecutor Queue Thread 15" [_thread_blocked, id=8496, stack(0x000000002eb10000,0x000000002ec10000)]
  0x0000000022558000 JavaThread "WorkerExecutor Queue Thread 14" [_thread_blocked, id=17564, stack(0x000000002e7d0000,0x000000002e8d0000)]
  0x0000000021048000 JavaThread "WorkerExecutor Queue Thread 13" [_thread_blocked, id=18580, stack(0x000000002b550000,0x000000002b650000)]
  0x000000002104b000 JavaThread "WorkerExecutor Queue Thread 12" [_thread_blocked, id=3128, stack(0x000000002a730000,0x000000002a830000)]
  0x0000000021046800 JavaThread "WorkerExecutor Queue Thread 11" [_thread_blocked, id=4332, stack(0x0000000029f30000,0x000000002a030000)]
  0x0000000021048800 JavaThread "WorkerExecutor Queue Thread 10" [_thread_blocked, id=19368, stack(0x0000000029b30000,0x0000000029c30000)]
  0x000000002103f000 JavaThread "Cache worker for Java compile cache (C:\Users\user\Downloads\AndroidClassroom-master\AndroidClassroom-master\Chapter10\.gradle\5.6.4\javaCompile)" [_thread_blocked, id=12888, stack(0x0000000029a30000,0x0000000029b30000)]
  0x0000000021045000 JavaThread "Cache worker for Java compile cache (C:\Users\user\.gradle\caches\5.6.4\javaCompile)" [_thread_blocked, id=2800, stack(0x0000000029530000,0x0000000029630000)]
  0x0000000021049800 JavaThread "stdout" [_thread_in_native, id=9832, stack(0x000000002b450000,0x000000002b550000)]
  0x0000000021043800 JavaThread "stderr" [_thread_in_native, id=4920, stack(0x000000002b350000,0x000000002b450000)]
  0x000000002104a000 JavaThread "stdout" [_thread_in_native, id=11776, stack(0x000000002b250000,0x000000002b350000)]
  0x0000000021045800 JavaThread "stderr" [_thread_in_native, id=7740, stack(0x000000002b150000,0x000000002b250000)]
  0x000000002103c000 JavaThread "stdout" [_thread_in_native, id=7972, stack(0x000000002b050000,0x000000002b150000)]
  0x0000000021041000 JavaThread "stderr" [_thread_in_native, id=10128, stack(0x000000002af50000,0x000000002b050000)]
  0x0000000021042000 JavaThread "stdout" [_thread_in_native, id=12548, stack(0x000000002ae50000,0x000000002af50000)]
  0x000000002103c800 JavaThread "stderr" [_thread_in_native, id=18644, stack(0x000000002ad50000,0x000000002ae50000)]
  0x0000000021042800 JavaThread "stdout" [_thread_in_native, id=18020, stack(0x000000002ac50000,0x000000002ad50000)]
  0x000000002103f800 JavaThread "stderr" [_thread_in_native, id=9616, stack(0x000000002ab50000,0x000000002ac50000)]
  0x0000000021040800 JavaThread "stdout" [_thread_in_native, id=15872, stack(0x000000002aa50000,0x000000002ab50000)]
  0x000000002103e000 JavaThread "stderr" [_thread_in_native, id=6880, stack(0x000000002a950000,0x000000002aa50000)]
  0x0000000022567000 JavaThread "MarlinRenderer Disposer" daemon [_thread_blocked, id=4528, stack(0x000000002a850000,0x000000002a950000)]
  0x0000000022566800 JavaThread "Java2D Disposer" daemon [_thread_blocked, id=11628, stack(0x000000002a630000,0x000000002a730000)]
  0x0000000022565800 JavaThread "WorkerExecutor Queue Thread 8" [_thread_blocked, id=3948, stack(0x000000002a030000,0x000000002a130000)]
  0x0000000022565000 JavaThread "WorkerExecutor Queue Thread 4" [_thread_blocked, id=16784, stack(0x0000000029c30000,0x0000000029d30000)]
  0x0000000022560800 JavaThread "stdout" [_thread_in_native, id=7680, stack(0x0000000029930000,0x0000000029a30000)]
  0x0000000022558800 JavaThread "stderr" [_thread_in_native, id=15456, stack(0x0000000029830000,0x0000000029930000)]
  0x000000002255d000 JavaThread "stdout" [_thread_in_native, id=17836, stack(0x0000000029730000,0x0000000029830000)]
  0x000000002255f800 JavaThread "stderr" [_thread_in_native, id=2992, stack(0x0000000029630000,0x0000000029730000)]
  0x000000002255c800 JavaThread "stdout" [_thread_in_native, id=12612, stack(0x00000000291f0000,0x00000000292f0000)]
  0x000000002255e800 JavaThread "stderr" [_thread_in_native, id=17472, stack(0x00000000290f0000,0x00000000291f0000)]
  0x000000002255a000 JavaThread "pool-18-thread-1" [_thread_blocked, id=18936, stack(0x0000000028ff0000,0x00000000290f0000)]
  0x000000002255e000 JavaThread "Cache worker for execution history cache (C:\Users\user\Downloads\AndroidClassroom-master\AndroidClassroom-master\Chapter10\.gradle\5.6.4\executionHistory)" [_thread_blocked, id=248, stack(0x0000000028ef0000,0x0000000028ff0000)]
  0x000000001c191000 JavaThread "Execution worker for ':' Thread 11" [_thread_blocked, id=4952, stack(0x0000000028cf0000,0x0000000028df0000)]
  0x000000001c190000 JavaThread "Execution worker for ':' Thread 10" [_thread_blocked, id=14168, stack(0x0000000028bf0000,0x0000000028cf0000)]
  0x000000001c195800 JavaThread "Execution worker for ':' Thread 9" [_thread_in_vm, id=17100, stack(0x0000000028af0000,0x0000000028bf0000)]
  0x000000001c193000 JavaThread "Execution worker for ':' Thread 8" [_thread_in_vm, id=14164, stack(0x00000000289f0000,0x0000000028af0000)]
  0x000000001b604000 JavaThread "Execution worker for ':' Thread 7" [_thread_in_Java, id=16232, stack(0x00000000288f0000,0x00000000289f0000)]
  0x000000001b603800 JavaThread "Execution worker for ':' Thread 6" [_thread_in_native, id=17880, stack(0x00000000287f0000,0x00000000288f0000)]
  0x000000001b602800 JavaThread "Execution worker for ':' Thread 5" [_thread_in_native_trans, id=6308, stack(0x00000000286f0000,0x00000000287f0000)]
  0x000000001b605000 JavaThread "Execution worker for ':' Thread 4" [_thread_blocked, id=4596, stack(0x00000000285f0000,0x00000000286f0000)]
  0x000000001b601000 JavaThread "Execution worker for ':' Thread 3" [_thread_blocked, id=7304, stack(0x00000000284f0000,0x00000000285f0000)]
  0x000000001b605800 JavaThread "Execution worker for ':' Thread 2" [_thread_blocked, id=6716, stack(0x00000000283f0000,0x00000000284f0000)]
  0x000000001b606800 JavaThread "Execution worker for ':'" [_thread_in_vm, id=10156, stack(0x0000000026c50000,0x0000000026d50000)]
  0x000000001b5f9800 JavaThread "Cache worker for file content cache (C:\Users\user\Downloads\AndroidClassroom-master\AndroidClassroom-master\Chapter10\.gradle\5.6.4\fileContent)" [_thread_blocked, id=11252, stack(0x0000000026950000,0x0000000026a50000)]
  0x000000001b600800 JavaThread "Cache worker for Build Output Cleanup Cache (C:\Users\user\Downloads\AndroidClassroom-master\AndroidClassroom-master\Chapter10\.gradle\buildOutputCleanup)" [_thread_blocked, id=17232, stack(0x0000000026450000,0x0000000026550000)]
  0x000000001b5f9000 JavaThread "Build operations Thread 12" [_thread_blocked, id=17780, stack(0x0000000026150000,0x0000000026250000)]
  0x000000001b5fd800 JavaThread "Build operations Thread 11" [_thread_blocked, id=13780, stack(0x0000000025c20000,0x0000000025d20000)]
  0x000000001b5fb000 JavaThread "Build operations Thread 10" [_thread_blocked, id=11892, stack(0x0000000025520000,0x0000000025620000)]
  0x000000001b5ff800 JavaThread "Build operations Thread 9" [_thread_blocked, id=12364, stack(0x0000000024a10000,0x0000000024b10000)]
  0x000000001b5f8000 JavaThread "Build operations Thread 8" [_thread_blocked, id=18176, stack(0x0000000024310000,0x0000000024410000)]
  0x000000001b36c000 JavaThread "Build operations Thread 7" [_thread_blocked, id=16356, stack(0x0000000024210000,0x0000000024310000)]
  0x000000001b36b000 JavaThread "Build operations Thread 6" [_thread_blocked, id=10608, stack(0x0000000024110000,0x0000000024210000)]
  0x000000001b36a800 JavaThread "Build operations Thread 5" [_thread_blocked, id=12728, stack(0x0000000023d20000,0x0000000023e20000)]
  0x000000001b363000 JavaThread "Build operations Thread 4" [_thread_blocked, id=1232, stack(0x0000000023c20000,0x0000000023d20000)]
  0x000000001b369800 JavaThread "Build operations Thread 3" [_thread_blocked, id=2972, stack(0x0000000023b20000,0x0000000023c20000)]
  0x000000001b361800 JavaThread "Build operations Thread 2" [_thread_blocked, id=1876, stack(0x0000000023a20000,0x0000000023b20000)]
  0x000000001b360800 JavaThread "Build operations" [_thread_blocked, id=16588, stack(0x0000000020dd0000,0x0000000020ed0000)]
  0x000000001b367800 JavaThread "Cache worker for cache directory md-rule (C:\Users\user\.gradle\caches\5.6.4\md-rule)" [_thread_blocked, id=848, stack(0x00000000207f0000,0x00000000208f0000)]
  0x000000001b360000 JavaThread "Cache worker for cache directory md-supplier (C:\Users\user\.gradle\caches\5.6.4\md-supplier)" [_thread_blocked, id=16256, stack(0x00000000206f0000,0x00000000207f0000)]
  0x000000001b366000 JavaThread "Cache worker for file hash cache (C:\Users\user\Downloads\AndroidClassroom-master\AndroidClassroom-master\Chapter10\.gradle\5.6.4\fileHashes)" [_thread_blocked, id=5236, stack(0x000000001dd50000,0x000000001de50000)]
  0x000000001b365000 JavaThread "Thread-94" [_thread_blocked, id=16108, stack(0x000000001da50000,0x000000001db50000)]
  0x000000001b35d800 JavaThread "Stdin handler" [_thread_blocked, id=14184, stack(0x000000001d850000,0x000000001d950000)]
  0x000000001b35d000 JavaThread "Asynchronous log dispatcher for DefaultDaemonConnection: socket connection from /127.0.0.1:3440 to /127.0.0.1:4430" [_thread_blocked, id=7032, stack(0x000000001d550000,0x000000001d650000)]
  0x000000001b35f000 JavaThread "Daemon worker Thread 4" [_thread_blocked, id=15196, stack(0x000000001d450000,0x000000001d550000)]
  0x000000001b35e800 JavaThread "Cancel handler" [_thread_blocked, id=1824, stack(0x0000000001460000,0x0000000001560000)]
  0x000000001b362000 JavaThread "Handler for socket connection from /127.0.0.1:3440 to /127.0.0.1:4430" [_thread_in_native, id=12412, stack(0x00000000012f0000,0x00000000013f0000)]
  0x000000001b363800 JavaThread "Daemon Thread 4" [_thread_blocked, id=11956, stack(0x00000000011f0000,0x00000000012f0000)]
  0x000000001b368000 JavaThread "Cache worker for file content cache (C:\Users\user\.gradle\caches\5.6.4\fileContent)" [_thread_blocked, id=19132, stack(0x0000000025420000,0x0000000025520000)]
  0x000000001b369000 JavaThread "Memory manager" [_thread_blocked, id=12160, stack(0x0000000024d10000,0x0000000024e10000)]
  0x000000001c192800 JavaThread "Cache worker for execution history cache (C:\Users\user\.gradle\caches\5.6.4\executionHistory)" [_thread_blocked, id=17948, stack(0x00000000234f0000,0x00000000235f0000)]
  0x000000001c195000 JavaThread "Cache worker for journal cache (C:\Users\user\.gradle\caches\journal-1)" [_thread_blocked, id=120, stack(0x000000001e250000,0x000000001e350000)]
  0x000000001c18e800 JavaThread "File lock request listener" [_thread_in_native, id=16220, stack(0x000000001e150000,0x000000001e250000)]
  0x000000001c082800 JavaThread "Cache worker for file hash cache (C:\Users\user\.gradle\caches\5.6.4\fileHashes)" [_thread_blocked, id=16476, stack(0x000000001e050000,0x000000001e150000)]
  0x000000001c596000 JavaThread "Daemon periodic checks" [_thread_blocked, id=16596, stack(0x000000001d350000,0x000000001d450000)]
  0x000000001c57a800 JavaThread "Incoming local TCP Connector on port 3440" [_thread_in_native, id=2524, stack(0x000000001d170000,0x000000001d270000)]
  0x000000001a8fe800 JavaThread "Daemon health stats" [_thread_blocked, id=2420, stack(0x000000001be80000,0x000000001bf80000)]
  0x0000000018ba1000 JavaThread "Service Thread" daemon [_thread_blocked, id=5528, stack(0x000000001a4b0000,0x000000001a5b0000)]
  0x0000000018b12000 JavaThread "C1 CompilerThread3" daemon [_thread_blocked, id=9820, stack(0x000000001a3b0000,0x000000001a4b0000)]
=>0x0000000018b11000 JavaThread "C2 CompilerThread2" daemon [_thread_in_native, id=11984, stack(0x000000001a2b0000,0x000000001a3b0000)]
  0x0000000018b0b000 JavaThread "C2 CompilerThread1" daemon [_thread_in_native, id=18468, stack(0x000000001a1b0000,0x000000001a2b0000)]
  0x0000000018b04800 JavaThread "C2 CompilerThread0" daemon [_thread_in_native, id=4048, stack(0x000000001a0b0000,0x000000001a1b0000)]
  0x0000000018aad800 JavaThread "Attach Listener" daemon [_thread_blocked, id=5600, stack(0x0000000019fb0000,0x000000001a0b0000)]
  0x0000000018aac000 JavaThread "Signal Dispatcher" daemon [_thread_blocked, id=8840, stack(0x0000000019eb0000,0x0000000019fb0000)]
  0x00000000033fa800 JavaThread "Finalizer" daemon [_thread_blocked, id=3324, stack(0x0000000019d10000,0x0000000019e10000)]
  0x0000000018a93000 JavaThread "Reference Handler" daemon [_thread_blocked, id=1560, stack(0x0000000019c10000,0x0000000019d10000)]
  0x0000000002eae800 JavaThread "main" [_thread_blocked, id=15308, stack(0x0000000003200000,0x0000000003300000)]

Other Threads:
  0x00000000173b6800 VMThread [stack: 0x0000000019b10000,0x0000000019c10000] [id=19316]
  0x0000000018ba1800 WatcherThread [stack: 0x000000001a5b0000,0x000000001a6b0000] [id=15444]

VM state:not at safepoint (normal execution)

VM Mutex/Monitor currently owned by a thread: None

heap address: 0x00000000a0000000, size: 1536 MB, Compressed Oops mode: 32-bit
Narrow klass base: 0x0000000000000000, Narrow klass shift: 3
Compressed class space size: 1073741824 Address: 0x0000000100000000

Heap:
 PSYoungGen      total 191488K, used 182572K [0x00000000e0000000, 0x00000000f0000000, 0x0000000100000000)
  eden space 183296K, 99% used [0x00000000e0000000,0x00000000eb2513d8,0x00000000eb300000)
  from space 8192K, 0% used [0x00000000ec000000,0x00000000ec000000,0x00000000ec800000)
  to   space 39424K, 0% used [0x00000000ed980000,0x00000000ed980000,0x00000000f0000000)
 ParOldGen       total 226816K, used 64566K [0x00000000a0000000, 0x00000000add80000, 0x00000000e0000000)
  object space 226816K, 28% used [0x00000000a0000000,0x00000000a3f0db28,0x00000000add80000)
 Metaspace       used 100070K, capacity 107018K, committed 107264K, reserved 1142784K
  class space    used 13149K, capacity 14514K, committed 14592K, reserved 1048576K

Card table byte_map: [0x00000000127c0000,0x0000000012ad0000] byte_map_base: 0x00000000122c0000

Marking Bits: (ParMarkBitMap*) 0x000000006f639f30
 Begin Bits: [0x00000000136d0000, 0x0000000014ed0000)
 End Bits:   [0x0000000014ed0000, 0x00000000166d0000)

Polling page: 0x00000000010e0000

CodeCache: size=245760Kb used=50939Kb max_used=50939Kb free=194820Kb
 bounds [0x0000000003400000, 0x0000000006610000, 0x0000000012400000]
 total_blobs=16822 nmethods=15811 adapters=922
 compilation: enabled

Compilation events (10 events):
Event: 3333.555 Thread 0x0000000018b12000 nmethod 19076 0x00000000065db990 code [0x00000000065dbd20, 0x00000000065ddc48]
Event: 3333.555 Thread 0x0000000018b12000 19081       3       java.util.HashMap::computeIfAbsent (309 bytes)
Event: 3333.556 Thread 0x0000000018b04800 nmethod 19027 0x00000000065e2c90 code [0x00000000065e2e40, 0x00000000065e3a78]
Event: 3333.556 Thread 0x0000000018b04800 19055       4       com.android.tools.r8.graph.d0::a (258 bytes)
Event: 3333.558 Thread 0x0000000018b12000 nmethod 19081 0x00000000065e06d0 code [0x00000000065e09a0, 0x00000000065e2218]
Event: 3333.558 Thread 0x0000000018b12000 19098       2       java.util.ArrayDeque::contains (53 bytes)
Event: 3333.558 Thread 0x0000000018b12000 nmethod 19098 0x00000000065e0150 code [0x00000000065e02c0, 0x00000000065e0528]
Event: 3333.558 Thread 0x0000000018b12000 19105       3       com.android.tools.r8.B.a.a.f::b (414 bytes)
Event: 3333.561 Thread 0x0000000018b12000 nmethod 19105 0x00000000065e4450 code [0x00000000065e49a0, 0x00000000065e7d88]
Event: 3333.561 Thread 0x0000000018b12000 19120       3       com.android.tools.r8.u.c.o::a (1157 bytes)

GC Heap History (10 events):
Event: 1854.427 GC heap before
{Heap before GC invocations=19 (full 3):
 PSYoungGen      total 236544K, used 230408K [0x00000000e0000000, 0x00000000f2b00000, 0x0000000100000000)
  eden space 209408K, 100% used [0x00000000e0000000,0x00000000ecc80000,0x00000000ecc80000)
  from space 27136K, 77% used [0x00000000ecc80000,0x00000000ee102160,0x00000000ee700000)
  to   space 29184K, 0% used [0x00000000f0e80000,0x00000000f0e80000,0x00000000f2b00000)
 ParOldGen       total 137216K, used 64562K [0x00000000a0000000, 0x00000000a8600000, 0x00000000e0000000)
  object space 137216K, 47% used [0x00000000a0000000,0x00000000a3f0ca90,0x00000000a8600000)
 Metaspace       used 79713K, capacity 85702K, committed 85760K, reserved 1124352K
  class space    used 10577K, capacity 11766K, committed 11776K, reserved 1048576K
Event: 1854.451 GC heap after
Heap after GC invocations=19 (full 3):
 PSYoungGen      total 231424K, used 29152K [0x00000000e0000000, 0x00000000f2b00000, 0x0000000100000000)
  eden space 202240K, 0% used [0x00000000e0000000,0x00000000e0000000,0x00000000ec580000)
  from space 29184K, 99% used [0x00000000f0e80000,0x00000000f2af8030,0x00000000f2b00000)
  to   space 37888K, 0% used [0x00000000ee100000,0x00000000ee100000,0x00000000f0600000)
 ParOldGen       total 137216K, used 76283K [0x00000000a0000000, 0x00000000a8600000, 0x00000000e0000000)
  object space 137216K, 55% used [0x00000000a0000000,0x00000000a4a7ece0,0x00000000a8600000)
 Metaspace       used 79713K, capacity 85702K, committed 85760K, reserved 1124352K
  class space    used 10577K, capacity 11766K, committed 11776K, reserved 1048576K
}
Event: 3322.195 GC heap before
{Heap before GC invocations=20 (full 3):
 PSYoungGen      total 231424K, used 231392K [0x00000000e0000000, 0x00000000f2b00000, 0x0000000100000000)
  eden space 202240K, 100% used [0x00000000e0000000,0x00000000ec580000,0x00000000ec580000)
  from space 29184K, 99% used [0x00000000f0e80000,0x00000000f2af8030,0x00000000f2b00000)
  to   space 37888K, 0% used [0x00000000ee100000,0x00000000ee100000,0x00000000f0600000)
 ParOldGen       total 137216K, used 76283K [0x00000000a0000000, 0x00000000a8600000, 0x00000000e0000000)
  object space 137216K, 55% used [0x00000000a0000000,0x00000000a4a7ece0,0x00000000a8600000)
 Metaspace       used 81807K, capacity 88102K, committed 88448K, reserved 1126400K
  class space    used 10811K, capacity 12052K, committed 12160K, reserved 1048576K
Event: 3322.243 GC heap after
Heap after GC invocations=20 (full 3):
 PSYoungGen      total 216576K, used 20886K [0x00000000e0000000, 0x00000000f0f00000, 0x0000000100000000)
  eden space 195584K, 0% used [0x00000000e0000000,0x00000000e0000000,0x00000000ebf00000)
  from space 20992K, 99% used [0x00000000ee100000,0x00000000ef565a98,0x00000000ef580000)
  to   space 26112K, 0% used [0x00000000ef580000,0x00000000ef580000,0x00000000f0f00000)
 ParOldGen       total 137216K, used 104681K [0x00000000a0000000, 0x00000000a8600000, 0x00000000e0000000)
  object space 137216K, 76% used [0x00000000a0000000,0x00000000a663a420,0x00000000a8600000)
 Metaspace       used 81807K, capacity 88102K, committed 88448K, reserved 1126400K
  class space    used 10811K, capacity 12052K, committed 12160K, reserved 1048576K
}
Event: 3325.937 GC heap before
{Heap before GC invocations=21 (full 3):
 PSYoungGen      total 216576K, used 216470K [0x00000000e0000000, 0x00000000f0f00000, 0x0000000100000000)
  eden space 195584K, 100% used [0x00000000e0000000,0x00000000ebf00000,0x00000000ebf00000)
  from space 20992K, 99% used [0x00000000ee100000,0x00000000ef565a98,0x00000000ef580000)
  to   space 26112K, 0% used [0x00000000ef580000,0x00000000ef580000,0x00000000f0f00000)
 ParOldGen       total 137216K, used 104681K [0x00000000a0000000, 0x00000000a8600000, 0x00000000e0000000)
  object space 137216K, 76% used [0x00000000a0000000,0x00000000a663a420,0x00000000a8600000)
 Metaspace       used 87363K, capacity 94058K, committed 94208K, reserved 1130496K
  class space    used 11446K, capacity 12764K, committed 12800K, reserved 1048576K
Event: 3325.965 GC heap after
Heap after GC invocations=21 (full 3):
 PSYoungGen      total 215552K, used 26080K [0x00000000e0000000, 0x00000000f0f00000, 0x0000000100000000)
  eden space 189440K, 0% used [0x00000000e0000000,0x00000000e0000000,0x00000000eb900000)
  from space 26112K, 99% used [0x00000000ef580000,0x00000000f0ef82c0,0x00000000f0f00000)
  to   space 40448K, 0% used [0x00000000ec000000,0x00000000ec000000,0x00000000ee780000)
 ParOldGen       total 137216K, used 107438K [0x00000000a0000000, 0x00000000a8600000, 0x00000000e0000000)
  object space 137216K, 78% used [0x00000000a0000000,0x00000000a68eba90,0x00000000a8600000)
 Metaspace       used 87363K, capacity 94058K, committed 94208K, reserved 1130496K
  class space    used 11446K, capacity 12764K, committed 12800K, reserved 1048576K
}
Event: 3328.536 GC heap before
{Heap before GC invocations=22 (full 3):
 PSYoungGen      total 215552K, used 129975K [0x00000000e0000000, 0x00000000f0f00000, 0x0000000100000000)
  eden space 189440K, 54% used [0x00000000e0000000,0x00000000e6575ac0,0x00000000eb900000)
  from space 26112K, 99% used [0x00000000ef580000,0x00000000f0ef82c0,0x00000000f0f00000)
  to   space 40448K, 0% used [0x00000000ec000000,0x00000000ec000000,0x00000000ee780000)
 ParOldGen       total 137216K, used 107438K [0x00000000a0000000, 0x00000000a8600000, 0x00000000e0000000)
  object space 137216K, 78% used [0x00000000a0000000,0x00000000a68eba90,0x00000000a8600000)
 Metaspace       used 91783K, capacity 98386K, committed 98496K, reserved 1134592K
  class space    used 12016K, capacity 13354K, committed 13440K, reserved 1048576K
Event: 3328.560 GC heap after
Heap after GC invocations=22 (full 3):
 PSYoungGen      total 191488K, used 7923K [0x00000000e0000000, 0x00000000f0000000, 0x0000000100000000)
  eden space 183296K, 0% used [0x00000000e0000000,0x00000000e0000000,0x00000000eb300000)
  from space 8192K, 96% used [0x00000000ec000000,0x00000000ec7bcec0,0x00000000ec800000)
  to   space 39424K, 0% used [0x00000000ed980000,0x00000000ed980000,0x00000000f0000000)
 ParOldGen       total 137216K, used 129341K [0x00000000a0000000, 0x00000000a8600000, 0x00000000e0000000)
  object space 137216K, 94% used [0x00000000a0000000,0x00000000a7e4f6f0,0x00000000a8600000)
 Metaspace       used 91783K, capacity 98386K, committed 98496K, reserved 1134592K
  class space    used 12016K, capacity 13354K, committed 13440K, reserved 1048576K
}
Event: 3328.560 GC heap before
{Heap before GC invocations=23 (full 4):
 PSYoungGen      total 191488K, used 7923K [0x00000000e0000000, 0x00000000f0000000, 0x0000000100000000)
  eden space 183296K, 0% used [0x00000000e0000000,0x00000000e0000000,0x00000000eb300000)
  from space 8192K, 96% used [0x00000000ec000000,0x00000000ec7bcec0,0x00000000ec800000)
  to   space 39424K, 0% used [0x00000000ed980000,0x00000000ed980000,0x00000000f0000000)
 ParOldGen       total 137216K, used 129341K [0x00000000a0000000, 0x00000000a8600000, 0x00000000e0000000)
  object space 137216K, 94% used [0x00000000a0000000,0x00000000a7e4f6f0,0x00000000a8600000)
 Metaspace       used 91783K, capacity 98386K, committed 98496K, reserved 1134592K
  class space    used 12016K, capacity 13354K, committed 13440K, reserved 1048576K
Event: 3329.449 GC heap after
Heap after GC invocations=23 (full 4):
 PSYoungGen      total 191488K, used 0K [0x00000000e0000000, 0x00000000f0000000, 0x0000000100000000)
  eden space 183296K, 0% used [0x00000000e0000000,0x00000000e0000000,0x00000000eb300000)
  from space 8192K, 0% used [0x00000000ec000000,0x00000000ec000000,0x00000000ec800000)
  to   space 39424K, 0% used [0x00000000ed980000,0x00000000ed980000,0x00000000f0000000)
 ParOldGen       total 226816K, used 64566K [0x00000000a0000000, 0x00000000add80000, 0x00000000e0000000)
  object space 226816K, 28% used [0x00000000a0000000,0x00000000a3f0db28,0x00000000add80000)
 Metaspace       used 90607K, capacity 95502K, committed 98496K, reserved 1134592K
  class space    used 11684K, capacity 12776K, committed 13440K, reserved 1048576K
}

Deoptimization events (10 events):
Event: 3333.529 Thread 0x000000001b604000 Uncommon trap: reason=class_check action=maybe_recompile pc=0x0000000006568344 method=java.util.stream.Sink$ChainedReference.<init>(Ljava/util/stream/Sink;)V @ 9
Event: 3333.530 Thread 0x000000001b606800 Uncommon trap: reason=class_check action=maybe_recompile pc=0x0000000006568344 method=java.util.stream.Sink$ChainedReference.<init>(Ljava/util/stream/Sink;)V @ 9
Event: 3333.530 Thread 0x000000001b602800 Uncommon trap: reason=class_check action=maybe_recompile pc=0x0000000006568344 method=java.util.stream.Sink$ChainedReference.<init>(Ljava/util/stream/Sink;)V @ 9
Event: 3333.534 Thread 0x000000001b602800 Uncommon trap: reason=unstable_if action=reinterpret pc=0x000000000653d600 method=com.android.tools.r8.s.a.a.b.t0.b(I[Ljava/lang/Object;)Lcom/android/tools/r8/s/a/a/b/t0; @ 193
Event: 3333.548 Thread 0x000000001b606800 Uncommon trap: reason=speculate_class_check action=maybe_recompile pc=0x0000000005170344 method=java.util.HashMap.putVal(ILjava/lang/Object;Ljava/lang/Object;ZZ)Ljava/lang/Object; @ 295
Event: 3333.548 Thread 0x000000001b606800 Uncommon trap: reason=speculate_class_check action=maybe_recompile pc=0x00000000051703bc method=java.util.HashMap.putVal(ILjava/lang/Object;Ljava/lang/Object;ZZ)Ljava/lang/Object; @ 253
Event: 3333.552 Thread 0x000000001b606800 Uncommon trap: reason=unstable_if action=reinterpret pc=0x000000000656e000 method=com.android.tools.r8.u.c.o.a(Lcom/android/tools/r8/u/c/M;IZ)V @ 151
Event: 3333.554 Thread 0x000000001c193000 Uncommon trap: reason=unloaded action=reinterpret pc=0x00000000064b0bf0 method=com.android.tools.r8.B.a.a.f.b(I[C)Ljava/lang/Object; @ 397
Event: 3333.560 Thread 0x000000001b606800 Uncommon trap: reason=unstable_if action=reinterpret pc=0x000000000611689c method=com.android.tools.r8.u.c.o.b(Lcom/android/tools/r8/r/n/z;)Z @ 25
Event: 3333.560 Thread 0x000000001b606800 Uncommon trap: reason=unstable_if action=reinterpret pc=0x00000000050f0f88 method=com.android.tools.r8.u.c.o.b(Lcom/android/tools/r8/r/n/z;)Z @ 25

Classes redefined (0 events):
No events

Internal exceptions (10 events):
Event: 3333.532 Thread 0x000000001b606800 Exception <a 'sun/nio/fs/WindowsException'> (0x00000000e9ea4b78) thrown at [D:\src\AOSP-openjdk-cygwin\jdk8u\hotspot\src\share\vm\prims\jni.cpp, line 710]
Event: 3333.535 Thread 0x000000001c193000 Exception <a 'sun/nio/fs/WindowsException'> (0x00000000e9ce10d0) thrown at [D:\src\AOSP-openjdk-cygwin\jdk8u\hotspot\src\share\vm\prims\jni.cpp, line 710]
Event: 3333.538 Thread 0x000000001c195800 Exception <a 'sun/nio/fs/WindowsException'> (0x00000000e9f57498) thrown at [D:\src\AOSP-openjdk-cygwin\jdk8u\hotspot\src\share\vm\prims\jni.cpp, line 710]
Event: 3333.538 Thread 0x000000001b35f000 Exception <a 'sun/nio/fs/WindowsException'> (0x00000000ea032fa8) thrown at [D:\src\AOSP-openjdk-cygwin\jdk8u\hotspot\src\share\vm\prims\jni.cpp, line 710]
Event: 3333.538 Thread 0x000000001b601000 Exception <a 'sun/nio/fs/WindowsException'> (0x00000000ea173868) thrown at [D:\src\AOSP-openjdk-cygwin\jdk8u\hotspot\src\share\vm\prims\jni.cpp, line 710]
Event: 3333.540 Thread 0x000000001b604000 Exception <a 'sun/nio/fs/WindowsException'> (0x00000000ea1eda18) thrown at [D:\src\AOSP-openjdk-cygwin\jdk8u\hotspot\src\share\vm\prims\jni.cpp, line 710]
Event: 3333.544 Thread 0x000000001b605800 Exception <a 'sun/nio/fs/WindowsException'> (0x00000000ea4416b8) thrown at [D:\src\AOSP-openjdk-cygwin\jdk8u\hotspot\src\share\vm\prims\jni.cpp, line 710]
Event: 3333.548 Thread 0x000000001c190000 Exception <a 'sun/nio/fs/WindowsException'> (0x00000000ea1a1bc0) thrown at [D:\src\AOSP-openjdk-cygwin\jdk8u\hotspot\src\share\vm\prims\jni.cpp, line 710]
Event: 3333.548 Thread 0x000000001b605000 Exception <a 'sun/nio/fs/WindowsException'> (0x00000000ea5116f8) thrown at [D:\src\AOSP-openjdk-cygwin\jdk8u\hotspot\src\share\vm\prims\jni.cpp, line 710]
Event: 3333.554 Thread 0x000000001c191000 Exception <a 'sun/nio/fs/WindowsException'> (0x00000000ea5819c8) thrown at [D:\src\AOSP-openjdk-cygwin\jdk8u\hotspot\src\share\vm\prims\jni.cpp, line 710]

Events (10 events):
Event: 3333.561 loading class com/android/tools/r8/r/n/y
Event: 3333.561 loading class com/android/tools/r8/r/n/y done
Event: 3333.561 loading class com/android/tools/r8/u/c/M$e
Event: 3333.561 loading class com/android/tools/r8/u/c/M$e done
Event: 3333.561 loading class com/android/tools/r8/r/n/x
Event: 3333.562 loading class com/android/tools/r8/r/n/x done
Event: 3333.562 loading class com/android/tools/r8/r/n/G
Event: 3333.562 loading class com/android/tools/r8/r/n/G done
Event: 3333.563 loading class com/android/tools/r8/graph/s0$a
Event: 3333.563 loading class com/android/tools/r8/graph/s0$a done


Dynamic libraries:
0x00007ff608b60000 - 0x00007ff608b91000 	C:\Program Files\Android\Android Studio\jre\bin\java.exe
0x00007ffe83d80000 - 0x00007ffe83f70000 	C:\WINDOWS\SYSTEM32\ntdll.dll
0x00007ffe81ea0000 - 0x00007ffe81f52000 	C:\WINDOWS\System32\KERNEL32.DLL
0x00007ffe80e00000 - 0x00007ffe810a4000 	C:\WINDOWS\System32\KERNELBASE.dll
0x00007ffe47fb0000 - 0x00007ffe480cd000 	C:\WINDOWS\System32\AppCheck64.dll
0x00007ffe836f0000 - 0x00007ffe83793000 	C:\WINDOWS\System32\ADVAPI32.dll
0x00007ffe838c0000 - 0x00007ffe8395e000 	C:\WINDOWS\System32\msvcrt.dll
0x00007ffe83190000 - 0x00007ffe83227000 	C:\WINDOWS\System32\sechost.dll
0x00007ffe83b50000 - 0x00007ffe83c70000 	C:\WINDOWS\System32\RPCRT4.dll
0x00007ffe833f0000 - 0x00007ffe83584000 	C:\WINDOWS\System32\USER32.dll
0x00007ffe81da0000 - 0x00007ffe81dc1000 	C:\WINDOWS\System32\win32u.dll
0x00007ffe83960000 - 0x00007ffe83986000 	C:\WINDOWS\System32\GDI32.dll
0x00007ffe819b0000 - 0x00007ffe81b44000 	C:\WINDOWS\System32\gdi32full.dll
0x00007ffe80d60000 - 0x00007ffe80dfe000 	C:\WINDOWS\System32\msvcp_win.dll
0x00007ffe818b0000 - 0x00007ffe819aa000 	C:\WINDOWS\System32\ucrtbase.dll
0x00007ffe79710000 - 0x00007ffe7971a000 	C:\WINDOWS\SYSTEM32\VERSION.dll
0x00007ffe6f450000 - 0x00007ffe6f6d4000 	C:\WINDOWS\WinSxS\amd64_microsoft.windows.common-controls_6595b64144ccf1df_6.0.18362.836_none_e6c4b943130f18ed\COMCTL32.dll
0x00007ffe82e50000 - 0x00007ffe83186000 	C:\WINDOWS\System32\combase.dll
0x00007ffe81830000 - 0x00007ffe818b0000 	C:\WINDOWS\System32\bcryptPrimitives.dll
0x00007ffe83890000 - 0x00007ffe838be000 	C:\WINDOWS\System32\IMM32.DLL
0x000000006ed90000 - 0x000000006ee62000 	C:\Program Files\Android\Android Studio\jre\jre\bin\msvcr100.dll
0x000000006ee70000 - 0x000000006f6b6000 	C:\Program Files\Android\Android Studio\jre\jre\bin\server\jvm.dll
0x00007ffe83b40000 - 0x00007ffe83b48000 	C:\WINDOWS\System32\PSAPI.DLL
0x00007ffe67a20000 - 0x00007ffe67a29000 	C:\WINDOWS\SYSTEM32\WSOCK32.dll
0x00007ffe7e560000 - 0x00007ffe7e584000 	C:\WINDOWS\SYSTEM32\WINMM.dll
0x00007ffe82de0000 - 0x00007ffe82e4f000 	C:\WINDOWS\System32\WS2_32.dll
0x00007ffe7e350000 - 0x00007ffe7e37d000 	C:\WINDOWS\SYSTEM32\WINMMBASE.dll
0x00007ffe80d10000 - 0x00007ffe80d5a000 	C:\WINDOWS\System32\cfgmgr32.dll
0x00007ffe71d60000 - 0x00007ffe71d6f000 	C:\Program Files\Android\Android Studio\jre\jre\bin\verify.dll
0x00007ffe70be0000 - 0x00007ffe70c09000 	C:\Program Files\Android\Android Studio\jre\jre\bin\java.dll
0x00007ffe71410000 - 0x00007ffe71426000 	C:\Program Files\Android\Android Studio\jre\jre\bin\zip.dll
0x00007ffe81fe0000 - 0x00007ffe826c4000 	C:\WINDOWS\System32\SHELL32.dll
0x00007ffe826d0000 - 0x00007ffe82779000 	C:\WINDOWS\System32\shcore.dll
0x00007ffe810b0000 - 0x00007ffe8182e000 	C:\WINDOWS\System32\windows.storage.dll
0x00007ffe80c70000 - 0x00007ffe80c93000 	C:\WINDOWS\System32\profapi.dll
0x00007ffe80ca0000 - 0x00007ffe80cea000 	C:\WINDOWS\System32\powrprof.dll
0x00007ffe80c40000 - 0x00007ffe80c50000 	C:\WINDOWS\System32\UMPDC.dll
0x00007ffe837d0000 - 0x00007ffe83822000 	C:\WINDOWS\System32\shlwapi.dll
0x00007ffe80c50000 - 0x00007ffe80c61000 	C:\WINDOWS\System32\kernel.appcore.dll
0x00007ffe81d50000 - 0x00007ffe81d67000 	C:\WINDOWS\System32\cryptsp.dll
0x00007ffe70bc0000 - 0x00007ffe70bda000 	C:\Program Files\Android\Android Studio\jre\jre\bin\net.dll
0x00007ffe72b30000 - 0x00007ffe72d06000 	C:\WINDOWS\SYSTEM32\urlmon.dll
0x00007ffe72880000 - 0x00007ffe72b26000 	C:\WINDOWS\SYSTEM32\iertutil.dll
0x00007ffe80620000 - 0x00007ffe8062c000 	C:\WINDOWS\SYSTEM32\CRYPTBASE.DLL
0x00007ffe80450000 - 0x00007ffe804b7000 	C:\WINDOWS\system32\mswsock.dll
0x00007ffe70ba0000 - 0x00007ffe70bb3000 	C:\Program Files\Android\Android Studio\jre\jre\bin\nio.dll
0x00007ffe70420000 - 0x00007ffe70446000 	C:\Users\user\.gradle\native\30\windows-amd64\native-platform.dll
0x00007ffe71d50000 - 0x00007ffe71d5d000 	C:\Program Files\Android\Android Studio\jre\jre\bin\management.dll
0x00007ffe7ffc0000 - 0x00007ffe7fff3000 	C:\WINDOWS\system32\rsaenh.dll
0x00007ffe81d70000 - 0x00007ffe81d96000 	C:\WINDOWS\System32\bcrypt.dll
0x00007ffe80b30000 - 0x00007ffe80b55000 	C:\WINDOWS\SYSTEM32\USERENV.dll
0x00007ffe80160000 - 0x00007ffe8019a000 	C:\WINDOWS\SYSTEM32\IPHLPAPI.DLL
0x00007ffe837a0000 - 0x00007ffe837a8000 	C:\WINDOWS\System32\NSI.dll
0x00007ffe77b70000 - 0x00007ffe77b86000 	C:\WINDOWS\SYSTEM32\dhcpcsvc6.DLL
0x00007ffe77b50000 - 0x00007ffe77b6c000 	C:\WINDOWS\SYSTEM32\dhcpcsvc.DLL
0x00007ffe801a0000 - 0x00007ffe8026b000 	C:\WINDOWS\SYSTEM32\DNSAPI.dll
0x00007ffe4a910000 - 0x00007ffe4aaac000 	C:\Program Files\Android\Android Studio\jre\jre\bin\awt.dll
0x00007ffe83c70000 - 0x00007ffe83d34000 	C:\WINDOWS\System32\OLEAUT32.dll
0x00007ffe7edb0000 - 0x00007ffe7eddd000 	C:\WINDOWS\SYSTEM32\dwmapi.dll
0x00007ffe7d930000 - 0x00007ffe7def0000 	C:\WINDOWS\SYSTEM32\d2d1.dll
0x00007ffe7ebb0000 - 0x00007ffe7ec3f000 	C:\WINDOWS\SYSTEM32\apphelp.dll
0x00007ffe7ece0000 - 0x00007ffe7ed79000 	C:\WINDOWS\system32\uxtheme.dll

VM Arguments:
jvm_args: -Xmx1536m -Dfile.encoding=x-windows-949 -Duser.country=KR -Duser.language=ko -Duser.variant 
java_command: org.gradle.launcher.daemon.bootstrap.GradleDaemon 5.6.4
java_class_path (initial): C:\Users\user\.gradle\wrapper\dists\gradle-5.6.4-all\ankdp27end7byghfw1q2sw75f\gradle-5.6.4\lib\gradle-launcher-5.6.4.jar
Launcher Type: SUN_STANDARD

Environment Variables:
JAVA_HOME=C:\Program Files\Android\Android Studio\jre\jre
PATH=C:\Program Files (x86)\Common Files\Oracle\Java\javapath;C:\Program Files (x86)\Intel\Intel(R) Management Engine Components\iCLS\;C:\Program Files\Intel\Intel(R) Management Engine Components\iCLS\;C:\WINDOWS\system32;C:\WINDOWS;C:\WINDOWS\System32\Wbem;C:\WINDOWS\System32\WindowsPowerShell\v1.0\;C:\WINDOWS\System32\OpenSSH\;C:\Program Files (x86)\Intel\Intel(R) Management Engine Components\DAL;C:\Program Files\Intel\Intel(R) Management Engine Components\DAL;C:\Program Files (x86)\Intel\Intel(R) Management Engine Components\IPT;C:\Program Files\Intel\Intel(R) Management Engine Components\IPT;C:\Program Files\Intel\WiFi\bin\;C:\Program Files\Common Files\Intel\WirelessCommon\;C:\Program Files\dotnet\;C:\Program Files (x86)\Windows Kits\10\Windows Performance Toolkit\;C:\Program Files (x86)\Windows Kits\10\Microsoft Application Virtualization\Sequencer\;C:\Program Files (x86)\Microsoft SQL Server\110\Tools\Binn\;C:\Program Files (x86)\Microsoft SQL Server\110\DTS\Binn\;C:\Program Files (x86)\Windows Kits\8.1\Windows Performance Toolkit\;C:\Program Files\nodejs\;C:\JAVA\jdk\bin;C:\JAVA\jdk\jre\bin;C:\Program Files\Git\cmd;C:\Users\user\AppData\Local\Programs\Python\Python38-32\Scripts\;C:\Users\user\AppData\Local\Programs\Python\Python38-32\;C:\Users\user\AppData\Local\Microsoft\WindowsApps;C:\Program Files\Intel\WiFi\bin\;C:\Program Files\Common Files\Intel\WirelessCommon\;C:\Program Files\Bandizip\;C:\Users\user\AppData\Local\Programs\Microsoft VS Code\bin;C:\Users\user\AppData\Roaming\npm;C:\Program Files\JetBrains\IntelliJ IDEA 2019.2.3\bin
USERNAME=20191308NSG
OS=Windows_NT
PROCESSOR_IDENTIFIER=Intel64 Family 6 Model 158 Stepping 10, GenuineIntel



---------------  S Y S T E M  ---------------

OS: Windows 10.0 , 64 bit Build 18362 (10.0.18362.778)

CPU:total 12 (initial active 12) (6 cores per cpu, 2 threads per core) family 6 model 158 stepping 10, cmov, cx8, fxsr, mmx, sse, sse2, sse3, ssse3, sse4.1, sse4.2, popcnt, avx, avx2, aes, clmul, erms, rtm, 3dnowpref, lzcnt, ht, tsc, tscinvbit, bmi1, bmi2, adx

Memory: 4k page, physical 8264744k(407844k free), swap 12164136k(1216k free)

vm_info: OpenJDK 64-Bit Server VM (25.212-b04) for windows-amd64 JRE (1.8.0_212-release-1586-b04), built by "builder" with MS VC++ 10.0 (VS2010)

time: Thu May 28 16:21:29 2020
timezone: 대한민국 표준시
elapsed time: 3333 seconds (0d 0h 55m 33s)

