#
# There is insufficient memory for the Java Runtime Environment to continue.
# Native memory allocation (malloc) failed to allocate 919456 bytes for Chunk::new
# Possible reasons:
#   The system is out of physical RAM or swap space
#   The process is running with CompressedOops enabled, and the Java Heap may be blocking the growth of the native heap
# Possible solutions:
#   Reduce memory load on the system
#   Increase physical memory or swap space
#   Check if swap backing store is full
#   Decrease Java heap size (-Xmx/-Xms)
#   Decrease number of Java threads
#   Decrease Java thread stack sizes (-Xss)
#   Set larger code cache with -XX:ReservedCodeCacheSize=
#   JVM is running with Unscaled Compressed Oops mode in which the Java heap is
#     placed in the first 4GB address space. The Java Heap base address is the
#     maximum limit for the native heap growth. Please use -XX:HeapBaseMinAddress
#     to set the Java Heap base and to place the Java Heap above 4GB virtual address.
# This output file may be truncated or incomplete.
#
#  Out of Memory Error (allocation.cpp:389), pid=10624, tid=0x0000000000002ff0
#
# JRE version: OpenJDK Runtime Environment (8.0_202-b03) (build 1.8.0_202-release-1483-b03)
# Java VM: OpenJDK 64-Bit Server VM (25.202-b03 mixed mode windows-amd64 compressed oops)
# Failed to write core dump. Minidumps are not enabled by default on client versions of Windows
#

---------------  T H R E A D  ---------------

Current thread (0x0000000018402800):  JavaThread "C2 CompilerThread2" daemon [_thread_in_native, id=12272, stack(0x0000000019b80000,0x0000000019c80000)]

Stack: [0x0000000019b80000,0x0000000019c80000]
[error occurred during error reporting (printing stack bounds), id 0xc0000005]

Native frames: (J=compiled Java code, j=interpreted, Vv=VM code, C=native code)


Current CompileTask:
C2:   7089 2316       4       groovy.lang.MetaClassImpl$1MOPIter::methodNameAction (325 bytes)


---------------  P R O C E S S  ---------------

Java Threads: ( => current thread )
  0x000000001ab00800 JavaThread "Cache worker for execution history cache (C:\Users\user\.gradle\caches\5.4.1\executionHistory)" [_thread_blocked, id=4936, stack(0x0000000021a40000,0x0000000021b40000)]
  0x000000001aaff000 JavaThread "Cache worker for cache directory md-rule (C:\Users\user\.gradle\caches\5.4.1\md-rule)" [_thread_blocked, id=2088, stack(0x0000000020280000,0x0000000020380000)]
  0x000000001ab05000 JavaThread "Cache worker for cache directory md-supplier (C:\Users\user\.gradle\caches\5.4.1\md-supplier)" [_thread_blocked, id=16212, stack(0x000000001ffb0000,0x00000000200b0000)]
  0x000000001ab02000 JavaThread "Cache worker for file hash cache (C:\Users\user\AndroidStudioProjects\EventPractice\.gradle\5.4.1\fileHashes)" [_thread_blocked, id=16184, stack(0x0000000020180000,0x0000000020280000)]
  0x000000001ab06000 JavaThread "Cache worker for journal cache (C:\Users\user\.gradle\caches\journal-1)" [_thread_blocked, id=12792, stack(0x000000001db10000,0x000000001dc10000)]
  0x000000001ab01800 JavaThread "File lock request listener" [_thread_in_native, id=8956, stack(0x000000001da10000,0x000000001db10000)]
  0x000000001b69d000 JavaThread "Cache worker for file hash cache (C:\Users\user\.gradle\caches\5.4.1\fileHashes)" [_thread_blocked, id=8404, stack(0x000000001d710000,0x000000001d810000)]
  0x000000001b238800 JavaThread "Thread-9" [_thread_blocked, id=940, stack(0x000000001c640000,0x000000001c740000)]
  0x000000001a48e800 JavaThread "Stdin handler" [_thread_blocked, id=5828, stack(0x000000001c540000,0x000000001c640000)]
  0x000000001a48d000 JavaThread "Asynchronous log dispatcher for DefaultDaemonConnection: socket connection from /127.0.0.1:6015 to /127.0.0.1:6016" [_thread_blocked, id=9340, stack(0x000000001c440000,0x000000001c540000)]
  0x000000001b12f000 JavaThread "Daemon worker" [_thread_in_vm, id=1532, stack(0x000000001c340000,0x000000001c440000)]
  0x000000001b12c800 JavaThread "Cancel handler" [_thread_blocked, id=12872, stack(0x000000001c140000,0x000000001c240000)]
  0x000000001a3b9000 JavaThread "Handler for socket connection from /127.0.0.1:6015 to /127.0.0.1:6016" [_thread_in_native, id=12884, stack(0x000000001be40000,0x000000001bf40000)]
  0x000000001a3b8800 JavaThread "Daemon" [_thread_blocked, id=5772, stack(0x000000001bd40000,0x000000001be40000)]
  0x000000001a29a800 JavaThread "Daemon periodic checks" [_thread_blocked, id=13216, stack(0x000000001bc40000,0x000000001bd40000)]
  0x000000001a288800 JavaThread "Incoming local TCP Connector on port 6015" [_thread_in_native, id=1700, stack(0x000000001bb40000,0x000000001bc40000)]
  0x000000001b1c3800 JavaThread "Daemon health stats" [_thread_blocked, id=1012, stack(0x0000000019f80000,0x000000001a080000)]
  0x0000000018484000 JavaThread "Service Thread" daemon [_thread_blocked, id=11760, stack(0x0000000019d80000,0x0000000019e80000)]
  0x0000000018403000 JavaThread "C1 CompilerThread3" daemon [_thread_blocked, id=1264, stack(0x0000000019c80000,0x0000000019d80000)]
=>0x0000000018402800 JavaThread "C2 CompilerThread2" daemon [_thread_in_native, id=12272, stack(0x0000000019b80000,0x0000000019c80000)]
  0x00000000183f9000 JavaThread "C2 CompilerThread1" daemon [_thread_in_native, id=7504, stack(0x0000000019a80000,0x0000000019b80000)]
  0x00000000183f1000 JavaThread "C2 CompilerThread0" daemon [_thread_in_native, id=7412, stack(0x0000000019980000,0x0000000019a80000)]
  0x000000001839c800 JavaThread "Attach Listener" daemon [_thread_blocked, id=4780, stack(0x0000000019880000,0x0000000019980000)]
  0x000000001839b800 JavaThread "Signal Dispatcher" daemon [_thread_blocked, id=15180, stack(0x0000000019780000,0x0000000019880000)]
  0x0000000002cda000 JavaThread "Finalizer" daemon [_thread_blocked, id=17268, stack(0x00000000195f0000,0x00000000196f0000)]
  0x0000000018383000 JavaThread "Reference Handler" daemon [_thread_blocked, id=15896, stack(0x00000000194f0000,0x00000000195f0000)]
  0x000000000091e800 JavaThread "main" [_thread_blocked, id=17348, stack(0x0000000002710000,0x0000000002810000)]

Other Threads:
  0x0000000016c95800 VMThread [stack: 0x00000000193f0000,0x00000000194f0000] [id=17088]
  0x000000001843b800 WatcherThread [stack: 0x0000000019e80000,0x0000000019f80000] [id=7916]

VM state:not at safepoint (normal execution)

VM Mutex/Monitor currently owned by a thread:  ([mutex/lock_event])
[0x000000000091cb30] CodeCache_lock - owner thread: 0x0000000018403000

heap address: 0x00000000a0000000, size: 1536 MB, Compressed Oops mode: 32-bit
Narrow klass base: 0x0000000000000000, Narrow klass shift: 3
Compressed class space size: 1073741824 Address: 0x0000000100000000

Heap:
 PSYoungGen      total 76800K, used 48211K [0x00000000e0000000, 0x00000000e8800000, 0x0000000100000000)
  eden space 66560K, 60% used [0x00000000e0000000,0x00000000e277d988,0x00000000e4100000)
  from space 10240K, 75% used [0x00000000e4100000,0x00000000e4897418,0x00000000e4b00000)
  to   space 10240K, 0% used [0x00000000e7e00000,0x00000000e7e00000,0x00000000e8800000)
 ParOldGen       total 54272K, used 8724K [0x00000000a0000000, 0x00000000a3500000, 0x00000000e0000000)
  object space 54272K, 16% used [0x00000000a0000000,0x00000000a0885118,0x00000000a3500000)
 Metaspace       used 30516K, capacity 31190K, committed 31360K, reserved 1077248K
  class space    used 4254K, capacity 4465K, committed 4480K, reserved 1048576K

Card table byte_map: [0x00000000120a0000,0x00000000123b0000] byte_map_base: 0x0000000011ba0000

Marking Bits: (ParMarkBitMap*) 0x000000006aca9f30
 Begin Bits: [0x0000000012fb0000, 0x00000000147b0000)
 End Bits:   [0x00000000147b0000, 0x0000000015fb0000)

Polling page: 0x00000000008f0000

CodeCache: size=245760Kb used=9212Kb max_used=9212Kb free=236547Kb
 bounds [0x0000000002ce0000, 0x00000000035f0000, 0x0000000011ce0000]
 total_blobs=3104 nmethods=2425 adapters=591
 compilation: enabled

Compilation events (10 events):
Event: 7.078 Thread 0x0000000018403000 2427       3       java.util.ArrayList::remove (69 bytes)
Event: 7.079 Thread 0x0000000018403000 nmethod 2427 0x00000000035de950 code [0x00000000035deb00, 0x00000000035df108]
Event: 7.080 Thread 0x0000000018403000 2428       1       sun.reflect.annotation.AnnotationType::memberTypes (5 bytes)
Event: 7.080 Thread 0x0000000018403000 nmethod 2428 0x00000000035df450 code [0x00000000035df5a0, 0x00000000035df6b0]
Event: 7.080 Thread 0x0000000018403000 2430       3       sun.reflect.annotation.AnnotationType::getInstance (65 bytes)
Event: 7.081 Thread 0x0000000018403000 nmethod 2430 0x00000000035df710 code [0x00000000035df8c0, 0x00000000035e0048]
Event: 7.081 Thread 0x0000000018403000 2429       1       sun.reflect.annotation.AnnotationType::memberDefaults (5 bytes)
Event: 7.081 Thread 0x0000000018403000 nmethod 2429 0x00000000035e0310 code [0x00000000035e0460, 0x00000000035e0570]
Event: 7.081 Thread 0x0000000018403000 2431       1       sun.reflect.annotation.AnnotationType::retention (5 bytes)
Event: 7.081 Thread 0x0000000018403000 nmethod 2431 0x00000000035e05d0 code [0x00000000035e0720, 0x00000000035e0830]

GC Heap History (10 events):
Event: 4.399 GC heap before
{Heap before GC invocations=4 (full 0):
 PSYoungGen      total 38400K, used 38390K [0x00000000e0000000, 0x00000000e2a80000, 0x0000000100000000)
  eden space 33280K, 100% used [0x00000000e0000000,0x00000000e2080000,0x00000000e2080000)
  from space 5120K, 99% used [0x00000000e2080000,0x00000000e257da40,0x00000000e2580000)
  to   space 5120K, 0% used [0x00000000e2580000,0x00000000e2580000,0x00000000e2a80000)
 ParOldGen       total 87552K, used 2332K [0x00000000a0000000, 0x00000000a5580000, 0x00000000e0000000)
  object space 87552K, 2% used [0x00000000a0000000,0x00000000a0247068,0x00000000a5580000)
 Metaspace       used 16227K, capacity 16700K, committed 16896K, reserved 1062912K
  class space    used 2305K, capacity 2460K, committed 2560K, reserved 1048576K
Event: 4.408 GC heap after
Heap after GC invocations=4 (full 0):
 PSYoungGen      total 38400K, used 5116K [0x00000000e0000000, 0x00000000e4b00000, 0x0000000100000000)
  eden space 33280K, 0% used [0x00000000e0000000,0x00000000e0000000,0x00000000e2080000)
  from space 5120K, 99% used [0x00000000e2580000,0x00000000e2a7f270,0x00000000e2a80000)
  to   space 5120K, 0% used [0x00000000e2080000,0x00000000e2080000,0x00000000e2580000)
 ParOldGen       total 87552K, used 5873K [0x00000000a0000000, 0x00000000a5580000, 0x00000000e0000000)
  object space 87552K, 6% used [0x00000000a0000000,0x00000000a05bc7e8,0x00000000a5580000)
 Metaspace       used 16227K, capacity 16700K, committed 16896K, reserved 1062912K
  class space    used 2305K, capacity 2460K, committed 2560K, reserved 1048576K
}
Event: 5.766 GC heap before
{Heap before GC invocations=5 (full 0):
 PSYoungGen      total 38400K, used 38396K [0x00000000e0000000, 0x00000000e4b00000, 0x0000000100000000)
  eden space 33280K, 100% used [0x00000000e0000000,0x00000000e2080000,0x00000000e2080000)
  from space 5120K, 99% used [0x00000000e2580000,0x00000000e2a7f270,0x00000000e2a80000)
  to   space 5120K, 0% used [0x00000000e2080000,0x00000000e2080000,0x00000000e2580000)
 ParOldGen       total 87552K, used 5873K [0x00000000a0000000, 0x00000000a5580000, 0x00000000e0000000)
  object space 87552K, 6% used [0x00000000a0000000,0x00000000a05bc7e8,0x00000000a5580000)
 Metaspace       used 19091K, capacity 19670K, committed 19968K, reserved 1067008K
  class space    used 2770K, capacity 2965K, committed 3072K, reserved 1048576K
Event: 5.775 GC heap after
Heap after GC invocations=5 (full 0):
 PSYoungGen      total 38400K, used 5097K [0x00000000e0000000, 0x00000000e5600000, 0x0000000100000000)
  eden space 33280K, 0% used [0x00000000e0000000,0x00000000e0000000,0x00000000e2080000)
  from space 5120K, 99% used [0x00000000e2080000,0x00000000e257a630,0x00000000e2580000)
  to   space 10752K, 0% used [0x00000000e4b80000,0x00000000e4b80000,0x00000000e5600000)
 ParOldGen       total 87552K, used 9411K [0x00000000a0000000, 0x00000000a5580000, 0x00000000e0000000)
  object space 87552K, 10% used [0x00000000a0000000,0x00000000a0930d08,0x00000000a5580000)
 Metaspace       used 19091K, capacity 19670K, committed 19968K, reserved 1067008K
  class space    used 2770K, capacity 2965K, committed 3072K, reserved 1048576K
}
Event: 5.916 GC heap before
{Heap before GC invocations=6 (full 0):
 PSYoungGen      total 38400K, used 16554K [0x00000000e0000000, 0x00000000e5600000, 0x0000000100000000)
  eden space 33280K, 34% used [0x00000000e0000000,0x00000000e0b30248,0x00000000e2080000)
  from space 5120K, 99% used [0x00000000e2080000,0x00000000e257a630,0x00000000e2580000)
  to   space 10752K, 0% used [0x00000000e4b80000,0x00000000e4b80000,0x00000000e5600000)
 ParOldGen       total 87552K, used 9411K [0x00000000a0000000, 0x00000000a5580000, 0x00000000e0000000)
  object space 87552K, 10% used [0x00000000a0000000,0x00000000a0930d08,0x00000000a5580000)
 Metaspace       used 20607K, capacity 21124K, committed 21296K, reserved 1067008K
  class space    used 2954K, capacity 3129K, committed 3200K, reserved 1048576K
Event: 5.922 GC heap after
Heap after GC invocations=6 (full 0):
 PSYoungGen      total 76288K, used 7257K [0x00000000e0000000, 0x00000000e5500000, 0x0000000100000000)
  eden space 66560K, 0% used [0x00000000e0000000,0x00000000e0000000,0x00000000e4100000)
  from space 9728K, 74% used [0x00000000e4b80000,0x00000000e5296488,0x00000000e5500000)
  to   space 10240K, 0% used [0x00000000e4100000,0x00000000e4100000,0x00000000e4b00000)
 ParOldGen       total 87552K, used 9419K [0x00000000a0000000, 0x00000000a5580000, 0x00000000e0000000)
  object space 87552K, 10% used [0x00000000a0000000,0x00000000a0932d08,0x00000000a5580000)
 Metaspace       used 20607K, capacity 21124K, committed 21296K, reserved 1067008K
  class space    used 2954K, capacity 3129K, committed 3200K, reserved 1048576K
}
Event: 5.923 GC heap before
{Heap before GC invocations=7 (full 1):
 PSYoungGen      total 76288K, used 7257K [0x00000000e0000000, 0x00000000e5500000, 0x0000000100000000)
  eden space 66560K, 0% used [0x00000000e0000000,0x00000000e0000000,0x00000000e4100000)
  from space 9728K, 74% used [0x00000000e4b80000,0x00000000e5296488,0x00000000e5500000)
  to   space 10240K, 0% used [0x00000000e4100000,0x00000000e4100000,0x00000000e4b00000)
 ParOldGen       total 87552K, used 9419K [0x00000000a0000000, 0x00000000a5580000, 0x00000000e0000000)
  object space 87552K, 10% used [0x00000000a0000000,0x00000000a0932d08,0x00000000a5580000)
 Metaspace       used 20607K, capacity 21124K, committed 21296K, reserved 1067008K
  class space    used 2954K, capacity 3129K, committed 3200K, reserved 1048576K
Event: 5.952 GC heap after
Heap after GC invocations=7 (full 1):
 PSYoungGen      total 76288K, used 0K [0x00000000e0000000, 0x00000000e5500000, 0x0000000100000000)
  eden space 66560K, 0% used [0x00000000e0000000,0x00000000e0000000,0x00000000e4100000)
  from space 9728K, 0% used [0x00000000e4b80000,0x00000000e4b80000,0x00000000e5500000)
  to   space 10240K, 0% used [0x00000000e4100000,0x00000000e4100000,0x00000000e4b00000)
 ParOldGen       total 54272K, used 8716K [0x00000000a0000000, 0x00000000a3500000, 0x00000000e0000000)
  object space 54272K, 16% used [0x00000000a0000000,0x00000000a0883118,0x00000000a3500000)
 Metaspace       used 20607K, capacity 21124K, committed 21296K, reserved 1067008K
  class space    used 2954K, capacity 3129K, committed 3200K, reserved 1048576K
}
Event: 6.576 GC heap before
{Heap before GC invocations=8 (full 1):
 PSYoungGen      total 76288K, used 66560K [0x00000000e0000000, 0x00000000e5500000, 0x0000000100000000)
  eden space 66560K, 100% used [0x00000000e0000000,0x00000000e4100000,0x00000000e4100000)
  from space 9728K, 0% used [0x00000000e4b80000,0x00000000e4b80000,0x00000000e5500000)
  to   space 10240K, 0% used [0x00000000e4100000,0x00000000e4100000,0x00000000e4b00000)
 ParOldGen       total 54272K, used 8716K [0x00000000a0000000, 0x00000000a3500000, 0x00000000e0000000)
  object space 54272K, 16% used [0x00000000a0000000,0x00000000a0883118,0x00000000a3500000)
 Metaspace       used 28291K, capacity 28844K, committed 29056K, reserved 1075200K
  class space    used 3909K, capacity 4099K, committed 4224K, reserved 1048576K
Event: 6.586 GC heap after
Heap after GC invocations=8 (full 1):
 PSYoungGen      total 76800K, used 7773K [0x00000000e0000000, 0x00000000e8800000, 0x0000000100000000)
  eden space 66560K, 0% used [0x00000000e0000000,0x00000000e0000000,0x00000000e4100000)
  from space 10240K, 75% used [0x00000000e4100000,0x00000000e4897418,0x00000000e4b00000)
  to   space 10240K, 0% used [0x00000000e7e00000,0x00000000e7e00000,0x00000000e8800000)
 ParOldGen       total 54272K, used 8724K [0x00000000a0000000, 0x00000000a3500000, 0x00000000e0000000)
  object space 54272K, 16% used [0x00000000a0000000,0x00000000a0885118,0x00000000a3500000)
 Metaspace       used 28291K, capacity 28844K, committed 29056K, reserved 1075200K
  class space    used 3909K, capacity 4099K, committed 4224K, reserved 1048576K
}

Deoptimization events (10 events):
Event: 5.827 Thread 0x000000001b12f000 Uncommon trap: reason=class_check action=maybe_recompile pc=0x0000000002ede0bc method=sun.misc.URLClassPath.getLoader(I)Lsun/misc/URLClassPath$Loader; @ 94
Event: 5.827 Thread 0x000000001b12f000 Uncommon trap: reason=class_check action=maybe_recompile pc=0x000000000302246c method=sun.misc.URLClassPath.getResource(Ljava/lang/String;Z)Lsun/misc/Resource; @ 62
Event: 5.833 Thread 0x000000001b12f000 Uncommon trap: reason=unstable_if action=reinterpret pc=0x00000000032ab408 method=java.lang.ClassLoader.getClassLoadingLock(Ljava/lang/String;)Ljava/lang/Object; @ 6
Event: 5.859 Thread 0x000000001b12f000 Uncommon trap: reason=bimorphic action=maybe_recompile pc=0x0000000003258440 method=java.io.BufferedInputStream.read([BII)I @ 101
Event: 5.859 Thread 0x000000001b12f000 Uncommon trap: reason=bimorphic action=maybe_recompile pc=0x0000000003258440 method=java.io.BufferedInputStream.read([BII)I @ 101
Event: 5.859 Thread 0x000000001b12f000 Uncommon trap: reason=bimorphic action=maybe_recompile pc=0x0000000003258440 method=java.io.BufferedInputStream.read([BII)I @ 101
Event: 5.859 Thread 0x000000001b12f000 Uncommon trap: reason=bimorphic action=maybe_recompile pc=0x0000000003258440 method=java.io.BufferedInputStream.read([BII)I @ 101
Event: 6.311 Thread 0x000000001b12f000 Uncommon trap: reason=unstable_if action=reinterpret pc=0x0000000003166ca0 method=java.util.HashMap.hash(Ljava/lang/Object;)I @ 1
Event: 6.382 Thread 0x000000001b12f000 Uncommon trap: reason=unstable_if action=reinterpret pc=0x0000000002f8a64c method=java.io.WinNTFileSystem.resolve(Ljava/lang/String;Ljava/lang/String;)Ljava/lang/String; @ 49
Event: 6.407 Thread 0x000000001b12f000 Uncommon trap: reason=unstable_if action=reinterpret pc=0x0000000002fb84f0 method=java.util.LinkedHashMap.afterNodeInsertion(Z)V @ 1

Classes redefined (0 events):
No events

Internal exceptions (10 events):
Event: 7.058 Thread 0x000000001b12f000 Exception <a 'java/lang/ClassNotFoundException': settings_7y4ds9b1bsbqfzsm18i5uyhllBeanInfo> (0x00000000e229a370) thrown at [D:\src\AOSP-openjdk-cygwin\jdk8u\hotspot\src\share\vm\classfile\systemDictionary.cpp, line 210]
Event: 7.058 Thread 0x000000001b12f000 Exception <a 'java/lang/ClassNotFoundException': org/gradle/initialization/SettingsScriptBeanInfo> (0x00000000e22af348) thrown at [D:\src\AOSP-openjdk-cygwin\jdk8u\hotspot\src\share\vm\classfile\systemDictionary.cpp, line 210]
Event: 7.058 Thread 0x000000001b12f000 Exception <a 'java/lang/ClassNotFoundException': org/gradle/initialization/SettingsScriptCustomizer> (0x00000000e22c4360) thrown at [D:\src\AOSP-openjdk-cygwin\jdk8u\hotspot\src\share\vm\classfile\systemDictionary.cpp, line 210]
Event: 7.059 Thread 0x000000001b12f000 Exception <a 'java/lang/ClassNotFoundException': settings_7y4ds9b1bsbqfzsm18i5uyhllCustomizer> (0x00000000e22d7778) thrown at [D:\src\AOSP-openjdk-cygwin\jdk8u\hotspot\src\share\vm\classfile\systemDictionary.cpp, line 210]
Event: 7.065 Thread 0x000000001b12f000 Exception <a 'java/lang/ClassNotFoundException': org/gradle/initialization/DefaultSettings_DecoratedBeanInfo> (0x00000000e2362a70) thrown at [D:\src\AOSP-openjdk-cygwin\jdk8u\hotspot\src\share\vm\classfile\systemDictionary.cpp, line 210]
Event: 7.065 Thread 0x000000001b12f000 Exception <a 'java/lang/ClassNotFoundException': org/gradle/initialization/DefaultSettingsBeanInfo> (0x00000000e2388f98) thrown at [D:\src\AOSP-openjdk-cygwin\jdk8u\hotspot\src\share\vm\classfile\systemDictionary.cpp, line 210]
Event: 7.066 Thread 0x000000001b12f000 Exception <a 'java/lang/ClassNotFoundException': org/gradle/initialization/DefaultSettingsCustomizer> (0x00000000e23b0fa0) thrown at [D:\src\AOSP-openjdk-cygwin\jdk8u\hotspot\src\share\vm\classfile\systemDictionary.cpp, line 210]
Event: 7.068 Thread 0x000000001b12f000 Exception <a 'java/lang/ClassNotFoundException': org/gradle/initialization/DefaultSettings_DecoratedCustomizer> (0x00000000e2415658) thrown at [D:\src\AOSP-openjdk-cygwin\jdk8u\hotspot\src\share\vm\classfile\systemDictionary.cpp, line 210]
Event: 7.073 Thread 0x000000001b12f000 Exception <a 'java/lang/ClassNotFoundException': org/gradle/initialization/DefaultProjectDescriptorBeanInfo> (0x00000000e24bee58) thrown at [D:\src\AOSP-openjdk-cygwin\jdk8u\hotspot\src\share\vm\classfile\systemDictionary.cpp, line 210]
Event: 7.074 Thread 0x000000001b12f000 Exception <a 'java/lang/ClassNotFoundException': org/gradle/initialization/DefaultProjectDescriptorCustomizer> (0x00000000e24e98e8) thrown at [D:\src\AOSP-openjdk-cygwin\jdk8u\hotspot\src\share\vm\classfile\systemDictionary.cpp, line 210]

Events (10 events):
Event: 7.082 loading class org/gradle/caching/internal/controller/BuildCacheControllerFactory$RemoteAccessMode
Event: 7.082 loading class org/gradle/caching/internal/controller/BuildCacheControllerFactory$RemoteAccessMode done
Event: 7.082 loading class org/gradle/caching/internal/controller/BuildCacheControllerFactory
Event: 7.082 loading class org/gradle/caching/internal/controller/BuildCacheControllerFactory done
Event: 7.082 loading class org/gradle/caching/BuildCacheServiceFactory$Describer
Event: 7.082 loading class org/gradle/caching/BuildCacheServiceFactory$Describer done
Event: 7.083 loading class org/gradle/caching/internal/controller/BuildCacheControllerFactory$1
Event: 7.083 loading class org/gradle/caching/internal/controller/BuildCacheControllerFactory$1 done
Event: 7.083 loading class org/gradle/caching/internal/FinalizeBuildCacheConfigurationBuildOperationType$Result$BuildCacheDescription
Event: 7.083 loading class org/gradle/caching/internal/FinalizeBuildCacheConfigurationBuildOperationType$Result$BuildCacheDescription done


Dynamic libraries:
0x00007ff66e1a0000 - 0x00007ff66e1d1000 	C:\Program Files\Android\Android Studio\jre\bin\java.exe
0x00007ff8a2700000 - 0x00007ff8a28f0000 	C:\WINDOWS\SYSTEM32\ntdll.dll
0x00007ff8a1480000 - 0x00007ff8a1532000 	C:\WINDOWS\System32\KERNEL32.DLL
0x00007ff8a01f0000 - 0x00007ff8a0493000 	C:\WINDOWS\System32\KERNELBASE.dll
0x00007ff899c40000 - 0x00007ff899d5d000 	C:\WINDOWS\System32\AppCheck64.dll
0x00007ff8a2560000 - 0x00007ff8a2603000 	C:\WINDOWS\System32\ADVAPI32.dll
0x00007ff8a17a0000 - 0x00007ff8a183e000 	C:\WINDOWS\System32\msvcrt.dll
0x00007ff8a1ee0000 - 0x00007ff8a1f77000 	C:\WINDOWS\System32\sechost.dll
0x00007ff8a1b40000 - 0x00007ff8a1c60000 	C:\WINDOWS\System32\RPCRT4.dll
0x00007ff8a1d30000 - 0x00007ff8a1ec4000 	C:\WINDOWS\System32\USER32.dll
0x00007ff89fec0000 - 0x00007ff89fee1000 	C:\WINDOWS\System32\win32u.dll
0x00007ff8a0af0000 - 0x00007ff8a0b16000 	C:\WINDOWS\System32\GDI32.dll
0x00007ff89ff50000 - 0x00007ff8a00e4000 	C:\WINDOWS\System32\gdi32full.dll
0x00007ff8a06e0000 - 0x00007ff8a077e000 	C:\WINDOWS\System32\msvcp_win.dll
0x00007ff8a00f0000 - 0x00007ff8a01ea000 	C:\WINDOWS\System32\ucrtbase.dll
0x00007ff895f90000 - 0x00007ff896215000 	C:\WINDOWS\WinSxS\amd64_microsoft.windows.common-controls_6595b64144ccf1df_6.0.18362.720_none_e6beb5c51314836b\COMCTL32.dll
0x00007ff8a07b0000 - 0x00007ff8a0ae6000 	C:\WINDOWS\System32\combase.dll
0x00007ff8a0660000 - 0x00007ff8a06e0000 	C:\WINDOWS\System32\bcryptPrimitives.dll
0x00007ff8a15c0000 - 0x00007ff8a15ee000 	C:\WINDOWS\System32\IMM32.DLL
0x000000006a400000 - 0x000000006a4d2000 	C:\Program Files\Android\Android Studio\jre\jre\bin\msvcr100.dll
0x000000006a4e0000 - 0x000000006ad26000 	C:\Program Files\Android\Android Studio\jre\jre\bin\server\jvm.dll
0x00007ff8a1fe0000 - 0x00007ff8a1fe8000 	C:\WINDOWS\System32\PSAPI.DLL
0x00007ff894300000 - 0x00007ff894324000 	C:\WINDOWS\SYSTEM32\WINMM.dll
0x00007ff89a590000 - 0x00007ff89a59a000 	C:\WINDOWS\SYSTEM32\VERSION.dll
0x00007ff893230000 - 0x00007ff893239000 	C:\WINDOWS\SYSTEM32\WSOCK32.dll
0x00007ff8a1a70000 - 0x00007ff8a1adf000 	C:\WINDOWS\System32\WS2_32.dll
0x00007ff894120000 - 0x00007ff89414d000 	C:\WINDOWS\SYSTEM32\WINMMBASE.dll
0x00007ff8a05f0000 - 0x00007ff8a063a000 	C:\WINDOWS\System32\cfgmgr32.dll
0x00007ff8920a0000 - 0x00007ff8920af000 	C:\Program Files\Android\Android Studio\jre\jre\bin\verify.dll
0x00007ff88bde0000 - 0x00007ff88be09000 	C:\Program Files\Android\Android Studio\jre\jre\bin\java.dll
0x00007ff8919d0000 - 0x00007ff8919e6000 	C:\Program Files\Android\Android Studio\jre\jre\bin\zip.dll
0x00007ff8a0b20000 - 0x00007ff8a1205000 	C:\WINDOWS\System32\SHELL32.dll
0x00007ff8a1220000 - 0x00007ff8a12c9000 	C:\WINDOWS\System32\shcore.dll
0x00007ff89f740000 - 0x00007ff89fec0000 	C:\WINDOWS\System32\windows.storage.dll
0x00007ff89f660000 - 0x00007ff89f683000 	C:\WINDOWS\System32\profapi.dll
0x00007ff89f5f0000 - 0x00007ff89f63a000 	C:\WINDOWS\System32\powrprof.dll
0x00007ff89f5c0000 - 0x00007ff89f5d0000 	C:\WINDOWS\System32\UMPDC.dll
0x00007ff8a1ae0000 - 0x00007ff8a1b32000 	C:\WINDOWS\System32\shlwapi.dll
0x00007ff89f5d0000 - 0x00007ff89f5e1000 	C:\WINDOWS\System32\kernel.appcore.dll
0x00007ff8a0640000 - 0x00007ff8a0657000 	C:\WINDOWS\System32\cryptsp.dll
0x00007ff891940000 - 0x00007ff89195a000 	C:\Program Files\Android\Android Studio\jre\jre\bin\net.dll
0x00007ff89edd0000 - 0x00007ff89ee37000 	C:\WINDOWS\system32\mswsock.dll
0x00007ff891860000 - 0x00007ff891871000 	C:\Program Files\Android\Android Studio\jre\jre\bin\nio.dll
0x00007ff875e70000 - 0x00007ff875e96000 	C:\Users\user\.gradle\native\29\windows-amd64\native-platform.dll
0x00007ff8918f0000 - 0x00007ff8918fd000 	C:\Program Files\Android\Android Studio\jre\jre\bin\management.dll
0x00007ff89e940000 - 0x00007ff89e973000 	C:\WINDOWS\system32\rsaenh.dll
0x00007ff8a0780000 - 0x00007ff8a07a6000 	C:\WINDOWS\System32\bcrypt.dll
0x00007ff89f4b0000 - 0x00007ff89f4d5000 	C:\WINDOWS\SYSTEM32\USERENV.dll
0x00007ff89efa0000 - 0x00007ff89efac000 	C:\WINDOWS\SYSTEM32\CRYPTBASE.dll
0x00007ff89eae0000 - 0x00007ff89eb1a000 	C:\WINDOWS\SYSTEM32\IPHLPAPI.DLL
0x00007ff8a1ed0000 - 0x00007ff8a1ed8000 	C:\WINDOWS\System32\NSI.dll
0x00007ff898d60000 - 0x00007ff898d76000 	C:\WINDOWS\SYSTEM32\dhcpcsvc6.DLL
0x00007ff8997c0000 - 0x00007ff8997dc000 	C:\WINDOWS\SYSTEM32\dhcpcsvc.DLL
0x00007ff89eb20000 - 0x00007ff89ebea000 	C:\WINDOWS\SYSTEM32\DNSAPI.dll

VM Arguments:
jvm_args: -Xmx1536m -Dfile.encoding=x-windows-949 -Duser.country=KR -Duser.language=ko -Duser.variant 
java_command: org.gradle.launcher.daemon.bootstrap.GradleDaemon 5.4.1
java_class_path (initial): C:\Users\user\.gradle\wrapper\dists\gradle-5.4.1-all\3221gyojl5jsh0helicew7rwx\gradle-5.4.1\lib\gradle-launcher-5.4.1.jar
Launcher Type: SUN_STANDARD

Environment Variables:
PATH=C:\Program Files (x86)\Common Files\Oracle\Java\javapath;C:\Program Files (x86)\Intel\Intel(R) Management Engine Components\iCLS\;C:\Program Files\Intel\Intel(R) Management Engine Components\iCLS\;C:\WINDOWS\system32;C:\WINDOWS;C:\WINDOWS\System32\Wbem;C:\WINDOWS\System32\WindowsPowerShell\v1.0\;C:\WINDOWS\System32\OpenSSH\;C:\Program Files (x86)\Intel\Intel(R) Management Engine Components\DAL;C:\Program Files\Intel\Intel(R) Management Engine Components\DAL;C:\Program Files (x86)\Intel\Intel(R) Management Engine Components\IPT;C:\Program Files\Intel\Intel(R) Management Engine Components\IPT;C:\Program Files\Intel\WiFi\bin\;C:\Program Files\Common Files\Intel\WirelessCommon\;C:\Program Files\dotnet\;C:\Program Files (x86)\Windows Kits\10\Windows Performance Toolkit\;C:\Program Files (x86)\Windows Kits\10\Microsoft Application Virtualization\Sequencer\;C:\Program Files (x86)\Microsoft SQL Server\110\Tools\Binn\;C:\Program Files (x86)\Microsoft SQL Server\110\DTS\Binn\;C:\Program Files (x86)\Windows Kits\8.1\Windows Performance Toolkit\;C:\Program Files\nodejs\;C:\JAVA\jdk\bin;C:\JAVA\jdk\jre\bin;C:\Program Files\Git\cmd;C:\Users\user\AppData\Local\Programs\Python\Python38-32\Scripts\;C:\Users\user\AppData\Local\Programs\Python\Python38-32\;C:\Users\user\AppData\Local\Microsoft\WindowsApps;C:\Program Files\Intel\WiFi\bin\;C:\Program Files\Common Files\Intel\WirelessCommon\;C:\Program Files\Bandizip\;C:\Users\user\AppData\Local\Programs\Microsoft VS Code\bin;C:\Users\user\AppData\Roaming\npm;C:\Program Files\JetBrains\IntelliJ IDEA 2019.2.3\bin;C:\Users\user\AppData\Local\GitHubDesktop\bin
USERNAME=20191308NSG
OS=Windows_NT
PROCESSOR_IDENTIFIER=Intel64 Family 6 Model 158 Stepping 10, GenuineIntel



---------------  S Y S T E M  ---------------

OS: Windows 10.0 , 64 bit Build 18362 (10.0.18362.329)

CPU:total 12 (initial active 12) (6 cores per cpu, 2 threads per core) family 6 model 158 stepping 10, cmov, cx8, fxsr, mmx, sse, sse2, sse3, ssse3, sse4.1, sse4.2, popcnt, avx, avx2, aes, clmul, erms, rtm, 3dnowpref, lzcnt, ht, tsc, tscinvbit, bmi1, bmi2, adx

Memory: 4k page, physical 8264744k(640680k free), swap 12164136k(5224k free)

vm_info: OpenJDK 64-Bit Server VM (25.202-b03) for windows-amd64 JRE (1.8.0_202-release-1483-b03), built by "builder" with MS VC++ 10.0 (VS2010)

time: Mon Apr 06 15:41:12 2020
timezone: 대한민국 표준시
elapsed time: 7 seconds (0d 0h 0m 7s)

