#
# There is insufficient memory for the Java Runtime Environment to continue.
# Native memory allocation (malloc) failed to allocate 32744 bytes for ChunkPool::allocate
# Possible reasons:
#   The system is out of physical RAM or swap space
#   The process is running with CompressedOops enabled, and the Java Heap may be blocking the growth of the native heap
# Possible solutions:
#   Reduce memory load on the system
#   Increase physical memory or swap space
#   Check if swap backing store is full
#   Decrease Java heap size (-Xmx/-Xms)
#   Decrease number of Java threads
#   Decrease Java thread stack sizes (-Xss)
#   Set larger code cache with -XX:ReservedCodeCacheSize=
#   JVM is running with Unscaled Compressed Oops mode in which the Java heap is
#     placed in the first 4GB address space. The Java Heap base address is the
#     maximum limit for the native heap growth. Please use -XX:HeapBaseMinAddress
#     to set the Java Heap base and to place the Java Heap above 4GB virtual address.
# This output file may be truncated or incomplete.
#
#  Out of Memory Error (allocation.cpp:272), pid=16856, tid=0x0000000000001200
#
# JRE version: OpenJDK Runtime Environment (8.0_212-b04) (build 1.8.0_212-release-1586-b04)
# Java VM: OpenJDK 64-Bit Server VM (25.212-b04 mixed mode windows-amd64 compressed oops)
# Failed to write core dump. Minidumps are not enabled by default on client versions of Windows
#

---------------  T H R E A D  ---------------

Current thread (0x000000001c521000):  JavaThread "Daemon worker" [_thread_in_vm, id=4608, stack(0x000000001dd20000,0x000000001de20000)]

Stack: [0x000000001dd20000,0x000000001de20000]
[error occurred during error reporting (printing stack bounds), id 0xc0000005]

Native frames: (J=compiled Java code, j=interpreted, Vv=VM code, C=native code)

Java frames: (J=compiled Java code, j=interpreted, Vv=VM code)
J 713  java.lang.ClassLoader.defineClass1(Ljava/lang/String;[BIILjava/security/ProtectionDomain;Ljava/lang/String;)Ljava/lang/Class; (0 bytes) @ 0x0000000003a636df [0x0000000003a63640+0x9f]
J 519 C1 java.lang.ClassLoader.defineClass(Ljava/lang/String;[BIILjava/security/ProtectionDomain;)Ljava/lang/Class; (43 bytes) @ 0x00000000039b86a4 [0x00000000039b80c0+0x5e4]
j  java.lang.ClassLoader.defineClass(Ljava/lang/String;[BII)Ljava/lang/Class;+7
v  ~StubRoutines::call_stub
J 1627  sun.reflect.NativeMethodAccessorImpl.invoke0(Ljava/lang/reflect/Method;Ljava/lang/Object;[Ljava/lang/Object;)Ljava/lang/Object; (0 bytes) @ 0x0000000003cf2d7f [0x0000000003cf2d00+0x7f]
J 1626 C1 sun.reflect.NativeMethodAccessorImpl.invoke(Ljava/lang/Object;[Ljava/lang/Object;)Ljava/lang/Object; (104 bytes) @ 0x0000000003cec364 [0x0000000003ceb1c0+0x11a4]
J 1175 C1 sun.reflect.DelegatingMethodAccessorImpl.invoke(Ljava/lang/Object;[Ljava/lang/Object;)Ljava/lang/Object; (10 bytes) @ 0x0000000003bc3d04 [0x0000000003bc3c00+0x104]
J 1174 C1 java.lang.reflect.Method.invoke(Ljava/lang/Object;[Ljava/lang/Object;)Ljava/lang/Object; (62 bytes) @ 0x0000000003bc372c [0x0000000003bc3340+0x3ec]
j  org.gradle.internal.reflect.JavaMethod.invoke(Ljava/lang/Object;[Ljava/lang/Object;)Ljava/lang/Object;+6
j  org.gradle.internal.classloader.ClassLoaderUtils$ReflectionClassDefiner.defineClass(Ljava/lang/ClassLoader;Ljava/lang/String;[B)Ljava/lang/Class;+32
j  org.gradle.internal.classloader.ClassLoaderUtils$ReflectionClassDefiner.defineDecoratorClass(Ljava/lang/Class;Ljava/lang/ClassLoader;Ljava/lang/String;[B)Ljava/lang/Class;+5
j  org.gradle.internal.classloader.ClassLoaderUtils.defineDecorator(Ljava/lang/Class;Ljava/lang/ClassLoader;Ljava/lang/String;[B)Ljava/lang/Class;+7
j  org.gradle.model.internal.asm.AsmClassGenerator.define(Ljava/lang/ClassLoader;)Ljava/lang/Class;+16
j  org.gradle.model.internal.asm.AsmClassGenerator.define()Ljava/lang/Class;+8
j  org.gradle.internal.instantiation.AsmBackedClassGenerator$ClassBuilderImpl.generate()Ljava/lang/Class;+15
j  org.gradle.internal.instantiation.AbstractClassGenerator.generateUnderLock(Ljava/lang/Class;)Lorg/gradle/internal/instantiation/AbstractClassGenerator$GeneratedClassImpl;+481
j  org.gradle.internal.instantiation.AbstractClassGenerator.access$000(Lorg/gradle/internal/instantiation/AbstractClassGenerator;Ljava/lang/Class;)Lorg/gradle/internal/instantiation/AbstractClassGenerator$GeneratedClassImpl;+2
j  org.gradle.internal.instantiation.AbstractClassGenerator$1.transform(Ljava/lang/Class;)Lorg/gradle/internal/instantiation/AbstractClassGenerator$GeneratedClassImpl;+5
j  org.gradle.internal.instantiation.AbstractClassGenerator$1.transform(Ljava/lang/Object;)Ljava/lang/Object;+5
j  org.gradle.cache.internal.DefaultCrossBuildInMemoryCacheFactory$AbstractCrossBuildInMemoryCache.get(Ljava/lang/Object;Lorg/gradle/api/Transformer;)Ljava/lang/Object;+26
j  org.gradle.internal.instantiation.AbstractClassGenerator.generate(Ljava/lang/Class;)Lorg/gradle/internal/instantiation/ClassGenerator$GeneratedClass;+27
j  org.gradle.internal.instantiation.AsmBackedClassGenerator.generate(Ljava/lang/Class;)Lorg/gradle/internal/instantiation/ClassGenerator$GeneratedClass;+2
j  org.gradle.internal.instantiation.ParamsMatchingConstructorSelector$1.transform(Ljava/lang/Class;)Lorg/gradle/internal/instantiation/ClassGenerator$GeneratedClass;+11
j  org.gradle.internal.instantiation.ParamsMatchingConstructorSelector$1.transform(Ljava/lang/Object;)Ljava/lang/Object;+5
j  org.gradle.cache.internal.DefaultCrossBuildInMemoryCacheFactory$AbstractCrossBuildInMemoryCache.get(Ljava/lang/Object;Lorg/gradle/api/Transformer;)Ljava/lang/Object;+26
j  org.gradle.internal.instantiation.ParamsMatchingConstructorSelector.forParams(Ljava/lang/Class;[Ljava/lang/Object;)Lorg/gradle/internal/instantiation/ClassGenerator$GeneratedConstructor;+14
j  org.gradle.internal.instantiation.DependencyInjectingInstantiator.newInstance(Ljava/lang/Class;[Ljava/lang/Object;)Ljava/lang/Object;+6
j  org.gradle.initialization.DefaultGradleLauncherFactory.doNewInstance(Lorg/gradle/api/internal/BuildDefinition;Lorg/gradle/internal/build/BuildState;Lorg/gradle/initialization/GradleLauncher;Lorg/gradle/internal/service/scopes/BuildTreeScopeServices;Ljava/util/List;)Lorg/gradle/initialization/DefaultGradleLauncher;+275
j  org.gradle.initialization.DefaultGradleLauncherFactory.newInstance(Lorg/gradle/api/internal/BuildDefinition;Lorg/gradle/internal/build/RootBuildState;Lorg/gradle/internal/service/scopes/BuildTreeScopeServices;)Lorg/gradle/initialization/GradleLauncher;+33
j  org.gradle.composite.internal.DefaultRootBuildState.<init>(Lorg/gradle/api/internal/BuildDefinition;Lorg/gradle/initialization/GradleLauncherFactory;Lorg/gradle/internal/event/ListenerManager;Lorg/gradle/internal/service/scopes/BuildTreeScopeServices;)V+15
j  org.gradle.composite.internal.DefaultIncludedBuildRegistry.createRootBuild(Lorg/gradle/api/internal/BuildDefinition;)Lorg/gradle/internal/build/RootBuildState;+35
j  org.gradle.launcher.exec.InProcessBuildActionExecuter.execute(Lorg/gradle/internal/invocation/BuildAction;Lorg/gradle/initialization/BuildRequestContext;Lorg/gradle/launcher/exec/BuildActionParameters;Lorg/gradle/internal/service/ServiceRegistry;)Lorg/gradle/launcher/exec/BuildActionResult;+61
j  org.gradle.launcher.exec.InProcessBuildActionExecuter.execute(Lorg/gradle/internal/invocation/BuildAction;Lorg/gradle/initialization/BuildRequestContext;Ljava/lang/Object;Lorg/gradle/internal/service/ServiceRegistry;)Lorg/gradle/launcher/exec/BuildActionResult;+9
j  org.gradle.launcher.exec.BuildTreeScopeBuildActionExecuter.execute(Lorg/gradle/internal/invocation/BuildAction;Lorg/gradle/initialization/BuildRequestContext;Lorg/gradle/launcher/exec/BuildActionParameters;Lorg/gradle/internal/service/ServiceRegistry;)Lorg/gradle/launcher/exec/BuildActionResult;+38
j  org.gradle.launcher.exec.BuildTreeScopeBuildActionExecuter.execute(Lorg/gradle/internal/invocation/BuildAction;Lorg/gradle/initialization/BuildRequestContext;Ljava/lang/Object;Lorg/gradle/internal/service/ServiceRegistry;)Lorg/gradle/launcher/exec/BuildActionResult;+9
j  org.gradle.tooling.internal.provider.ContinuousBuildActionExecuter.execute(Lorg/gradle/internal/invocation/BuildAction;Lorg/gradle/initialization/BuildRequestContext;Lorg/gradle/launcher/exec/BuildActionParameters;Lorg/gradle/internal/service/ServiceRegistry;)Lorg/gradle/launcher/exec/BuildActionResult;+58
j  org.gradle.tooling.internal.provider.ContinuousBuildActionExecuter.execute(Lorg/gradle/internal/invocation/BuildAction;Lorg/gradle/initialization/BuildRequestContext;Ljava/lang/Object;Lorg/gradle/internal/service/ServiceRegistry;)Lorg/gradle/launcher/exec/BuildActionResult;+9
j  org.gradle.tooling.internal.provider.SubscribableBuildActionExecuter.execute(Lorg/gradle/internal/invocation/BuildAction;Lorg/gradle/initialization/BuildRequestContext;Lorg/gradle/launcher/exec/BuildActionParameters;Lorg/gradle/internal/service/ServiceRegistry;)Lorg/gradle/launcher/exec/BuildActionResult;+45
j  org.gradle.tooling.internal.provider.SubscribableBuildActionExecuter.execute(Lorg/gradle/internal/invocation/BuildAction;Lorg/gradle/initialization/BuildRequestContext;Ljava/lang/Object;Lorg/gradle/internal/service/ServiceRegistry;)Lorg/gradle/launcher/exec/BuildActionResult;+9
j  org.gradle.tooling.internal.provider.SessionScopeBuildActionExecuter.execute(Lorg/gradle/internal/invocation/BuildAction;Lorg/gradle/initialization/BuildRequestContext;Lorg/gradle/launcher/exec/BuildActionParameters;Lorg/gradle/internal/service/ServiceRegistry;)Lorg/gradle/launcher/exec/BuildActionResult;+117
j  org.gradle.tooling.internal.provider.SessionScopeBuildActionExecuter.execute(Lorg/gradle/internal/invocation/BuildAction;Lorg/gradle/initialization/BuildRequestContext;Ljava/lang/Object;Lorg/gradle/internal/service/ServiceRegistry;)Lorg/gradle/launcher/exec/BuildActionResult;+9
j  org.gradle.tooling.internal.provider.GradleThreadBuildActionExecuter.execute(Lorg/gradle/internal/invocation/BuildAction;Lorg/gradle/initialization/BuildRequestContext;Lorg/gradle/launcher/exec/BuildActionParameters;Lorg/gradle/internal/service/ServiceRegistry;)Lorg/gradle/launcher/exec/BuildActionResult;+12
j  org.gradle.tooling.internal.provider.GradleThreadBuildActionExecuter.execute(Lorg/gradle/internal/invocation/BuildAction;Lorg/gradle/initialization/BuildRequestContext;Ljava/lang/Object;Lorg/gradle/internal/service/ServiceRegistry;)Lorg/gradle/launcher/exec/BuildActionResult;+9
j  org.gradle.tooling.internal.provider.ParallelismConfigurationBuildActionExecuter.execute(Lorg/gradle/internal/invocation/BuildAction;Lorg/gradle/initialization/BuildRequestContext;Lorg/gradle/launcher/exec/BuildActionParameters;Lorg/gradle/internal/service/ServiceRegistry;)Lorg/gradle/launcher/exec/BuildActionResult;+43
j  org.gradle.tooling.internal.provider.ParallelismConfigurationBuildActionExecuter.execute(Lorg/gradle/internal/invocation/BuildAction;Lorg/gradle/initialization/BuildRequestContext;Ljava/lang/Object;Lorg/gradle/internal/service/ServiceRegistry;)Lorg/gradle/launcher/exec/BuildActionResult;+9
j  org.gradle.tooling.internal.provider.StartParamsValidatingActionExecuter.execute(Lorg/gradle/internal/invocation/BuildAction;Lorg/gradle/initialization/BuildRequestContext;Lorg/gradle/launcher/exec/BuildActionParameters;Lorg/gradle/internal/service/ServiceRegistry;)Lorg/gradle/launcher/exec/BuildActionResult;+177
j  org.gradle.tooling.internal.provider.StartParamsValidatingActionExecuter.execute(Lorg/gradle/internal/invocation/BuildAction;Lorg/gradle/initialization/BuildRequestContext;Ljava/lang/Object;Lorg/gradle/internal/service/ServiceRegistry;)Lorg/gradle/launcher/exec/BuildActionResult;+9
j  org.gradle.tooling.internal.provider.SessionFailureReportingActionExecuter.execute(Lorg/gradle/internal/invocation/BuildAction;Lorg/gradle/initialization/BuildRequestContext;Lorg/gradle/launcher/exec/BuildActionParameters;Lorg/gradle/internal/service/ServiceRegistry;)Lorg/gradle/launcher/exec/BuildActionResult;+9
j  org.gradle.tooling.internal.provider.SessionFailureReportingActionExecuter.execute(Lorg/gradle/internal/invocation/BuildAction;Lorg/gradle/initialization/BuildRequestContext;Ljava/lang/Object;Lorg/gradle/internal/service/ServiceRegistry;)Lorg/gradle/launcher/exec/BuildActionResult;+9
j  org.gradle.tooling.internal.provider.SetupLoggingActionExecuter.execute(Lorg/gradle/internal/invocation/BuildAction;Lorg/gradle/initialization/BuildRequestContext;Lorg/gradle/launcher/exec/BuildActionParameters;Lorg/gradle/internal/service/ServiceRegistry;)Lorg/gradle/launcher/exec/BuildActionResult;+52
j  org.gradle.tooling.internal.provider.SetupLoggingActionExecuter.execute(Lorg/gradle/internal/invocation/BuildAction;Lorg/gradle/initialization/BuildRequestContext;Ljava/lang/Object;Lorg/gradle/internal/service/ServiceRegistry;)Lorg/gradle/launcher/exec/BuildActionResult;+9
j  org.gradle.launcher.daemon.server.exec.ExecuteBuild.doBuild(Lorg/gradle/launcher/daemon/server/api/DaemonCommandExecution;Lorg/gradle/launcher/daemon/protocol/Build;)V+118
j  org.gradle.launcher.daemon.server.exec.BuildCommandOnly.execute(Lorg/gradle/launcher/daemon/server/api/DaemonCommandExecution;)V+49
j  org.gradle.launcher.daemon.server.api.DaemonCommandExecution.proceed()Z+23
j  org.gradle.launcher.daemon.server.exec.WatchForDisconnection.execute(Lorg/gradle/launcher/daemon/server/api/DaemonCommandExecution;)V+19
j  org.gradle.launcher.daemon.server.api.DaemonCommandExecution.proceed()Z+23
j  org.gradle.launcher.daemon.server.exec.ResetDeprecationLogger.execute(Lorg/gradle/launcher/daemon/server/api/DaemonCommandExecution;)V+4
j  org.gradle.launcher.daemon.server.api.DaemonCommandExecution.proceed()Z+23
j  org.gradle.launcher.daemon.server.exec.RequestStopIfSingleUsedDaemon.execute(Lorg/gradle/launcher/daemon/server/api/DaemonCommandExecution;)V+33
j  org.gradle.launcher.daemon.server.api.DaemonCommandExecution.proceed()Z+23
j  org.gradle.launcher.daemon.server.exec.ForwardClientInput$2.create()Ljava/lang/Void;+4
j  org.gradle.launcher.daemon.server.exec.ForwardClientInput$2.create()Ljava/lang/Object;+1
j  org.gradle.util.Swapper.swap(Ljava/lang/Object;Lorg/gradle/internal/Factory;)Ljava/lang/Object;+21
j  org.gradle.launcher.daemon.server.exec.ForwardClientInput.execute(Lorg/gradle/launcher/daemon/server/api/DaemonCommandExecution;)V+63
j  org.gradle.launcher.daemon.server.api.DaemonCommandExecution.proceed()Z+23
j  org.gradle.launcher.daemon.server.exec.LogAndCheckHealth.execute(Lorg/gradle/launcher/daemon/server/api/DaemonCommandExecution;)V+28
j  org.gradle.launcher.daemon.server.api.DaemonCommandExecution.proceed()Z+23
j  org.gradle.launcher.daemon.server.exec.LogToClient.doBuild(Lorg/gradle/launcher/daemon/server/api/DaemonCommandExecution;Lorg/gradle/launcher/daemon/protocol/Build;)V+87
j  org.gradle.launcher.daemon.server.exec.BuildCommandOnly.execute(Lorg/gradle/launcher/daemon/server/api/DaemonCommandExecution;)V+49
j  org.gradle.launcher.daemon.server.api.DaemonCommandExecution.proceed()Z+23
j  org.gradle.launcher.daemon.server.exec.EstablishBuildEnvironment.doBuild(Lorg/gradle/launcher/daemon/server/api/DaemonCommandExecution;Lorg/gradle/launcher/daemon/protocol/Build;)V+351
j  org.gradle.launcher.daemon.server.exec.BuildCommandOnly.execute(Lorg/gradle/launcher/daemon/server/api/DaemonCommandExecution;)V+49
j  org.gradle.launcher.daemon.server.api.DaemonCommandExecution.proceed()Z+23
j  org.gradle.launcher.daemon.server.exec.StartBuildOrRespondWithBusy$1.run()V+44
j  org.gradle.launcher.daemon.server.DaemonStateCoordinator$1.run()V+4
j  org.gradle.internal.concurrent.ExecutorPolicy$CatchAndRecordFailures.onExecute(Ljava/lang/Runnable;)V+1
j  org.gradle.internal.concurrent.ManagedExecutorImpl$1.run()V+25
j  java.util.concurrent.ThreadPoolExecutor.runWorker(Ljava/util/concurrent/ThreadPoolExecutor$Worker;)V+95
j  java.util.concurrent.ThreadPoolExecutor$Worker.run()V+5
j  org.gradle.internal.concurrent.ThreadFactoryImpl$ManagedThreadRunnable.run()V+7
j  java.lang.Thread.run()V+11
v  ~StubRoutines::call_stub

---------------  P R O C E S S  ---------------

Java Threads: ( => current thread )
  0x000000001ac3c000 JavaThread "Cache worker for file hash cache (C:\Users\user\AndroidStudioProjects\Kartrider_information\.gradle\5.6.4\fileHashes)" [_thread_blocked, id=12824, stack(0x0000000020c10000,0x0000000020d10000)]
  0x000000001ac36800 JavaThread "Cache worker for journal cache (C:\Users\user\.gradle\caches\journal-1)" [_thread_blocked, id=2900, stack(0x000000001e520000,0x000000001e620000)]
  0x000000001ac38000 JavaThread "File lock request listener" [_thread_in_native, id=7732, stack(0x000000001e420000,0x000000001e520000)]
  0x000000001ac3a800 JavaThread "Cache worker for file hash cache (C:\Users\user\.gradle\caches\5.6.4\fileHashes)" [_thread_blocked, id=16432, stack(0x000000001e320000,0x000000001e420000)]
  0x000000001c586000 JavaThread "Thread-9" [_thread_blocked, id=3012, stack(0x000000001e020000,0x000000001e120000)]
  0x000000001c582000 JavaThread "Stdin handler" [_thread_blocked, id=11556, stack(0x000000001df20000,0x000000001e020000)]
  0x000000001c526000 JavaThread "Asynchronous log dispatcher for DefaultDaemonConnection: socket connection from /127.0.0.1:2908 to /127.0.0.1:2909" [_thread_blocked, id=16252, stack(0x000000001de20000,0x000000001df20000)]
=>0x000000001c521000 JavaThread "Daemon worker" [_thread_in_vm, id=4608, stack(0x000000001dd20000,0x000000001de20000)]
  0x000000001c590000 JavaThread "Cancel handler" [_thread_blocked, id=15096, stack(0x000000001db20000,0x000000001dc20000)]
  0x000000001b65b000 JavaThread "Handler for socket connection from /127.0.0.1:2908 to /127.0.0.1:2909" [_thread_in_native, id=5964, stack(0x000000001d820000,0x000000001d920000)]
  0x000000001c510000 JavaThread "Daemon" [_thread_blocked, id=14648, stack(0x000000001d720000,0x000000001d820000)]
  0x000000001c49f800 JavaThread "Daemon periodic checks" [_thread_blocked, id=9540, stack(0x000000001d620000,0x000000001d720000)]
  0x000000001c48a800 JavaThread "Incoming local TCP Connector on port 2908" [_thread_in_native, id=8588, stack(0x000000001d440000,0x000000001d540000)]
  0x000000001c18e000 JavaThread "Daemon health stats" [_thread_blocked, id=14936, stack(0x000000001d120000,0x000000001d220000)]
  0x0000000018ebb000 JavaThread "Service Thread" daemon [_thread_blocked, id=16800, stack(0x000000001a780000,0x000000001a880000)]
  0x0000000018e84000 JavaThread "C1 CompilerThread3" daemon [_thread_blocked, id=9960, stack(0x000000001a680000,0x000000001a780000)]
  0x0000000018e83000 JavaThread "C2 CompilerThread2" daemon [_thread_blocked, id=15076, stack(0x000000001a580000,0x000000001a680000)]
  0x0000000018e7d000 JavaThread "C2 CompilerThread1" daemon [_thread_in_native, id=9604, stack(0x000000001a480000,0x000000001a580000)]
  0x0000000018e76800 JavaThread "C2 CompilerThread0" daemon [_thread_in_native, id=10384, stack(0x000000001a380000,0x000000001a480000)]
  0x0000000018e1e000 JavaThread "Attach Listener" daemon [_thread_blocked, id=14404, stack(0x000000001a280000,0x000000001a380000)]
  0x0000000018e1d000 JavaThread "Signal Dispatcher" daemon [_thread_blocked, id=5532, stack(0x000000001a180000,0x000000001a280000)]
  0x000000000376a000 JavaThread "Finalizer" daemon [_thread_blocked, id=15456, stack(0x000000001a080000,0x000000001a180000)]
  0x0000000018e03000 JavaThread "Reference Handler" daemon [_thread_blocked, id=13964, stack(0x0000000019f80000,0x000000001a080000)]
  0x000000000356e800 JavaThread "main" [_thread_blocked, id=11584, stack(0x0000000003570000,0x0000000003670000)]

Other Threads:
  0x0000000017726000 VMThread [stack: 0x0000000019e80000,0x0000000019f80000] [id=1816]
  0x0000000018f07800 WatcherThread [stack: 0x000000001a880000,0x000000001a980000] [id=15564]

VM state:not at safepoint (normal execution)

VM Mutex/Monitor currently owned by a thread: None

heap address: 0x00000000a0000000, size: 1536 MB, Compressed Oops mode: 32-bit
Narrow klass base: 0x0000000000000000, Narrow klass shift: 3
Compressed class space size: 1073741824 Address: 0x0000000100000000

Heap:
 PSYoungGen      total 38400K, used 36642K [0x00000000e0000000, 0x00000000e2a80000, 0x0000000100000000)
  eden space 33280K, 94% used [0x00000000e0000000,0x00000000e1ecbf00,0x00000000e2080000)
  from space 5120K, 99% used [0x00000000e2580000,0x00000000e2a7cc60,0x00000000e2a80000)
  to   space 5120K, 0% used [0x00000000e2080000,0x00000000e2080000,0x00000000e2580000)
 ParOldGen       total 87552K, used 4709K [0x00000000a0000000, 0x00000000a5580000, 0x00000000e0000000)
  object space 87552K, 5% used [0x00000000a0000000,0x00000000a0499448,0x00000000a5580000)
 Metaspace       used 17707K, capacity 18170K, committed 18432K, reserved 1064960K
  class space    used 2531K, capacity 2695K, committed 2816K, reserved 1048576K

Card table byte_map: [0x0000000012b30000,0x0000000012e40000] byte_map_base: 0x0000000012630000

Marking Bits: (ParMarkBitMap*) 0x000000006d419f30
 Begin Bits: [0x0000000013a40000, 0x0000000015240000)
 End Bits:   [0x0000000015240000, 0x0000000016a40000)

Polling page: 0x0000000000fe0000

CodeCache: size=245760Kb used=5748Kb max_used=5748Kb free=240011Kb
 bounds [0x0000000003770000, 0x0000000003d10000, 0x0000000012770000]
 total_blobs=2068 nmethods=1664 adapters=317
 compilation: enabled

Compilation events (10 events):
Event: 5.740 Thread 0x0000000018e84000 1658       3       org.objectweb.asm.SymbolTable::put (150 bytes)
Event: 5.741 Thread 0x0000000018e84000 nmethod 1658 0x0000000003d01790 code [0x0000000003d01940, 0x0000000003d02070]
Event: 5.741 Thread 0x0000000018e84000 1662       3       org.objectweb.asm.ByteVector::putUTF8 (144 bytes)
Event: 5.741 Thread 0x0000000018e83000 nmethod 1645 0x0000000003d053d0 code [0x0000000003d05520, 0x0000000003d05838]
Event: 5.741 Thread 0x0000000018e83000 1654       4       java.util.ArrayList::<init> (12 bytes)
Event: 5.741 Thread 0x0000000018e84000 nmethod 1662 0x0000000003d044d0 code [0x0000000003d046c0, 0x0000000003d04f38]
Event: 5.741 Thread 0x0000000018e84000 1661       3       org.objectweb.asm.SymbolTable::addConstantUtf8 (98 bytes)
Event: 5.741 Thread 0x0000000018e83000 nmethod 1654 0x0000000003cf34d0 code [0x0000000003cf3600, 0x0000000003cf3678]
Event: 5.742 Thread 0x0000000018e84000 nmethod 1661 0x0000000003d063d0 code [0x0000000003d065c0, 0x0000000003d06d98]
Event: 5.742 Thread 0x0000000018e84000 1660       3       org.objectweb.asm.Frame::execute (2318 bytes)

GC Heap History (8 events):
Event: 0.950 GC heap before
{Heap before GC invocations=1 (full 0):
 PSYoungGen      total 38400K, used 33280K [0x00000000e0000000, 0x00000000e2a80000, 0x0000000100000000)
  eden space 33280K, 100% used [0x00000000e0000000,0x00000000e2080000,0x00000000e2080000)
  from space 5120K, 0% used [0x00000000e2580000,0x00000000e2580000,0x00000000e2a80000)
  to   space 5120K, 0% used [0x00000000e2080000,0x00000000e2080000,0x00000000e2580000)
 ParOldGen       total 87552K, used 0K [0x00000000a0000000, 0x00000000a5580000, 0x00000000e0000000)
  object space 87552K, 0% used [0x00000000a0000000,0x00000000a0000000,0x00000000a5580000)
 Metaspace       used 7097K, capacity 7356K, committed 7680K, reserved 1056768K
  class space    used 861K, capacity 944K, committed 1024K, reserved 1048576K
Event: 0.954 GC heap after
Heap after GC invocations=1 (full 0):
 PSYoungGen      total 38400K, used 4657K [0x00000000e0000000, 0x00000000e2a80000, 0x0000000100000000)
  eden space 33280K, 0% used [0x00000000e0000000,0x00000000e0000000,0x00000000e2080000)
  from space 5120K, 90% used [0x00000000e2080000,0x00000000e250c498,0x00000000e2580000)
  to   space 5120K, 0% used [0x00000000e2580000,0x00000000e2580000,0x00000000e2a80000)
 ParOldGen       total 87552K, used 8K [0x00000000a0000000, 0x00000000a5580000, 0x00000000e0000000)
  object space 87552K, 0% used [0x00000000a0000000,0x00000000a0002000,0x00000000a5580000)
 Metaspace       used 7097K, capacity 7356K, committed 7680K, reserved 1056768K
  class space    used 861K, capacity 944K, committed 1024K, reserved 1048576K
}
Event: 1.290 GC heap before
{Heap before GC invocations=2 (full 0):
 PSYoungGen      total 38400K, used 37937K [0x00000000e0000000, 0x00000000e2a80000, 0x0000000100000000)
  eden space 33280K, 100% used [0x00000000e0000000,0x00000000e2080000,0x00000000e2080000)
  from space 5120K, 90% used [0x00000000e2080000,0x00000000e250c498,0x00000000e2580000)
  to   space 5120K, 0% used [0x00000000e2580000,0x00000000e2580000,0x00000000e2a80000)
 ParOldGen       total 87552K, used 8K [0x00000000a0000000, 0x00000000a5580000, 0x00000000e0000000)
  object space 87552K, 0% used [0x00000000a0000000,0x00000000a0002000,0x00000000a5580000)
 Metaspace       used 7434K, capacity 7670K, committed 7936K, reserved 1056768K
  class space    used 914K, capacity 985K, committed 1024K, reserved 1048576K
Event: 1.293 GC heap after
Heap after GC invocations=2 (full 0):
 PSYoungGen      total 38400K, used 3847K [0x00000000e0000000, 0x00000000e2a80000, 0x0000000100000000)
  eden space 33280K, 0% used [0x00000000e0000000,0x00000000e0000000,0x00000000e2080000)
  from space 5120K, 75% used [0x00000000e2580000,0x00000000e2941cf0,0x00000000e2a80000)
  to   space 5120K, 0% used [0x00000000e2080000,0x00000000e2080000,0x00000000e2580000)
 ParOldGen       total 87552K, used 16K [0x00000000a0000000, 0x00000000a5580000, 0x00000000e0000000)
  object space 87552K, 0% used [0x00000000a0000000,0x00000000a0004000,0x00000000a5580000)
 Metaspace       used 7434K, capacity 7670K, committed 7936K, reserved 1056768K
  class space    used 914K, capacity 985K, committed 1024K, reserved 1048576K
}
Event: 5.161 GC heap before
{Heap before GC invocations=3 (full 0):
 PSYoungGen      total 38400K, used 37127K [0x00000000e0000000, 0x00000000e2a80000, 0x0000000100000000)
  eden space 33280K, 100% used [0x00000000e0000000,0x00000000e2080000,0x00000000e2080000)
  from space 5120K, 75% used [0x00000000e2580000,0x00000000e2941cf0,0x00000000e2a80000)
  to   space 5120K, 0% used [0x00000000e2080000,0x00000000e2080000,0x00000000e2580000)
 ParOldGen       total 87552K, used 16K [0x00000000a0000000, 0x00000000a5580000, 0x00000000e0000000)
  object space 87552K, 0% used [0x00000000a0000000,0x00000000a0004000,0x00000000a5580000)
 Metaspace       used 12483K, capacity 12902K, committed 13184K, reserved 1060864K
  class space    used 1677K, capacity 1807K, committed 1920K, reserved 1048576K
Event: 5.165 GC heap after
Heap after GC invocations=3 (full 0):
 PSYoungGen      total 38400K, used 5091K [0x00000000e0000000, 0x00000000e2a80000, 0x0000000100000000)
  eden space 33280K, 0% used [0x00000000e0000000,0x00000000e0000000,0x00000000e2080000)
  from space 5120K, 99% used [0x00000000e2080000,0x00000000e2578c30,0x00000000e2580000)
  to   space 5120K, 0% used [0x00000000e2580000,0x00000000e2580000,0x00000000e2a80000)
 ParOldGen       total 87552K, used 1991K [0x00000000a0000000, 0x00000000a5580000, 0x00000000e0000000)
  object space 87552K, 2% used [0x00000000a0000000,0x00000000a01f1f88,0x00000000a5580000)
 Metaspace       used 12483K, capacity 12902K, committed 13184K, reserved 1060864K
  class space    used 1677K, capacity 1807K, committed 1920K, reserved 1048576K
}
Event: 5.408 GC heap before
{Heap before GC invocations=4 (full 0):
 PSYoungGen      total 38400K, used 38371K [0x00000000e0000000, 0x00000000e2a80000, 0x0000000100000000)
  eden space 33280K, 100% used [0x00000000e0000000,0x00000000e2080000,0x00000000e2080000)
  from space 5120K, 99% used [0x00000000e2080000,0x00000000e2578c30,0x00000000e2580000)
  to   space 5120K, 0% used [0x00000000e2580000,0x00000000e2580000,0x00000000e2a80000)
 ParOldGen       total 87552K, used 1991K [0x00000000a0000000, 0x00000000a5580000, 0x00000000e0000000)
  object space 87552K, 2% used [0x00000000a0000000,0x00000000a01f1f88,0x00000000a5580000)
 Metaspace       used 14779K, capacity 15248K, committed 15488K, reserved 1062912K
  class space    used 2065K, capacity 2164K, committed 2176K, reserved 1048576K
Event: 5.414 GC heap after
Heap after GC invocations=4 (full 0):
 PSYoungGen      total 38400K, used 5107K [0x00000000e0000000, 0x00000000e2a80000, 0x0000000100000000)
  eden space 33280K, 0% used [0x00000000e0000000,0x00000000e0000000,0x00000000e2080000)
  from space 5120K, 99% used [0x00000000e2580000,0x00000000e2a7cc60,0x00000000e2a80000)
  to   space 5120K, 0% used [0x00000000e2080000,0x00000000e2080000,0x00000000e2580000)
 ParOldGen       total 87552K, used 4709K [0x00000000a0000000, 0x00000000a5580000, 0x00000000e0000000)
  object space 87552K, 5% used [0x00000000a0000000,0x00000000a0499448,0x00000000a5580000)
 Metaspace       used 14779K, capacity 15248K, committed 15488K, reserved 1062912K
  class space    used 2065K, capacity 2164K, committed 2176K, reserved 1048576K
}

Deoptimization events (10 events):
Event: 5.108 Thread 0x000000001c521000 Uncommon trap: reason=class_check action=maybe_recompile pc=0x00000000039c4b2c method=java.util.HashMap.putVal(ILjava/lang/Object;Ljava/lang/Object;ZZ)Ljava/lang/Object; @ 203
Event: 5.108 Thread 0x000000001c521000 Uncommon trap: reason=class_check action=maybe_recompile pc=0x00000000039c4b2c method=java.util.HashMap.putVal(ILjava/lang/Object;Ljava/lang/Object;ZZ)Ljava/lang/Object; @ 203
Event: 5.108 Thread 0x000000001c521000 Uncommon trap: reason=class_check action=maybe_recompile pc=0x00000000039c4b2c method=java.util.HashMap.putVal(ILjava/lang/Object;Ljava/lang/Object;ZZ)Ljava/lang/Object; @ 203
Event: 5.108 Thread 0x000000001c521000 Uncommon trap: reason=class_check action=maybe_recompile pc=0x00000000039bf7dc method=java.util.HashMap.putVal(ILjava/lang/Object;Ljava/lang/Object;ZZ)Ljava/lang/Object; @ 203
Event: 5.274 Thread 0x000000001c521000 Uncommon trap: reason=class_check action=maybe_recompile pc=0x0000000003a5b698 method=java.util.regex.Matcher.match(II)Z @ 86
Event: 5.283 Thread 0x000000001c521000 Uncommon trap: reason=class_check action=maybe_recompile pc=0x0000000003a5b698 method=java.util.regex.Matcher.match(II)Z @ 86
Event: 5.283 Thread 0x000000001c521000 Uncommon trap: reason=class_check action=maybe_recompile pc=0x0000000003a5b698 method=java.util.regex.Matcher.match(II)Z @ 86
Event: 5.284 Thread 0x000000001c521000 Uncommon trap: reason=class_check action=maybe_recompile pc=0x00000000038e4ca0 method=java.util.regex.Matcher.match(II)Z @ 86
Event: 5.512 Thread 0x000000001c521000 Uncommon trap: reason=unstable_if action=reinterpret pc=0x0000000003c1df74 method=java.lang.String.lastIndexOf([CII[CIII)I @ 66
Event: 5.582 Thread 0x000000001c521000 Uncommon trap: reason=unstable_if action=reinterpret pc=0x0000000003c1cf60 method=java.util.HashMap.putVal(ILjava/lang/Object;Ljava/lang/Object;ZZ)Ljava/lang/Object; @ 236

Classes redefined (0 events):
No events

Internal exceptions (10 events):
Event: 5.071 Thread 0x000000001b65b000 Exception <a 'java/lang/NoSuchMethodError': <clinit>> (0x00000000e1864548) thrown at [D:\src\AOSP-openjdk-cygwin\jdk8u\hotspot\src\share\vm\prims\jni.cpp, line 1614]
Event: 5.073 Thread 0x000000001b65b000 Exception <a 'java/lang/NoSuchMethodError': <clinit>> (0x00000000e187c500) thrown at [D:\src\AOSP-openjdk-cygwin\jdk8u\hotspot\src\share\vm\prims\jni.cpp, line 1614]
Event: 5.073 Thread 0x000000001b65b000 Exception <a 'java/lang/NoSuchMethodError': <clinit>> (0x00000000e1885190) thrown at [D:\src\AOSP-openjdk-cygwin\jdk8u\hotspot\src\share\vm\prims\jni.cpp, line 1614]
Event: 5.074 Thread 0x000000001b65b000 Exception <a 'java/lang/NoSuchMethodError': <clinit>> (0x00000000e189b760) thrown at [D:\src\AOSP-openjdk-cygwin\jdk8u\hotspot\src\share\vm\prims\jni.cpp, line 1614]
Event: 5.082 Thread 0x000000001b65b000 Exception <a 'java/lang/NoSuchMethodError': <clinit>> (0x00000000e1904bc0) thrown at [D:\src\AOSP-openjdk-cygwin\jdk8u\hotspot\src\share\vm\prims\jni.cpp, line 1614]
Event: 5.084 Thread 0x000000001b65b000 Exception <a 'java/lang/NoSuchMethodError': <clinit>> (0x00000000e19316d8) thrown at [D:\src\AOSP-openjdk-cygwin\jdk8u\hotspot\src\share\vm\prims\jni.cpp, line 1614]
Event: 5.086 Thread 0x000000001b65b000 Exception <a 'java/lang/NoSuchMethodError': <clinit>> (0x00000000e194f210) thrown at [D:\src\AOSP-openjdk-cygwin\jdk8u\hotspot\src\share\vm\prims\jni.cpp, line 1614]
Event: 5.483 Thread 0x000000001c521000 Exception <a 'java/lang/NoSuchMethodError': java.lang.Object.lambda$and$0(Ljava/util/function/Predicate;Ljava/lang/Object;)Z> (0x00000000e0616cc0) thrown at [D:\src\AOSP-openjdk-cygwin\jdk8u\hotspot\src\share\vm\interpreter\linkResolver.cpp, line 620]
Event: 5.492 Thread 0x000000001c521000 Exception <a 'java/lang/IncompatibleClassChangeError': Found class java.lang.Object, but interface was expected> (0x00000000e062cfb0) thrown at [D:\src\AOSP-openjdk-cygwin\jdk8u\hotspot\src\share\vm\interpreter\linkResolver.cpp, line 653]
Event: 5.496 Thread 0x000000001c521000 Exception <a 'java/lang/NoSuchMethodError': java.lang.Object.lambda$or$2(Ljava/util/function/Predicate;Ljava/lang/Object;)Z> (0x00000000e0631ec0) thrown at [D:\src\AOSP-openjdk-cygwin\jdk8u\hotspot\src\share\vm\interpreter\linkResolver.cpp, line 620]

Events (10 events):
Event: 5.734 loading class org/gradle/api/DomainObjectSet
Event: 5.734 loading class org/gradle/api/DomainObjectSet done
Event: 5.734 loading class org/gradle/api/DomainObjectCollection
Event: 5.734 loading class org/gradle/api/DomainObjectCollection done
Event: 5.737 loading class javax/annotation/Nullable
Event: 5.737 loading class javax/annotation/Nullable done
Event: 5.738 loading class javax/annotation/Nonnull
Event: 5.738 loading class javax/annotation/Nonnull done
Event: 5.743 loading class org/gradle/internal/instantiation/AsmBackedClassGenerator$ClassBuilderImpl$11
Event: 5.743 loading class org/gradle/internal/instantiation/AsmBackedClassGenerator$ClassBuilderImpl$11 done


Dynamic libraries:
0x00007ff6f8730000 - 0x00007ff6f8761000 	C:\Program Files\Android\Android Studio\jre\bin\java.exe
0x00007ffbfe3c0000 - 0x00007ffbfe5b0000 	C:\WINDOWS\SYSTEM32\ntdll.dll
0x00007ffbfe220000 - 0x00007ffbfe2d2000 	C:\WINDOWS\System32\KERNEL32.DLL
0x00007ffbfc0a0000 - 0x00007ffbfc344000 	C:\WINDOWS\System32\KERNELBASE.dll
0x00007ffbbd200000 - 0x00007ffbbd31d000 	C:\WINDOWS\System32\AppCheck64.dll
0x00007ffbfdf00000 - 0x00007ffbfdfa3000 	C:\WINDOWS\System32\ADVAPI32.dll
0x00007ffbfc5a0000 - 0x00007ffbfc63e000 	C:\WINDOWS\System32\msvcrt.dll
0x00007ffbfe2e0000 - 0x00007ffbfe377000 	C:\WINDOWS\System32\sechost.dll
0x00007ffbfc480000 - 0x00007ffbfc5a0000 	C:\WINDOWS\System32\RPCRT4.dll
0x00007ffbfdd60000 - 0x00007ffbfdef4000 	C:\WINDOWS\System32\USER32.dll
0x00007ffbfc3d0000 - 0x00007ffbfc3f1000 	C:\WINDOWS\System32\win32u.dll
0x00007ffbfe070000 - 0x00007ffbfe096000 	C:\WINDOWS\System32\GDI32.dll
0x00007ffbfb3b0000 - 0x00007ffbfb545000 	C:\WINDOWS\System32\gdi32full.dll
0x00007ffbfb550000 - 0x00007ffbfb5ee000 	C:\WINDOWS\System32\msvcp_win.dll
0x00007ffbfbef0000 - 0x00007ffbfbfea000 	C:\WINDOWS\System32\ucrtbase.dll
0x00007ffbf4890000 - 0x00007ffbf489a000 	C:\WINDOWS\SYSTEM32\VERSION.dll
0x00007ffbea830000 - 0x00007ffbeaab4000 	C:\WINDOWS\WinSxS\amd64_microsoft.windows.common-controls_6595b64144ccf1df_6.0.18362.900_none_e6beb9d913147d17\COMCTL32.dll
0x00007ffbfd580000 - 0x00007ffbfd8b5000 	C:\WINDOWS\System32\combase.dll
0x00007ffbfc350000 - 0x00007ffbfc3d0000 	C:\WINDOWS\System32\bcryptPrimitives.dll
0x00007ffbfdfb0000 - 0x00007ffbfdfde000 	C:\WINDOWS\System32\IMM32.DLL
0x000000006cb70000 - 0x000000006cc42000 	C:\Program Files\Android\Android Studio\jre\jre\bin\msvcr100.dll
0x000000006cc50000 - 0x000000006d496000 	C:\Program Files\Android\Android Studio\jre\jre\bin\server\jvm.dll
0x00007ffbfd570000 - 0x00007ffbfd578000 	C:\WINDOWS\System32\PSAPI.DLL
0x00007ffbf8a10000 - 0x00007ffbf8a34000 	C:\WINDOWS\SYSTEM32\WINMM.dll
0x00007ffbe4f10000 - 0x00007ffbe4f19000 	C:\WINDOWS\SYSTEM32\WSOCK32.dll
0x00007ffbfdcf0000 - 0x00007ffbfdd5f000 	C:\WINDOWS\System32\WS2_32.dll
0x00007ffbf8580000 - 0x00007ffbf85ad000 	C:\WINDOWS\SYSTEM32\winmmbase.dll
0x00007ffbfc420000 - 0x00007ffbfc46a000 	C:\WINDOWS\System32\cfgmgr32.dll
0x00007ffbf7b80000 - 0x00007ffbf7b8f000 	C:\Program Files\Android\Android Studio\jre\jre\bin\verify.dll
0x00007ffbce990000 - 0x00007ffbce9b9000 	C:\Program Files\Android\Android Studio\jre\jre\bin\java.dll
0x00007ffbf7b60000 - 0x00007ffbf7b76000 	C:\Program Files\Android\Android Studio\jre\jre\bin\zip.dll
0x00007ffbfce80000 - 0x00007ffbfd566000 	C:\WINDOWS\System32\SHELL32.dll
0x00007ffbfc640000 - 0x00007ffbfc6e9000 	C:\WINDOWS\System32\shcore.dll
0x00007ffbfb5f0000 - 0x00007ffbfbd70000 	C:\WINDOWS\System32\windows.storage.dll
0x00007ffbfb2d0000 - 0x00007ffbfb2f3000 	C:\WINDOWS\System32\profapi.dll
0x00007ffbfb300000 - 0x00007ffbfb34a000 	C:\WINDOWS\System32\powrprof.dll
0x00007ffbfb280000 - 0x00007ffbfb290000 	C:\WINDOWS\System32\UMPDC.dll
0x00007ffbfdad0000 - 0x00007ffbfdb22000 	C:\WINDOWS\System32\shlwapi.dll
0x00007ffbfb290000 - 0x00007ffbfb2a1000 	C:\WINDOWS\System32\kernel.appcore.dll
0x00007ffbfc400000 - 0x00007ffbfc417000 	C:\WINDOWS\System32\cryptsp.dll
0x00007ffbf5ee0000 - 0x00007ffbf5efa000 	C:\Program Files\Android\Android Studio\jre\jre\bin\net.dll
0x00007ffbeb9d0000 - 0x00007ffbebba6000 	C:\WINDOWS\SYSTEM32\urlmon.dll
0x00007ffbee0c0000 - 0x00007ffbee366000 	C:\WINDOWS\SYSTEM32\iertutil.dll
0x00007ffbfac60000 - 0x00007ffbfac6c000 	C:\WINDOWS\SYSTEM32\CRYPTBASE.DLL
0x00007ffbfaa90000 - 0x00007ffbfaaf7000 	C:\WINDOWS\system32\mswsock.dll
0x00007ffbe99c0000 - 0x00007ffbe99d3000 	C:\Program Files\Android\Android Studio\jre\jre\bin\nio.dll
0x00007ffbf5a80000 - 0x00007ffbf5aa6000 	C:\Users\user\.gradle\native\30\windows-amd64\native-platform.dll
0x00007ffbf8c20000 - 0x00007ffbf8c2d000 	C:\Program Files\Android\Android Studio\jre\jre\bin\management.dll
0x00007ffbfa600000 - 0x00007ffbfa633000 	C:\WINDOWS\system32\rsaenh.dll
0x00007ffbfbec0000 - 0x00007ffbfbee6000 	C:\WINDOWS\System32\bcrypt.dll
0x00007ffbfb170000 - 0x00007ffbfb195000 	C:\WINDOWS\SYSTEM32\USERENV.dll
0x00007ffbfa7a0000 - 0x00007ffbfa7da000 	C:\WINDOWS\SYSTEM32\IPHLPAPI.DLL
0x00007ffbfc470000 - 0x00007ffbfc478000 	C:\WINDOWS\System32\NSI.dll
0x00007ffbf1fb0000 - 0x00007ffbf1fc6000 	C:\WINDOWS\SYSTEM32\dhcpcsvc6.DLL
0x00007ffbf2540000 - 0x00007ffbf255c000 	C:\WINDOWS\SYSTEM32\dhcpcsvc.DLL
0x00007ffbfa7e0000 - 0x00007ffbfa8ab000 	C:\WINDOWS\SYSTEM32\DNSAPI.dll

VM Arguments:
jvm_args: -Xmx1536m -Dfile.encoding=x-windows-949 -Duser.country=KR -Duser.language=ko -Duser.variant 
java_command: org.gradle.launcher.daemon.bootstrap.GradleDaemon 5.6.4
java_class_path (initial): C:\Users\user\.gradle\wrapper\dists\gradle-5.6.4-all\ankdp27end7byghfw1q2sw75f\gradle-5.6.4\lib\gradle-launcher-5.6.4.jar
Launcher Type: SUN_STANDARD

Environment Variables:
JAVA_HOME=C:\Program Files\Android\Android Studio\jre\jre
PATH=C:\Program Files\Microsoft MPI\Bin\;C:\Program Files (x86)\Common Files\Oracle\Java\javapath;C:\Program Files (x86)\Intel\Intel(R) Management Engine Components\iCLS\;C:\Program Files\Intel\Intel(R) Management Engine Components\iCLS\;C:\WINDOWS\system32;C:\WINDOWS;C:\WINDOWS\System32\Wbem;C:\WINDOWS\System32\WindowsPowerShell\v1.0\;C:\WINDOWS\System32\OpenSSH\;C:\Program Files (x86)\Intel\Intel(R) Management Engine Components\DAL;C:\Program Files\Intel\Intel(R) Management Engine Components\DAL;C:\Program Files (x86)\Intel\Intel(R) Management Engine Components\IPT;C:\Program Files\Intel\Intel(R) Management Engine Components\IPT;C:\Program Files\Intel\WiFi\bin\;C:\Program Files\Common Files\Intel\WirelessCommon\;C:\Program Files\dotnet\;C:\Program Files (x86)\Windows Kits\10\Windows Performance Toolkit\;C:\Program Files (x86)\Windows Kits\8.1\Windows Performance Toolkit\;C:\JAVA\jdk\bin;C:\JAVA\jdk\jre\bin;C:\Program Files\Git\cmd;C:\Program Files (x86)\Microsoft SQL Server\150\DTS\Binn\;C:\Program Files\Microsoft SQL Server\Client SDK\ODBC\170\Tools\Binn\;C:\Program Files (x86)\Microsoft SQL Server\150\Tools\Binn\;C:\Program Files\Microsoft SQL Server\150\Tools\Binn\;C:\Program Files\Microsoft SQL Server\150\DTS\Binn\;C:\Program Files\nodejs\;C:\Program Files\MySQL\MySQL Shell 8.0\bin\;C:\Users\user\AppData\Local\Programs\Python\Python38-32\Scripts\;C:\Users\user\AppData\Local\Programs\Python\Python38-32\;C:\Users\user\AppData\Local\Microsoft\WindowsApps;C:\Program Files\Intel\WiFi\bin\;C:\Program Files\Common Files\Intel\WirelessCommon\;C:\Program Files\Bandizip\;C:\Users\user\AppData\Local\Programs\Microsoft VS Code\bin;C:\Program Files\JetBrains\IntelliJ IDEA 2019.2.3\bin;C:\Users\user\AppData\Roaming\npm
USERNAME=20191308NSG
OS=Windows_NT
PROCESSOR_IDENTIFIER=Intel64 Family 6 Model 158 Stepping 10, GenuineIntel



---------------  S Y S T E M  ---------------

OS: Windows 10.0 , 64 bit Build 18362 (10.0.18362.900)

CPU:total 12 (initial active 12) (6 cores per cpu, 2 threads per core) family 6 model 158 stepping 10, cmov, cx8, fxsr, mmx, sse, sse2, sse3, ssse3, sse4.1, sse4.2, popcnt, avx, avx2, aes, clmul, erms, rtm, 3dnowpref, lzcnt, ht, tsc, tscinvbit, bmi1, bmi2, adx

Memory: 4k page, physical 8264744k(243196k free), swap 12164136k(3104k free)

vm_info: OpenJDK 64-Bit Server VM (25.212-b04) for windows-amd64 JRE (1.8.0_212-release-1586-b04), built by "builder" with MS VC++ 10.0 (VS2010)

time: Tue Jun 30 10:53:49 2020
timezone: 대한민국 표준시
elapsed time: 5 seconds (0d 0h 0m 5s)

