#
# There is insufficient memory for the Java Runtime Environment to continue.
# Native memory allocation (malloc) failed to allocate 472816 bytes for Chunk::new
# Possible reasons:
#   The system is out of physical RAM or swap space
#   The process is running with CompressedOops enabled, and the Java Heap may be blocking the growth of the native heap
# Possible solutions:
#   Reduce memory load on the system
#   Increase physical memory or swap space
#   Check if swap backing store is full
#   Decrease Java heap size (-Xmx/-Xms)
#   Decrease number of Java threads
#   Decrease Java thread stack sizes (-Xss)
#   Set larger code cache with -XX:ReservedCodeCacheSize=
#   JVM is running with Unscaled Compressed Oops mode in which the Java heap is
#     placed in the first 4GB address space. The Java Heap base address is the
#     maximum limit for the native heap growth. Please use -XX:HeapBaseMinAddress
#     to set the Java Heap base and to place the Java Heap above 4GB virtual address.
# This output file may be truncated or incomplete.
#
#  Out of Memory Error (allocation.cpp:389), pid=9760, tid=0x0000000000003920
#
# JRE version: OpenJDK Runtime Environment (8.0_202-b03) (build 1.8.0_202-release-1483-b03)
# Java VM: OpenJDK 64-Bit Server VM (25.202-b03 mixed mode windows-amd64 compressed oops)
# Failed to write core dump. Minidumps are not enabled by default on client versions of Windows
#

---------------  T H R E A D  ---------------

Current thread (0x00000000189a4800):  JavaThread "C2 CompilerThread1" daemon [_thread_in_native, id=14624, stack(0x000000001a010000,0x000000001a110000)]

Stack: [0x000000001a010000,0x000000001a110000]
[error occurred during error reporting (printing stack bounds), id 0xc0000005]

Native frames: (J=compiled Java code, j=interpreted, Vv=VM code, C=native code)


Current CompileTask:
C2:  35350 10401       4       com.android.tools.r8.ir.optimize.z::a (260 bytes)


---------------  P R O C E S S  ---------------

Java Threads: ( => current thread )
  0x000000002318c000 JavaThread "WorkerExecutor Queue Thread 8" [_thread_blocked, id=1664, stack(0x00000000286d0000,0x00000000287d0000)]
  0x000000002318a000 JavaThread "WorkerExecutor Queue Thread 7" [_thread_blocked, id=10456, stack(0x00000000285d0000,0x00000000286d0000)]
  0x000000002318b800 JavaThread "WorkerExecutor Queue Thread 6" [_thread_blocked, id=2552, stack(0x00000000284d0000,0x00000000285d0000)]
  0x0000000023187800 JavaThread "WorkerExecutor Queue Thread 5" [_thread_blocked, id=2808, stack(0x00000000283d0000,0x00000000284d0000)]
  0x0000000023186000 JavaThread "WorkerExecutor Queue Thread 4" [_thread_blocked, id=16072, stack(0x00000000282d0000,0x00000000283d0000)]
  0x0000000023184000 JavaThread "WorkerExecutor Queue Thread 3" [_thread_blocked, id=3428, stack(0x00000000281d0000,0x00000000282d0000)]
  0x000000002318a800 JavaThread "WorkerExecutor Queue Thread 2" [_thread_blocked, id=10288, stack(0x0000000027a90000,0x0000000027b90000)]
  0x0000000023189000 JavaThread "WorkerExecutor Queue" [_thread_blocked, id=5168, stack(0x0000000025770000,0x0000000025870000)]
  0x0000000023184800 JavaThread "Cache worker for execution history cache (C:\Users\user\AndroidStudioProjects\MyApplication2\.gradle\5.4.1\executionHistory)" [_thread_blocked, id=18344, stack(0x0000000027cd0000,0x0000000027dd0000)]
  0x0000000023188800 JavaThread "Execution worker for ':' Thread 11" [_thread_blocked, id=10780, stack(0x0000000027990000,0x0000000027a90000)]
  0x000000001fc7f800 JavaThread "Execution worker for ':' Thread 10" [_thread_blocked, id=17412, stack(0x0000000027890000,0x0000000027990000)]
  0x000000001fc7f000 JavaThread "Execution worker for ':' Thread 9" [_thread_blocked, id=6652, stack(0x0000000027790000,0x0000000027890000)]
  0x000000001fc7e000 JavaThread "Execution worker for ':' Thread 8" [_thread_blocked, id=3040, stack(0x0000000027690000,0x0000000027790000)]
  0x000000001fc7d800 JavaThread "Execution worker for ':' Thread 7" [_thread_blocked, id=11732, stack(0x0000000027590000,0x0000000027690000)]
  0x000000001fc84000 JavaThread "Execution worker for ':' Thread 6" [_thread_blocked, id=7388, stack(0x0000000027490000,0x0000000027590000)]
  0x000000001fc83800 JavaThread "Execution worker for ':' Thread 5" [_thread_in_vm, id=932, stack(0x0000000027390000,0x0000000027490000)]
  0x000000001fc82800 JavaThread "Execution worker for ':' Thread 4" [_thread_blocked, id=1228, stack(0x0000000026250000,0x0000000026350000)]
  0x000000001fc81000 JavaThread "Execution worker for ':' Thread 3" [_thread_blocked, id=12052, stack(0x0000000026150000,0x0000000026250000)]
  0x000000001fc80800 JavaThread "Execution worker for ':' Thread 2" [_thread_blocked, id=12280, stack(0x0000000026050000,0x0000000026150000)]
  0x000000001fc82000 JavaThread "Execution worker for ':'" [_thread_blocked, id=17808, stack(0x0000000025f50000,0x0000000026050000)]
  0x00000000211be000 JavaThread "Cache worker for file content cache (C:\Users\user\AndroidStudioProjects\MyApplication2\.gradle\5.4.1\fileContent)" [_thread_blocked, id=10820, stack(0x0000000025470000,0x0000000025570000)]
  0x00000000211c1000 JavaThread "Cache worker for file content cache (C:\Users\user\.gradle\caches\5.4.1\fileContent)" [_thread_blocked, id=4076, stack(0x0000000025370000,0x0000000025470000)]
  0x00000000211c0000 JavaThread "Memory manager" [_thread_blocked, id=2980, stack(0x0000000023dd0000,0x0000000023ed0000)]
  0x00000000211b5800 JavaThread "Cache worker for Build Output Cleanup Cache (C:\Users\user\AndroidStudioProjects\MyApplication2\.gradle\buildOutputCleanup)" [_thread_blocked, id=11636, stack(0x0000000023770000,0x0000000023870000)]
  0x00000000211b5000 JavaThread "Build operations Thread 12" [_thread_blocked, id=3792, stack(0x0000000024870000,0x0000000024970000)]
  0x00000000211b6800 JavaThread "Build operations Thread 11" [_thread_blocked, id=5288, stack(0x0000000024770000,0x0000000024870000)]
  0x00000000211bb800 JavaThread "Build operations Thread 10" [_thread_blocked, id=3392, stack(0x0000000024670000,0x0000000024770000)]
  0x00000000211b8000 JavaThread "Build operations Thread 9" [_thread_blocked, id=5376, stack(0x0000000024570000,0x0000000024670000)]
  0x00000000211bb000 JavaThread "Build operations Thread 8" [_thread_blocked, id=8648, stack(0x0000000024470000,0x0000000024570000)]
  0x00000000211b8800 JavaThread "Build operations Thread 7" [_thread_blocked, id=17156, stack(0x0000000024370000,0x0000000024470000)]
  0x00000000211b4000 JavaThread "Build operations Thread 6" [_thread_blocked, id=18224, stack(0x0000000024270000,0x0000000024370000)]
  0x00000000211b3800 JavaThread "Build operations Thread 5" [_thread_blocked, id=18824, stack(0x0000000024170000,0x0000000024270000)]
  0x00000000211b7000 JavaThread "Build operations Thread 4" [_thread_blocked, id=17140, stack(0x0000000024070000,0x0000000024170000)]
  0x00000000211b9800 JavaThread "Build operations Thread 3" [_thread_blocked, id=13948, stack(0x0000000023f70000,0x0000000024070000)]
  0x00000000211ba000 JavaThread "Build operations Thread 2" [_thread_blocked, id=4540, stack(0x00000000238d0000,0x00000000239d0000)]
  0x00000000211b2000 JavaThread "Build operations" [_thread_blocked, id=15196, stack(0x0000000022380000,0x0000000022480000)]
  0x00000000211b2800 JavaThread "Cache worker for execution history cache (C:\Users\user\.gradle\caches\5.4.1\executionHistory)" [_thread_blocked, id=9316, stack(0x00000000224a0000,0x00000000225a0000)]
  0x000000001b70e000 JavaThread "Cache worker for cache directory md-rule (C:\Users\user\.gradle\caches\5.4.1\md-rule)" [_thread_blocked, id=1668, stack(0x00000000207d0000,0x00000000208d0000)]
  0x000000001b70d800 JavaThread "Cache worker for cache directory md-supplier (C:\Users\user\.gradle\caches\5.4.1\md-supplier)" [_thread_blocked, id=6688, stack(0x0000000020530000,0x0000000020630000)]
  0x000000001b70b800 JavaThread "Cache worker for file hash cache (C:\Users\user\AndroidStudioProjects\MyApplication2\.gradle\5.4.1\fileHashes)" [_thread_blocked, id=15344, stack(0x00000000206d0000,0x00000000207d0000)]
  0x000000001b70f800 JavaThread "Cache worker for journal cache (C:\Users\user\.gradle\caches\journal-1)" [_thread_blocked, id=3988, stack(0x000000001d0c0000,0x000000001d1c0000)]
  0x000000001b70f000 JavaThread "File lock request listener" [_thread_in_native, id=5344, stack(0x000000001cfc0000,0x000000001d0c0000)]
  0x000000001ac0a800 JavaThread "Cache worker for file hash cache (C:\Users\user\.gradle\caches\5.4.1\fileHashes)" [_thread_blocked, id=19392, stack(0x000000001ccc0000,0x000000001cdc0000)]
  0x000000001ad12800 JavaThread "Thread-9" [_thread_blocked, id=11228, stack(0x000000001cbc0000,0x000000001ccc0000)]
  0x0000000018c64800 JavaThread "Stdin handler" [_thread_blocked, id=18964, stack(0x000000001cac0000,0x000000001cbc0000)]
  0x0000000018c63000 JavaThread "Asynchronous log dispatcher for DefaultDaemonConnection: socket connection from /127.0.0.1:9078 to /127.0.0.1:9079" [_thread_blocked, id=6116, stack(0x000000001c9c0000,0x000000001cac0000)]
  0x000000001ad2f000 JavaThread "Daemon worker" [_thread_in_native, id=12752, stack(0x000000001c8c0000,0x000000001c9c0000)]
  0x000000001ad2c000 JavaThread "Cancel handler" [_thread_blocked, id=18948, stack(0x000000001c6c0000,0x000000001c7c0000)]
  0x000000001abdc000 JavaThread "Handler for socket connection from /127.0.0.1:9078 to /127.0.0.1:9079" [_thread_in_native, id=8028, stack(0x000000001c3c0000,0x000000001c4c0000)]
  0x000000001abda800 JavaThread "Daemon" [_thread_blocked, id=18356, stack(0x000000001c2c0000,0x000000001c3c0000)]
  0x000000001a514800 JavaThread "Daemon periodic checks" [_thread_blocked, id=18648, stack(0x000000001c1c0000,0x000000001c2c0000)]
  0x000000001a924800 JavaThread "Incoming local TCP Connector on port 9078" [_thread_in_native, id=19208, stack(0x000000001bfe0000,0x000000001c0e0000)]
  0x000000001ba6b800 JavaThread "Daemon health stats" [_thread_blocked, id=1192, stack(0x000000001bce0000,0x000000001bde0000)]
  0x0000000018a26000 JavaThread "Service Thread" daemon [_thread_blocked, id=3168, stack(0x000000001a310000,0x000000001a410000)]
  0x00000000189ab000 JavaThread "C1 CompilerThread3" daemon [_thread_blocked, id=13912, stack(0x000000001a210000,0x000000001a310000)]
  0x00000000189aa000 JavaThread "C2 CompilerThread2" daemon [_thread_in_native, id=11656, stack(0x000000001a110000,0x000000001a210000)]
=>0x00000000189a4800 JavaThread "C2 CompilerThread1" daemon [_thread_in_native, id=14624, stack(0x000000001a010000,0x000000001a110000)]
  0x0000000018995000 JavaThread "C2 CompilerThread0" daemon [_thread_in_native, id=17320, stack(0x0000000019f10000,0x000000001a010000)]
  0x0000000018991000 JavaThread "Attach Listener" daemon [_thread_blocked, id=3528, stack(0x0000000019e10000,0x0000000019f10000)]
  0x0000000018990000 JavaThread "Signal Dispatcher" daemon [_thread_blocked, id=13316, stack(0x0000000019d10000,0x0000000019e10000)]
  0x000000000328a000 JavaThread "Finalizer" daemon [_thread_blocked, id=18472, stack(0x0000000019b80000,0x0000000019c80000)]
  0x0000000018923000 JavaThread "Reference Handler" daemon [_thread_blocked, id=5056, stack(0x0000000019a80000,0x0000000019b80000)]
  0x000000000147e800 JavaThread "main" [_thread_blocked, id=17180, stack(0x0000000002d00000,0x0000000002e00000)]

Other Threads:
  0x0000000017246000 VMThread [stack: 0x0000000019980000,0x0000000019a80000] [id=11244]
  0x0000000018a2e800 WatcherThread [stack: 0x000000001a410000,0x000000001a510000] [id=17280]

VM state:not at safepoint (normal execution)

VM Mutex/Monitor currently owned by a thread: None

heap address: 0x00000000a0000000, size: 1536 MB, Compressed Oops mode: 32-bit
Narrow klass base: 0x0000000000000000, Narrow klass shift: 3
Compressed class space size: 1073741824 Address: 0x0000000100000000

Heap:
 PSYoungGen      total 155648K, used 136236K [0x00000000e0000000, 0x00000000eb000000, 0x0000000100000000)
  eden space 135680K, 97% used [0x00000000e0000000,0x00000000e808f778,0x00000000e8480000)
  from space 19968K, 22% used [0x00000000e9800000,0x00000000e9c7bac0,0x00000000eab80000)
  to   space 19968K, 0% used [0x00000000e8480000,0x00000000e8480000,0x00000000e9800000)
 ParOldGen       total 135168K, used 55905K [0x00000000a0000000, 0x00000000a8400000, 0x00000000e0000000)
  object space 135168K, 41% used [0x00000000a0000000,0x00000000a3698660,0x00000000a8400000)
 Metaspace       used 70455K, capacity 73990K, committed 74136K, reserved 1114112K
  class space    used 9625K, capacity 10298K, committed 10392K, reserved 1048576K

Card table byte_map: [0x0000000012650000,0x0000000012960000] byte_map_base: 0x0000000012150000

Marking Bits: (ParMarkBitMap*) 0x000000005d379f30
 Begin Bits: [0x0000000013560000, 0x0000000014d60000)
 End Bits:   [0x0000000014d60000, 0x0000000016560000)

Polling page: 0x0000000001460000

CodeCache: size=245760Kb used=30833Kb max_used=30833Kb free=214926Kb
 bounds [0x0000000003290000, 0x00000000050d0000, 0x0000000012290000]
 total_blobs=10233 nmethods=9416 adapters=728
 compilation: enabled

Compilation events (10 events):
Event: 35.313 Thread 0x00000000189ab000 10506       2       com.android.tools.r8.graph.DexDebugEvent$c::hashCode (11 bytes)
Event: 35.313 Thread 0x00000000189ab000 nmethod 10506 0x00000000050c4d90 code [0x00000000050c4ee0, 0x00000000050c5030]
Event: 35.313 Thread 0x00000000189ab000 10505       1       org.gradle.cache.internal.btree.BTreePersistentIndexedCache$IndexBlock::getType (3 bytes)
Event: 35.314 Thread 0x00000000189ab000 nmethod 10505 0x00000000050c50d0 code [0x00000000050c5220, 0x00000000050c5330]
Event: 35.319 Thread 0x00000000189ab000 10507       2       com.android.tools.r8.m.a.a.b.n2::e (7 bytes)
Event: 35.320 Thread 0x00000000189ab000 nmethod 10507 0x00000000050c5390 code [0x00000000050c54e0, 0x00000000050c5650]
Event: 35.330 Thread 0x00000000189ab000 10508       2       com.android.tools.r8.ir.analysis.g.e::b (36 bytes)
Event: 35.331 Thread 0x00000000189ab000 nmethod 10508 0x00000000050c5750 code [0x00000000050c58e0, 0x00000000050c5bd8]
Event: 35.334 Thread 0x00000000189ab000 10509       2       com.android.tools.r8.n.a.a.a.g.G0::remove (65 bytes)
Event: 35.335 Thread 0x00000000189ab000 nmethod 10509 0x00000000050c5e10 code [0x00000000050c5f80, 0x00000000050c6250]

GC Heap History (10 events):
Event: 23.661 GC heap before
{Heap before GC invocations=15 (full 2):
 PSYoungGen      total 115712K, used 92739K [0x00000000e0000000, 0x00000000e7e80000, 0x0000000100000000)
  eden space 103936K, 79% used [0x00000000e0000000,0x00000000e50cc750,0x00000000e6580000)
  from space 11776K, 84% used [0x00000000e7200000,0x00000000e7bc46f8,0x00000000e7d80000)
  to   space 12800K, 0% used [0x00000000e6580000,0x00000000e6580000,0x00000000e7200000)
 ParOldGen       total 89088K, used 25059K [0x00000000a0000000, 0x00000000a5700000, 0x00000000e0000000)
  object space 89088K, 28% used [0x00000000a0000000,0x00000000a1878fa0,0x00000000a5700000)
 Metaspace       used 57337K, capacity 58994K, committed 59160K, reserved 1099776K
  class space    used 7796K, capacity 8194K, committed 8216K, reserved 1048576K
Event: 23.690 GC heap after
Heap after GC invocations=15 (full 2):
 PSYoungGen      total 116736K, used 12768K [0x00000000e0000000, 0x00000000e9580000, 0x0000000100000000)
  eden space 103936K, 0% used [0x00000000e0000000,0x00000000e0000000,0x00000000e6580000)
  from space 12800K, 99% used [0x00000000e6580000,0x00000000e71f83b8,0x00000000e7200000)
  to   space 14336K, 0% used [0x00000000e8780000,0x00000000e8780000,0x00000000e9580000)
 ParOldGen       total 89088K, used 25355K [0x00000000a0000000, 0x00000000a5700000, 0x00000000e0000000)
  object space 89088K, 28% used [0x00000000a0000000,0x00000000a18c2c50,0x00000000a5700000)
 Metaspace       used 57337K, capacity 58994K, committed 59160K, reserved 1099776K
  class space    used 7796K, capacity 8194K, committed 8216K, reserved 1048576K
}
Event: 23.691 GC heap before
{Heap before GC invocations=16 (full 3):
 PSYoungGen      total 116736K, used 12768K [0x00000000e0000000, 0x00000000e9580000, 0x0000000100000000)
  eden space 103936K, 0% used [0x00000000e0000000,0x00000000e0000000,0x00000000e6580000)
  from space 12800K, 99% used [0x00000000e6580000,0x00000000e71f83b8,0x00000000e7200000)
  to   space 14336K, 0% used [0x00000000e8780000,0x00000000e8780000,0x00000000e9580000)
 ParOldGen       total 89088K, used 25355K [0x00000000a0000000, 0x00000000a5700000, 0x00000000e0000000)
  object space 89088K, 28% used [0x00000000a0000000,0x00000000a18c2c50,0x00000000a5700000)
 Metaspace       used 57337K, capacity 58994K, committed 59160K, reserved 1099776K
  class space    used 7796K, capacity 8194K, committed 8216K, reserved 1048576K
Event: 24.159 GC heap after
Heap after GC invocations=16 (full 3):
 PSYoungGen      total 116736K, used 0K [0x00000000e0000000, 0x00000000e9580000, 0x0000000100000000)
  eden space 103936K, 0% used [0x00000000e0000000,0x00000000e0000000,0x00000000e6580000)
  from space 12800K, 0% used [0x00000000e6580000,0x00000000e6580000,0x00000000e7200000)
  to   space 14336K, 0% used [0x00000000e8780000,0x00000000e8780000,0x00000000e9580000)
 ParOldGen       total 135168K, used 32255K [0x00000000a0000000, 0x00000000a8400000, 0x00000000e0000000)
  object space 135168K, 23% used [0x00000000a0000000,0x00000000a1f7fed0,0x00000000a8400000)
 Metaspace       used 57337K, capacity 58994K, committed 59160K, reserved 1099776K
  class space    used 7796K, capacity 8194K, committed 8216K, reserved 1048576K
}
Event: 27.395 GC heap before
{Heap before GC invocations=17 (full 3):
 PSYoungGen      total 116736K, used 103936K [0x00000000e0000000, 0x00000000e9580000, 0x0000000100000000)
  eden space 103936K, 100% used [0x00000000e0000000,0x00000000e6580000,0x00000000e6580000)
  from space 12800K, 0% used [0x00000000e6580000,0x00000000e6580000,0x00000000e7200000)
  to   space 14336K, 0% used [0x00000000e8780000,0x00000000e8780000,0x00000000e9580000)
 ParOldGen       total 135168K, used 32255K [0x00000000a0000000, 0x00000000a8400000, 0x00000000e0000000)
  object space 135168K, 23% used [0x00000000a0000000,0x00000000a1f7fed0,0x00000000a8400000)
 Metaspace       used 59875K, capacity 62038K, committed 62104K, reserved 1103872K
  class space    used 8158K, capacity 8594K, committed 8600K, reserved 1048576K
Event: 27.408 GC heap after
Heap after GC invocations=17 (full 3):
 PSYoungGen      total 126464K, used 8679K [0x00000000e0000000, 0x00000000e9000000, 0x0000000100000000)
  eden space 117760K, 0% used [0x00000000e0000000,0x00000000e0000000,0x00000000e7300000)
  from space 8704K, 99% used [0x00000000e8780000,0x00000000e8ff9c18,0x00000000e9000000)
  to   space 13824K, 0% used [0x00000000e7500000,0x00000000e7500000,0x00000000e8280000)
 ParOldGen       total 135168K, used 32263K [0x00000000a0000000, 0x00000000a8400000, 0x00000000e0000000)
  object space 135168K, 23% used [0x00000000a0000000,0x00000000a1f81ed0,0x00000000a8400000)
 Metaspace       used 59875K, capacity 62038K, committed 62104K, reserved 1103872K
  class space    used 8158K, capacity 8594K, committed 8600K, reserved 1048576K
}
Event: 29.542 GC heap before
{Heap before GC invocations=18 (full 3):
 PSYoungGen      total 126464K, used 126439K [0x00000000e0000000, 0x00000000e9000000, 0x0000000100000000)
  eden space 117760K, 100% used [0x00000000e0000000,0x00000000e7300000,0x00000000e7300000)
  from space 8704K, 99% used [0x00000000e8780000,0x00000000e8ff9c18,0x00000000e9000000)
  to   space 13824K, 0% used [0x00000000e7500000,0x00000000e7500000,0x00000000e8280000)
 ParOldGen       total 135168K, used 32263K [0x00000000a0000000, 0x00000000a8400000, 0x00000000e0000000)
  object space 135168K, 23% used [0x00000000a0000000,0x00000000a1f81ed0,0x00000000a8400000)
 Metaspace       used 65499K, capacity 68238K, committed 68504K, reserved 1107968K
  class space    used 8961K, capacity 9518K, committed 9624K, reserved 1048576K
Event: 29.582 GC heap after
Heap after GC invocations=18 (full 3):
 PSYoungGen      total 133632K, used 13808K [0x00000000e0000000, 0x00000000eab80000, 0x0000000100000000)
  eden space 119808K, 0% used [0x00000000e0000000,0x00000000e0000000,0x00000000e7500000)
  from space 13824K, 99% used [0x00000000e7500000,0x00000000e827c048,0x00000000e8280000)
  to   space 19968K, 0% used [0x00000000e9800000,0x00000000e9800000,0x00000000eab80000)
 ParOldGen       total 135168K, used 44414K [0x00000000a0000000, 0x00000000a8400000, 0x00000000e0000000)
  object space 135168K, 32% used [0x00000000a0000000,0x00000000a2b5fa30,0x00000000a8400000)
 Metaspace       used 65499K, capacity 68238K, committed 68504K, reserved 1107968K
  class space    used 8961K, capacity 9518K, committed 9624K, reserved 1048576K
}
Event: 31.554 GC heap before
{Heap before GC invocations=19 (full 3):
 PSYoungGen      total 133632K, used 133612K [0x00000000e0000000, 0x00000000eab80000, 0x0000000100000000)
  eden space 119808K, 99% used [0x00000000e0000000,0x00000000e74ff2e0,0x00000000e7500000)
  from space 13824K, 99% used [0x00000000e7500000,0x00000000e827c048,0x00000000e8280000)
  to   space 19968K, 0% used [0x00000000e9800000,0x00000000e9800000,0x00000000eab80000)
 ParOldGen       total 135168K, used 44414K [0x00000000a0000000, 0x00000000a8400000, 0x00000000e0000000)
  object space 135168K, 32% used [0x00000000a0000000,0x00000000a2b5fa30,0x00000000a8400000)
 Metaspace       used 69565K, capacity 72992K, committed 73240K, reserved 1112064K
  class space    used 9573K, capacity 10223K, committed 10264K, reserved 1048576K
Event: 31.595 GC heap after
Heap after GC invocations=19 (full 3):
 PSYoungGen      total 155648K, used 4590K [0x00000000e0000000, 0x00000000eb000000, 0x0000000100000000)
  eden space 135680K, 0% used [0x00000000e0000000,0x00000000e0000000,0x00000000e8480000)
  from space 19968K, 22% used [0x00000000e9800000,0x00000000e9c7bac0,0x00000000eab80000)
  to   space 19968K, 0% used [0x00000000e8480000,0x00000000e8480000,0x00000000e9800000)
 ParOldGen       total 135168K, used 55905K [0x00000000a0000000, 0x00000000a8400000, 0x00000000e0000000)
  object space 135168K, 41% used [0x00000000a0000000,0x00000000a3698660,0x00000000a8400000)
 Metaspace       used 69565K, capacity 72992K, committed 73240K, reserved 1112064K
  class space    used 9573K, capacity 10223K, committed 10264K, reserved 1048576K
}

Deoptimization events (10 events):
Event: 34.492 Thread 0x000000001fc83800 Uncommon trap: reason=unstable_if action=reinterpret pc=0x0000000004eb3ca4 method=com.android.tools.r8.ir.conversion.X.a(I[Lcom/android/tools/r8/ir/conversion/P;Lcom/android/tools/r8/m/a/a/b/d0;)Z @ 55
Event: 34.517 Thread 0x000000001fc83800 Uncommon trap: reason=class_check action=maybe_recompile pc=0x0000000004fc9558 method=com.android.tools.r8.ir.code.BasicBlock.hasCatchSuccessor(Lcom/android/tools/r8/ir/code/BasicBlock;)Z @ 29
Event: 34.518 Thread 0x000000001fc83800 Uncommon trap: reason=class_check action=maybe_recompile pc=0x0000000004fc9558 method=com.android.tools.r8.ir.code.BasicBlock.hasCatchSuccessor(Lcom/android/tools/r8/ir/code/BasicBlock;)Z @ 29
Event: 34.519 Thread 0x000000001fc83800 Uncommon trap: reason=class_check action=maybe_recompile pc=0x0000000004fc9558 method=com.android.tools.r8.ir.code.BasicBlock.hasCatchSuccessor(Lcom/android/tools/r8/ir/code/BasicBlock;)Z @ 29
Event: 34.519 Thread 0x000000001fc83800 Uncommon trap: reason=class_check action=maybe_recompile pc=0x0000000004fc9558 method=com.android.tools.r8.ir.code.BasicBlock.hasCatchSuccessor(Lcom/android/tools/r8/ir/code/BasicBlock;)Z @ 29
Event: 34.530 Thread 0x000000001fc83800 Uncommon trap: reason=unstable_if action=reinterpret pc=0x0000000004ca6de8 method=com.android.tools.r8.ir.regalloc.LinearScanRegisterAllocator.a(Lcom/android/tools/r8/ir/code/Instruction;Lcom/android/tools/r8/ir/regalloc/LinearScanRegisterAllocator$b;)Z @
Event: 35.235 Thread 0x000000001fc83800 Uncommon trap: reason=class_check action=maybe_recompile pc=0x0000000004cf8728 method=com.android.tools.r8.ir.analysis.g.e.b(Lcom/android/tools/r8/ir/code/Instruction;)V @ 223
Event: 35.235 Thread 0x000000001fc83800 Uncommon trap: reason=class_check action=maybe_recompile pc=0x0000000004cf8728 method=com.android.tools.r8.ir.analysis.g.e.b(Lcom/android/tools/r8/ir/code/Instruction;)V @ 223
Event: 35.235 Thread 0x000000001fc83800 Uncommon trap: reason=class_check action=maybe_recompile pc=0x0000000004cf8728 method=com.android.tools.r8.ir.analysis.g.e.b(Lcom/android/tools/r8/ir/code/Instruction;)V @ 223
Event: 35.236 Thread 0x000000001fc83800 Uncommon trap: reason=class_check action=maybe_recompile pc=0x0000000004cf8728 method=com.android.tools.r8.ir.analysis.g.e.b(Lcom/android/tools/r8/ir/code/Instruction;)V @ 223

Classes redefined (0 events):
No events

Internal exceptions (10 events):
Event: 31.493 Thread 0x0000000023187800 Exception <a 'sun/nio/fs/WindowsException'> (0x00000000e7118470) thrown at [D:\src\AOSP-openjdk-cygwin\jdk8u\hotspot\src\share\vm\prims\jni.cpp, line 710]
Event: 31.502 Thread 0x0000000023187800 Exception <a 'sun/nio/fs/WindowsException'> (0x00000000e7295b78) thrown at [D:\src\AOSP-openjdk-cygwin\jdk8u\hotspot\src\share\vm\prims\jni.cpp, line 710]
Event: 31.515 Thread 0x0000000023187800 Exception <a 'sun/nio/fs/WindowsException'> (0x00000000e729d480) thrown at [D:\src\AOSP-openjdk-cygwin\jdk8u\hotspot\src\share\vm\prims\jni.cpp, line 710]
Event: 31.541 Thread 0x0000000023187800 Exception <a 'sun/nio/fs/WindowsException'> (0x00000000e72a3c38) thrown at [D:\src\AOSP-openjdk-cygwin\jdk8u\hotspot\src\share\vm\prims\jni.cpp, line 710]
Event: 31.546 Thread 0x0000000023187800 Exception <a 'sun/nio/fs/WindowsException'> (0x00000000e72accd0) thrown at [D:\src\AOSP-openjdk-cygwin\jdk8u\hotspot\src\share\vm\prims\jni.cpp, line 710]
Event: 31.550 Thread 0x0000000023186000 Exception <a 'sun/nio/fs/WindowsException'> (0x00000000e74e2a88) thrown at [D:\src\AOSP-openjdk-cygwin\jdk8u\hotspot\src\share\vm\prims\jni.cpp, line 710]
Event: 31.550 Thread 0x0000000023187800 Exception <a 'sun/nio/fs/WindowsException'> (0x00000000e74c7600) thrown at [D:\src\AOSP-openjdk-cygwin\jdk8u\hotspot\src\share\vm\prims\jni.cpp, line 710]
Event: 31.608 Thread 0x0000000023187800 Exception <a 'sun/nio/fs/WindowsException'> (0x00000000e009b360) thrown at [D:\src\AOSP-openjdk-cygwin\jdk8u\hotspot\src\share\vm\prims\jni.cpp, line 710]
Event: 31.629 Thread 0x0000000023187800 Exception <a 'sun/nio/fs/WindowsException'> (0x00000000e05f9118) thrown at [D:\src\AOSP-openjdk-cygwin\jdk8u\hotspot\src\share\vm\prims\jni.cpp, line 710]
Event: 31.661 Thread 0x000000001ad2f000 Implicit null exception at 0x0000000004442eb7 to 0x00000000044447a1

Events (10 events):
Event: 35.235 Thread 0x000000001fc83800 DEOPT UNPACKING pc=0x00000000032d557b sp=0x000000002748b510 mode 2
Event: 35.235 Thread 0x000000001fc83800 Uncommon trap: trap_request=0xffffffde fr.pc=0x0000000004cf8728
Event: 35.235 Thread 0x000000001fc83800 DEOPT PACKING pc=0x0000000004cf8728 sp=0x000000002748b540
Event: 35.235 Thread 0x000000001fc83800 DEOPT UNPACKING pc=0x00000000032d557b sp=0x000000002748b510 mode 2
Event: 35.235 Thread 0x000000001fc83800 Uncommon trap: trap_request=0xffffffde fr.pc=0x0000000004cf8728
Event: 35.235 Thread 0x000000001fc83800 DEOPT PACKING pc=0x0000000004cf8728 sp=0x000000002748b540
Event: 35.235 Thread 0x000000001fc83800 DEOPT UNPACKING pc=0x00000000032d557b sp=0x000000002748b510 mode 2
Event: 35.236 Thread 0x000000001fc83800 Uncommon trap: trap_request=0xffffffde fr.pc=0x0000000004cf8728
Event: 35.236 Thread 0x000000001fc83800 DEOPT PACKING pc=0x0000000004cf8728 sp=0x000000002748b630
Event: 35.236 Thread 0x000000001fc83800 DEOPT UNPACKING pc=0x00000000032d557b sp=0x000000002748b600 mode 2


Dynamic libraries:
0x00007ff633bb0000 - 0x00007ff633be1000 	C:\Program Files\Android\Android Studio\jre\bin\java.exe
0x00007ff990be0000 - 0x00007ff990dd0000 	C:\WINDOWS\SYSTEM32\ntdll.dll
0x00007ff98f5d0000 - 0x00007ff98f682000 	C:\WINDOWS\System32\KERNEL32.DLL
0x00007ff98dba0000 - 0x00007ff98de43000 	C:\WINDOWS\System32\KERNELBASE.dll
0x00007ff95a970000 - 0x00007ff95aaba000 	C:\WINDOWS\System32\AppCheck64.dll
0x00007ff990a70000 - 0x00007ff990b13000 	C:\WINDOWS\System32\ADVAPI32.dll
0x00007ff98ffc0000 - 0x00007ff99005e000 	C:\WINDOWS\System32\msvcrt.dll
0x00007ff9900e0000 - 0x00007ff990177000 	C:\WINDOWS\System32\sechost.dll
0x00007ff990180000 - 0x00007ff9902a0000 	C:\WINDOWS\System32\RPCRT4.dll
0x00007ff990460000 - 0x00007ff9905f4000 	C:\WINDOWS\System32\USER32.dll
0x00007ff98db70000 - 0x00007ff98db91000 	C:\WINDOWS\System32\win32u.dll
0x00007ff98f690000 - 0x00007ff98f6b6000 	C:\WINDOWS\System32\GDI32.dll
0x00007ff98e880000 - 0x00007ff98ea14000 	C:\WINDOWS\System32\gdi32full.dll
0x00007ff98ebf0000 - 0x00007ff98ec8e000 	C:\WINDOWS\System32\msvcp_win.dll
0x00007ff98e000000 - 0x00007ff98e0fa000 	C:\WINDOWS\System32\ucrtbase.dll
0x00007ff97e4f0000 - 0x00007ff97e775000 	C:\WINDOWS\WinSxS\amd64_microsoft.windows.common-controls_6595b64144ccf1df_6.0.18362.657_none_e6c5b579130e3898\COMCTL32.dll
0x00007ff98f290000 - 0x00007ff98f5c6000 	C:\WINDOWS\System32\combase.dll
0x00007ff98de50000 - 0x00007ff98ded0000 	C:\WINDOWS\System32\bcryptPrimitives.dll
0x00007ff98f260000 - 0x00007ff98f28e000 	C:\WINDOWS\System32\IMM32.DLL
0x000000005dd60000 - 0x000000005de32000 	C:\Program Files\Android\Android Studio\jre\jre\bin\msvcr100.dll
0x000000005cbb0000 - 0x000000005d3f6000 	C:\Program Files\Android\Android Studio\jre\jre\bin\server\jvm.dll
0x00007ff990380000 - 0x00007ff990388000 	C:\WINDOWS\System32\PSAPI.DLL
0x00007ff9878e0000 - 0x00007ff9878ea000 	C:\WINDOWS\SYSTEM32\VERSION.dll
0x00007ff98b750000 - 0x00007ff98b774000 	C:\WINDOWS\SYSTEM32\WINMM.dll
0x00007ff97a580000 - 0x00007ff97a589000 	C:\WINDOWS\SYSTEM32\WSOCK32.dll
0x00007ff98eda0000 - 0x00007ff98ee0f000 	C:\WINDOWS\System32\WS2_32.dll
0x00007ff98b720000 - 0x00007ff98b74d000 	C:\WINDOWS\SYSTEM32\winmmbase.dll
0x00007ff98ea20000 - 0x00007ff98ea6a000 	C:\WINDOWS\System32\cfgmgr32.dll
0x00007ff988f40000 - 0x00007ff988f4f000 	C:\Program Files\Android\Android Studio\jre\jre\bin\verify.dll
0x00007ff980ae0000 - 0x00007ff980b09000 	C:\Program Files\Android\Android Studio\jre\jre\bin\java.dll
0x00007ff988530000 - 0x00007ff988546000 	C:\Program Files\Android\Android Studio\jre\jre\bin\zip.dll
0x00007ff98f8c0000 - 0x00007ff98ffa5000 	C:\WINDOWS\System32\SHELL32.dll
0x00007ff98ec90000 - 0x00007ff98ed39000 	C:\WINDOWS\System32\shcore.dll
0x00007ff98e100000 - 0x00007ff98e87f000 	C:\WINDOWS\System32\windows.storage.dll
0x00007ff98dac0000 - 0x00007ff98dadf000 	C:\WINDOWS\System32\profapi.dll
0x00007ff98db20000 - 0x00007ff98db6a000 	C:\WINDOWS\System32\powrprof.dll
0x00007ff98dab0000 - 0x00007ff98dac0000 	C:\WINDOWS\System32\UMPDC.dll
0x00007ff9902a0000 - 0x00007ff9902f2000 	C:\WINDOWS\System32\shlwapi.dll
0x00007ff98db00000 - 0x00007ff98db11000 	C:\WINDOWS\System32\kernel.appcore.dll
0x00007ff98dfe0000 - 0x00007ff98dff7000 	C:\WINDOWS\System32\cryptsp.dll
0x00007ff980a80000 - 0x00007ff980a9a000 	C:\Program Files\Android\Android Studio\jre\jre\bin\net.dll
0x00007ff98d2c0000 - 0x00007ff98d327000 	C:\WINDOWS\system32\mswsock.dll
0x00007ff980a60000 - 0x00007ff980a71000 	C:\Program Files\Android\Android Studio\jre\jre\bin\nio.dll
0x00007ff97ef30000 - 0x00007ff97ef56000 	C:\Users\user\.gradle\native\29\windows-amd64\native-platform.dll
0x00007ff988410000 - 0x00007ff98841d000 	C:\Program Files\Android\Android Studio\jre\jre\bin\management.dll
0x00007ff98ce30000 - 0x00007ff98ce63000 	C:\WINDOWS\system32\rsaenh.dll
0x00007ff98ea70000 - 0x00007ff98ea96000 	C:\WINDOWS\System32\bcrypt.dll
0x00007ff98d9a0000 - 0x00007ff98d9c5000 	C:\WINDOWS\SYSTEM32\USERENV.dll
0x00007ff98d490000 - 0x00007ff98d49c000 	C:\WINDOWS\SYSTEM32\CRYPTBASE.dll
0x00007ff98cfd0000 - 0x00007ff98d00a000 	C:\WINDOWS\SYSTEM32\IPHLPAPI.DLL
0x00007ff990060000 - 0x00007ff990068000 	C:\WINDOWS\System32\NSI.dll
0x00007ff985c20000 - 0x00007ff985c36000 	C:\WINDOWS\SYSTEM32\dhcpcsvc6.DLL
0x00007ff985f10000 - 0x00007ff985f2c000 	C:\WINDOWS\SYSTEM32\dhcpcsvc.DLL
0x00007ff98d010000 - 0x00007ff98d0da000 	C:\WINDOWS\SYSTEM32\DNSAPI.dll

VM Arguments:
jvm_args: -Xmx1536m -Dfile.encoding=x-windows-949 -Duser.country=KR -Duser.language=ko -Duser.variant 
java_command: org.gradle.launcher.daemon.bootstrap.GradleDaemon 5.4.1
java_class_path (initial): C:\Users\user\.gradle\wrapper\dists\gradle-5.4.1-all\3221gyojl5jsh0helicew7rwx\gradle-5.4.1\lib\gradle-launcher-5.4.1.jar
Launcher Type: SUN_STANDARD

Environment Variables:
PATH=C:\Program Files (x86)\Common Files\Oracle\Java\javapath;C:\Program Files (x86)\Intel\Intel(R) Management Engine Components\iCLS\;C:\Program Files\Intel\Intel(R) Management Engine Components\iCLS\;C:\WINDOWS\system32;C:\WINDOWS;C:\WINDOWS\System32\Wbem;C:\WINDOWS\System32\WindowsPowerShell\v1.0\;C:\WINDOWS\System32\OpenSSH\;C:\Program Files (x86)\Intel\Intel(R) Management Engine Components\DAL;C:\Program Files\Intel\Intel(R) Management Engine Components\DAL;C:\Program Files (x86)\Intel\Intel(R) Management Engine Components\IPT;C:\Program Files\Intel\Intel(R) Management Engine Components\IPT;C:\Program Files\Intel\WiFi\bin\;C:\Program Files\Common Files\Intel\WirelessCommon\;C:\Program Files\dotnet\;C:\Program Files (x86)\Windows Kits\10\Windows Performance Toolkit\;C:\Program Files (x86)\Windows Kits\10\Microsoft Application Virtualization\Sequencer\;C:\Program Files (x86)\Microsoft SQL Server\110\Tools\Binn\;C:\Program Files (x86)\Microsoft SQL Server\110\DTS\Binn\;C:\Program Files (x86)\Windows Kits\8.1\Windows Performance Toolkit\;C:\Program Files\nodejs\;C:\JAVA\jdk\bin;C:\JAVA\jdk\jre\bin;C:\Program Files\Git\cmd;C:\Users\user\AppData\Local\Programs\Python\Python38-32\Scripts\;C:\Users\user\AppData\Local\Programs\Python\Python38-32\;C:\Users\user\AppData\Local\Microsoft\WindowsApps;C:\Program Files\Intel\WiFi\bin\;C:\Program Files\Common Files\Intel\WirelessCommon\;C:\Program Files\Bandizip\;C:\Users\user\AppData\Local\Programs\Microsoft VS Code\bin;C:\Users\user\AppData\Roaming\npm;C:\Program Files\JetBrains\IntelliJ IDEA 2019.2.3\bin;C:\Users\user\AppData\Local\GitHubDesktop\bin
USERNAME=20191308NSG
OS=Windows_NT
PROCESSOR_IDENTIFIER=Intel64 Family 6 Model 158 Stepping 10, GenuineIntel



---------------  S Y S T E M  ---------------

OS: Windows 10.0 , 64 bit Build 18362 (10.0.18362.329)

CPU:total 12 (initial active 12) (6 cores per cpu, 2 threads per core) family 6 model 158 stepping 10, cmov, cx8, fxsr, mmx, sse, sse2, sse3, ssse3, sse4.1, sse4.2, popcnt, avx, avx2, aes, clmul, erms, rtm, 3dnowpref, lzcnt, ht, tsc, tscinvbit, bmi1, bmi2, adx

Memory: 4k page, physical 8264744k(687112k free), swap 10214440k(3492k free)

vm_info: OpenJDK 64-Bit Server VM (25.202-b03) for windows-amd64 JRE (1.8.0_202-release-1483-b03), built by "builder" with MS VC++ 10.0 (VS2010)

time: Wed Mar 04 18:14:08 2020
timezone: 대한민국 표준시
elapsed time: 35 seconds (0d 0h 0m 35s)

