#
# There is insufficient memory for the Java Runtime Environment to continue.
# Native memory allocation (malloc) failed to allocate 488016 bytes for Chunk::new
# Possible reasons:
#   The system is out of physical RAM or swap space
#   The process is running with CompressedOops enabled, and the Java Heap may be blocking the growth of the native heap
# Possible solutions:
#   Reduce memory load on the system
#   Increase physical memory or swap space
#   Check if swap backing store is full
#   Decrease Java heap size (-Xmx/-Xms)
#   Decrease number of Java threads
#   Decrease Java thread stack sizes (-Xss)
#   Set larger code cache with -XX:ReservedCodeCacheSize=
#   JVM is running with Unscaled Compressed Oops mode in which the Java heap is
#     placed in the first 4GB address space. The Java Heap base address is the
#     maximum limit for the native heap growth. Please use -XX:HeapBaseMinAddress
#     to set the Java Heap base and to place the Java Heap above 4GB virtual address.
# This output file may be truncated or incomplete.
#
#  Out of Memory Error (allocation.cpp:389), pid=4968, tid=0x0000000000000a34
#
# JRE version: OpenJDK Runtime Environment (8.0_212-b04) (build 1.8.0_212-release-1586-b04)
# Java VM: OpenJDK 64-Bit Server VM (25.212-b04 mixed mode windows-amd64 compressed oops)
# Failed to write core dump. Minidumps are not enabled by default on client versions of Windows
#

---------------  T H R E A D  ---------------

Current thread (0x0000000018729000):  JavaThread "C2 CompilerThread2" daemon [_thread_in_native, id=2612, stack(0x0000000019e90000,0x0000000019f90000)]

Stack: [0x0000000019e90000,0x0000000019f90000]
[error occurred during error reporting (printing stack bounds), id 0xc0000005]

Native frames: (J=compiled Java code, j=interpreted, Vv=VM code, C=native code)


Current CompileTask:
C2:2510841 16604   !   4       org.gradle.internal.classloader.CachingClassLoader::loadClass (85 bytes)


---------------  P R O C E S S  ---------------

Java Threads: ( => current thread )
  0x00000000297b4000 JavaThread "WorkerExecutor Queue Thread 14" [_thread_blocked, id=2392, stack(0x000000002e7b0000,0x000000002e8b0000)]
  0x00000000297ba800 JavaThread "WorkerExecutor Queue Thread 13" [_thread_blocked, id=18124, stack(0x000000002be10000,0x000000002bf10000)]
  0x00000000297b7000 JavaThread "WorkerExecutor Queue Thread 12" [_thread_blocked, id=13608, stack(0x000000002b7b0000,0x000000002b8b0000)]
  0x00000000297b4800 JavaThread "Cache worker for Java compile cache (C:\Users\user\AndroidStudioProjects\Chapter11\.gradle\5.6.4\javaCompile)" [_thread_blocked, id=14616, stack(0x000000002a9b0000,0x000000002aab0000)]
  0x00000000297b9000 JavaThread "Cache worker for Java compile cache (C:\Users\user\.gradle\caches\5.6.4\javaCompile)" [_thread_blocked, id=15916, stack(0x000000002a8b0000,0x000000002a9b0000)]
  0x000000001c2a2000 JavaThread "stdout" [_thread_in_native, id=12128, stack(0x000000002c090000,0x000000002c190000)]
  0x000000001c2a0800 JavaThread "stderr" [_thread_in_native, id=2872, stack(0x000000002bf90000,0x000000002c090000)]
  0x000000001c29f800 JavaThread "stdout" [_thread_in_native, id=18436, stack(0x000000002bd10000,0x000000002be10000)]
  0x000000001c2a1000 JavaThread "stderr" [_thread_in_native, id=12220, stack(0x000000002bc10000,0x000000002bd10000)]
  0x000000001c29e000 JavaThread "stdout" [_thread_in_native, id=18604, stack(0x000000002bb10000,0x000000002bc10000)]
  0x000000001c29d800 JavaThread "stderr" [_thread_in_native, id=13532, stack(0x000000002b6b0000,0x000000002b7b0000)]
  0x000000001c29f000 JavaThread "stdout" [_thread_in_native, id=17720, stack(0x000000002ba10000,0x000000002bb10000)]
  0x000000001c296800 JavaThread "stderr" [_thread_in_native, id=18444, stack(0x000000002b910000,0x000000002ba10000)]
  0x000000001c298000 JavaThread "stdout" [_thread_in_native, id=4644, stack(0x000000002b3b0000,0x000000002b4b0000)]
  0x000000001c29c800 JavaThread "stderr" [_thread_in_native, id=16552, stack(0x000000002b2b0000,0x000000002b3b0000)]
  0x000000001c29c000 JavaThread "stdout" [_thread_in_native, id=10912, stack(0x000000002b1b0000,0x000000002b2b0000)]
  0x000000001c294800 JavaThread "stderr" [_thread_in_native, id=7208, stack(0x000000002b0b0000,0x000000002b1b0000)]
  0x000000001c29b000 JavaThread "stdout" [_thread_in_native, id=1160, stack(0x000000002afb0000,0x000000002b0b0000)]
  0x000000001c293800 JavaThread "stderr" [_thread_in_native, id=5560, stack(0x000000002aeb0000,0x000000002afb0000)]
  0x000000001c295000 JavaThread "stdout" [_thread_in_native, id=6040, stack(0x000000002adb0000,0x000000002aeb0000)]
  0x000000001c296000 JavaThread "stderr" [_thread_in_native, id=17252, stack(0x000000002acb0000,0x000000002adb0000)]
  0x000000001c29a800 JavaThread "pool-15-thread-1" [_thread_blocked, id=10072, stack(0x000000002abb0000,0x000000002acb0000)]
  0x000000001c293000 JavaThread "WorkerExecutor Queue Thread 11" [_thread_in_native, id=1012, stack(0x000000002aab0000,0x000000002abb0000)]
  0x0000000025c12000 JavaThread "MarlinRenderer Disposer" daemon [_thread_blocked, id=19468, stack(0x000000002a7b0000,0x000000002a8b0000)]
  0x0000000025c11800 JavaThread "Java2D Disposer" daemon [_thread_blocked, id=14848, stack(0x000000002a650000,0x000000002a750000)]
  0x0000000025c0d800 JavaThread "WorkerExecutor Queue Thread 8" [_thread_blocked, id=3924, stack(0x0000000029040000,0x0000000029140000)]
  0x0000000025c09000 JavaThread "WorkerExecutor Queue Thread 7" [_thread_blocked, id=12996, stack(0x0000000028f40000,0x0000000029040000)]
  0x0000000025c0e800 JavaThread "WorkerExecutor Queue Thread 6" [_thread_blocked, id=11656, stack(0x0000000028e40000,0x0000000028f40000)]
  0x0000000025c10000 JavaThread "WorkerExecutor Queue Thread 5" [_thread_blocked, id=19792, stack(0x0000000028d40000,0x0000000028e40000)]
  0x0000000025c0d000 JavaThread "WorkerExecutor Queue Thread 4" [_thread_blocked, id=13456, stack(0x0000000028930000,0x0000000028a30000)]
  0x0000000025c0f000 JavaThread "WorkerExecutor Queue Thread 3" [_thread_blocked, id=1260, stack(0x0000000028830000,0x0000000028930000)]
  0x0000000025c05800 JavaThread "WorkerExecutor Queue Thread 2" [_thread_blocked, id=13736, stack(0x0000000028730000,0x0000000028830000)]
  0x0000000025c07800 JavaThread "WorkerExecutor Queue" [_thread_blocked, id=3948, stack(0x0000000028c40000,0x0000000028d40000)]
  0x0000000025c0a800 JavaThread "Cache worker for execution history cache (C:\Users\user\AndroidStudioProjects\Chapter11\.gradle\5.6.4\executionHistory)" [_thread_blocked, id=12160, stack(0x0000000028630000,0x0000000028730000)]
  0x0000000025c03000 JavaThread "Execution worker for ':' Thread 11" [_thread_blocked, id=20332, stack(0x0000000028530000,0x0000000028630000)]
  0x0000000025c08800 JavaThread "Execution worker for ':' Thread 10" [_thread_blocked, id=5780, stack(0x0000000028430000,0x0000000028530000)]
  0x0000000025c04000 JavaThread "Execution worker for ':' Thread 9" [_thread_blocked, id=13600, stack(0x0000000028330000,0x0000000028430000)]
  0x0000000025c04800 JavaThread "Execution worker for ':' Thread 8" [_thread_blocked, id=5280, stack(0x0000000028230000,0x0000000028330000)]
  0x0000000025c06000 JavaThread "Execution worker for ':' Thread 7" [_thread_blocked, id=8100, stack(0x0000000028130000,0x0000000028230000)]
  0x0000000025c07000 JavaThread "Execution worker for ':' Thread 6" [_thread_blocked, id=17348, stack(0x0000000028030000,0x0000000028130000)]
  0x000000001bc4f800 JavaThread "Execution worker for ':' Thread 5" [_thread_blocked, id=12776, stack(0x0000000027f30000,0x0000000028030000)]
  0x000000001bc50000 JavaThread "Execution worker for ':' Thread 4" [_thread_blocked, id=18004, stack(0x0000000027e30000,0x0000000027f30000)]
  0x000000001bc4c800 JavaThread "Execution worker for ':' Thread 3" [_thread_blocked, id=20328, stack(0x0000000027d30000,0x0000000027e30000)]
  0x000000001e34a000 JavaThread "Execution worker for ':' Thread 2" [_thread_blocked, id=2268, stack(0x0000000027c30000,0x0000000027d30000)]
  0x000000001e348800 JavaThread "Execution worker for ':'" [_thread_blocked, id=2064, stack(0x0000000026860000,0x0000000026960000)]
  0x000000001e348000 JavaThread "Cache worker for file content cache (C:\Users\user\AndroidStudioProjects\Chapter11\.gradle\5.6.4\fileContent)" [_thread_blocked, id=15096, stack(0x00000000263b0000,0x00000000264b0000)]
  0x000000001e349800 JavaThread "Cache worker for file content cache (C:\Users\user\.gradle\caches\5.6.4\fileContent)" [_thread_blocked, id=7000, stack(0x00000000248e0000,0x00000000249e0000)]
  0x000000001e347000 JavaThread "Cache worker for Build Output Cleanup Cache (C:\Users\user\AndroidStudioProjects\Chapter11\.gradle\buildOutputCleanup)" [_thread_blocked, id=4288, stack(0x00000000241e0000,0x00000000242e0000)]
  0x000000001e33f000 JavaThread "Build operations Thread 12" [_thread_blocked, id=6820, stack(0x00000000240e0000,0x00000000241e0000)]
  0x000000001e345800 JavaThread "Build operations Thread 11" [_thread_blocked, id=14828, stack(0x0000000023fe0000,0x00000000240e0000)]
  0x000000001e33e000 JavaThread "Build operations Thread 10" [_thread_blocked, id=6824, stack(0x0000000023ee0000,0x0000000023fe0000)]
  0x000000001e345000 JavaThread "Build operations Thread 9" [_thread_blocked, id=892, stack(0x0000000023de0000,0x0000000023ee0000)]
  0x000000001e33d800 JavaThread "Build operations Thread 8" [_thread_blocked, id=10204, stack(0x0000000023ce0000,0x0000000023de0000)]
  0x000000001e344000 JavaThread "Build operations Thread 7" [_thread_blocked, id=7816, stack(0x0000000023be0000,0x0000000023ce0000)]
  0x000000001e33c800 JavaThread "Build operations Thread 6" [_thread_blocked, id=18792, stack(0x00000000228e0000,0x00000000229e0000)]
  0x000000001e33f800 JavaThread "Build operations Thread 5" [_thread_blocked, id=19404, stack(0x00000000227e0000,0x00000000228e0000)]
  0x000000001e342000 JavaThread "Build operations Thread 4" [_thread_blocked, id=8368, stack(0x00000000226e0000,0x00000000227e0000)]
  0x000000001e340800 JavaThread "Build operations Thread 3" [_thread_blocked, id=13792, stack(0x0000000021ae0000,0x0000000021be0000)]
  0x000000001e343800 JavaThread "Build operations Thread 2" [_thread_blocked, id=9324, stack(0x00000000219e0000,0x0000000021ae0000)]
  0x000000001ee59800 JavaThread "Build operations" [_thread_blocked, id=14748, stack(0x00000000204b0000,0x00000000205b0000)]
  0x000000001ee56800 JavaThread "Cache worker for cache directory md-rule (C:\Users\user\.gradle\caches\5.6.4\md-rule)" [_thread_blocked, id=13396, stack(0x000000001d910000,0x000000001da10000)]
  0x000000001ee59000 JavaThread "Cache worker for cache directory md-supplier (C:\Users\user\.gradle\caches\5.6.4\md-supplier)" [_thread_blocked, id=12068, stack(0x000000001d810000,0x000000001d910000)]
  0x000000001ee54800 JavaThread "Cache worker for file hash cache (C:\Users\user\AndroidStudioProjects\Chapter11\.gradle\5.6.4\fileHashes)" [_thread_blocked, id=17620, stack(0x000000001d710000,0x000000001d810000)]
  0x000000001ee57800 JavaThread "Thread-78" [_thread_blocked, id=20356, stack(0x000000001d610000,0x000000001d710000)]
  0x000000001ee56000 JavaThread "Stdin handler" [_thread_blocked, id=1736, stack(0x000000001d410000,0x000000001d510000)]
  0x000000001ee4d000 JavaThread "Asynchronous log dispatcher for DefaultDaemonConnection: socket connection from /127.0.0.1:2738 to /127.0.0.1:3419" [_thread_blocked, id=16136, stack(0x000000001d110000,0x000000001d210000)]
  0x000000001ee53800 JavaThread "Daemon worker Thread 3" [_thread_blocked, id=9616, stack(0x000000001d010000,0x000000001d110000)]
  0x000000001ee4c000 JavaThread "Cancel handler" [_thread_blocked, id=5516, stack(0x0000000001000000,0x0000000001100000)]
  0x000000001ee53000 JavaThread "Handler for socket connection from /127.0.0.1:2738 to /127.0.0.1:3419" [_thread_in_native, id=1192, stack(0x0000000000f00000,0x0000000001000000)]
  0x000000001ee4b800 JavaThread "Daemon Thread 3" [_thread_blocked, id=8064, stack(0x0000000000e00000,0x0000000000f00000)]
  0x000000001ee50800 JavaThread "Memory manager" [_thread_blocked, id=15856, stack(0x0000000026760000,0x0000000026860000)]
  0x000000001e33c000 JavaThread "Cache worker for execution history cache (C:\Users\user\.gradle\caches\5.6.4\executionHistory)" [_thread_blocked, id=6844, stack(0x0000000021be0000,0x0000000021ce0000)]
  0x000000001bc51800 JavaThread "Cache worker for journal cache (C:\Users\user\.gradle\caches\journal-1)" [_thread_blocked, id=19524, stack(0x000000001de10000,0x000000001df10000)]
  0x000000001bc4e800 JavaThread "File lock request listener" [_thread_in_native, id=2608, stack(0x000000001dd10000,0x000000001de10000)]
  0x000000001bc51000 JavaThread "Cache worker for file hash cache (C:\Users\user\.gradle\caches\5.6.4\fileHashes)" [_thread_blocked, id=9692, stack(0x000000001dc10000,0x000000001dd10000)]
  0x000000001bc7b800 JavaThread "Daemon periodic checks" [_thread_blocked, id=17876, stack(0x000000001cf10000,0x000000001d010000)]
  0x000000001bc7b000 JavaThread "Incoming local TCP Connector on port 2738" [_thread_in_native, id=13576, stack(0x000000001cd30000,0x000000001ce30000)]
  0x000000001a341800 JavaThread "Daemon health stats" [_thread_blocked, id=15636, stack(0x000000001ca30000,0x000000001cb30000)]
  0x00000000187a4800 JavaThread "Service Thread" daemon [_thread_blocked, id=17564, stack(0x000000001a090000,0x000000001a190000)]
  0x0000000018729800 JavaThread "C1 CompilerThread3" daemon [_thread_in_native, id=18440, stack(0x0000000019f90000,0x000000001a090000)]
=>0x0000000018729000 JavaThread "C2 CompilerThread2" daemon [_thread_in_native, id=2612, stack(0x0000000019e90000,0x0000000019f90000)]
  0x0000000018723000 JavaThread "C2 CompilerThread1" daemon [_thread_blocked, id=6168, stack(0x0000000019d90000,0x0000000019e90000)]
  0x0000000018713000 JavaThread "C2 CompilerThread0" daemon [_thread_in_native, id=19480, stack(0x0000000019c90000,0x0000000019d90000)]
  0x00000000186bd000 JavaThread "Attach Listener" daemon [_thread_blocked, id=19956, stack(0x0000000019b90000,0x0000000019c90000)]
  0x00000000186bb800 JavaThread "Signal Dispatcher" daemon [_thread_blocked, id=17644, stack(0x0000000019a90000,0x0000000019b90000)]
  0x000000000300a800 JavaThread "Finalizer" daemon [_thread_blocked, id=4988, stack(0x0000000019900000,0x0000000019a00000)]
  0x00000000186a3000 JavaThread "Reference Handler" daemon [_thread_blocked, id=3540, stack(0x0000000019800000,0x0000000019900000)]
  0x0000000002f0e800 JavaThread "main" [_thread_blocked, id=5776, stack(0x0000000002da0000,0x0000000002ea0000)]

Other Threads:
  0x0000000016fc6000 VMThread [stack: 0x0000000019700000,0x0000000019800000] [id=19892]
  0x00000000187a5800 WatcherThread [stack: 0x000000001a190000,0x000000001a290000] [id=4516]

VM state:not at safepoint (normal execution)

VM Mutex/Monitor currently owned by a thread:  ([mutex/lock_event])
[0x0000000002f0da70] CompiledIC_lock - owner thread: 0x0000000018729800

heap address: 0x00000000a0000000, size: 1536 MB, Compressed Oops mode: 32-bit
Narrow klass base: 0x0000000000000000, Narrow klass shift: 3
Compressed class space size: 1073741824 Address: 0x0000000100000000

Heap:
 PSYoungGen      total 219648K, used 8123K [0x00000000e0000000, 0x00000000f2100000, 0x0000000100000000)
  eden space 202752K, 4% used [0x00000000e0000000,0x00000000e07eeeb0,0x00000000ec600000)
  from space 16896K, 0% used [0x00000000f1080000,0x00000000f1080000,0x00000000f2100000)
  to   space 27648K, 0% used [0x00000000eeb00000,0x00000000eeb00000,0x00000000f0600000)
 ParOldGen       total 137728K, used 52420K [0x00000000a0000000, 0x00000000a8680000, 0x00000000e0000000)
  object space 137728K, 38% used [0x00000000a0000000,0x00000000a3331380,0x00000000a8680000)
 Metaspace       used 91352K, capacity 95378K, committed 99112K, reserved 1134592K
  class space    used 11760K, capacity 12583K, committed 13440K, reserved 1048576K

Card table byte_map: [0x00000000123d0000,0x00000000126e0000] byte_map_base: 0x0000000011ed0000

Marking Bits: (ParMarkBitMap*) 0x00000000650b9f30
 Begin Bits: [0x00000000132e0000, 0x0000000014ae0000)
 End Bits:   [0x0000000014ae0000, 0x00000000162e0000)

Polling page: 0x0000000000cc0000

CodeCache: size=245760Kb used=46812Kb max_used=47228Kb free=198947Kb
 bounds [0x0000000003010000, 0x0000000005e80000, 0x0000000012010000]
 total_blobs=14878 nmethods=13877 adapters=912
 compilation: enabled

Compilation events (10 events):
Event: 2510.797 Thread 0x0000000018713000 16606       4       com.google.common.collect.MapMakerInternalMap::get (23 bytes)
Event: 2510.804 Thread 0x0000000018713000 nmethod 16606 0x0000000004aeb6d0 code [0x0000000004aeb880, 0x0000000004aebed8]
Event: 2510.806 Thread 0x0000000018723000 nmethod 16605 0x000000000596eb10 code [0x000000000596eca0, 0x000000000596f0a8]
Event: 2510.813 Thread 0x0000000018729800 16607       3       com.android.tools.r8.B.a.a.f::f (26 bytes)
Event: 2510.814 Thread 0x0000000018729800 nmethod 16607 0x0000000004aeb290 code [0x0000000004aeb3e0, 0x0000000004aeb590]
Event: 2510.819 Thread 0x0000000018729800 16608       3       com.android.tools.r8.B.a.a.f::c (52 bytes)
Event: 2510.819 Thread 0x0000000018729800 nmethod 16608 0x00000000035281d0 code [0x0000000003528340, 0x0000000003528550]
Event: 2510.829 Thread 0x0000000018729800 16609       3       com.android.tools.r8.utils.O::e (64 bytes)
Event: 2510.830 Thread 0x0000000018729800 nmethod 16609 0x00000000034d5f50 code [0x00000000034d60c0, 0x00000000034d6410]
Event: 2510.831 Thread 0x0000000018713000 16610   !   4       org.gradle.internal.classloader.FilteringClassLoader::loadClass (62 bytes)

GC Heap History (10 events):
Event: 263.002 GC heap before
{Heap before GC invocations=18 (full 3):
 PSYoungGen      total 245248K, used 241118K [0x00000000e0000000, 0x00000000f0580000, 0x0000000100000000)
  eden space 225280K, 100% used [0x00000000e0000000,0x00000000edc00000,0x00000000edc00000)
  from space 19968K, 79% used [0x00000000ef080000,0x00000000efff7aa8,0x00000000f0400000)
  to   space 20992K, 0% used [0x00000000edc00000,0x00000000edc00000,0x00000000ef080000)
 ParOldGen       total 137728K, used 53411K [0x00000000a0000000, 0x00000000a8680000, 0x00000000e0000000)
  object space 137728K, 38% used [0x00000000a0000000,0x00000000a3428f90,0x00000000a8680000)
 Metaspace       used 77357K, capacity 82766K, committed 82816K, reserved 1120256K
  class space    used 10277K, capacity 11361K, committed 11392K, reserved 1048576K
Event: 263.029 GC heap after
Heap after GC invocations=18 (full 3):
 PSYoungGen      total 246272K, used 20977K [0x00000000e0000000, 0x00000000f3980000, 0x0000000100000000)
  eden space 225280K, 0% used [0x00000000e0000000,0x00000000e0000000,0x00000000edc00000)
  from space 20992K, 99% used [0x00000000edc00000,0x00000000ef07c4e0,0x00000000ef080000)
  to   space 25600K, 0% used [0x00000000f2080000,0x00000000f2080000,0x00000000f3980000)
 ParOldGen       total 137728K, used 57765K [0x00000000a0000000, 0x00000000a8680000, 0x00000000e0000000)
  object space 137728K, 41% used [0x00000000a0000000,0x00000000a38697a8,0x00000000a8680000)
 Metaspace       used 77357K, capacity 82766K, committed 82816K, reserved 1120256K
  class space    used 10277K, capacity 11361K, committed 11392K, reserved 1048576K
}
Event: 2500.116 GC heap before
{Heap before GC invocations=19 (full 3):
 PSYoungGen      total 246272K, used 246257K [0x00000000e0000000, 0x00000000f3980000, 0x0000000100000000)
  eden space 225280K, 100% used [0x00000000e0000000,0x00000000edc00000,0x00000000edc00000)
  from space 20992K, 99% used [0x00000000edc00000,0x00000000ef07c4e0,0x00000000ef080000)
  to   space 25600K, 0% used [0x00000000f2080000,0x00000000f2080000,0x00000000f3980000)
 ParOldGen       total 137728K, used 57765K [0x00000000a0000000, 0x00000000a8680000, 0x00000000e0000000)
  object space 137728K, 41% used [0x00000000a0000000,0x00000000a38697a8,0x00000000a8680000)
 Metaspace       used 80525K, capacity 86532K, committed 86784K, reserved 1124352K
  class space    used 10677K, capacity 11922K, committed 12032K, reserved 1048576K
Event: 2500.147 GC heap after
Heap after GC invocations=19 (full 3):
 PSYoungGen      total 229888K, used 11971K [0x00000000e0000000, 0x00000000f2c80000, 0x0000000100000000)
  eden space 217600K, 0% used [0x00000000e0000000,0x00000000e0000000,0x00000000ed480000)
  from space 12288K, 97% used [0x00000000f2080000,0x00000000f2c30f70,0x00000000f2c80000)
  to   space 24064K, 0% used [0x00000000efd80000,0x00000000efd80000,0x00000000f1500000)
 ParOldGen       total 137728K, used 78104K [0x00000000a0000000, 0x00000000a8680000, 0x00000000e0000000)
  object space 137728K, 56% used [0x00000000a0000000,0x00000000a4c460c8,0x00000000a8680000)
 Metaspace       used 80525K, capacity 86532K, committed 86784K, reserved 1124352K
  class space    used 10677K, capacity 11922K, committed 12032K, reserved 1048576K
}
Event: 2507.563 GC heap before
{Heap before GC invocations=20 (full 3):
 PSYoungGen      total 229888K, used 229571K [0x00000000e0000000, 0x00000000f2c80000, 0x0000000100000000)
  eden space 217600K, 100% used [0x00000000e0000000,0x00000000ed480000,0x00000000ed480000)
  from space 12288K, 97% used [0x00000000f2080000,0x00000000f2c30f70,0x00000000f2c80000)
  to   space 24064K, 0% used [0x00000000efd80000,0x00000000efd80000,0x00000000f1500000)
 ParOldGen       total 137728K, used 78104K [0x00000000a0000000, 0x00000000a8680000, 0x00000000e0000000)
  object space 137728K, 56% used [0x00000000a0000000,0x00000000a4c460c8,0x00000000a8680000)
 Metaspace       used 85686K, capacity 91840K, committed 92160K, reserved 1128448K
  class space    used 11201K, capacity 12448K, committed 12544K, reserved 1048576K
Event: 2507.584 GC heap after
Heap after GC invocations=20 (full 3):
 PSYoungGen      total 229376K, used 19137K [0x00000000e0000000, 0x00000000f2100000, 0x0000000100000000)
  eden space 209920K, 0% used [0x00000000e0000000,0x00000000e0000000,0x00000000ecd00000)
  from space 19456K, 98% used [0x00000000efd80000,0x00000000f10305f8,0x00000000f1080000)
  to   space 16896K, 0% used [0x00000000f1080000,0x00000000f1080000,0x00000000f2100000)
 ParOldGen       total 137728K, used 78112K [0x00000000a0000000, 0x00000000a8680000, 0x00000000e0000000)
  object space 137728K, 56% used [0x00000000a0000000,0x00000000a4c480c8,0x00000000a8680000)
 Metaspace       used 85686K, capacity 91840K, committed 92160K, reserved 1128448K
  class space    used 11201K, capacity 12448K, committed 12544K, reserved 1048576K
}
Event: 2509.239 GC heap before
{Heap before GC invocations=21 (full 3):
 PSYoungGen      total 229376K, used 174845K [0x00000000e0000000, 0x00000000f2100000, 0x0000000100000000)
  eden space 209920K, 74% used [0x00000000e0000000,0x00000000e980f1e8,0x00000000ecd00000)
  from space 19456K, 98% used [0x00000000efd80000,0x00000000f10305f8,0x00000000f1080000)
  to   space 16896K, 0% used [0x00000000f1080000,0x00000000f1080000,0x00000000f2100000)
 ParOldGen       total 137728K, used 78112K [0x00000000a0000000, 0x00000000a8680000, 0x00000000e0000000)
  object space 137728K, 56% used [0x00000000a0000000,0x00000000a4c480c8,0x00000000a8680000)
 Metaspace       used 92199K, capacity 98544K, committed 98600K, reserved 1134592K
  class space    used 12066K, capacity 13386K, committed 13440K, reserved 1048576K
Event: 2509.270 GC heap after
Heap after GC invocations=21 (full 3):
 PSYoungGen      total 219648K, used 16881K [0x00000000e0000000, 0x00000000f2100000, 0x0000000100000000)
  eden space 202752K, 0% used [0x00000000e0000000,0x00000000e0000000,0x00000000ec600000)
  from space 16896K, 99% used [0x00000000f1080000,0x00000000f20fc418,0x00000000f2100000)
  to   space 27648K, 0% used [0x00000000eeb00000,0x00000000eeb00000,0x00000000f0600000)
 ParOldGen       total 137728K, used 83555K [0x00000000a0000000, 0x00000000a8680000, 0x00000000e0000000)
  object space 137728K, 60% used [0x00000000a0000000,0x00000000a5198d80,0x00000000a8680000)
 Metaspace       used 92199K, capacity 98544K, committed 98600K, reserved 1134592K
  class space    used 12066K, capacity 13386K, committed 13440K, reserved 1048576K
}
Event: 2509.270 GC heap before
{Heap before GC invocations=22 (full 4):
 PSYoungGen      total 219648K, used 16881K [0x00000000e0000000, 0x00000000f2100000, 0x0000000100000000)
  eden space 202752K, 0% used [0x00000000e0000000,0x00000000e0000000,0x00000000ec600000)
  from space 16896K, 99% used [0x00000000f1080000,0x00000000f20fc418,0x00000000f2100000)
  to   space 27648K, 0% used [0x00000000eeb00000,0x00000000eeb00000,0x00000000f0600000)
 ParOldGen       total 137728K, used 83555K [0x00000000a0000000, 0x00000000a8680000, 0x00000000e0000000)
  object space 137728K, 60% used [0x00000000a0000000,0x00000000a5198d80,0x00000000a8680000)
 Metaspace       used 92199K, capacity 98544K, committed 98600K, reserved 1134592K
  class space    used 12066K, capacity 13386K, committed 13440K, reserved 1048576K
Event: 2510.675 GC heap after
Heap after GC invocations=22 (full 4):
 PSYoungGen      total 219648K, used 0K [0x00000000e0000000, 0x00000000f2100000, 0x0000000100000000)
  eden space 202752K, 0% used [0x00000000e0000000,0x00000000e0000000,0x00000000ec600000)
  from space 16896K, 0% used [0x00000000f1080000,0x00000000f1080000,0x00000000f2100000)
  to   space 27648K, 0% used [0x00000000eeb00000,0x00000000eeb00000,0x00000000f0600000)
 ParOldGen       total 137728K, used 52420K [0x00000000a0000000, 0x00000000a8680000, 0x00000000e0000000)
  object space 137728K, 38% used [0x00000000a0000000,0x00000000a3331380,0x00000000a8680000)
 Metaspace       used 90042K, capacity 93602K, committed 98600K, reserved 1134592K
  class space    used 11527K, capacity 12297K, committed 13440K, reserved 1048576K
}

Deoptimization events (10 events):
Event: 2509.135 Thread 0x0000000025c07800 Uncommon trap: reason=bimorphic action=maybe_recompile pc=0x000000000492fc80 method=java.util.function.Predicate.lambda$and$0(Ljava/util/function/Predicate;Ljava/lang/Object;)Z @ 2
Event: 2509.136 Thread 0x0000000025c09000 Uncommon trap: reason=unstable_if action=reinterpret pc=0x0000000005ad5d64 method=java.nio.file.FileTreeWalker.visit(Ljava/nio/file/Path;ZZ)Ljava/nio/file/FileTreeWalker$Event; @ 84
Event: 2509.136 Thread 0x0000000025c0d800 Uncommon trap: reason=unstable_if action=reinterpret pc=0x0000000005ad5d64 method=java.nio.file.FileTreeWalker.visit(Ljava/nio/file/Path;ZZ)Ljava/nio/file/FileTreeWalker$Event; @ 84
Event: 2509.136 Thread 0x0000000025c0d000 Uncommon trap: reason=unstable_if action=reinterpret pc=0x0000000005ad5d64 method=java.nio.file.FileTreeWalker.visit(Ljava/nio/file/Path;ZZ)Ljava/nio/file/FileTreeWalker$Event; @ 84
Event: 2509.136 Thread 0x00000000297b7000 Uncommon trap: reason=unstable_if action=reinterpret pc=0x0000000005ad5d64 method=java.nio.file.FileTreeWalker.visit(Ljava/nio/file/Path;ZZ)Ljava/nio/file/FileTreeWalker$Event; @ 84
Event: 2509.136 Thread 0x00000000297ba800 Uncommon trap: reason=unstable_if action=reinterpret pc=0x0000000005ad5d64 method=java.nio.file.FileTreeWalker.visit(Ljava/nio/file/Path;ZZ)Ljava/nio/file/FileTreeWalker$Event; @ 84
Event: 2509.136 Thread 0x00000000297b4000 Uncommon trap: reason=unstable_if action=reinterpret pc=0x0000000005ad5d64 method=java.nio.file.FileTreeWalker.visit(Ljava/nio/file/Path;ZZ)Ljava/nio/file/FileTreeWalker$Event; @ 84
Event: 2509.185 Thread 0x0000000025c10000 Uncommon trap: reason=unstable_if action=reinterpret pc=0x00000000054adad0 method=sun.invoke.util.BytecodeDescriptor.unparseSig(Ljava/lang/Class;Ljava/lang/StringBuilder;)V @ 27
Event: 2509.185 Thread 0x000000001c293000 Uncommon trap: reason=unstable_if action=reinterpret pc=0x00000000054adad0 method=sun.invoke.util.BytecodeDescriptor.unparseSig(Ljava/lang/Class;Ljava/lang/StringBuilder;)V @ 27
Event: 2510.796 Thread 0x0000000025c0e800 Uncommon trap: reason=unstable_if action=reinterpret pc=0x0000000004b551a0 method=java.nio.Bits.putInt(Ljava/nio/ByteBuffer;IIZ)V @ 1

Classes redefined (0 events):
No events

Internal exceptions (10 events):
Event: 2508.219 Thread 0x0000000025c04000 Implicit null exception at 0x0000000005790855 to 0x0000000005791161
Event: 2509.000 Thread 0x000000001ee57800 Implicit null exception at 0x0000000004e2259d to 0x0000000004e22915
Event: 2509.000 Thread 0x000000001ee57800 Implicit null exception at 0x00000000036f13d1 to 0x00000000036f14d1
Event: 2509.001 Thread 0x000000001ee57800 Exception <a 'java/lang/NoSuchMethodError': <clinit>> (0x00000000e0132108) thrown at [D:\src\AOSP-openjdk-cygwin\jdk8u\hotspot\src\share\vm\prims\jni.cpp, line 1614]
Event: 2509.011 Thread 0x000000001ee57800 Exception <a 'java/lang/NoSuchMethodError': <clinit>> (0x00000000e858def0) thrown at [D:\src\AOSP-openjdk-cygwin\jdk8u\hotspot\src\share\vm\prims\jni.cpp, line 1614]
Event: 2509.096 Thread 0x000000001e34a000 Exception <a 'sun/nio/fs/WindowsException'> (0x00000000e8ba1d28) thrown at [D:\src\AOSP-openjdk-cygwin\jdk8u\hotspot\src\share\vm\prims\jni.cpp, line 710]
Event: 2509.117 Thread 0x000000001e34a000 Exception <a 'java/lang/NoSuchMethodError': <clinit>> (0x00000000e8c7bed8) thrown at [D:\src\AOSP-openjdk-cygwin\jdk8u\hotspot\src\share\vm\prims\jni.cpp, line 1614]
Event: 2509.118 Thread 0x000000001e34a000 Exception <a 'java/lang/NoSuchMethodError': <clinit>> (0x00000000e8c90a18) thrown at [D:\src\AOSP-openjdk-cygwin\jdk8u\hotspot\src\share\vm\prims\jni.cpp, line 1614]
Event: 2509.134 Thread 0x0000000025c09000 Exception <a 'java/lang/NoSuchMethodError': java.lang.Object.lambda$static$0(Ljava/lang/String;)Z> (0x00000000e8f52078) thrown at [D:\src\AOSP-openjdk-cygwin\jdk8u\hotspot\src\share\vm\interpreter\linkResolver.cpp, line 620]
Event: 2509.192 Thread 0x00000000297ba800 Exception <a 'sun/nio/fs/WindowsException'> (0x00000000e94d9a28) thrown at [D:\src\AOSP-openjdk-cygwin\jdk8u\hotspot\src\share\vm\prims\jni.cpp, line 710]

Events (10 events):
Event: 2510.833 loading class com/android/tools/r8/ir/optimize/info/k
Event: 2510.833 loading class com/android/tools/r8/ir/optimize/info/k done
Event: 2510.833 loading class com/android/tools/r8/u/b/v
Event: 2510.833 loading class com/android/tools/r8/u/b/v done
Event: 2510.833 loading class com/android/tools/r8/u/b/z
Event: 2510.833 loading class com/android/tools/r8/u/b/z done
Event: 2510.833 loading class com/android/tools/r8/u/b/y
Event: 2510.833 loading class com/android/tools/r8/u/b/y done
Event: 2510.834 loading class com/android/tools/r8/graph/DexValue$v
Event: 2510.834 loading class com/android/tools/r8/graph/DexValue$v done


Dynamic libraries:
0x00007ff7526a0000 - 0x00007ff7526d1000 	C:\Program Files\Android\Android Studio\jre\bin\java.exe
0x00007ffa64340000 - 0x00007ffa64530000 	C:\WINDOWS\SYSTEM32\ntdll.dll
0x00007ffa63b50000 - 0x00007ffa63c02000 	C:\WINDOWS\System32\KERNEL32.DLL
0x00007ffa61860000 - 0x00007ffa61b04000 	C:\WINDOWS\System32\KERNELBASE.dll
0x00007ffa17d00000 - 0x00007ffa17e1d000 	C:\WINDOWS\System32\AppCheck64.dll
0x00007ffa630d0000 - 0x00007ffa63173000 	C:\WINDOWS\System32\ADVAPI32.dll
0x00007ffa62ba0000 - 0x00007ffa62c3e000 	C:\WINDOWS\System32\msvcrt.dll
0x00007ffa63020000 - 0x00007ffa630b7000 	C:\WINDOWS\System32\sechost.dll
0x00007ffa62f00000 - 0x00007ffa63020000 	C:\WINDOWS\System32\RPCRT4.dll
0x00007ffa639b0000 - 0x00007ffa63b44000 	C:\WINDOWS\System32\USER32.dll
0x00007ffa62370000 - 0x00007ffa62391000 	C:\WINDOWS\System32\win32u.dll
0x00007ffa62ed0000 - 0x00007ffa62ef6000 	C:\WINDOWS\System32\GDI32.dll
0x00007ffa61620000 - 0x00007ffa617b4000 	C:\WINDOWS\System32\gdi32full.dll
0x00007ffa617c0000 - 0x00007ffa6185e000 	C:\WINDOWS\System32\msvcp_win.dll
0x00007ffa59e50000 - 0x00007ffa59e5a000 	C:\WINDOWS\SYSTEM32\VERSION.dll
0x00007ffa61470000 - 0x00007ffa6156a000 	C:\WINDOWS\System32\ucrtbase.dll
0x00007ffa4fa20000 - 0x00007ffa4fca4000 	C:\WINDOWS\WinSxS\amd64_microsoft.windows.common-controls_6595b64144ccf1df_6.0.18362.836_none_e6c4b943130f18ed\COMCTL32.dll
0x00007ffa62840000 - 0x00007ffa62b76000 	C:\WINDOWS\System32\combase.dll
0x00007ffa622f0000 - 0x00007ffa62370000 	C:\WINDOWS\System32\bcryptPrimitives.dll
0x00007ffa64190000 - 0x00007ffa641be000 	C:\WINDOWS\System32\IMM32.DLL
0x0000000064810000 - 0x00000000648e2000 	C:\Program Files\Android\Android Studio\jre\jre\bin\msvcr100.dll
0x00000000648f0000 - 0x0000000065136000 	C:\Program Files\Android\Android Studio\jre\jre\bin\server\jvm.dll
0x00007ffa630c0000 - 0x00007ffa630c8000 	C:\WINDOWS\System32\PSAPI.DLL
0x00007ffa5ef70000 - 0x00007ffa5ef94000 	C:\WINDOWS\SYSTEM32\WINMM.dll
0x00007ffa48920000 - 0x00007ffa48929000 	C:\WINDOWS\SYSTEM32\WSOCK32.dll
0x00007ffa62cb0000 - 0x00007ffa62d1f000 	C:\WINDOWS\System32\WS2_32.dll
0x00007ffa5eaf0000 - 0x00007ffa5eb1d000 	C:\WINDOWS\SYSTEM32\winmmbase.dll
0x00007ffa623a0000 - 0x00007ffa623ea000 	C:\WINDOWS\System32\cfgmgr32.dll
0x00007ffa5d840000 - 0x00007ffa5d84f000 	C:\Program Files\Android\Android Studio\jre\jre\bin\verify.dll
0x00007ffa5d810000 - 0x00007ffa5d839000 	C:\Program Files\Android\Android Studio\jre\jre\bin\java.dll
0x00007ffa5d7c0000 - 0x00007ffa5d7d6000 	C:\Program Files\Android\Android Studio\jre\jre\bin\zip.dll
0x00007ffa63180000 - 0x00007ffa63864000 	C:\WINDOWS\System32\SHELL32.dll
0x00007ffa640e0000 - 0x00007ffa64189000 	C:\WINDOWS\System32\shcore.dll
0x00007ffa61b70000 - 0x00007ffa622ee000 	C:\WINDOWS\System32\windows.storage.dll
0x00007ffa61210000 - 0x00007ffa61233000 	C:\WINDOWS\System32\profapi.dll
0x00007ffa61260000 - 0x00007ffa612aa000 	C:\WINDOWS\System32\powrprof.dll
0x00007ffa61200000 - 0x00007ffa61210000 	C:\WINDOWS\System32\UMPDC.dll
0x00007ffa62530000 - 0x00007ffa62582000 	C:\WINDOWS\System32\shlwapi.dll
0x00007ffa61240000 - 0x00007ffa61251000 	C:\WINDOWS\System32\kernel.appcore.dll
0x00007ffa61450000 - 0x00007ffa61467000 	C:\WINDOWS\System32\cryptsp.dll
0x00007ffa5d790000 - 0x00007ffa5d7aa000 	C:\Program Files\Android\Android Studio\jre\jre\bin\net.dll
0x00007ffa52a10000 - 0x00007ffa52be6000 	C:\WINDOWS\SYSTEM32\urlmon.dll
0x00007ffa52760000 - 0x00007ffa52a06000 	C:\WINDOWS\SYSTEM32\iertutil.dll
0x00007ffa60be0000 - 0x00007ffa60bec000 	C:\WINDOWS\SYSTEM32\CRYPTBASE.DLL
0x00007ffa60a10000 - 0x00007ffa60a77000 	C:\WINDOWS\system32\mswsock.dll
0x00007ffa5b430000 - 0x00007ffa5b443000 	C:\Program Files\Android\Android Studio\jre\jre\bin\nio.dll
0x00007ffa1bc10000 - 0x00007ffa1bc36000 	C:\Users\user\.gradle\native\30\windows-amd64\native-platform.dll
0x00007ffa5d800000 - 0x00007ffa5d80d000 	C:\Program Files\Android\Android Studio\jre\jre\bin\management.dll
0x00007ffa60580000 - 0x00007ffa605b3000 	C:\WINDOWS\system32\rsaenh.dll
0x00007ffa61420000 - 0x00007ffa61446000 	C:\WINDOWS\System32\bcrypt.dll
0x00007ffa610f0000 - 0x00007ffa61115000 	C:\WINDOWS\SYSTEM32\USERENV.dll
0x00007ffa60720000 - 0x00007ffa6075a000 	C:\WINDOWS\SYSTEM32\IPHLPAPI.DLL
0x00007ffa623f0000 - 0x00007ffa623f8000 	C:\WINDOWS\System32\NSI.dll
0x00007ffa59110000 - 0x00007ffa59126000 	C:\WINDOWS\SYSTEM32\dhcpcsvc6.DLL
0x00007ffa590f0000 - 0x00007ffa5910c000 	C:\WINDOWS\SYSTEM32\dhcpcsvc.DLL
0x00007ffa60760000 - 0x00007ffa6082b000 	C:\WINDOWS\SYSTEM32\DNSAPI.dll
0x00007ffa511e0000 - 0x00007ffa5137c000 	C:\Program Files\Android\Android Studio\jre\jre\bin\awt.dll
0x00007ffa638e0000 - 0x00007ffa639a4000 	C:\WINDOWS\System32\OLEAUT32.dll
0x00007ffa5f6d0000 - 0x00007ffa5f6fd000 	C:\WINDOWS\SYSTEM32\dwmapi.dll
0x00007ffa5dc90000 - 0x00007ffa5e250000 	C:\WINDOWS\SYSTEM32\d2d1.dll
0x00007ffa5f1d0000 - 0x00007ffa5f25f000 	C:\WINDOWS\SYSTEM32\apphelp.dll
0x00007ffa5f2a0000 - 0x00007ffa5f339000 	C:\WINDOWS\system32\uxtheme.dll

VM Arguments:
jvm_args: -Xmx1536m -Dfile.encoding=x-windows-949 -Duser.country=KR -Duser.language=ko -Duser.variant 
java_command: org.gradle.launcher.daemon.bootstrap.GradleDaemon 5.6.4
java_class_path (initial): C:\Users\user\.gradle\wrapper\dists\gradle-5.6.4-all\ankdp27end7byghfw1q2sw75f\gradle-5.6.4\lib\gradle-launcher-5.6.4.jar
Launcher Type: SUN_STANDARD

Environment Variables:
JAVA_HOME=C:\Program Files\Android\Android Studio\jre\jre
PATH=C:\Program Files\Microsoft MPI\Bin\;C:\Program Files (x86)\Common Files\Oracle\Java\javapath;C:\Program Files (x86)\Intel\Intel(R) Management Engine Components\iCLS\;C:\Program Files\Intel\Intel(R) Management Engine Components\iCLS\;C:\WINDOWS\system32;C:\WINDOWS;C:\WINDOWS\System32\Wbem;C:\WINDOWS\System32\WindowsPowerShell\v1.0\;C:\WINDOWS\System32\OpenSSH\;C:\Program Files (x86)\Intel\Intel(R) Management Engine Components\DAL;C:\Program Files\Intel\Intel(R) Management Engine Components\DAL;C:\Program Files (x86)\Intel\Intel(R) Management Engine Components\IPT;C:\Program Files\Intel\Intel(R) Management Engine Components\IPT;C:\Program Files\Intel\WiFi\bin\;C:\Program Files\Common Files\Intel\WirelessCommon\;C:\Program Files\dotnet\;C:\Program Files (x86)\Windows Kits\10\Windows Performance Toolkit\;C:\Program Files (x86)\Windows Kits\10\Microsoft Application Virtualization\Sequencer\;C:\Program Files (x86)\Windows Kits\8.1\Windows Performance Toolkit\;C:\Program Files\nodejs\;C:\JAVA\jdk\bin;C:\JAVA\jdk\jre\bin;C:\Program Files\Git\cmd;C:\Program Files (x86)\Microsoft SQL Server\150\DTS\Binn\;C:\Program Files\Microsoft SQL Server\Client SDK\ODBC\170\Tools\Binn\;C:\Program Files (x86)\Microsoft SQL Server\150\Tools\Binn\;C:\Program Files\Microsoft SQL Server\150\Tools\Binn\;C:\Program Files\Microsoft SQL Server\150\DTS\Binn\;C:\Users\user\AppData\Local\Programs\Python\Python38-32\Scripts\;C:\Users\user\AppData\Local\Programs\Python\Python38-32\;C:\Users\user\AppData\Local\Microsoft\WindowsApps;C:\Program Files\Intel\WiFi\bin\;C:\Program Files\Common Files\Intel\WirelessCommon\;C:\Program Files\Bandizip\;C:\Users\user\AppData\Local\Programs\Microsoft VS Code\bin;C:\Users\user\AppData\Roaming\npm;C:\Program Files\JetBrains\IntelliJ IDEA 2019.2.3\bin
USERNAME=20191308NSG
OS=Windows_NT
PROCESSOR_IDENTIFIER=Intel64 Family 6 Model 158 Stepping 10, GenuineIntel



---------------  S Y S T E M  ---------------

OS: Windows 10.0 , 64 bit Build 18362 (10.0.18362.778)

CPU:total 12 (initial active 12) (6 cores per cpu, 2 threads per core) family 6 model 158 stepping 10, cmov, cx8, fxsr, mmx, sse, sse2, sse3, ssse3, sse4.1, sse4.2, popcnt, avx, avx2, aes, clmul, erms, rtm, 3dnowpref, lzcnt, ht, tsc, tscinvbit, bmi1, bmi2, adx

Memory: 4k page, physical 8264744k(446692k free), swap 12164136k(80k free)

vm_info: OpenJDK 64-Bit Server VM (25.212-b04) for windows-amd64 JRE (1.8.0_212-release-1586-b04), built by "builder" with MS VC++ 10.0 (VS2010)

time: Tue Jun 02 11:51:53 2020
timezone: 대한민국 표준시
elapsed time: 2510 seconds (0d 0h 41m 50s)

