#
# There is insufficient memory for the Java Runtime Environment to continue.
# Native memory allocation (malloc) failed to allocate 940496 bytes for Chunk::new
# Possible reasons:
#   The system is out of physical RAM or swap space
#   The process is running with CompressedOops enabled, and the Java Heap may be blocking the growth of the native heap
# Possible solutions:
#   Reduce memory load on the system
#   Increase physical memory or swap space
#   Check if swap backing store is full
#   Decrease Java heap size (-Xmx/-Xms)
#   Decrease number of Java threads
#   Decrease Java thread stack sizes (-Xss)
#   Set larger code cache with -XX:ReservedCodeCacheSize=
#   JVM is running with Unscaled Compressed Oops mode in which the Java heap is
#     placed in the first 4GB address space. The Java Heap base address is the
#     maximum limit for the native heap growth. Please use -XX:HeapBaseMinAddress
#     to set the Java Heap base and to place the Java Heap above 4GB virtual address.
# This output file may be truncated or incomplete.
#
#  Out of Memory Error (allocation.cpp:389), pid=1524, tid=0x0000000000002fbc
#
# JRE version: OpenJDK Runtime Environment (8.0_212-b04) (build 1.8.0_212-release-1586-b04)
# Java VM: OpenJDK 64-Bit Server VM (25.212-b04 mixed mode windows-amd64 compressed oops)
# Failed to write core dump. Minidumps are not enabled by default on client versions of Windows
#

---------------  T H R E A D  ---------------

Current thread (0x0000000018e19800):  JavaThread "C2 CompilerThread1" daemon [_thread_in_native, id=12220, stack(0x000000001a430000,0x000000001a530000)]

Stack: [0x000000001a430000,0x000000001a530000]
[error occurred during error reporting (printing stack bounds), id 0xc0000005]

Native frames: (J=compiled Java code, j=interpreted, Vv=VM code, C=native code)


Current CompileTask:
C2:3244038 13488       4       com.android.ide.common.blame.MergingLogPersistUtil$$Lambda$773/1395750634::accept (12 bytes)


---------------  P R O C E S S  ---------------

Java Threads: ( => current thread )
  0x0000000021271000 JavaThread "MarlinRenderer Disposer" daemon [_thread_blocked, id=19900, stack(0x0000000029d50000,0x0000000029e50000)]
  0x000000002126a800 JavaThread "Java2D Disposer" daemon [_thread_blocked, id=2132, stack(0x0000000029740000,0x0000000029840000)]
  0x000000002126f800 JavaThread "WorkerExecutor Queue Thread 8" [_thread_blocked, id=3744, stack(0x0000000029640000,0x0000000029740000)]
  0x000000002126c000 JavaThread "WorkerExecutor Queue Thread 7" [_thread_blocked, id=13428, stack(0x0000000029540000,0x0000000029640000)]
  0x000000002126b000 JavaThread "WorkerExecutor Queue Thread 6" [_thread_blocked, id=4104, stack(0x0000000029440000,0x0000000029540000)]
  0x000000002126e000 JavaThread "WorkerExecutor Queue Thread 5" [_thread_blocked, id=20316, stack(0x0000000029340000,0x0000000029440000)]
  0x0000000021270800 JavaThread "WorkerExecutor Queue Thread 4" [_thread_blocked, id=16452, stack(0x0000000029140000,0x0000000029240000)]
  0x0000000021264800 JavaThread "WorkerExecutor Queue Thread 3" [_thread_blocked, id=8076, stack(0x0000000029040000,0x0000000029140000)]
  0x0000000021268000 JavaThread "WorkerExecutor Queue Thread 2" [_thread_blocked, id=20028, stack(0x0000000028bd0000,0x0000000028cd0000)]
  0x0000000021269800 JavaThread "WorkerExecutor Queue" [_thread_blocked, id=2532, stack(0x0000000029240000,0x0000000029340000)]
  0x0000000021263800 JavaThread "Cache worker for execution history cache (C:\Users\user\AndroidStudioProjects\Chapter11\.gradle\5.6.4\executionHistory)" [_thread_blocked, id=9332, stack(0x0000000028d40000,0x0000000028e40000)]
  0x0000000021266800 JavaThread "Execution worker for ':' Thread 11" [_thread_blocked, id=8260, stack(0x0000000028ad0000,0x0000000028bd0000)]
  0x0000000021265000 JavaThread "Execution worker for ':' Thread 10" [_thread_blocked, id=5104, stack(0x00000000289d0000,0x0000000028ad0000)]
  0x0000000021266000 JavaThread "Execution worker for ':' Thread 9" [_thread_blocked, id=20456, stack(0x00000000288d0000,0x00000000289d0000)]
  0x0000000021269000 JavaThread "Execution worker for ':' Thread 8" [_thread_blocked, id=6748, stack(0x00000000287d0000,0x00000000288d0000)]
  0x000000001bc17800 JavaThread "Execution worker for ':' Thread 7" [_thread_blocked, id=1364, stack(0x00000000286d0000,0x00000000287d0000)]
  0x000000001bc1d800 JavaThread "Execution worker for ':' Thread 6" [_thread_blocked, id=3360, stack(0x00000000285d0000,0x00000000286d0000)]
  0x000000001bfd5000 JavaThread "Execution worker for ':' Thread 5" [_thread_blocked, id=12808, stack(0x00000000284d0000,0x00000000285d0000)]
  0x000000001bfd9000 JavaThread "Execution worker for ':' Thread 4" [_thread_blocked, id=3248, stack(0x00000000283d0000,0x00000000284d0000)]
  0x000000001bfd9800 JavaThread "Execution worker for ':' Thread 3" [_thread_in_Java, id=12776, stack(0x00000000282d0000,0x00000000283d0000)]
  0x000000001bfd6000 JavaThread "Execution worker for ':' Thread 2" [_thread_blocked, id=14352, stack(0x0000000027510000,0x0000000027610000)]
  0x000000001bfd7800 JavaThread "Execution worker for ':'" [_thread_blocked, id=20296, stack(0x0000000025ee0000,0x0000000025fe0000)]
  0x000000001bfdc000 JavaThread "Cache worker for file content cache (C:\Users\user\AndroidStudioProjects\Chapter11\.gradle\5.6.4\fileContent)" [_thread_blocked, id=6368, stack(0x00000000281d0000,0x00000000282d0000)]
  0x000000001bfd6800 JavaThread "Cache worker for file content cache (C:\Users\user\.gradle\caches\5.6.4\fileContent)" [_thread_blocked, id=14580, stack(0x00000000280d0000,0x00000000281d0000)]
  0x000000001bfcd000 JavaThread "Cache worker for Build Output Cleanup Cache (C:\Users\user\AndroidStudioProjects\Chapter11\.gradle\buildOutputCleanup)" [_thread_blocked, id=19160, stack(0x00000000250f0000,0x00000000251f0000)]
  0x000000001bfd1800 JavaThread "Build operations Thread 12" [_thread_blocked, id=19728, stack(0x00000000249f0000,0x0000000024af0000)]
  0x000000001bfd0800 JavaThread "Build operations Thread 11" [_thread_blocked, id=1652, stack(0x00000000248f0000,0x00000000249f0000)]
  0x000000001bfd0000 JavaThread "Build operations Thread 10" [_thread_blocked, id=9912, stack(0x00000000247f0000,0x00000000248f0000)]
  0x000000001bfd3800 JavaThread "Build operations Thread 9" [_thread_blocked, id=6008, stack(0x00000000246f0000,0x00000000247f0000)]
  0x000000001bfcf000 JavaThread "Build operations Thread 8" [_thread_blocked, id=9316, stack(0x00000000245f0000,0x00000000246f0000)]
  0x000000001bfce800 JavaThread "Build operations Thread 7" [_thread_blocked, id=14192, stack(0x00000000244f0000,0x00000000245f0000)]
  0x000000001bfd2000 JavaThread "Build operations Thread 6" [_thread_blocked, id=16460, stack(0x00000000243f0000,0x00000000244f0000)]
  0x000000001e9ae800 JavaThread "Build operations Thread 5" [_thread_blocked, id=9000, stack(0x00000000230e0000,0x00000000231e0000)]
  0x000000001e9ad000 JavaThread "Build operations Thread 4" [_thread_blocked, id=20356, stack(0x0000000022fe0000,0x00000000230e0000)]
  0x000000001e9ad800 JavaThread "Build operations Thread 3" [_thread_blocked, id=13508, stack(0x0000000022ee0000,0x0000000022fe0000)]
  0x000000001e9ac000 JavaThread "Build operations Thread 2" [_thread_blocked, id=6120, stack(0x0000000020c70000,0x0000000020d70000)]
  0x000000001e9a9000 JavaThread "Build operations" [_thread_blocked, id=15872, stack(0x0000000020970000,0x0000000020a70000)]
  0x000000001e9ab800 JavaThread "Cache worker for cache directory md-rule (C:\Users\user\.gradle\caches\5.6.4\md-rule)" [_thread_blocked, id=14320, stack(0x000000001dfd0000,0x000000001e0d0000)]
  0x000000001e9af800 JavaThread "Cache worker for cache directory md-supplier (C:\Users\user\.gradle\caches\5.6.4\md-supplier)" [_thread_blocked, id=19540, stack(0x000000001ded0000,0x000000001dfd0000)]
  0x000000001e9aa800 JavaThread "Cache worker for file hash cache (C:\Users\user\AndroidStudioProjects\Chapter11\.gradle\5.6.4\fileHashes)" [_thread_blocked, id=8456, stack(0x000000001ddd0000,0x000000001ded0000)]
  0x000000001e9aa000 JavaThread "Thread-36" [_thread_blocked, id=3344, stack(0x000000001dcd0000,0x000000001ddd0000)]
  0x000000001e9a1800 JavaThread "Stdin handler" [_thread_blocked, id=15228, stack(0x000000001dad0000,0x000000001dbd0000)]
  0x000000001e9a8800 JavaThread "Asynchronous log dispatcher for DefaultDaemonConnection: socket connection from /127.0.0.1:2628 to /127.0.0.1:3438" [_thread_blocked, id=8748, stack(0x000000001d7d0000,0x000000001d8d0000)]
  0x000000001e9a7800 JavaThread "Daemon worker Thread 2" [_thread_blocked, id=19048, stack(0x000000001d6d0000,0x000000001d7d0000)]
  0x000000001e9a6000 JavaThread "Cancel handler" [_thread_blocked, id=14160, stack(0x0000000001670000,0x0000000001770000)]
  0x000000001e9a4800 JavaThread "Handler for socket connection from /127.0.0.1:2628 to /127.0.0.1:3438" [_thread_in_native, id=3064, stack(0x0000000001570000,0x0000000001670000)]
  0x000000001e9a1000 JavaThread "Daemon Thread 2" [_thread_blocked, id=11436, stack(0x0000000001470000,0x0000000001570000)]
  0x000000001e9a0000 JavaThread "Memory manager" [_thread_blocked, id=17740, stack(0x0000000026040000,0x0000000026140000)]
  0x000000001bfcd800 JavaThread "Cache worker for execution history cache (C:\Users\user\.gradle\caches\5.6.4\executionHistory)" [_thread_blocked, id=8284, stack(0x00000000223e0000,0x00000000224e0000)]
  0x000000001bc1b800 JavaThread "Cache worker for journal cache (C:\Users\user\.gradle\caches\journal-1)" [_thread_blocked, id=8340, stack(0x000000001e4d0000,0x000000001e5d0000)]
  0x000000001bc1a800 JavaThread "File lock request listener" [_thread_in_native, id=16776, stack(0x000000001e3d0000,0x000000001e4d0000)]
  0x000000001bc1a000 JavaThread "Cache worker for file hash cache (C:\Users\user\.gradle\caches\5.6.4\fileHashes)" [_thread_blocked, id=9020, stack(0x000000001e2d0000,0x000000001e3d0000)]
  0x000000001c73c000 JavaThread "Daemon periodic checks" [_thread_blocked, id=17628, stack(0x000000001d5d0000,0x000000001d6d0000)]
  0x000000001c733800 JavaThread "Incoming local TCP Connector on port 2628" [_thread_in_native, id=12976, stack(0x000000001d3f0000,0x000000001d4f0000)]
  0x000000001aa07800 JavaThread "Daemon health stats" [_thread_blocked, id=19084, stack(0x000000001d0d0000,0x000000001d1d0000)]
  0x0000000018e9e000 JavaThread "Service Thread" daemon [_thread_blocked, id=14820, stack(0x000000001a730000,0x000000001a830000)]
  0x0000000018e23800 JavaThread "C1 CompilerThread3" daemon [_thread_blocked, id=1572, stack(0x000000001a630000,0x000000001a730000)]
  0x0000000018e22800 JavaThread "C2 CompilerThread2" daemon [_thread_in_native, id=14064, stack(0x000000001a530000,0x000000001a630000)]
=>0x0000000018e19800 JavaThread "C2 CompilerThread1" daemon [_thread_in_native, id=12220, stack(0x000000001a430000,0x000000001a530000)]
  0x0000000018e0f800 JavaThread "C2 CompilerThread0" daemon [_thread_in_native, id=3720, stack(0x000000001a330000,0x000000001a430000)]
  0x0000000018dbd000 JavaThread "Attach Listener" daemon [_thread_blocked, id=6280, stack(0x000000001a230000,0x000000001a330000)]
  0x0000000018dbc000 JavaThread "Signal Dispatcher" daemon [_thread_blocked, id=3944, stack(0x000000001a130000,0x000000001a230000)]
  0x00000000036ca800 JavaThread "Finalizer" daemon [_thread_blocked, id=4972, stack(0x000000001a020000,0x000000001a120000)]
  0x0000000018da3000 JavaThread "Reference Handler" daemon [_thread_blocked, id=10620, stack(0x0000000019f20000,0x000000001a020000)]
  0x000000000317e800 JavaThread "main" [_thread_blocked, id=15436, stack(0x00000000034d0000,0x00000000035d0000)]

Other Threads:
  0x0000000017686000 VMThread [stack: 0x0000000019e20000,0x0000000019f20000] [id=19412]
  0x0000000018ea7000 WatcherThread [stack: 0x000000001a830000,0x000000001a930000] [id=3308]

VM state:not at safepoint (normal execution)

VM Mutex/Monitor currently owned by a thread: None

heap address: 0x00000000a0000000, size: 1536 MB, Compressed Oops mode: 32-bit
Narrow klass base: 0x0000000000000000, Narrow klass shift: 3
Compressed class space size: 1073741824 Address: 0x0000000100000000

Heap:
 PSYoungGen      total 257024K, used 72224K [0x00000000e0000000, 0x00000000f2200000, 0x0000000100000000)
  eden space 234496K, 21% used [0x00000000e0000000,0x00000000e308deb8,0x00000000ee500000)
  from space 22528K, 99% used [0x00000000eed80000,0x00000000f037a298,0x00000000f0380000)
  to   space 31232K, 0% used [0x00000000f0380000,0x00000000f0380000,0x00000000f2200000)
 ParOldGen       total 126464K, used 66601K [0x00000000a0000000, 0x00000000a7b80000, 0x00000000e0000000)
  object space 126464K, 52% used [0x00000000a0000000,0x00000000a410a570,0x00000000a7b80000)
 Metaspace       used 82307K, capacity 87550K, committed 87680K, reserved 1124352K
  class space    used 10796K, capacity 11883K, committed 11904K, reserved 1048576K

Card table byte_map: [0x0000000012a90000,0x0000000012da0000] byte_map_base: 0x0000000012590000

Marking Bits: (ParMarkBitMap*) 0x0000000052079f30
 Begin Bits: [0x00000000139a0000, 0x00000000151a0000)
 End Bits:   [0x00000000151a0000, 0x00000000169a0000)

Polling page: 0x0000000003090000

CodeCache: size=245760Kb used=38001Kb max_used=38001Kb free=207758Kb
 bounds [0x00000000036d0000, 0x0000000005c20000, 0x00000000126d0000]
 total_blobs=12593 nmethods=11637 adapters=867
 compilation: enabled

Compilation events (10 events):
Event: 3243.992 Thread 0x0000000018e22800 nmethod 13528 0x0000000005c07e10 code [0x0000000005c07f80, 0x0000000005c08438]
Event: 3243.992 Thread 0x0000000018e22800 13529       4       com.android.utils.XmlUtils::append (639 bytes)
Event: 3244.018 Thread 0x0000000018e23800 13530       3       kotlin.text.StringsKt__StringsJVMKt::endsWith$default (15 bytes)
Event: 3244.018 Thread 0x0000000018e23800 nmethod 13530 0x0000000005c0b990 code [0x0000000005c0bb00, 0x0000000005c0bca8]
Event: 3244.018 Thread 0x0000000018e23800 13531       3       kotlin.text.StringsKt__StringsJVMKt::endsWith (45 bytes)
Event: 3244.019 Thread 0x0000000018e23800 nmethod 13531 0x0000000005c19f90 code [0x0000000005c1a160, 0x0000000005c1a958]
Event: 3244.021 Thread 0x0000000018e23800 13532       3       kotlin.text.StringsKt__StringsKt::substringAfterLast (71 bytes)
Event: 3244.022 Thread 0x0000000018e23800 nmethod 13532 0x0000000005c19110 code [0x0000000005c19300, 0x0000000005c19ab8]
Event: 3244.023 Thread 0x0000000018e23800 13533       3       java.io.File::length (33 bytes)
Event: 3244.023 Thread 0x0000000018e23800 nmethod 13533 0x0000000005c0ae10 code [0x0000000005c0afa0, 0x0000000005c0b3c8]

GC Heap History (10 events):
Event: 16.314 GC heap before
{Heap before GC invocations=14 (full 2):
 PSYoungGen      total 174592K, used 55027K [0x00000000e0000000, 0x00000000ee180000, 0x0000000100000000)
  eden space 161792K, 26% used [0x00000000e0000000,0x00000000e2941b58,0x00000000e9e00000)
  from space 12800K, 99% used [0x00000000e9e00000,0x00000000eaa7b100,0x00000000eaa80000)
  to   space 18432K, 0% used [0x00000000ecf80000,0x00000000ecf80000,0x00000000ee180000)
 ParOldGen       total 79360K, used 27159K [0x00000000a0000000, 0x00000000a4d80000, 0x00000000e0000000)
  object space 79360K, 34% used [0x00000000a0000000,0x00000000a1a85f50,0x00000000a4d80000)
 Metaspace       used 56603K, capacity 59104K, committed 59136K, reserved 1099776K
  class space    used 7586K, capacity 8186K, committed 8192K, reserved 1048576K
Event: 16.328 GC heap after
Heap after GC invocations=14 (full 2):
 PSYoungGen      total 212992K, used 7433K [0x00000000e0000000, 0x00000000ef480000, 0x0000000100000000)
  eden space 194560K, 0% used [0x00000000e0000000,0x00000000e0000000,0x00000000ebe00000)
  from space 18432K, 40% used [0x00000000ecf80000,0x00000000ed6c2630,0x00000000ee180000)
  to   space 17920K, 0% used [0x00000000ebe00000,0x00000000ebe00000,0x00000000ecf80000)
 ParOldGen       total 79360K, used 36231K [0x00000000a0000000, 0x00000000a4d80000, 0x00000000e0000000)
  object space 79360K, 45% used [0x00000000a0000000,0x00000000a2361fb8,0x00000000a4d80000)
 Metaspace       used 56603K, capacity 59104K, committed 59136K, reserved 1099776K
  class space    used 7586K, capacity 8186K, committed 8192K, reserved 1048576K
}
Event: 16.328 GC heap before
{Heap before GC invocations=15 (full 3):
 PSYoungGen      total 212992K, used 7433K [0x00000000e0000000, 0x00000000ef480000, 0x0000000100000000)
  eden space 194560K, 0% used [0x00000000e0000000,0x00000000e0000000,0x00000000ebe00000)
  from space 18432K, 40% used [0x00000000ecf80000,0x00000000ed6c2630,0x00000000ee180000)
  to   space 17920K, 0% used [0x00000000ebe00000,0x00000000ebe00000,0x00000000ecf80000)
 ParOldGen       total 79360K, used 36231K [0x00000000a0000000, 0x00000000a4d80000, 0x00000000e0000000)
  object space 79360K, 45% used [0x00000000a0000000,0x00000000a2361fb8,0x00000000a4d80000)
 Metaspace       used 56603K, capacity 59104K, committed 59136K, reserved 1099776K
  class space    used 7586K, capacity 8186K, committed 8192K, reserved 1048576K
Event: 16.559 GC heap after
Heap after GC invocations=15 (full 3):
 PSYoungGen      total 212992K, used 0K [0x00000000e0000000, 0x00000000ef480000, 0x0000000100000000)
  eden space 194560K, 0% used [0x00000000e0000000,0x00000000e0000000,0x00000000ebe00000)
  from space 18432K, 0% used [0x00000000ecf80000,0x00000000ecf80000,0x00000000ee180000)
  to   space 17920K, 0% used [0x00000000ebe00000,0x00000000ebe00000,0x00000000ecf80000)
 ParOldGen       total 126464K, used 35547K [0x00000000a0000000, 0x00000000a7b80000, 0x00000000e0000000)
  object space 126464K, 28% used [0x00000000a0000000,0x00000000a22b6e40,0x00000000a7b80000)
 Metaspace       used 56531K, capacity 58866K, committed 59136K, reserved 1099776K
  class space    used 7565K, capacity 8152K, committed 8192K, reserved 1048576K
}
Event: 18.845 GC heap before
{Heap before GC invocations=16 (full 3):
 PSYoungGen      total 212992K, used 194560K [0x00000000e0000000, 0x00000000ef480000, 0x0000000100000000)
  eden space 194560K, 100% used [0x00000000e0000000,0x00000000ebe00000,0x00000000ebe00000)
  from space 18432K, 0% used [0x00000000ecf80000,0x00000000ecf80000,0x00000000ee180000)
  to   space 17920K, 0% used [0x00000000ebe00000,0x00000000ebe00000,0x00000000ecf80000)
 ParOldGen       total 126464K, used 35547K [0x00000000a0000000, 0x00000000a7b80000, 0x00000000e0000000)
  object space 126464K, 28% used [0x00000000a0000000,0x00000000a22b6e40,0x00000000a7b80000)
 Metaspace       used 64796K, capacity 67884K, committed 67968K, reserved 1107968K
  class space    used 8826K, capacity 9517K, committed 9600K, reserved 1048576K
Event: 18.890 GC heap after
Heap after GC invocations=16 (full 3):
 PSYoungGen      total 212480K, used 17898K [0x00000000e0000000, 0x00000000f1980000, 0x0000000100000000)
  eden space 194560K, 0% used [0x00000000e0000000,0x00000000e0000000,0x00000000ebe00000)
  from space 17920K, 99% used [0x00000000ebe00000,0x00000000ecf7a920,0x00000000ecf80000)
  to   space 20992K, 0% used [0x00000000f0500000,0x00000000f0500000,0x00000000f1980000)
 ParOldGen       total 126464K, used 36967K [0x00000000a0000000, 0x00000000a7b80000, 0x00000000e0000000)
  object space 126464K, 29% used [0x00000000a0000000,0x00000000a2419d58,0x00000000a7b80000)
 Metaspace       used 64796K, capacity 67884K, committed 67968K, reserved 1107968K
  class space    used 8826K, capacity 9517K, committed 9600K, reserved 1048576K
}
Event: 21.562 GC heap before
{Heap before GC invocations=17 (full 3):
 PSYoungGen      total 212480K, used 212458K [0x00000000e0000000, 0x00000000f1980000, 0x0000000100000000)
  eden space 194560K, 100% used [0x00000000e0000000,0x00000000ebe00000,0x00000000ebe00000)
  from space 17920K, 99% used [0x00000000ebe00000,0x00000000ecf7a920,0x00000000ecf80000)
  to   space 20992K, 0% used [0x00000000f0500000,0x00000000f0500000,0x00000000f1980000)
 ParOldGen       total 126464K, used 36967K [0x00000000a0000000, 0x00000000a7b80000, 0x00000000e0000000)
  object space 126464K, 29% used [0x00000000a0000000,0x00000000a2419d58,0x00000000a7b80000)
 Metaspace       used 72441K, capacity 76934K, committed 77056K, reserved 1116160K
  class space    used 9823K, capacity 10735K, committed 10752K, reserved 1048576K
Event: 21.586 GC heap after
Heap after GC invocations=17 (full 3):
 PSYoungGen      total 264192K, used 17264K [0x00000000e0000000, 0x00000000f1980000, 0x0000000100000000)
  eden space 243200K, 0% used [0x00000000e0000000,0x00000000e0000000,0x00000000eed80000)
  from space 20992K, 82% used [0x00000000f0500000,0x00000000f15dc3a0,0x00000000f1980000)
  to   space 22528K, 0% used [0x00000000eed80000,0x00000000eed80000,0x00000000f0380000)
 ParOldGen       total 126464K, used 51223K [0x00000000a0000000, 0x00000000a7b80000, 0x00000000e0000000)
  object space 126464K, 40% used [0x00000000a0000000,0x00000000a3205e18,0x00000000a7b80000)
 Metaspace       used 72441K, capacity 76934K, committed 77056K, reserved 1116160K
  class space    used 9823K, capacity 10735K, committed 10752K, reserved 1048576K
}
Event: 3243.038 GC heap before
{Heap before GC invocations=18 (full 3):
 PSYoungGen      total 264192K, used 260464K [0x00000000e0000000, 0x00000000f1980000, 0x0000000100000000)
  eden space 243200K, 100% used [0x00000000e0000000,0x00000000eed80000,0x00000000eed80000)
  from space 20992K, 82% used [0x00000000f0500000,0x00000000f15dc3a0,0x00000000f1980000)
  to   space 22528K, 0% used [0x00000000eed80000,0x00000000eed80000,0x00000000f0380000)
 ParOldGen       total 126464K, used 51223K [0x00000000a0000000, 0x00000000a7b80000, 0x00000000e0000000)
  object space 126464K, 40% used [0x00000000a0000000,0x00000000a3205e18,0x00000000a7b80000)
 Metaspace       used 79576K, capacity 84748K, committed 84864K, reserved 1122304K
  class space    used 10520K, capacity 11596K, committed 11648K, reserved 1048576K
Event: 3243.158 GC heap after
Heap after GC invocations=18 (full 3):
 PSYoungGen      total 257024K, used 22504K [0x00000000e0000000, 0x00000000f2200000, 0x0000000100000000)
  eden space 234496K, 0% used [0x00000000e0000000,0x00000000e0000000,0x00000000ee500000)
  from space 22528K, 99% used [0x00000000eed80000,0x00000000f037a298,0x00000000f0380000)
  to   space 31232K, 0% used [0x00000000f0380000,0x00000000f0380000,0x00000000f2200000)
 ParOldGen       total 126464K, used 66601K [0x00000000a0000000, 0x00000000a7b80000, 0x00000000e0000000)
  object space 126464K, 52% used [0x00000000a0000000,0x00000000a410a570,0x00000000a7b80000)
 Metaspace       used 79576K, capacity 84748K, committed 84864K, reserved 1122304K
  class space    used 10520K, capacity 11596K, committed 11648K, reserved 1048576K
}

Deoptimization events (10 events):
Event: 3243.937 Thread 0x000000001bfd9800 Uncommon trap: reason=bimorphic action=maybe_recompile pc=0x0000000005b30f48 method=com.sun.org.apache.xerces.internal.dom.ParentNode.checkNormalizationAfterInsert(Lcom/sun/org/apache/xerces/internal/dom/ChildNode;)V @ 23
Event: 3243.937 Thread 0x000000001bfd9800 Uncommon trap: reason=bimorphic action=maybe_recompile pc=0x0000000005b30f48 method=com.sun.org.apache.xerces.internal.dom.ParentNode.checkNormalizationAfterInsert(Lcom/sun/org/apache/xerces/internal/dom/ChildNode;)V @ 23
Event: 3243.938 Thread 0x000000001bfd9800 Uncommon trap: reason=bimorphic action=maybe_recompile pc=0x0000000005b37974 method=com.sun.org.apache.xerces.internal.dom.ParentNode.checkNormalizationAfterInsert(Lcom/sun/org/apache/xerces/internal/dom/ChildNode;)V @ 23
Event: 3243.946 Thread 0x000000001bfd9800 Uncommon trap: reason=class_check action=maybe_recompile pc=0x0000000005b320f0 method=com.sun.org.apache.xerces.internal.dom.ElementImpl.getAttributes()Lorg/w3c/dom/NamedNodeMap; @ 8
Event: 3243.956 Thread 0x000000001bfd9800 Uncommon trap: reason=class_check action=maybe_recompile pc=0x0000000005b320f0 method=com.sun.org.apache.xerces.internal.dom.ElementImpl.getAttributes()Lorg/w3c/dom/NamedNodeMap; @ 8
Event: 3243.956 Thread 0x000000001bfd9800 Uncommon trap: reason=class_check action=maybe_recompile pc=0x0000000005b320f0 method=com.sun.org.apache.xerces.internal.dom.ElementImpl.getAttributes()Lorg/w3c/dom/NamedNodeMap; @ 8
Event: 3243.957 Thread 0x000000001bfd9800 Uncommon trap: reason=class_check action=maybe_recompile pc=0x0000000005b320f0 method=com.sun.org.apache.xerces.internal.dom.ElementImpl.getAttributes()Lorg/w3c/dom/NamedNodeMap; @ 8
Event: 3243.972 Thread 0x000000001bfd9800 Uncommon trap: reason=unstable_if action=reinterpret pc=0x0000000005be6710 method=com.android.utils.XmlUtils.toXmlAttributeValue(Ljava/lang/String;)Ljava/lang/String; @ 33
Event: 3243.972 Thread 0x000000001bfd9800 Uncommon trap: reason=unstable_if action=reinterpret pc=0x0000000005adf878 method=com.android.utils.XmlUtils.toXmlAttributeValue(Ljava/lang/String;)Ljava/lang/String; @ 33
Event: 3243.994 Thread 0x000000001bfd9800 Uncommon trap: reason=unstable_if action=reinterpret pc=0x0000000005be1288 method=com.android.utils.XmlUtils.append(Lcom/android/utils/XmlUtils$PositionAwareStringBuilder;Lorg/w3c/dom/Node;Ljava/util/Map;Ljava/util/Set;)V @ 540

Classes redefined (0 events):
No events

Internal exceptions (10 events):
Event: 3243.194 Thread 0x000000001bfd9800 Exception <a 'java/lang/NoSuchMethodError': <clinit>> (0x00000000e02c0fa0) thrown at [D:\src\AOSP-openjdk-cygwin\jdk8u\hotspot\src\share\vm\prims\jni.cpp, line 1614]
Event: 3243.195 Thread 0x000000001bfd9800 Exception <a 'java/lang/NoSuchMethodError': <clinit>> (0x00000000e02d85d0) thrown at [D:\src\AOSP-openjdk-cygwin\jdk8u\hotspot\src\share\vm\prims\jni.cpp, line 1614]
Event: 3243.196 Thread 0x000000001bfd9800 Exception <a 'java/lang/NoSuchMethodError': <clinit>> (0x00000000e02edf48) thrown at [D:\src\AOSP-openjdk-cygwin\jdk8u\hotspot\src\share\vm\prims\jni.cpp, line 1614]
Event: 3243.197 Thread 0x000000001bfd9800 Exception <a 'java/lang/NoSuchMethodError': <clinit>> (0x00000000e030b618) thrown at [D:\src\AOSP-openjdk-cygwin\jdk8u\hotspot\src\share\vm\prims\jni.cpp, line 1614]
Event: 3243.199 Thread 0x000000001bfd9800 Exception <a 'java/lang/NoSuchMethodError': <clinit>> (0x00000000e031eb30) thrown at [D:\src\AOSP-openjdk-cygwin\jdk8u\hotspot\src\share\vm\prims\jni.cpp, line 1614]
Event: 3243.278 Thread 0x000000001bfd9800 Implicit null exception at 0x0000000005119cef to 0x000000000511a305
Event: 3243.316 Thread 0x000000001bfd9800 Implicit null exception at 0x0000000005ace597 to 0x0000000005ace8dd
Event: 3243.337 Thread 0x000000002126b000 Exception <a 'java/io/FileNotFoundException'> (0x00000000e1128ce8) thrown at [D:\src\AOSP-openjdk-cygwin\jdk8u\hotspot\src\share\vm\prims\jni.cpp, line 710]
Event: 3243.384 Thread 0x000000002126b000 Exception <a 'java/io/FileNotFoundException'> (0x00000000e1142ec0) thrown at [D:\src\AOSP-openjdk-cygwin\jdk8u\hotspot\src\share\vm\prims\jni.cpp, line 710]
Event: 3243.994 Thread 0x000000001bfd9800 Implicit null exception at 0x0000000005be3879 to 0x0000000005be1255

Events (10 events):
Event: 3244.006 loading class kotlin/comparisons/ComparisonsKt
Event: 3244.006 loading class kotlin/comparisons/ComparisonsKt done
Event: 3244.006 loading class kotlin/comparisons/ComparisonsKt___ComparisonsKt
Event: 3244.006 loading class kotlin/comparisons/ComparisonsKt___ComparisonsKt done
Event: 3244.007 loading class kotlin/comparisons/ComparisonsKt___ComparisonsJvmKt
Event: 3244.007 loading class kotlin/comparisons/ComparisonsKt___ComparisonsJvmKt done
Event: 3244.008 loading class kotlin/comparisons/ComparisonsKt__ComparisonsKt
Event: 3244.008 loading class kotlin/comparisons/ComparisonsKt__ComparisonsKt done
Event: 3244.009 loading class kotlin/comparisons/ComparisonsKt__ComparisonsKt$compareBy$1
Event: 3244.009 loading class kotlin/comparisons/ComparisonsKt__ComparisonsKt$compareBy$1 done


Dynamic libraries:
0x00007ff6d8290000 - 0x00007ff6d82c1000 	C:\Program Files\Android\Android Studio\jre\bin\java.exe
0x00007ffbdc680000 - 0x00007ffbdc870000 	C:\WINDOWS\SYSTEM32\ntdll.dll
0x00007ffbdb4d0000 - 0x00007ffbdb582000 	C:\WINDOWS\System32\KERNEL32.DLL
0x00007ffbda120000 - 0x00007ffbda3c4000 	C:\WINDOWS\System32\KERNELBASE.dll
0x00007ffb92620000 - 0x00007ffb9273d000 	C:\WINDOWS\System32\AppCheck64.dll
0x00007ffbdb0b0000 - 0x00007ffbdb153000 	C:\WINDOWS\System32\ADVAPI32.dll
0x00007ffbdb430000 - 0x00007ffbdb4ce000 	C:\WINDOWS\System32\msvcrt.dll
0x00007ffbda7b0000 - 0x00007ffbda847000 	C:\WINDOWS\System32\sechost.dll
0x00007ffbdb920000 - 0x00007ffbdba40000 	C:\WINDOWS\System32\RPCRT4.dll
0x00007ffbdc3f0000 - 0x00007ffbdc584000 	C:\WINDOWS\System32\USER32.dll
0x00007ffbd9610000 - 0x00007ffbd9631000 	C:\WINDOWS\System32\win32u.dll
0x00007ffbd2d40000 - 0x00007ffbd2d4a000 	C:\WINDOWS\SYSTEM32\VERSION.dll
0x00007ffbdbeb0000 - 0x00007ffbdbed6000 	C:\WINDOWS\System32\GDI32.dll
0x00007ffbd9ee0000 - 0x00007ffbda074000 	C:\WINDOWS\System32\gdi32full.dll
0x00007ffbd9e10000 - 0x00007ffbd9eae000 	C:\WINDOWS\System32\msvcp_win.dll
0x00007ffbda520000 - 0x00007ffbda61a000 	C:\WINDOWS\System32\ucrtbase.dll
0x00007ffbc7f90000 - 0x00007ffbc8214000 	C:\WINDOWS\WinSxS\amd64_microsoft.windows.common-controls_6595b64144ccf1df_6.0.18362.836_none_e6c4b943130f18ed\COMCTL32.dll
0x00007ffbdbf80000 - 0x00007ffbdc2b6000 	C:\WINDOWS\System32\combase.dll
0x00007ffbda080000 - 0x00007ffbda100000 	C:\WINDOWS\System32\bcryptPrimitives.dll
0x00007ffbdb380000 - 0x00007ffbdb3ae000 	C:\WINDOWS\System32\IMM32.DLL
0x0000000051730000 - 0x0000000051802000 	C:\Program Files\Android\Android Studio\jre\jre\bin\msvcr100.dll
0x00000000518b0000 - 0x00000000520f6000 	C:\Program Files\Android\Android Studio\jre\jre\bin\server\jvm.dll
0x00007ffbdbf50000 - 0x00007ffbdbf58000 	C:\WINDOWS\System32\PSAPI.DLL
0x00007ffbc0790000 - 0x00007ffbc0799000 	C:\WINDOWS\SYSTEM32\WSOCK32.dll
0x00007ffbdb160000 - 0x00007ffbdb1cf000 	C:\WINDOWS\System32\WS2_32.dll
0x00007ffbd6870000 - 0x00007ffbd6894000 	C:\WINDOWS\SYSTEM32\WINMM.dll
0x00007ffbd65e0000 - 0x00007ffbd660d000 	C:\WINDOWS\SYSTEM32\winmmbase.dll
0x00007ffbd9dc0000 - 0x00007ffbd9e0a000 	C:\WINDOWS\System32\cfgmgr32.dll
0x00007ffbc8c60000 - 0x00007ffbc8c6f000 	C:\Program Files\Android\Android Studio\jre\jre\bin\verify.dll
0x00007ffbac380000 - 0x00007ffbac3a9000 	C:\Program Files\Android\Android Studio\jre\jre\bin\java.dll
0x00007ffbac330000 - 0x00007ffbac346000 	C:\Program Files\Android\Android Studio\jre\jre\bin\zip.dll
0x00007ffbda860000 - 0x00007ffbdaf44000 	C:\WINDOWS\System32\SHELL32.dll
0x00007ffbdc590000 - 0x00007ffbdc639000 	C:\WINDOWS\System32\shcore.dll
0x00007ffbd9640000 - 0x00007ffbd9dbe000 	C:\WINDOWS\System32\windows.storage.dll
0x00007ffbd95e0000 - 0x00007ffbd9603000 	C:\WINDOWS\System32\profapi.dll
0x00007ffbd9570000 - 0x00007ffbd95ba000 	C:\WINDOWS\System32\powrprof.dll
0x00007ffbd9540000 - 0x00007ffbd9550000 	C:\WINDOWS\System32\UMPDC.dll
0x00007ffbdc390000 - 0x00007ffbdc3e2000 	C:\WINDOWS\System32\shlwapi.dll
0x00007ffbd95c0000 - 0x00007ffbd95d1000 	C:\WINDOWS\System32\kernel.appcore.dll
0x00007ffbda100000 - 0x00007ffbda117000 	C:\WINDOWS\System32\cryptsp.dll
0x00007ffbd5be0000 - 0x00007ffbd5bfa000 	C:\Program Files\Android\Android Studio\jre\jre\bin\net.dll
0x00007ffbcea00000 - 0x00007ffbcebd6000 	C:\WINDOWS\SYSTEM32\urlmon.dll
0x00007ffbce750000 - 0x00007ffbce9f6000 	C:\WINDOWS\SYSTEM32\iertutil.dll
0x00007ffbd8f20000 - 0x00007ffbd8f2c000 	C:\WINDOWS\SYSTEM32\CRYPTBASE.DLL
0x00007ffbd8d50000 - 0x00007ffbd8db7000 	C:\WINDOWS\system32\mswsock.dll
0x00007ffbd5bc0000 - 0x00007ffbd5bd3000 	C:\Program Files\Android\Android Studio\jre\jre\bin\nio.dll
0x00007ffbb1490000 - 0x00007ffbb14b6000 	C:\Users\user\.gradle\native\30\windows-amd64\native-platform.dll
0x00007ffbd5bb0000 - 0x00007ffbd5bbd000 	C:\Program Files\Android\Android Studio\jre\jre\bin\management.dll
0x00007ffbd88c0000 - 0x00007ffbd88f3000 	C:\WINDOWS\system32\rsaenh.dll
0x00007ffbd9eb0000 - 0x00007ffbd9ed6000 	C:\WINDOWS\System32\bcrypt.dll
0x00007ffbd9460000 - 0x00007ffbd9485000 	C:\WINDOWS\SYSTEM32\USERENV.dll
0x00007ffbd8a60000 - 0x00007ffbd8a9a000 	C:\WINDOWS\SYSTEM32\IPHLPAPI.DLL
0x00007ffbda850000 - 0x00007ffbda858000 	C:\WINDOWS\System32\NSI.dll
0x00007ffbd0050000 - 0x00007ffbd0066000 	C:\WINDOWS\SYSTEM32\dhcpcsvc6.DLL
0x00007ffbd0440000 - 0x00007ffbd045c000 	C:\WINDOWS\SYSTEM32\dhcpcsvc.DLL
0x00007ffbd8aa0000 - 0x00007ffbd8b6b000 	C:\WINDOWS\SYSTEM32\DNSAPI.dll
0x00007ffb6d3c0000 - 0x00007ffb6d55c000 	C:\Program Files\Android\Android Studio\jre\jre\bin\awt.dll
0x00007ffbdb6a0000 - 0x00007ffbdb764000 	C:\WINDOWS\System32\OLEAUT32.dll
0x00007ffbd76b0000 - 0x00007ffbd76dd000 	C:\WINDOWS\SYSTEM32\dwmapi.dll
0x00007ffbd6020000 - 0x00007ffbd65e0000 	C:\WINDOWS\SYSTEM32\d2d1.dll
0x00007ffbd7530000 - 0x00007ffbd75bf000 	C:\WINDOWS\SYSTEM32\apphelp.dll
0x00007ffbd75e0000 - 0x00007ffbd7679000 	C:\WINDOWS\system32\uxtheme.dll

VM Arguments:
jvm_args: -Xmx1536m -Dfile.encoding=x-windows-949 -Duser.country=KR -Duser.language=ko -Duser.variant 
java_command: org.gradle.launcher.daemon.bootstrap.GradleDaemon 5.6.4
java_class_path (initial): C:\Users\user\.gradle\wrapper\dists\gradle-5.6.4-all\ankdp27end7byghfw1q2sw75f\gradle-5.6.4\lib\gradle-launcher-5.6.4.jar
Launcher Type: SUN_STANDARD

Environment Variables:
JAVA_HOME=C:\Program Files\Android\Android Studio\jre\jre
PATH=C:\Program Files\Microsoft MPI\Bin\;C:\Program Files (x86)\Common Files\Oracle\Java\javapath;C:\Program Files (x86)\Intel\Intel(R) Management Engine Components\iCLS\;C:\Program Files\Intel\Intel(R) Management Engine Components\iCLS\;C:\WINDOWS\system32;C:\WINDOWS;C:\WINDOWS\System32\Wbem;C:\WINDOWS\System32\WindowsPowerShell\v1.0\;C:\WINDOWS\System32\OpenSSH\;C:\Program Files (x86)\Intel\Intel(R) Management Engine Components\DAL;C:\Program Files\Intel\Intel(R) Management Engine Components\DAL;C:\Program Files (x86)\Intel\Intel(R) Management Engine Components\IPT;C:\Program Files\Intel\Intel(R) Management Engine Components\IPT;C:\Program Files\Intel\WiFi\bin\;C:\Program Files\Common Files\Intel\WirelessCommon\;C:\Program Files\dotnet\;C:\Program Files (x86)\Windows Kits\10\Windows Performance Toolkit\;C:\Program Files (x86)\Windows Kits\10\Microsoft Application Virtualization\Sequencer\;C:\Program Files (x86)\Windows Kits\8.1\Windows Performance Toolkit\;C:\Program Files\nodejs\;C:\JAVA\jdk\bin;C:\JAVA\jdk\jre\bin;C:\Program Files\Git\cmd;C:\Program Files (x86)\Microsoft SQL Server\150\DTS\Binn\;C:\Program Files\Microsoft SQL Server\Client SDK\ODBC\170\Tools\Binn\;C:\Program Files (x86)\Microsoft SQL Server\150\Tools\Binn\;C:\Program Files\Microsoft SQL Server\150\Tools\Binn\;C:\Program Files\Microsoft SQL Server\150\DTS\Binn\;C:\Users\user\AppData\Local\Programs\Python\Python38-32\Scripts\;C:\Users\user\AppData\Local\Programs\Python\Python38-32\;C:\Users\user\AppData\Local\Microsoft\WindowsApps;C:\Program Files\Intel\WiFi\bin\;C:\Program Files\Common Files\Intel\WirelessCommon\;C:\Program Files\Bandizip\;C:\Users\user\AppData\Local\Programs\Microsoft VS Code\bin;C:\Users\user\AppData\Roaming\npm;C:\Program Files\JetBrains\IntelliJ IDEA 2019.2.3\bin
USERNAME=20191308NSG
OS=Windows_NT
PROCESSOR_IDENTIFIER=Intel64 Family 6 Model 158 Stepping 10, GenuineIntel



---------------  S Y S T E M  ---------------

OS: Windows 10.0 , 64 bit Build 18362 (10.0.18362.778)

CPU:total 12 (initial active 12) (6 cores per cpu, 2 threads per core) family 6 model 158 stepping 10, cmov, cx8, fxsr, mmx, sse, sse2, sse3, ssse3, sse4.1, sse4.2, popcnt, avx, avx2, aes, clmul, erms, rtm, 3dnowpref, lzcnt, ht, tsc, tscinvbit, bmi1, bmi2, adx

Memory: 4k page, physical 8264744k(564304k free), swap 12164136k(4288k free)

vm_info: OpenJDK 64-Bit Server VM (25.212-b04) for windows-amd64 JRE (1.8.0_212-release-1586-b04), built by "builder" with MS VC++ 10.0 (VS2010)

time: Thu Jun 04 16:04:08 2020
timezone: 대한민국 표준시
elapsed time: 3244 seconds (0d 0h 54m 4s)

